<?xml version="1.0" encoding="UTF-8"?>
<testsuite xmlns:xsi="http://www.w3.org/2001/XMLSchema-instance" xsi:noNamespaceSchemaLocation="https://maven.apache.org/surefire/maven-surefire-plugin/xsd/surefire-test-report.xsd" name="com.wisilica.wiseconnect.WiseconnectApplicationTests" time="0.151" tests="1" errors="1" skipped="0" failures="0">
  <properties>
    <property name="sun.desktop" value="gnome"/>
    <property name="awt.toolkit" value="sun.awt.X11.XToolkit"/>
    <property name="file.encoding.pkg" value="sun.io"/>
    <property name="java.specification.version" value="1.8"/>
    <property name="sun.cpu.isalist" value=""/>
    <property name="sun.jnu.encoding" value="UTF-8"/>
    <property name="java.class.path" value="/home/wisilica/Downloads/WiseStandard-oauth2_branch-1/wiseconnectSuite/wiseconnect/target/test-classes:/home/wisilica/Downloads/WiseStandard-oauth2_branch-1/wiseconnectSuite/wiseconnect/target/classes:/home/wisilica/Downloads/WiseStandard-oauth2_branch-1/wiseconnectSuite/wiseconnectCore/target/wiseconnectCore-1.0-SNAPSHOT.jar:/home/wisilica/Downloads/WiseStandard-oauth2_branch-1/wiseconnectSuite/wiseconnectDao/target/wiseconnectDao-1.0-SNAPSHOT.jar:/home/wisilica/Downloads/WiseStandard-oauth2_branch-1/wiseconnectSuite/wiseconnectCommons/target/wiseconnectCommons-1.0-SNAPSHOT.jar:/home/wisilica/Downloads/WiseStandard-oauth2_branch-1/wiseconnectSuite/wiseconnectModel/target/wiseconnectModel-1.0-SNAPSHOT.jar:/home/wisilica/.m2/repository/io/rest-assured/rest-assured/3.3.0/rest-assured-3.3.0.jar:/home/wisilica/.m2/repository/org/codehaus/groovy/groovy/2.5.4/groovy-2.5.4.jar:/home/wisilica/.m2/repository/org/codehaus/groovy/groovy-xml/2.5.4/groovy-xml-2.5.4.jar:/home/wisilica/.m2/repository/org/apache/httpcomponents/httpclient/4.5.6/httpclient-4.5.6.jar:/home/wisilica/.m2/repository/org/apache/httpcomponents/httpcore/4.4.10/httpcore-4.4.10.jar:/home/wisilica/.m2/repository/org/apache/httpcomponents/httpmime/4.5.6/httpmime-4.5.6.jar:/home/wisilica/.m2/repository/org/hamcrest/hamcrest-core/1.3/hamcrest-core-1.3.jar:/home/wisilica/.m2/repository/org/hamcrest/hamcrest-library/1.3/hamcrest-library-1.3.jar:/home/wisilica/.m2/repository/org/ccil/cowan/tagsoup/tagsoup/1.2.1/tagsoup-1.2.1.jar:/home/wisilica/.m2/repository/io/rest-assured/json-path/3.1.1/json-path-3.1.1.jar:/home/wisilica/.m2/repository/org/codehaus/groovy/groovy-json/2.5.4/groovy-json-2.5.4.jar:/home/wisilica/.m2/repository/io/rest-assured/rest-assured-common/3.1.1/rest-assured-common-3.1.1.jar:/home/wisilica/.m2/repository/io/rest-assured/xml-path/3.1.1/xml-path-3.1.1.jar:/home/wisilica/.m2/repository/org/apache/commons/commons-lang3/3.8.1/commons-lang3-3.8.1.jar:/home/wisilica/.m2/repository/org/springframework/spring-tx/5.1.4.RELEASE/spring-tx-5.1.4.RELEASE.jar:/home/wisilica/.m2/repository/org/springframework/spring-beans/5.1.3.RELEASE/spring-beans-5.1.3.RELEASE.jar:/home/wisilica/.m2/repository/org/springframework/spring-core/5.1.3.RELEASE/spring-core-5.1.3.RELEASE.jar:/home/wisilica/.m2/repository/org/springframework/spring-jcl/5.1.3.RELEASE/spring-jcl-5.1.3.RELEASE.jar:/home/wisilica/.m2/repository/org/springframework/boot/spring-boot-starter-security/2.1.1.RELEASE/spring-boot-starter-security-2.1.1.RELEASE.jar:/home/wisilica/.m2/repository/org/springframework/boot/spring-boot-starter/2.1.1.RELEASE/spring-boot-starter-2.1.1.RELEASE.jar:/home/wisilica/.m2/repository/org/springframework/boot/spring-boot-starter-logging/2.1.1.RELEASE/spring-boot-starter-logging-2.1.1.RELEASE.jar:/home/wisilica/.m2/repository/ch/qos/logback/logback-classic/1.2.3/logback-classic-1.2.3.jar:/home/wisilica/.m2/repository/ch/qos/logback/logback-core/1.2.3/logback-core-1.2.3.jar:/home/wisilica/.m2/repository/org/apache/logging/log4j/log4j-to-slf4j/2.11.1/log4j-to-slf4j-2.11.1.jar:/home/wisilica/.m2/repository/org/apache/logging/log4j/log4j-api/2.11.1/log4j-api-2.11.1.jar:/home/wisilica/.m2/repository/org/slf4j/jul-to-slf4j/1.7.25/jul-to-slf4j-1.7.25.jar:/home/wisilica/.m2/repository/javax/annotation/javax.annotation-api/1.3.2/javax.annotation-api-1.3.2.jar:/home/wisilica/.m2/repository/org/yaml/snakeyaml/1.23/snakeyaml-1.23.jar:/home/wisilica/.m2/repository/org/springframework/spring-aop/5.1.3.RELEASE/spring-aop-5.1.3.RELEASE.jar:/home/wisilica/.m2/repository/org/springframework/security/spring-security-config/5.1.2.RELEASE/spring-security-config-5.1.2.RELEASE.jar:/home/wisilica/.m2/repository/org/springframework/security/spring-security-web/5.1.2.RELEASE/spring-security-web-5.1.2.RELEASE.jar:/home/wisilica/.m2/repository/org/springframework/boot/spring-boot-starter-web/2.1.1.RELEASE/spring-boot-starter-web-2.1.1.RELEASE.jar:/home/wisilica/.m2/repository/org/springframework/boot/spring-boot-starter-json/2.1.1.RELEASE/spring-boot-starter-json-2.1.1.RELEASE.jar:/home/wisilica/.m2/repository/com/fasterxml/jackson/datatype/jackson-datatype-jdk8/2.9.7/jackson-datatype-jdk8-2.9.7.jar:/home/wisilica/.m2/repository/com/fasterxml/jackson/datatype/jackson-datatype-jsr310/2.9.7/jackson-datatype-jsr310-2.9.7.jar:/home/wisilica/.m2/repository/com/fasterxml/jackson/module/jackson-module-parameter-names/2.9.7/jackson-module-parameter-names-2.9.7.jar:/home/wisilica/.m2/repository/org/springframework/boot/spring-boot-starter-tomcat/2.1.1.RELEASE/spring-boot-starter-tomcat-2.1.1.RELEASE.jar:/home/wisilica/.m2/repository/org/apache/tomcat/embed/tomcat-embed-core/9.0.13/tomcat-embed-core-9.0.13.jar:/home/wisilica/.m2/repository/org/apache/tomcat/embed/tomcat-embed-el/9.0.13/tomcat-embed-el-9.0.13.jar:/home/wisilica/.m2/repository/org/apache/tomcat/embed/tomcat-embed-websocket/9.0.13/tomcat-embed-websocket-9.0.13.jar:/home/wisilica/.m2/repository/org/hibernate/validator/hibernate-validator/6.0.13.Final/hibernate-validator-6.0.13.Final.jar:/home/wisilica/.m2/repository/javax/validation/validation-api/2.0.1.Final/validation-api-2.0.1.Final.jar:/home/wisilica/.m2/repository/org/jboss/logging/jboss-logging/3.3.2.Final/jboss-logging-3.3.2.Final.jar:/home/wisilica/.m2/repository/com/fasterxml/classmate/1.4.0/classmate-1.4.0.jar:/home/wisilica/.m2/repository/org/springframework/spring-web/5.1.3.RELEASE/spring-web-5.1.3.RELEASE.jar:/home/wisilica/.m2/repository/org/springframework/spring-webmvc/5.1.3.RELEASE/spring-webmvc-5.1.3.RELEASE.jar:/home/wisilica/.m2/repository/org/springframework/boot/spring-boot-starter-data-jpa/2.1.1.RELEASE/spring-boot-starter-data-jpa-2.1.1.RELEASE.jar:/home/wisilica/.m2/repository/org/springframework/boot/spring-boot-starter-aop/2.1.1.RELEASE/spring-boot-starter-aop-2.1.1.RELEASE.jar:/home/wisilica/.m2/repository/org/aspectj/aspectjweaver/1.9.2/aspectjweaver-1.9.2.jar:/home/wisilica/.m2/repository/org/springframework/boot/spring-boot-starter-jdbc/2.1.1.RELEASE/spring-boot-starter-jdbc-2.1.1.RELEASE.jar:/home/wisilica/.m2/repository/com/zaxxer/HikariCP/3.2.0/HikariCP-3.2.0.jar:/home/wisilica/.m2/repository/javax/transaction/javax.transaction-api/1.3/javax.transaction-api-1.3.jar:/home/wisilica/.m2/repository/javax/xml/bind/jaxb-api/2.3.1/jaxb-api-2.3.1.jar:/home/wisilica/.m2/repository/javax/activation/javax.activation-api/1.2.0/javax.activation-api-1.2.0.jar:/home/wisilica/.m2/repository/org/hibernate/hibernate-core/5.3.7.Final/hibernate-core-5.3.7.Final.jar:/home/wisilica/.m2/repository/javax/persistence/javax.persistence-api/2.2/javax.persistence-api-2.2.jar:/home/wisilica/.m2/repository/org/javassist/javassist/3.23.1-GA/javassist-3.23.1-GA.jar:/home/wisilica/.m2/repository/net/bytebuddy/byte-buddy/1.9.5/byte-buddy-1.9.5.jar:/home/wisilica/.m2/repository/antlr/antlr/2.7.7/antlr-2.7.7.jar:/home/wisilica/.m2/repository/org/jboss/jandex/2.0.5.Final/jandex-2.0.5.Final.jar:/home/wisilica/.m2/repository/org/dom4j/dom4j/2.1.1/dom4j-2.1.1.jar:/home/wisilica/.m2/repository/org/hibernate/common/hibernate-commons-annotations/5.0.4.Final/hibernate-commons-annotations-5.0.4.Final.jar:/home/wisilica/.m2/repository/org/springframework/data/spring-data-jpa/2.1.3.RELEASE/spring-data-jpa-2.1.3.RELEASE.jar:/home/wisilica/.m2/repository/org/springframework/data/spring-data-commons/2.1.3.RELEASE/spring-data-commons-2.1.3.RELEASE.jar:/home/wisilica/.m2/repository/org/springframework/spring-orm/5.1.3.RELEASE/spring-orm-5.1.3.RELEASE.jar:/home/wisilica/.m2/repository/org/springframework/spring-aspects/5.1.3.RELEASE/spring-aspects-5.1.3.RELEASE.jar:/home/wisilica/.m2/repository/org/springframework/boot/spring-boot-starter-actuator/2.1.1.RELEASE/spring-boot-starter-actuator-2.1.1.RELEASE.jar:/home/wisilica/.m2/repository/org/springframework/boot/spring-boot-actuator-autoconfigure/2.1.1.RELEASE/spring-boot-actuator-autoconfigure-2.1.1.RELEASE.jar:/home/wisilica/.m2/repository/org/springframework/boot/spring-boot-actuator/2.1.1.RELEASE/spring-boot-actuator-2.1.1.RELEASE.jar:/home/wisilica/.m2/repository/io/micrometer/micrometer-core/1.1.1/micrometer-core-1.1.1.jar:/home/wisilica/.m2/repository/org/hdrhistogram/HdrHistogram/2.1.9/HdrHistogram-2.1.9.jar:/home/wisilica/.m2/repository/org/latencyutils/LatencyUtils/2.0.3/LatencyUtils-2.0.3.jar:/home/wisilica/.m2/repository/org/apache/ignite/ignite-core/2.7.0/ignite-core-2.7.0.jar:/home/wisilica/.m2/repository/javax/cache/cache-api/1.1.0/cache-api-1.1.0.jar:/home/wisilica/.m2/repository/org/jetbrains/annotations/13.0/annotations-13.0.jar:/home/wisilica/.m2/repository/org/gridgain/ignite-shmem/1.0.0/ignite-shmem-1.0.0.jar:/home/wisilica/.m2/repository/org/apache/ignite/ignite-spring/2.7.0/ignite-spring-2.7.0.jar:/home/wisilica/.m2/repository/org/springframework/spring-context/5.1.3.RELEASE/spring-context-5.1.3.RELEASE.jar:/home/wisilica/.m2/repository/org/springframework/spring-expression/5.1.3.RELEASE/spring-expression-5.1.3.RELEASE.jar:/home/wisilica/.m2/repository/org/springframework/spring-jdbc/5.1.3.RELEASE/spring-jdbc-5.1.3.RELEASE.jar:/home/wisilica/.m2/repository/commons-logging/commons-logging/1.1.1/commons-logging-1.1.1.jar:/home/wisilica/.m2/repository/org/apache/ignite/ignite-indexing/2.7.0/ignite-indexing-2.7.0.jar:/home/wisilica/.m2/repository/org/apache/lucene/lucene-core/7.4.0/lucene-core-7.4.0.jar:/home/wisilica/.m2/repository/org/apache/lucene/lucene-analyzers-common/7.4.0/lucene-analyzers-common-7.4.0.jar:/home/wisilica/.m2/repository/org/apache/lucene/lucene-queryparser/7.4.0/lucene-queryparser-7.4.0.jar:/home/wisilica/.m2/repository/org/apache/lucene/lucene-queries/7.4.0/lucene-queries-7.4.0.jar:/home/wisilica/.m2/repository/org/apache/lucene/lucene-sandbox/7.4.0/lucene-sandbox-7.4.0.jar:/home/wisilica/.m2/repository/com/h2database/h2/1.4.197/h2-1.4.197.jar:/home/wisilica/.m2/repository/org/springframework/boot/spring-boot-starter-test/2.1.1.RELEASE/spring-boot-starter-test-2.1.1.RELEASE.jar:/home/wisilica/.m2/repository/org/springframework/boot/spring-boot-test/2.1.1.RELEASE/spring-boot-test-2.1.1.RELEASE.jar:/home/wisilica/.m2/repository/org/springframework/boot/spring-boot-test-autoconfigure/2.1.1.RELEASE/spring-boot-test-autoconfigure-2.1.1.RELEASE.jar:/home/wisilica/.m2/repository/com/jayway/jsonpath/json-path/2.4.0/json-path-2.4.0.jar:/home/wisilica/.m2/repository/net/minidev/json-smart/2.3/json-smart-2.3.jar:/home/wisilica/.m2/repository/net/minidev/accessors-smart/1.2/accessors-smart-1.2.jar:/home/wisilica/.m2/repository/org/ow2/asm/asm/5.0.4/asm-5.0.4.jar:/home/wisilica/.m2/repository/junit/junit/4.12/junit-4.12.jar:/home/wisilica/.m2/repository/org/assertj/assertj-core/3.11.1/assertj-core-3.11.1.jar:/home/wisilica/.m2/repository/org/mockito/mockito-core/2.23.4/mockito-core-2.23.4.jar:/home/wisilica/.m2/repository/net/bytebuddy/byte-buddy-agent/1.9.5/byte-buddy-agent-1.9.5.jar:/home/wisilica/.m2/repository/org/objenesis/objenesis/2.6/objenesis-2.6.jar:/home/wisilica/.m2/repository/org/skyscreamer/jsonassert/1.5.0/jsonassert-1.5.0.jar:/home/wisilica/.m2/repository/com/vaadin/external/google/android-json/0.0.20131108.vaadin1/android-json-0.0.20131108.vaadin1.jar:/home/wisilica/.m2/repository/org/springframework/spring-test/5.1.3.RELEASE/spring-test-5.1.3.RELEASE.jar:/home/wisilica/.m2/repository/org/xmlunit/xmlunit-core/2.6.2/xmlunit-core-2.6.2.jar:/home/wisilica/.m2/repository/org/springframework/security/oauth/spring-security-oauth2/2.3.4.RELEASE/spring-security-oauth2-2.3.4.RELEASE.jar:/home/wisilica/.m2/repository/org/springframework/security/spring-security-core/5.1.2.RELEASE/spring-security-core-5.1.2.RELEASE.jar:/home/wisilica/.m2/repository/org/codehaus/jackson/jackson-mapper-asl/1.9.13/jackson-mapper-asl-1.9.13.jar:/home/wisilica/.m2/repository/org/codehaus/jackson/jackson-core-asl/1.9.13/jackson-core-asl-1.9.13.jar:/home/wisilica/.m2/repository/org/springframework/security/spring-security-oauth2-client/5.1.2.RELEASE/spring-security-oauth2-client-5.1.2.RELEASE.jar:/home/wisilica/.m2/repository/com/nimbusds/oauth2-oidc-sdk/6.0/oauth2-oidc-sdk-6.0.jar:/home/wisilica/.m2/repository/com/sun/mail/javax.mail/1.6.2/javax.mail-1.6.2.jar:/home/wisilica/.m2/repository/javax/activation/activation/1.1/activation-1.1.jar:/home/wisilica/.m2/repository/com/github/stephenc/jcip/jcip-annotations/1.0-1/jcip-annotations-1.0-1.jar:/home/wisilica/.m2/repository/com/nimbusds/lang-tag/1.4.4/lang-tag-1.4.4.jar:/home/wisilica/.m2/repository/org/springframework/security/spring-security-oauth2-core/5.1.2.RELEASE/spring-security-oauth2-core-5.1.2.RELEASE.jar:/home/wisilica/.m2/repository/org/springframework/boot/spring-boot-starter-thymeleaf/2.1.1.RELEASE/spring-boot-starter-thymeleaf-2.1.1.RELEASE.jar:/home/wisilica/.m2/repository/org/thymeleaf/thymeleaf-spring5/3.0.11.RELEASE/thymeleaf-spring5-3.0.11.RELEASE.jar:/home/wisilica/.m2/repository/org/thymeleaf/thymeleaf/3.0.11.RELEASE/thymeleaf-3.0.11.RELEASE.jar:/home/wisilica/.m2/repository/org/attoparser/attoparser/2.0.5.RELEASE/attoparser-2.0.5.RELEASE.jar:/home/wisilica/.m2/repository/org/unbescape/unbescape/1.1.6.RELEASE/unbescape-1.1.6.RELEASE.jar:/home/wisilica/.m2/repository/org/thymeleaf/extras/thymeleaf-extras-java8time/3.0.2.RELEASE/thymeleaf-extras-java8time-3.0.2.RELEASE.jar:/home/wisilica/.m2/repository/org/springframework/security/spring-security-oauth2-jose/5.1.2.RELEASE/spring-security-oauth2-jose-5.1.2.RELEASE.jar:/home/wisilica/.m2/repository/com/nimbusds/nimbus-jose-jwt/6.0.2/nimbus-jose-jwt-6.0.2.jar:/home/wisilica/.m2/repository/org/springframework/security/oauth/boot/spring-security-oauth2-autoconfigure/2.0.1.RELEASE/spring-security-oauth2-autoconfigure-2.0.1.RELEASE.jar:/home/wisilica/.m2/repository/com/fasterxml/jackson/core/jackson-annotations/2.9.0/jackson-annotations-2.9.0.jar:/home/wisilica/.m2/repository/com/fasterxml/jackson/core/jackson-databind/2.9.7/jackson-databind-2.9.7.jar:/home/wisilica/.m2/repository/com/fasterxml/jackson/core/jackson-core/2.9.7/jackson-core-2.9.7.jar:/home/wisilica/.m2/repository/org/springframework/boot/spring-boot/2.1.1.RELEASE/spring-boot-2.1.1.RELEASE.jar:/home/wisilica/.m2/repository/org/springframework/boot/spring-boot-autoconfigure/2.1.1.RELEASE/spring-boot-autoconfigure-2.1.1.RELEASE.jar:/home/wisilica/.m2/repository/org/springframework/security/spring-security-jwt/1.0.9.RELEASE/spring-security-jwt-1.0.9.RELEASE.jar:/home/wisilica/.m2/repository/org/bouncycastle/bcpkix-jdk15on/1.56/bcpkix-jdk15on-1.56.jar:/home/wisilica/.m2/repository/org/bouncycastle/bcprov-jdk15on/1.56/bcprov-jdk15on-1.56.jar:/home/wisilica/.m2/repository/org/springframework/security/spring-security-test/5.1.2.RELEASE/spring-security-test-5.1.2.RELEASE.jar:/home/wisilica/.m2/repository/org/springframework/data/spring-data-redis/2.1.3.RELEASE/spring-data-redis-2.1.3.RELEASE.jar:/home/wisilica/.m2/repository/org/springframework/data/spring-data-keyvalue/2.1.3.RELEASE/spring-data-keyvalue-2.1.3.RELEASE.jar:/home/wisilica/.m2/repository/org/springframework/spring-oxm/5.1.3.RELEASE/spring-oxm-5.1.3.RELEASE.jar:/home/wisilica/.m2/repository/org/springframework/spring-context-support/5.1.3.RELEASE/spring-context-support-5.1.3.RELEASE.jar:/home/wisilica/.m2/repository/org/slf4j/slf4j-api/1.7.25/slf4j-api-1.7.25.jar:/home/wisilica/.m2/repository/redis/clients/jedis/2.9.0/jedis-2.9.0.jar:/home/wisilica/.m2/repository/org/apache/commons/commons-pool2/2.6.0/commons-pool2-2.6.0.jar:/home/wisilica/.m2/repository/mysql/mysql-connector-java/8.0.13/mysql-connector-java-8.0.13.jar:/home/wisilica/.m2/repository/commons-codec/commons-codec/1.11/commons-codec-1.11.jar:/home/wisilica/.m2/repository/commons-beanutils/commons-beanutils/1.9.3/commons-beanutils-1.9.3.jar:/home/wisilica/.m2/repository/commons-collections/commons-collections/3.2.2/commons-collections-3.2.2.jar:"/>
    <property name="java.vm.vendor" value="Oracle Corporation"/>
    <property name="sun.arch.data.model" value="64"/>
    <property name="java.vendor.url" value="http://java.oracle.com/"/>
    <property name="user.timezone" value=""/>
    <property name="java.vm.specification.version" value="1.8"/>
    <property name="os.name" value="Linux"/>
    <property name="user.country" value="IN"/>
    <property name="sun.java.launcher" value="SUN_STANDARD"/>
    <property name="sun.boot.library.path" value="/usr/lib/jvm/java-8-oracle/jre/lib/amd64"/>
    <property name="sun.java.command" value="/home/wisilica/Downloads/WiseStandard-oauth2_branch-1/wiseconnectSuite/wiseconnect/target/surefire/surefirebooter5074005096695107020.jar /home/wisilica/Downloads/WiseStandard-oauth2_branch-1/wiseconnectSuite/wiseconnect/target/surefire 2019-04-25T19-06-11_904-jvmRun1 surefire3787781781314295202tmp surefire_47050965329842994181tmp"/>
    <property name="surefire.test.class.path" value="/home/wisilica/Downloads/WiseStandard-oauth2_branch-1/wiseconnectSuite/wiseconnect/target/test-classes:/home/wisilica/Downloads/WiseStandard-oauth2_branch-1/wiseconnectSuite/wiseconnect/target/classes:/home/wisilica/Downloads/WiseStandard-oauth2_branch-1/wiseconnectSuite/wiseconnectCore/target/wiseconnectCore-1.0-SNAPSHOT.jar:/home/wisilica/Downloads/WiseStandard-oauth2_branch-1/wiseconnectSuite/wiseconnectDao/target/wiseconnectDao-1.0-SNAPSHOT.jar:/home/wisilica/Downloads/WiseStandard-oauth2_branch-1/wiseconnectSuite/wiseconnectCommons/target/wiseconnectCommons-1.0-SNAPSHOT.jar:/home/wisilica/Downloads/WiseStandard-oauth2_branch-1/wiseconnectSuite/wiseconnectModel/target/wiseconnectModel-1.0-SNAPSHOT.jar:/home/wisilica/.m2/repository/io/rest-assured/rest-assured/3.3.0/rest-assured-3.3.0.jar:/home/wisilica/.m2/repository/org/codehaus/groovy/groovy/2.5.4/groovy-2.5.4.jar:/home/wisilica/.m2/repository/org/codehaus/groovy/groovy-xml/2.5.4/groovy-xml-2.5.4.jar:/home/wisilica/.m2/repository/org/apache/httpcomponents/httpclient/4.5.6/httpclient-4.5.6.jar:/home/wisilica/.m2/repository/org/apache/httpcomponents/httpcore/4.4.10/httpcore-4.4.10.jar:/home/wisilica/.m2/repository/org/apache/httpcomponents/httpmime/4.5.6/httpmime-4.5.6.jar:/home/wisilica/.m2/repository/org/hamcrest/hamcrest-core/1.3/hamcrest-core-1.3.jar:/home/wisilica/.m2/repository/org/hamcrest/hamcrest-library/1.3/hamcrest-library-1.3.jar:/home/wisilica/.m2/repository/org/ccil/cowan/tagsoup/tagsoup/1.2.1/tagsoup-1.2.1.jar:/home/wisilica/.m2/repository/io/rest-assured/json-path/3.1.1/json-path-3.1.1.jar:/home/wisilica/.m2/repository/org/codehaus/groovy/groovy-json/2.5.4/groovy-json-2.5.4.jar:/home/wisilica/.m2/repository/io/rest-assured/rest-assured-common/3.1.1/rest-assured-common-3.1.1.jar:/home/wisilica/.m2/repository/io/rest-assured/xml-path/3.1.1/xml-path-3.1.1.jar:/home/wisilica/.m2/repository/org/apache/commons/commons-lang3/3.8.1/commons-lang3-3.8.1.jar:/home/wisilica/.m2/repository/org/springframework/spring-tx/5.1.4.RELEASE/spring-tx-5.1.4.RELEASE.jar:/home/wisilica/.m2/repository/org/springframework/spring-beans/5.1.3.RELEASE/spring-beans-5.1.3.RELEASE.jar:/home/wisilica/.m2/repository/org/springframework/spring-core/5.1.3.RELEASE/spring-core-5.1.3.RELEASE.jar:/home/wisilica/.m2/repository/org/springframework/spring-jcl/5.1.3.RELEASE/spring-jcl-5.1.3.RELEASE.jar:/home/wisilica/.m2/repository/org/springframework/boot/spring-boot-starter-security/2.1.1.RELEASE/spring-boot-starter-security-2.1.1.RELEASE.jar:/home/wisilica/.m2/repository/org/springframework/boot/spring-boot-starter/2.1.1.RELEASE/spring-boot-starter-2.1.1.RELEASE.jar:/home/wisilica/.m2/repository/org/springframework/boot/spring-boot-starter-logging/2.1.1.RELEASE/spring-boot-starter-logging-2.1.1.RELEASE.jar:/home/wisilica/.m2/repository/ch/qos/logback/logback-classic/1.2.3/logback-classic-1.2.3.jar:/home/wisilica/.m2/repository/ch/qos/logback/logback-core/1.2.3/logback-core-1.2.3.jar:/home/wisilica/.m2/repository/org/apache/logging/log4j/log4j-to-slf4j/2.11.1/log4j-to-slf4j-2.11.1.jar:/home/wisilica/.m2/repository/org/apache/logging/log4j/log4j-api/2.11.1/log4j-api-2.11.1.jar:/home/wisilica/.m2/repository/org/slf4j/jul-to-slf4j/1.7.25/jul-to-slf4j-1.7.25.jar:/home/wisilica/.m2/repository/javax/annotation/javax.annotation-api/1.3.2/javax.annotation-api-1.3.2.jar:/home/wisilica/.m2/repository/org/yaml/snakeyaml/1.23/snakeyaml-1.23.jar:/home/wisilica/.m2/repository/org/springframework/spring-aop/5.1.3.RELEASE/spring-aop-5.1.3.RELEASE.jar:/home/wisilica/.m2/repository/org/springframework/security/spring-security-config/5.1.2.RELEASE/spring-security-config-5.1.2.RELEASE.jar:/home/wisilica/.m2/repository/org/springframework/security/spring-security-web/5.1.2.RELEASE/spring-security-web-5.1.2.RELEASE.jar:/home/wisilica/.m2/repository/org/springframework/boot/spring-boot-starter-web/2.1.1.RELEASE/spring-boot-starter-web-2.1.1.RELEASE.jar:/home/wisilica/.m2/repository/org/springframework/boot/spring-boot-starter-json/2.1.1.RELEASE/spring-boot-starter-json-2.1.1.RELEASE.jar:/home/wisilica/.m2/repository/com/fasterxml/jackson/datatype/jackson-datatype-jdk8/2.9.7/jackson-datatype-jdk8-2.9.7.jar:/home/wisilica/.m2/repository/com/fasterxml/jackson/datatype/jackson-datatype-jsr310/2.9.7/jackson-datatype-jsr310-2.9.7.jar:/home/wisilica/.m2/repository/com/fasterxml/jackson/module/jackson-module-parameter-names/2.9.7/jackson-module-parameter-names-2.9.7.jar:/home/wisilica/.m2/repository/org/springframework/boot/spring-boot-starter-tomcat/2.1.1.RELEASE/spring-boot-starter-tomcat-2.1.1.RELEASE.jar:/home/wisilica/.m2/repository/org/apache/tomcat/embed/tomcat-embed-core/9.0.13/tomcat-embed-core-9.0.13.jar:/home/wisilica/.m2/repository/org/apache/tomcat/embed/tomcat-embed-el/9.0.13/tomcat-embed-el-9.0.13.jar:/home/wisilica/.m2/repository/org/apache/tomcat/embed/tomcat-embed-websocket/9.0.13/tomcat-embed-websocket-9.0.13.jar:/home/wisilica/.m2/repository/org/hibernate/validator/hibernate-validator/6.0.13.Final/hibernate-validator-6.0.13.Final.jar:/home/wisilica/.m2/repository/javax/validation/validation-api/2.0.1.Final/validation-api-2.0.1.Final.jar:/home/wisilica/.m2/repository/org/jboss/logging/jboss-logging/3.3.2.Final/jboss-logging-3.3.2.Final.jar:/home/wisilica/.m2/repository/com/fasterxml/classmate/1.4.0/classmate-1.4.0.jar:/home/wisilica/.m2/repository/org/springframework/spring-web/5.1.3.RELEASE/spring-web-5.1.3.RELEASE.jar:/home/wisilica/.m2/repository/org/springframework/spring-webmvc/5.1.3.RELEASE/spring-webmvc-5.1.3.RELEASE.jar:/home/wisilica/.m2/repository/org/springframework/boot/spring-boot-starter-data-jpa/2.1.1.RELEASE/spring-boot-starter-data-jpa-2.1.1.RELEASE.jar:/home/wisilica/.m2/repository/org/springframework/boot/spring-boot-starter-aop/2.1.1.RELEASE/spring-boot-starter-aop-2.1.1.RELEASE.jar:/home/wisilica/.m2/repository/org/aspectj/aspectjweaver/1.9.2/aspectjweaver-1.9.2.jar:/home/wisilica/.m2/repository/org/springframework/boot/spring-boot-starter-jdbc/2.1.1.RELEASE/spring-boot-starter-jdbc-2.1.1.RELEASE.jar:/home/wisilica/.m2/repository/com/zaxxer/HikariCP/3.2.0/HikariCP-3.2.0.jar:/home/wisilica/.m2/repository/javax/transaction/javax.transaction-api/1.3/javax.transaction-api-1.3.jar:/home/wisilica/.m2/repository/javax/xml/bind/jaxb-api/2.3.1/jaxb-api-2.3.1.jar:/home/wisilica/.m2/repository/javax/activation/javax.activation-api/1.2.0/javax.activation-api-1.2.0.jar:/home/wisilica/.m2/repository/org/hibernate/hibernate-core/5.3.7.Final/hibernate-core-5.3.7.Final.jar:/home/wisilica/.m2/repository/javax/persistence/javax.persistence-api/2.2/javax.persistence-api-2.2.jar:/home/wisilica/.m2/repository/org/javassist/javassist/3.23.1-GA/javassist-3.23.1-GA.jar:/home/wisilica/.m2/repository/net/bytebuddy/byte-buddy/1.9.5/byte-buddy-1.9.5.jar:/home/wisilica/.m2/repository/antlr/antlr/2.7.7/antlr-2.7.7.jar:/home/wisilica/.m2/repository/org/jboss/jandex/2.0.5.Final/jandex-2.0.5.Final.jar:/home/wisilica/.m2/repository/org/dom4j/dom4j/2.1.1/dom4j-2.1.1.jar:/home/wisilica/.m2/repository/org/hibernate/common/hibernate-commons-annotations/5.0.4.Final/hibernate-commons-annotations-5.0.4.Final.jar:/home/wisilica/.m2/repository/org/springframework/data/spring-data-jpa/2.1.3.RELEASE/spring-data-jpa-2.1.3.RELEASE.jar:/home/wisilica/.m2/repository/org/springframework/data/spring-data-commons/2.1.3.RELEASE/spring-data-commons-2.1.3.RELEASE.jar:/home/wisilica/.m2/repository/org/springframework/spring-orm/5.1.3.RELEASE/spring-orm-5.1.3.RELEASE.jar:/home/wisilica/.m2/repository/org/springframework/spring-aspects/5.1.3.RELEASE/spring-aspects-5.1.3.RELEASE.jar:/home/wisilica/.m2/repository/org/springframework/boot/spring-boot-starter-actuator/2.1.1.RELEASE/spring-boot-starter-actuator-2.1.1.RELEASE.jar:/home/wisilica/.m2/repository/org/springframework/boot/spring-boot-actuator-autoconfigure/2.1.1.RELEASE/spring-boot-actuator-autoconfigure-2.1.1.RELEASE.jar:/home/wisilica/.m2/repository/org/springframework/boot/spring-boot-actuator/2.1.1.RELEASE/spring-boot-actuator-2.1.1.RELEASE.jar:/home/wisilica/.m2/repository/io/micrometer/micrometer-core/1.1.1/micrometer-core-1.1.1.jar:/home/wisilica/.m2/repository/org/hdrhistogram/HdrHistogram/2.1.9/HdrHistogram-2.1.9.jar:/home/wisilica/.m2/repository/org/latencyutils/LatencyUtils/2.0.3/LatencyUtils-2.0.3.jar:/home/wisilica/.m2/repository/org/apache/ignite/ignite-core/2.7.0/ignite-core-2.7.0.jar:/home/wisilica/.m2/repository/javax/cache/cache-api/1.1.0/cache-api-1.1.0.jar:/home/wisilica/.m2/repository/org/jetbrains/annotations/13.0/annotations-13.0.jar:/home/wisilica/.m2/repository/org/gridgain/ignite-shmem/1.0.0/ignite-shmem-1.0.0.jar:/home/wisilica/.m2/repository/org/apache/ignite/ignite-spring/2.7.0/ignite-spring-2.7.0.jar:/home/wisilica/.m2/repository/org/springframework/spring-context/5.1.3.RELEASE/spring-context-5.1.3.RELEASE.jar:/home/wisilica/.m2/repository/org/springframework/spring-expression/5.1.3.RELEASE/spring-expression-5.1.3.RELEASE.jar:/home/wisilica/.m2/repository/org/springframework/spring-jdbc/5.1.3.RELEASE/spring-jdbc-5.1.3.RELEASE.jar:/home/wisilica/.m2/repository/commons-logging/commons-logging/1.1.1/commons-logging-1.1.1.jar:/home/wisilica/.m2/repository/org/apache/ignite/ignite-indexing/2.7.0/ignite-indexing-2.7.0.jar:/home/wisilica/.m2/repository/org/apache/lucene/lucene-core/7.4.0/lucene-core-7.4.0.jar:/home/wisilica/.m2/repository/org/apache/lucene/lucene-analyzers-common/7.4.0/lucene-analyzers-common-7.4.0.jar:/home/wisilica/.m2/repository/org/apache/lucene/lucene-queryparser/7.4.0/lucene-queryparser-7.4.0.jar:/home/wisilica/.m2/repository/org/apache/lucene/lucene-queries/7.4.0/lucene-queries-7.4.0.jar:/home/wisilica/.m2/repository/org/apache/lucene/lucene-sandbox/7.4.0/lucene-sandbox-7.4.0.jar:/home/wisilica/.m2/repository/com/h2database/h2/1.4.197/h2-1.4.197.jar:/home/wisilica/.m2/repository/org/springframework/boot/spring-boot-starter-test/2.1.1.RELEASE/spring-boot-starter-test-2.1.1.RELEASE.jar:/home/wisilica/.m2/repository/org/springframework/boot/spring-boot-test/2.1.1.RELEASE/spring-boot-test-2.1.1.RELEASE.jar:/home/wisilica/.m2/repository/org/springframework/boot/spring-boot-test-autoconfigure/2.1.1.RELEASE/spring-boot-test-autoconfigure-2.1.1.RELEASE.jar:/home/wisilica/.m2/repository/com/jayway/jsonpath/json-path/2.4.0/json-path-2.4.0.jar:/home/wisilica/.m2/repository/net/minidev/json-smart/2.3/json-smart-2.3.jar:/home/wisilica/.m2/repository/net/minidev/accessors-smart/1.2/accessors-smart-1.2.jar:/home/wisilica/.m2/repository/org/ow2/asm/asm/5.0.4/asm-5.0.4.jar:/home/wisilica/.m2/repository/junit/junit/4.12/junit-4.12.jar:/home/wisilica/.m2/repository/org/assertj/assertj-core/3.11.1/assertj-core-3.11.1.jar:/home/wisilica/.m2/repository/org/mockito/mockito-core/2.23.4/mockito-core-2.23.4.jar:/home/wisilica/.m2/repository/net/bytebuddy/byte-buddy-agent/1.9.5/byte-buddy-agent-1.9.5.jar:/home/wisilica/.m2/repository/org/objenesis/objenesis/2.6/objenesis-2.6.jar:/home/wisilica/.m2/repository/org/skyscreamer/jsonassert/1.5.0/jsonassert-1.5.0.jar:/home/wisilica/.m2/repository/com/vaadin/external/google/android-json/0.0.20131108.vaadin1/android-json-0.0.20131108.vaadin1.jar:/home/wisilica/.m2/repository/org/springframework/spring-test/5.1.3.RELEASE/spring-test-5.1.3.RELEASE.jar:/home/wisilica/.m2/repository/org/xmlunit/xmlunit-core/2.6.2/xmlunit-core-2.6.2.jar:/home/wisilica/.m2/repository/org/springframework/security/oauth/spring-security-oauth2/2.3.4.RELEASE/spring-security-oauth2-2.3.4.RELEASE.jar:/home/wisilica/.m2/repository/org/springframework/security/spring-security-core/5.1.2.RELEASE/spring-security-core-5.1.2.RELEASE.jar:/home/wisilica/.m2/repository/org/codehaus/jackson/jackson-mapper-asl/1.9.13/jackson-mapper-asl-1.9.13.jar:/home/wisilica/.m2/repository/org/codehaus/jackson/jackson-core-asl/1.9.13/jackson-core-asl-1.9.13.jar:/home/wisilica/.m2/repository/org/springframework/security/spring-security-oauth2-client/5.1.2.RELEASE/spring-security-oauth2-client-5.1.2.RELEASE.jar:/home/wisilica/.m2/repository/com/nimbusds/oauth2-oidc-sdk/6.0/oauth2-oidc-sdk-6.0.jar:/home/wisilica/.m2/repository/com/sun/mail/javax.mail/1.6.2/javax.mail-1.6.2.jar:/home/wisilica/.m2/repository/javax/activation/activation/1.1/activation-1.1.jar:/home/wisilica/.m2/repository/com/github/stephenc/jcip/jcip-annotations/1.0-1/jcip-annotations-1.0-1.jar:/home/wisilica/.m2/repository/com/nimbusds/lang-tag/1.4.4/lang-tag-1.4.4.jar:/home/wisilica/.m2/repository/org/springframework/security/spring-security-oauth2-core/5.1.2.RELEASE/spring-security-oauth2-core-5.1.2.RELEASE.jar:/home/wisilica/.m2/repository/org/springframework/boot/spring-boot-starter-thymeleaf/2.1.1.RELEASE/spring-boot-starter-thymeleaf-2.1.1.RELEASE.jar:/home/wisilica/.m2/repository/org/thymeleaf/thymeleaf-spring5/3.0.11.RELEASE/thymeleaf-spring5-3.0.11.RELEASE.jar:/home/wisilica/.m2/repository/org/thymeleaf/thymeleaf/3.0.11.RELEASE/thymeleaf-3.0.11.RELEASE.jar:/home/wisilica/.m2/repository/org/attoparser/attoparser/2.0.5.RELEASE/attoparser-2.0.5.RELEASE.jar:/home/wisilica/.m2/repository/org/unbescape/unbescape/1.1.6.RELEASE/unbescape-1.1.6.RELEASE.jar:/home/wisilica/.m2/repository/org/thymeleaf/extras/thymeleaf-extras-java8time/3.0.2.RELEASE/thymeleaf-extras-java8time-3.0.2.RELEASE.jar:/home/wisilica/.m2/repository/org/springframework/security/spring-security-oauth2-jose/5.1.2.RELEASE/spring-security-oauth2-jose-5.1.2.RELEASE.jar:/home/wisilica/.m2/repository/com/nimbusds/nimbus-jose-jwt/6.0.2/nimbus-jose-jwt-6.0.2.jar:/home/wisilica/.m2/repository/org/springframework/security/oauth/boot/spring-security-oauth2-autoconfigure/2.0.1.RELEASE/spring-security-oauth2-autoconfigure-2.0.1.RELEASE.jar:/home/wisilica/.m2/repository/com/fasterxml/jackson/core/jackson-annotations/2.9.0/jackson-annotations-2.9.0.jar:/home/wisilica/.m2/repository/com/fasterxml/jackson/core/jackson-databind/2.9.7/jackson-databind-2.9.7.jar:/home/wisilica/.m2/repository/com/fasterxml/jackson/core/jackson-core/2.9.7/jackson-core-2.9.7.jar:/home/wisilica/.m2/repository/org/springframework/boot/spring-boot/2.1.1.RELEASE/spring-boot-2.1.1.RELEASE.jar:/home/wisilica/.m2/repository/org/springframework/boot/spring-boot-autoconfigure/2.1.1.RELEASE/spring-boot-autoconfigure-2.1.1.RELEASE.jar:/home/wisilica/.m2/repository/org/springframework/security/spring-security-jwt/1.0.9.RELEASE/spring-security-jwt-1.0.9.RELEASE.jar:/home/wisilica/.m2/repository/org/bouncycastle/bcpkix-jdk15on/1.56/bcpkix-jdk15on-1.56.jar:/home/wisilica/.m2/repository/org/bouncycastle/bcprov-jdk15on/1.56/bcprov-jdk15on-1.56.jar:/home/wisilica/.m2/repository/org/springframework/security/spring-security-test/5.1.2.RELEASE/spring-security-test-5.1.2.RELEASE.jar:/home/wisilica/.m2/repository/org/springframework/data/spring-data-redis/2.1.3.RELEASE/spring-data-redis-2.1.3.RELEASE.jar:/home/wisilica/.m2/repository/org/springframework/data/spring-data-keyvalue/2.1.3.RELEASE/spring-data-keyvalue-2.1.3.RELEASE.jar:/home/wisilica/.m2/repository/org/springframework/spring-oxm/5.1.3.RELEASE/spring-oxm-5.1.3.RELEASE.jar:/home/wisilica/.m2/repository/org/springframework/spring-context-support/5.1.3.RELEASE/spring-context-support-5.1.3.RELEASE.jar:/home/wisilica/.m2/repository/org/slf4j/slf4j-api/1.7.25/slf4j-api-1.7.25.jar:/home/wisilica/.m2/repository/redis/clients/jedis/2.9.0/jedis-2.9.0.jar:/home/wisilica/.m2/repository/org/apache/commons/commons-pool2/2.6.0/commons-pool2-2.6.0.jar:/home/wisilica/.m2/repository/mysql/mysql-connector-java/8.0.13/mysql-connector-java-8.0.13.jar:/home/wisilica/.m2/repository/commons-codec/commons-codec/1.11/commons-codec-1.11.jar:/home/wisilica/.m2/repository/commons-beanutils/commons-beanutils/1.9.3/commons-beanutils-1.9.3.jar:/home/wisilica/.m2/repository/commons-collections/commons-collections/3.2.2/commons-collections-3.2.2.jar:"/>
    <property name="sun.cpu.endian" value="little"/>
    <property name="user.home" value="/home/wisilica"/>
    <property name="user.language" value="en"/>
    <property name="java.specification.vendor" value="Oracle Corporation"/>
    <property name="java.home" value="/usr/lib/jvm/java-8-oracle/jre"/>
    <property name="basedir" value="/home/wisilica/Downloads/WiseStandard-oauth2_branch-1/wiseconnectSuite/wiseconnect"/>
    <property name="file.separator" value="/"/>
    <property name="line.separator" value="&#10;"/>
    <property name="java.vm.specification.vendor" value="Oracle Corporation"/>
    <property name="java.specification.name" value="Java Platform API Specification"/>
    <property name="java.awt.graphicsenv" value="sun.awt.X11GraphicsEnvironment"/>
    <property name="surefire.real.class.path" value="/home/wisilica/Downloads/WiseStandard-oauth2_branch-1/wiseconnectSuite/wiseconnect/target/surefire/surefirebooter5074005096695107020.jar"/>
    <property name="sun.boot.class.path" value="/usr/lib/jvm/java-8-oracle/jre/lib/resources.jar:/usr/lib/jvm/java-8-oracle/jre/lib/rt.jar:/usr/lib/jvm/java-8-oracle/jre/lib/sunrsasign.jar:/usr/lib/jvm/java-8-oracle/jre/lib/jsse.jar:/usr/lib/jvm/java-8-oracle/jre/lib/jce.jar:/usr/lib/jvm/java-8-oracle/jre/lib/charsets.jar:/usr/lib/jvm/java-8-oracle/jre/lib/jfr.jar:/usr/lib/jvm/java-8-oracle/jre/classes"/>
    <property name="sun.management.compiler" value="HotSpot 64-Bit Tiered Compilers"/>
    <property name="java.runtime.version" value="1.8.0_201-b09"/>
    <property name="user.name" value="wisilica"/>
    <property name="path.separator" value=":"/>
    <property name="os.version" value="4.15.0-47-generic"/>
    <property name="java.endorsed.dirs" value="/usr/lib/jvm/java-8-oracle/jre/lib/endorsed"/>
    <property name="java.runtime.name" value="Java(TM) SE Runtime Environment"/>
    <property name="file.encoding" value="UTF-8"/>
    <property name="java.vm.name" value="Java HotSpot(TM) 64-Bit Server VM"/>
    <property name="localRepository" value="/home/wisilica/.m2/repository"/>
    <property name="java.vendor.url.bug" value="http://bugreport.sun.com/bugreport/"/>
    <property name="java.io.tmpdir" value="/tmp"/>
    <property name="java.version" value="1.8.0_201"/>
    <property name="user.dir" value="/home/wisilica/Downloads/WiseStandard-oauth2_branch-1/wiseconnectSuite/wiseconnect"/>
    <property name="os.arch" value="amd64"/>
    <property name="java.vm.specification.name" value="Java Virtual Machine Specification"/>
    <property name="java.awt.printerjob" value="sun.print.PSPrinterJob"/>
    <property name="sun.os.patch.level" value="unknown"/>
    <property name="idea.version2019.1.1" value="true"/>
    <property name="java.library.path" value="/usr/java/packages/lib/amd64:/usr/lib64:/lib64:/lib:/usr/lib"/>
    <property name="java.vm.info" value="mixed mode"/>
    <property name="java.vendor" value="Oracle Corporation"/>
    <property name="java.vm.version" value="25.201-b09"/>
    <property name="java.ext.dirs" value="/usr/lib/jvm/java-8-oracle/jre/lib/ext:/usr/java/packages/lib/ext"/>
    <property name="sun.io.unicode.encoding" value="UnicodeLittle"/>
    <property name="java.class.version" value="52.0"/>
  </properties>
  <testcase name="oauthFlowTesting" classname="com.wisilica.wiseconnect.WiseconnectApplicationTests" time="0.15">
    <error message="Connection refused (Connection refused)" type="java.net.ConnectException">java.net.ConnectException: Connection refused (Connection refused)
	at com.wisilica.wiseconnect.WiseconnectApplicationTests.authorizationCodeGrantFlow(WiseconnectApplicationTests.java:85)
	at com.wisilica.wiseconnect.WiseconnectApplicationTests.oauthFlowTesting(WiseconnectApplicationTests.java:52)
</error>
    <system-out><![CDATA[25-04-2019 19:06:48.722 reqId=[] DEBUG 8570 --- [           main] o.s.t.c.junit4.SpringJUnit4ClassRunner   : SpringJUnit4ClassRunner constructor called with [class com.wisilica.wiseconnect.WiseconnectApplicationTests]
25-04-2019 19:06:48.722 reqId=[] DEBUG 8570 --- [           main] o.s.test.context.BootstrapUtils          : Instantiating CacheAwareContextLoaderDelegate from class [org.springframework.test.context.cache.DefaultCacheAwareContextLoaderDelegate]
25-04-2019 19:06:48.722 reqId=[] DEBUG 8570 --- [           main] o.s.test.context.BootstrapUtils          : Instantiating BootstrapContext using constructor [public org.springframework.test.context.support.DefaultBootstrapContext(java.lang.Class,org.springframework.test.context.CacheAwareContextLoaderDelegate)]
25-04-2019 19:06:48.723 reqId=[] DEBUG 8570 --- [           main] o.s.test.context.BootstrapUtils          : Instantiating TestContextBootstrapper for test class [com.wisilica.wiseconnect.WiseconnectApplicationTests] from class [org.springframework.boot.test.context.SpringBootTestContextBootstrapper]
25-04-2019 19:06:48.723 reqId=[]  INFO 8570 --- [           main] .b.t.c.SpringBootTestContextBootstrapper : Neither @ContextConfiguration nor @ContextHierarchy found for test class [com.wisilica.wiseconnect.WiseconnectApplicationTests], using SpringBootContextLoader
25-04-2019 19:06:48.724 reqId=[] DEBUG 8570 --- [           main] o.s.t.c.support.AbstractContextLoader    : Did not detect default resource location for test class [com.wisilica.wiseconnect.WiseconnectApplicationTests]: class path resource [com/wisilica/wiseconnect/WiseconnectApplicationTests-context.xml] does not exist
25-04-2019 19:06:48.724 reqId=[] DEBUG 8570 --- [           main] o.s.t.c.support.AbstractContextLoader    : Did not detect default resource location for test class [com.wisilica.wiseconnect.WiseconnectApplicationTests]: class path resource [com/wisilica/wiseconnect/WiseconnectApplicationTestsContext.groovy] does not exist
25-04-2019 19:06:48.724 reqId=[]  INFO 8570 --- [           main] o.s.t.c.support.AbstractContextLoader    : Could not detect default resource locations for test class [com.wisilica.wiseconnect.WiseconnectApplicationTests]: no resource found for suffixes {-context.xml, Context.groovy}.
25-04-2019 19:06:48.725 reqId=[]  INFO 8570 --- [           main] t.c.s.AnnotationConfigContextLoaderUtils : Could not detect default configuration classes for test class [com.wisilica.wiseconnect.WiseconnectApplicationTests]: WiseconnectApplicationTests does not declare any static, non-private, non-final, nested classes annotated with @Configuration.
25-04-2019 19:06:48.726 reqId=[] DEBUG 8570 --- [           main] o.s.t.c.support.ActiveProfilesUtils      : Could not find an 'annotation declaring class' for annotation type [org.springframework.test.context.ActiveProfiles] and class [com.wisilica.wiseconnect.WiseconnectApplicationTests]
25-04-2019 19:06:48.727 reqId=[]  INFO 8570 --- [           main] .b.t.c.SpringBootTestContextBootstrapper : Found @SpringBootConfiguration com.wisilica.wiseconnect.WiseconnectApplication for test class com.wisilica.wiseconnect.WiseconnectApplicationTests
25-04-2019 19:06:48.729 reqId=[] DEBUG 8570 --- [           main] .b.t.c.SpringBootTestContextBootstrapper : @TestExecutionListeners is not present for class [com.wisilica.wiseconnect.WiseconnectApplicationTests]: using defaults.
25-04-2019 19:06:48.729 reqId=[]  INFO 8570 --- [           main] .b.t.c.SpringBootTestContextBootstrapper : Loaded default TestExecutionListener class names from location [META-INF/spring.factories]: [org.springframework.boot.test.mock.mockito.MockitoTestExecutionListener, org.springframework.boot.test.mock.mockito.ResetMocksTestExecutionListener, org.springframework.boot.test.autoconfigure.restdocs.RestDocsTestExecutionListener, org.springframework.boot.test.autoconfigure.web.client.MockRestServiceServerResetTestExecutionListener, org.springframework.boot.test.autoconfigure.web.servlet.MockMvcPrintOnlyOnFailureTestExecutionListener, org.springframework.boot.test.autoconfigure.web.servlet.WebDriverTestExecutionListener, org.springframework.test.context.web.ServletTestExecutionListener, org.springframework.test.context.support.DirtiesContextBeforeModesTestExecutionListener, org.springframework.test.context.support.DependencyInjectionTestExecutionListener, org.springframework.test.context.support.DirtiesContextTestExecutionListener, org.springframework.test.context.transaction.TransactionalTestExecutionListener, org.springframework.test.context.jdbc.SqlScriptsTestExecutionListener, org.springframework.security.test.context.support.WithSecurityContextTestExecutionListener, org.springframework.security.test.context.support.ReactorContextTestExecutionListener]
25-04-2019 19:06:48.730 reqId=[]  INFO 8570 --- [           main] .b.t.c.SpringBootTestContextBootstrapper : Using TestExecutionListeners: [org.springframework.test.context.web.ServletTestExecutionListener@2b8a11d7, org.springframework.test.context.support.DirtiesContextBeforeModesTestExecutionListener@1391d95f, org.springframework.boot.test.mock.mockito.MockitoTestExecutionListener@416bff93, org.springframework.boot.test.autoconfigure.SpringBootDependencyInjectionTestExecutionListener@5ef03158, org.springframework.test.context.support.DirtiesContextTestExecutionListener@258f97f8, org.springframework.test.context.transaction.TransactionalTestExecutionListener@38c9e937, org.springframework.test.context.jdbc.SqlScriptsTestExecutionListener@26401eda, org.springframework.security.test.context.support.WithSecurityContextTestExecutionListener@79e591bb, org.springframework.security.test.context.support.ReactorContextTestExecutionListener@208ce928, org.springframework.boot.test.mock.mockito.ResetMocksTestExecutionListener@577b2c5f, org.springframework.boot.test.autoconfigure.restdocs.RestDocsTestExecutionListener@71eb4ea4, org.springframework.boot.test.autoconfigure.web.client.MockRestServiceServerResetTestExecutionListener@2456716b, org.springframework.boot.test.autoconfigure.web.servlet.MockMvcPrintOnlyOnFailureTestExecutionListener@63541960, org.springframework.boot.test.autoconfigure.web.servlet.WebDriverTestExecutionListener@6d43c881]
25-04-2019 19:06:48.731 reqId=[] DEBUG 8570 --- [           main] o.s.test.annotation.ProfileValueUtils    : Retrieved @ProfileValueSourceConfiguration [null] for test class [com.wisilica.wiseconnect.WiseconnectApplicationTests]
25-04-2019 19:06:48.731 reqId=[] DEBUG 8570 --- [           main] o.s.test.annotation.ProfileValueUtils    : Retrieved ProfileValueSource type [class org.springframework.test.annotation.SystemProfileValueSource] for class [com.wisilica.wiseconnect.WiseconnectApplicationTests]
25-04-2019 19:06:48.731 reqId=[] DEBUG 8570 --- [           main] o.s.test.annotation.ProfileValueUtils    : Retrieved @ProfileValueSourceConfiguration [null] for test class [com.wisilica.wiseconnect.WiseconnectApplicationTests]
25-04-2019 19:06:48.731 reqId=[] DEBUG 8570 --- [           main] o.s.test.annotation.ProfileValueUtils    : Retrieved ProfileValueSource type [class org.springframework.test.annotation.SystemProfileValueSource] for class [com.wisilica.wiseconnect.WiseconnectApplicationTests]
25-04-2019 19:06:48.731 reqId=[] DEBUG 8570 --- [           main] o.s.test.annotation.ProfileValueUtils    : Retrieved @ProfileValueSourceConfiguration [null] for test class [com.wisilica.wiseconnect.WiseconnectApplicationTests]
25-04-2019 19:06:48.731 reqId=[] DEBUG 8570 --- [           main] o.s.test.annotation.ProfileValueUtils    : Retrieved ProfileValueSource type [class org.springframework.test.annotation.SystemProfileValueSource] for class [com.wisilica.wiseconnect.WiseconnectApplicationTests]
25-04-2019 19:06:48.731 reqId=[] DEBUG 8570 --- [           main] tractDirtiesContextTestExecutionListener : Before test class: context [DefaultTestContext@467625e3 testClass = WiseconnectApplicationTests, testInstance = [null], testMethod = [null], testException = [null], mergedContextConfiguration = [WebMergedContextConfiguration@513cd96f testClass = WiseconnectApplicationTests, locations = '{}', classes = '{class com.wisilica.wiseconnect.WiseconnectApplication}', contextInitializerClasses = '[]', activeProfiles = '{}', propertySourceLocations = '{}', propertySourceProperties = '{org.springframework.boot.test.context.SpringBootTestContextBootstrapper=true}', contextCustomizers = set[org.springframework.boot.test.context.filter.ExcludeFilterContextCustomizer@124c278f, org.springframework.boot.test.json.DuplicateJsonObjectContextCustomizerFactory$DuplicateJsonObjectContextCustomizer@6ce139a4, org.springframework.boot.test.mock.mockito.MockitoContextCustomizer@0, org.springframework.boot.test.web.client.TestRestTemplateContextCustomizer@6193932a, org.springframework.boot.test.autoconfigure.properties.PropertyMappingContextCustomizer@0, org.springframework.boot.test.autoconfigure.web.servlet.WebDriverContextCustomizerFactory$Customizer@5ccddd20], resourceBasePath = 'src/main/webapp', contextLoader = 'org.springframework.boot.test.context.SpringBootContextLoader', parent = [null]], attributes = map['org.springframework.test.context.web.ServletTestExecutionListener.activateListener' -> true]], class annotated with @DirtiesContext [false] with mode [null].
25-04-2019 19:06:48.732 reqId=[] DEBUG 8570 --- [           main] o.s.test.annotation.ProfileValueUtils    : Retrieved @ProfileValueSourceConfiguration [null] for test class [com.wisilica.wiseconnect.WiseconnectApplicationTests]
25-04-2019 19:06:48.732 reqId=[] DEBUG 8570 --- [           main] o.s.test.annotation.ProfileValueUtils    : Retrieved ProfileValueSource type [class org.springframework.test.annotation.SystemProfileValueSource] for class [com.wisilica.wiseconnect.WiseconnectApplicationTests]
25-04-2019 19:06:48.732 reqId=[] DEBUG 8570 --- [           main] c.DefaultCacheAwareContextLoaderDelegate : Retrieved ApplicationContext from cache with key [[WebMergedContextConfiguration@513cd96f testClass = WiseconnectApplicationTests, locations = '{}', classes = '{class com.wisilica.wiseconnect.WiseconnectApplication}', contextInitializerClasses = '[]', activeProfiles = '{}', propertySourceLocations = '{}', propertySourceProperties = '{org.springframework.boot.test.context.SpringBootTestContextBootstrapper=true}', contextCustomizers = set[org.springframework.boot.test.context.filter.ExcludeFilterContextCustomizer@124c278f, org.springframework.boot.test.json.DuplicateJsonObjectContextCustomizerFactory$DuplicateJsonObjectContextCustomizer@6ce139a4, org.springframework.boot.test.mock.mockito.MockitoContextCustomizer@0, org.springframework.boot.test.web.client.TestRestTemplateContextCustomizer@6193932a, org.springframework.boot.test.autoconfigure.properties.PropertyMappingContextCustomizer@0, org.springframework.boot.test.autoconfigure.web.servlet.WebDriverContextCustomizerFactory$Customizer@5ccddd20], resourceBasePath = 'src/main/webapp', contextLoader = 'org.springframework.boot.test.context.SpringBootContextLoader', parent = [null]]]
25-04-2019 19:06:48.733 reqId=[] DEBUG 8570 --- [           main] org.springframework.test.context.cache   : Spring test ApplicationContext cache statistics: [DefaultContextCache@31d8352e size = 1, maxSize = 32, parentContextCount = 0, hitCount = 7, missCount = 1]
25-04-2019 19:06:48.733 reqId=[] DEBUG 8570 --- [           main] o.s.t.c.w.ServletTestExecutionListener   : Setting up MockHttpServletRequest, MockHttpServletResponse, ServletWebRequest, and RequestContextHolder for test context [DefaultTestContext@467625e3 testClass = WiseconnectApplicationTests, testInstance = com.wisilica.wiseconnect.WiseconnectApplicationTests@12e04531, testMethod = [null], testException = [null], mergedContextConfiguration = [WebMergedContextConfiguration@513cd96f testClass = WiseconnectApplicationTests, locations = '{}', classes = '{class com.wisilica.wiseconnect.WiseconnectApplication}', contextInitializerClasses = '[]', activeProfiles = '{}', propertySourceLocations = '{}', propertySourceProperties = '{org.springframework.boot.test.context.SpringBootTestContextBootstrapper=true}', contextCustomizers = set[org.springframework.boot.test.context.filter.ExcludeFilterContextCustomizer@124c278f, org.springframework.boot.test.json.DuplicateJsonObjectContextCustomizerFactory$DuplicateJsonObjectContextCustomizer@6ce139a4, org.springframework.boot.test.mock.mockito.MockitoContextCustomizer@0, org.springframework.boot.test.web.client.TestRestTemplateContextCustomizer@6193932a, org.springframework.boot.test.autoconfigure.properties.PropertyMappingContextCustomizer@0, org.springframework.boot.test.autoconfigure.web.servlet.WebDriverContextCustomizerFactory$Customizer@5ccddd20], resourceBasePath = 'src/main/webapp', contextLoader = 'org.springframework.boot.test.context.SpringBootContextLoader', parent = [null]], attributes = map['org.springframework.test.context.web.ServletTestExecutionListener.activateListener' -> true]].
25-04-2019 19:06:48.733 reqId=[] DEBUG 8570 --- [           main] DependencyInjectionTestExecutionListener : Performing dependency injection for test context [[DefaultTestContext@467625e3 testClass = WiseconnectApplicationTests, testInstance = com.wisilica.wiseconnect.WiseconnectApplicationTests@12e04531, testMethod = [null], testException = [null], mergedContextConfiguration = [WebMergedContextConfiguration@513cd96f testClass = WiseconnectApplicationTests, locations = '{}', classes = '{class com.wisilica.wiseconnect.WiseconnectApplication}', contextInitializerClasses = '[]', activeProfiles = '{}', propertySourceLocations = '{}', propertySourceProperties = '{org.springframework.boot.test.context.SpringBootTestContextBootstrapper=true}', contextCustomizers = set[org.springframework.boot.test.context.filter.ExcludeFilterContextCustomizer@124c278f, org.springframework.boot.test.json.DuplicateJsonObjectContextCustomizerFactory$DuplicateJsonObjectContextCustomizer@6ce139a4, org.springframework.boot.test.mock.mockito.MockitoContextCustomizer@0, org.springframework.boot.test.web.client.TestRestTemplateContextCustomizer@6193932a, org.springframework.boot.test.autoconfigure.properties.PropertyMappingContextCustomizer@0, org.springframework.boot.test.autoconfigure.web.servlet.WebDriverContextCustomizerFactory$Customizer@5ccddd20], resourceBasePath = 'src/main/webapp', contextLoader = 'org.springframework.boot.test.context.SpringBootContextLoader', parent = [null]], attributes = map['org.springframework.test.context.web.ServletTestExecutionListener.activateListener' -> true, 'org.springframework.test.context.web.ServletTestExecutionListener.populatedRequestContextHolder' -> true, 'org.springframework.test.context.web.ServletTestExecutionListener.resetRequestContextHolder' -> true]]].
25-04-2019 19:06:48.734 reqId=[] DEBUG 8570 --- [           main] c.DefaultCacheAwareContextLoaderDelegate : Retrieved ApplicationContext from cache with key [[WebMergedContextConfiguration@513cd96f testClass = WiseconnectApplicationTests, locations = '{}', classes = '{class com.wisilica.wiseconnect.WiseconnectApplication}', contextInitializerClasses = '[]', activeProfiles = '{}', propertySourceLocations = '{}', propertySourceProperties = '{org.springframework.boot.test.context.SpringBootTestContextBootstrapper=true}', contextCustomizers = set[org.springframework.boot.test.context.filter.ExcludeFilterContextCustomizer@124c278f, org.springframework.boot.test.json.DuplicateJsonObjectContextCustomizerFactory$DuplicateJsonObjectContextCustomizer@6ce139a4, org.springframework.boot.test.mock.mockito.MockitoContextCustomizer@0, org.springframework.boot.test.web.client.TestRestTemplateContextCustomizer@6193932a, org.springframework.boot.test.autoconfigure.properties.PropertyMappingContextCustomizer@0, org.springframework.boot.test.autoconfigure.web.servlet.WebDriverContextCustomizerFactory$Customizer@5ccddd20], resourceBasePath = 'src/main/webapp', contextLoader = 'org.springframework.boot.test.context.SpringBootContextLoader', parent = [null]]]
25-04-2019 19:06:48.734 reqId=[] DEBUG 8570 --- [           main] org.springframework.test.context.cache   : Spring test ApplicationContext cache statistics: [DefaultContextCache@31d8352e size = 1, maxSize = 32, parentContextCount = 0, hitCount = 8, missCount = 1]
25-04-2019 19:06:48.740 reqId=[] DEBUG 8570 --- [           main] tractDirtiesContextTestExecutionListener : Before test method: context [DefaultTestContext@467625e3 testClass = WiseconnectApplicationTests, testInstance = com.wisilica.wiseconnect.WiseconnectApplicationTests@12e04531, testMethod = oauthFlowTesting@WiseconnectApplicationTests, testException = [null], mergedContextConfiguration = [WebMergedContextConfiguration@513cd96f testClass = WiseconnectApplicationTests, locations = '{}', classes = '{class com.wisilica.wiseconnect.WiseconnectApplication}', contextInitializerClasses = '[]', activeProfiles = '{}', propertySourceLocations = '{}', propertySourceProperties = '{org.springframework.boot.test.context.SpringBootTestContextBootstrapper=true}', contextCustomizers = set[org.springframework.boot.test.context.filter.ExcludeFilterContextCustomizer@124c278f, org.springframework.boot.test.json.DuplicateJsonObjectContextCustomizerFactory$DuplicateJsonObjectContextCustomizer@6ce139a4, org.springframework.boot.test.mock.mockito.MockitoContextCustomizer@0, org.springframework.boot.test.web.client.TestRestTemplateContextCustomizer@6193932a, org.springframework.boot.test.autoconfigure.properties.PropertyMappingContextCustomizer@0, org.springframework.boot.test.autoconfigure.web.servlet.WebDriverContextCustomizerFactory$Customizer@5ccddd20], resourceBasePath = 'src/main/webapp', contextLoader = 'org.springframework.boot.test.context.SpringBootContextLoader', parent = [null]], attributes = map['org.springframework.test.context.web.ServletTestExecutionListener.activateListener' -> true, 'org.springframework.test.context.web.ServletTestExecutionListener.populatedRequestContextHolder' -> true, 'org.springframework.test.context.web.ServletTestExecutionListener.resetRequestContextHolder' -> true]], class annotated with @DirtiesContext [false] with mode [null], method annotated with @DirtiesContext [false] with mode [null].
25-04-2019 19:06:48.741 reqId=[] DEBUG 8570 --- [           main] c.DefaultCacheAwareContextLoaderDelegate : Retrieved ApplicationContext from cache with key [[WebMergedContextConfiguration@513cd96f testClass = WiseconnectApplicationTests, locations = '{}', classes = '{class com.wisilica.wiseconnect.WiseconnectApplication}', contextInitializerClasses = '[]', activeProfiles = '{}', propertySourceLocations = '{}', propertySourceProperties = '{org.springframework.boot.test.context.SpringBootTestContextBootstrapper=true}', contextCustomizers = set[org.springframework.boot.test.context.filter.ExcludeFilterContextCustomizer@124c278f, org.springframework.boot.test.json.DuplicateJsonObjectContextCustomizerFactory$DuplicateJsonObjectContextCustomizer@6ce139a4, org.springframework.boot.test.mock.mockito.MockitoContextCustomizer@0, org.springframework.boot.test.web.client.TestRestTemplateContextCustomizer@6193932a, org.springframework.boot.test.autoconfigure.properties.PropertyMappingContextCustomizer@0, org.springframework.boot.test.autoconfigure.web.servlet.WebDriverContextCustomizerFactory$Customizer@5ccddd20], resourceBasePath = 'src/main/webapp', contextLoader = 'org.springframework.boot.test.context.SpringBootContextLoader', parent = [null]]]
25-04-2019 19:06:48.741 reqId=[] DEBUG 8570 --- [           main] org.springframework.test.context.cache   : Spring test ApplicationContext cache statistics: [DefaultContextCache@31d8352e size = 1, maxSize = 32, parentContextCount = 0, hitCount = 9, missCount = 1]
25-04-2019 19:06:48.941 reqId=[] DEBUG 8570 --- [           main] c.DefaultCacheAwareContextLoaderDelegate : Retrieved ApplicationContext from cache with key [[WebMergedContextConfiguration@513cd96f testClass = WiseconnectApplicationTests, locations = '{}', classes = '{class com.wisilica.wiseconnect.WiseconnectApplication}', contextInitializerClasses = '[]', activeProfiles = '{}', propertySourceLocations = '{}', propertySourceProperties = '{org.springframework.boot.test.context.SpringBootTestContextBootstrapper=true}', contextCustomizers = set[org.springframework.boot.test.context.filter.ExcludeFilterContextCustomizer@124c278f, org.springframework.boot.test.json.DuplicateJsonObjectContextCustomizerFactory$DuplicateJsonObjectContextCustomizer@6ce139a4, org.springframework.boot.test.mock.mockito.MockitoContextCustomizer@0, org.springframework.boot.test.web.client.TestRestTemplateContextCustomizer@6193932a, org.springframework.boot.test.autoconfigure.properties.PropertyMappingContextCustomizer@0, org.springframework.boot.test.autoconfigure.web.servlet.WebDriverContextCustomizerFactory$Customizer@5ccddd20], resourceBasePath = 'src/main/webapp', contextLoader = 'org.springframework.boot.test.context.SpringBootContextLoader', parent = [null]]]
25-04-2019 19:06:48.941 reqId=[] DEBUG 8570 --- [           main] org.springframework.test.context.cache   : Spring test ApplicationContext cache statistics: [DefaultContextCache@31d8352e size = 1, maxSize = 32, parentContextCount = 0, hitCount = 10, missCount = 1]
25-04-2019 19:06:48.941 reqId=[] DEBUG 8570 --- [           main] c.DefaultCacheAwareContextLoaderDelegate : Retrieved ApplicationContext from cache with key [[WebMergedContextConfiguration@513cd96f testClass = WiseconnectApplicationTests, locations = '{}', classes = '{class com.wisilica.wiseconnect.WiseconnectApplication}', contextInitializerClasses = '[]', activeProfiles = '{}', propertySourceLocations = '{}', propertySourceProperties = '{org.springframework.boot.test.context.SpringBootTestContextBootstrapper=true}', contextCustomizers = set[org.springframework.boot.test.context.filter.ExcludeFilterContextCustomizer@124c278f, org.springframework.boot.test.json.DuplicateJsonObjectContextCustomizerFactory$DuplicateJsonObjectContextCustomizer@6ce139a4, org.springframework.boot.test.mock.mockito.MockitoContextCustomizer@0, org.springframework.boot.test.web.client.TestRestTemplateContextCustomizer@6193932a, org.springframework.boot.test.autoconfigure.properties.PropertyMappingContextCustomizer@0, org.springframework.boot.test.autoconfigure.web.servlet.WebDriverContextCustomizerFactory$Customizer@5ccddd20], resourceBasePath = 'src/main/webapp', contextLoader = 'org.springframework.boot.test.context.SpringBootContextLoader', parent = [null]]]
25-04-2019 19:06:48.941 reqId=[] DEBUG 8570 --- [           main] org.springframework.test.context.cache   : Spring test ApplicationContext cache statistics: [DefaultContextCache@31d8352e size = 1, maxSize = 32, parentContextCount = 0, hitCount = 11, missCount = 1]
25-04-2019 19:06:48.942 reqId=[] DEBUG 8570 --- [           main] c.DefaultCacheAwareContextLoaderDelegate : Retrieved ApplicationContext from cache with key [[WebMergedContextConfiguration@513cd96f testClass = WiseconnectApplicationTests, locations = '{}', classes = '{class com.wisilica.wiseconnect.WiseconnectApplication}', contextInitializerClasses = '[]', activeProfiles = '{}', propertySourceLocations = '{}', propertySourceProperties = '{org.springframework.boot.test.context.SpringBootTestContextBootstrapper=true}', contextCustomizers = set[org.springframework.boot.test.context.filter.ExcludeFilterContextCustomizer@124c278f, org.springframework.boot.test.json.DuplicateJsonObjectContextCustomizerFactory$DuplicateJsonObjectContextCustomizer@6ce139a4, org.springframework.boot.test.mock.mockito.MockitoContextCustomizer@0, org.springframework.boot.test.web.client.TestRestTemplateContextCustomizer@6193932a, org.springframework.boot.test.autoconfigure.properties.PropertyMappingContextCustomizer@0, org.springframework.boot.test.autoconfigure.web.servlet.WebDriverContextCustomizerFactory$Customizer@5ccddd20], resourceBasePath = 'src/main/webapp', contextLoader = 'org.springframework.boot.test.context.SpringBootContextLoader', parent = [null]]]
25-04-2019 19:06:48.942 reqId=[] DEBUG 8570 --- [           main] org.springframework.test.context.cache   : Spring test ApplicationContext cache statistics: [DefaultContextCache@31d8352e size = 1, maxSize = 32, parentContextCount = 0, hitCount = 12, missCount = 1]
25-04-2019 19:06:48.964 reqId=[] DEBUG 8570 --- [           main] c.DefaultCacheAwareContextLoaderDelegate : Retrieved ApplicationContext from cache with key [[WebMergedContextConfiguration@513cd96f testClass = WiseconnectApplicationTests, locations = '{}', classes = '{class com.wisilica.wiseconnect.WiseconnectApplication}', contextInitializerClasses = '[]', activeProfiles = '{}', propertySourceLocations = '{}', propertySourceProperties = '{org.springframework.boot.test.context.SpringBootTestContextBootstrapper=true}', contextCustomizers = set[org.springframework.boot.test.context.filter.ExcludeFilterContextCustomizer@124c278f, org.springframework.boot.test.json.DuplicateJsonObjectContextCustomizerFactory$DuplicateJsonObjectContextCustomizer@6ce139a4, org.springframework.boot.test.mock.mockito.MockitoContextCustomizer@0, org.springframework.boot.test.web.client.TestRestTemplateContextCustomizer@6193932a, org.springframework.boot.test.autoconfigure.properties.PropertyMappingContextCustomizer@0, org.springframework.boot.test.autoconfigure.web.servlet.WebDriverContextCustomizerFactory$Customizer@5ccddd20], resourceBasePath = 'src/main/webapp', contextLoader = 'org.springframework.boot.test.context.SpringBootContextLoader', parent = [null]]]
25-04-2019 19:06:48.964 reqId=[] DEBUG 8570 --- [           main] org.springframework.test.context.cache   : Spring test ApplicationContext cache statistics: [DefaultContextCache@31d8352e size = 1, maxSize = 32, parentContextCount = 0, hitCount = 13, missCount = 1]
25-04-2019 19:06:48.965 reqId=[] DEBUG 8570 --- [           main] tractDirtiesContextTestExecutionListener : After test method: context [DefaultTestContext@467625e3 testClass = WiseconnectApplicationTests, testInstance = com.wisilica.wiseconnect.WiseconnectApplicationTests@12e04531, testMethod = oauthFlowTesting@WiseconnectApplicationTests, testException = java.net.ConnectException: Connection refused (Connection refused), mergedContextConfiguration = [WebMergedContextConfiguration@513cd96f testClass = WiseconnectApplicationTests, locations = '{}', classes = '{class com.wisilica.wiseconnect.WiseconnectApplication}', contextInitializerClasses = '[]', activeProfiles = '{}', propertySourceLocations = '{}', propertySourceProperties = '{org.springframework.boot.test.context.SpringBootTestContextBootstrapper=true}', contextCustomizers = set[org.springframework.boot.test.context.filter.ExcludeFilterContextCustomizer@124c278f, org.springframework.boot.test.json.DuplicateJsonObjectContextCustomizerFactory$DuplicateJsonObjectContextCustomizer@6ce139a4, org.springframework.boot.test.mock.mockito.MockitoContextCustomizer@0, org.springframework.boot.test.web.client.TestRestTemplateContextCustomizer@6193932a, org.springframework.boot.test.autoconfigure.properties.PropertyMappingContextCustomizer@0, org.springframework.boot.test.autoconfigure.web.servlet.WebDriverContextCustomizerFactory$Customizer@5ccddd20], resourceBasePath = 'src/main/webapp', contextLoader = 'org.springframework.boot.test.context.SpringBootContextLoader', parent = [null]], attributes = map['org.springframework.test.context.web.ServletTestExecutionListener.activateListener' -> true, 'org.springframework.test.context.web.ServletTestExecutionListener.populatedRequestContextHolder' -> true, 'org.springframework.test.context.web.ServletTestExecutionListener.resetRequestContextHolder' -> true]], class annotated with @DirtiesContext [false] with mode [null], method annotated with @DirtiesContext [false] with mode [null].
25-04-2019 19:06:48.965 reqId=[] DEBUG 8570 --- [           main] o.s.t.c.w.ServletTestExecutionListener   : Resetting RequestContextHolder for test context [DefaultTestContext@467625e3 testClass = WiseconnectApplicationTests, testInstance = com.wisilica.wiseconnect.WiseconnectApplicationTests@12e04531, testMethod = oauthFlowTesting@WiseconnectApplicationTests, testException = java.net.ConnectException: Connection refused (Connection refused), mergedContextConfiguration = [WebMergedContextConfiguration@513cd96f testClass = WiseconnectApplicationTests, locations = '{}', classes = '{class com.wisilica.wiseconnect.WiseconnectApplication}', contextInitializerClasses = '[]', activeProfiles = '{}', propertySourceLocations = '{}', propertySourceProperties = '{org.springframework.boot.test.context.SpringBootTestContextBootstrapper=true}', contextCustomizers = set[org.springframework.boot.test.context.filter.ExcludeFilterContextCustomizer@124c278f, org.springframework.boot.test.json.DuplicateJsonObjectContextCustomizerFactory$DuplicateJsonObjectContextCustomizer@6ce139a4, org.springframework.boot.test.mock.mockito.MockitoContextCustomizer@0, org.springframework.boot.test.web.client.TestRestTemplateContextCustomizer@6193932a, org.springframework.boot.test.autoconfigure.properties.PropertyMappingContextCustomizer@0, org.springframework.boot.test.autoconfigure.web.servlet.WebDriverContextCustomizerFactory$Customizer@5ccddd20], resourceBasePath = 'src/main/webapp', contextLoader = 'org.springframework.boot.test.context.SpringBootContextLoader', parent = [null]], attributes = map['org.springframework.test.context.web.ServletTestExecutionListener.activateListener' -> true, 'org.springframework.test.context.web.ServletTestExecutionListener.populatedRequestContextHolder' -> true, 'org.springframework.test.context.web.ServletTestExecutionListener.resetRequestContextHolder' -> true]].
]]></system-out>
  </testcase>
</testsuite>