<?xml version="1.0" encoding="UTF-8"?>
<testsuite xmlns:xsi="http://www.w3.org/2001/XMLSchema-instance" xsi:noNamespaceSchemaLocation="https://maven.apache.org/surefire/maven-surefire-plugin/xsd/surefire-test-report.xsd" name="com.wisilica.wiseconnect.WiseconnectPasswordGrantTypeTest" time="27.672" tests="1" errors="1" skipped="0" failures="0">
  <properties>
    <property name="sun.desktop" value="gnome"/>
    <property name="awt.toolkit" value="sun.awt.X11.XToolkit"/>
    <property name="file.encoding.pkg" value="sun.io"/>
    <property name="java.specification.version" value="1.8"/>
    <property name="sun.cpu.isalist" value=""/>
    <property name="sun.jnu.encoding" value="UTF-8"/>
    <property name="java.class.path" value="/home/wisilica/Downloads/WiseStandard-oauth2_branch-1/wiseconnectSuite/wiseconnect/target/test-classes:/home/wisilica/Downloads/WiseStandard-oauth2_branch-1/wiseconnectSuite/wiseconnect/target/classes:/home/wisilica/Downloads/WiseStandard-oauth2_branch-1/wiseconnectSuite/wiseconnectCore/target/wiseconnectCore-1.0-SNAPSHOT.jar:/home/wisilica/Downloads/WiseStandard-oauth2_branch-1/wiseconnectSuite/wiseconnectDao/target/wiseconnectDao-1.0-SNAPSHOT.jar:/home/wisilica/Downloads/WiseStandard-oauth2_branch-1/wiseconnectSuite/wiseconnectCommons/target/wiseconnectCommons-1.0-SNAPSHOT.jar:/home/wisilica/Downloads/WiseStandard-oauth2_branch-1/wiseconnectSuite/wiseconnectModel/target/wiseconnectModel-1.0-SNAPSHOT.jar:/home/wisilica/.m2/repository/io/rest-assured/rest-assured/3.3.0/rest-assured-3.3.0.jar:/home/wisilica/.m2/repository/org/codehaus/groovy/groovy/2.5.4/groovy-2.5.4.jar:/home/wisilica/.m2/repository/org/codehaus/groovy/groovy-xml/2.5.4/groovy-xml-2.5.4.jar:/home/wisilica/.m2/repository/org/apache/httpcomponents/httpclient/4.5.6/httpclient-4.5.6.jar:/home/wisilica/.m2/repository/org/apache/httpcomponents/httpcore/4.4.10/httpcore-4.4.10.jar:/home/wisilica/.m2/repository/org/apache/httpcomponents/httpmime/4.5.6/httpmime-4.5.6.jar:/home/wisilica/.m2/repository/org/hamcrest/hamcrest-core/1.3/hamcrest-core-1.3.jar:/home/wisilica/.m2/repository/org/hamcrest/hamcrest-library/1.3/hamcrest-library-1.3.jar:/home/wisilica/.m2/repository/org/ccil/cowan/tagsoup/tagsoup/1.2.1/tagsoup-1.2.1.jar:/home/wisilica/.m2/repository/io/rest-assured/json-path/3.1.1/json-path-3.1.1.jar:/home/wisilica/.m2/repository/org/codehaus/groovy/groovy-json/2.5.4/groovy-json-2.5.4.jar:/home/wisilica/.m2/repository/io/rest-assured/rest-assured-common/3.1.1/rest-assured-common-3.1.1.jar:/home/wisilica/.m2/repository/io/rest-assured/xml-path/3.1.1/xml-path-3.1.1.jar:/home/wisilica/.m2/repository/org/apache/commons/commons-lang3/3.8.1/commons-lang3-3.8.1.jar:/home/wisilica/.m2/repository/org/springframework/spring-tx/5.1.4.RELEASE/spring-tx-5.1.4.RELEASE.jar:/home/wisilica/.m2/repository/org/springframework/spring-beans/5.1.3.RELEASE/spring-beans-5.1.3.RELEASE.jar:/home/wisilica/.m2/repository/org/springframework/spring-core/5.1.3.RELEASE/spring-core-5.1.3.RELEASE.jar:/home/wisilica/.m2/repository/org/springframework/spring-jcl/5.1.3.RELEASE/spring-jcl-5.1.3.RELEASE.jar:/home/wisilica/.m2/repository/org/springframework/boot/spring-boot-starter-security/2.1.1.RELEASE/spring-boot-starter-security-2.1.1.RELEASE.jar:/home/wisilica/.m2/repository/org/springframework/boot/spring-boot-starter/2.1.1.RELEASE/spring-boot-starter-2.1.1.RELEASE.jar:/home/wisilica/.m2/repository/org/springframework/boot/spring-boot-starter-logging/2.1.1.RELEASE/spring-boot-starter-logging-2.1.1.RELEASE.jar:/home/wisilica/.m2/repository/ch/qos/logback/logback-classic/1.2.3/logback-classic-1.2.3.jar:/home/wisilica/.m2/repository/ch/qos/logback/logback-core/1.2.3/logback-core-1.2.3.jar:/home/wisilica/.m2/repository/org/apache/logging/log4j/log4j-to-slf4j/2.11.1/log4j-to-slf4j-2.11.1.jar:/home/wisilica/.m2/repository/org/apache/logging/log4j/log4j-api/2.11.1/log4j-api-2.11.1.jar:/home/wisilica/.m2/repository/org/slf4j/jul-to-slf4j/1.7.25/jul-to-slf4j-1.7.25.jar:/home/wisilica/.m2/repository/javax/annotation/javax.annotation-api/1.3.2/javax.annotation-api-1.3.2.jar:/home/wisilica/.m2/repository/org/yaml/snakeyaml/1.23/snakeyaml-1.23.jar:/home/wisilica/.m2/repository/org/springframework/spring-aop/5.1.3.RELEASE/spring-aop-5.1.3.RELEASE.jar:/home/wisilica/.m2/repository/org/springframework/security/spring-security-config/5.1.2.RELEASE/spring-security-config-5.1.2.RELEASE.jar:/home/wisilica/.m2/repository/org/springframework/security/spring-security-web/5.1.2.RELEASE/spring-security-web-5.1.2.RELEASE.jar:/home/wisilica/.m2/repository/org/springframework/boot/spring-boot-starter-web/2.1.1.RELEASE/spring-boot-starter-web-2.1.1.RELEASE.jar:/home/wisilica/.m2/repository/org/springframework/boot/spring-boot-starter-json/2.1.1.RELEASE/spring-boot-starter-json-2.1.1.RELEASE.jar:/home/wisilica/.m2/repository/com/fasterxml/jackson/datatype/jackson-datatype-jdk8/2.9.7/jackson-datatype-jdk8-2.9.7.jar:/home/wisilica/.m2/repository/com/fasterxml/jackson/datatype/jackson-datatype-jsr310/2.9.7/jackson-datatype-jsr310-2.9.7.jar:/home/wisilica/.m2/repository/com/fasterxml/jackson/module/jackson-module-parameter-names/2.9.7/jackson-module-parameter-names-2.9.7.jar:/home/wisilica/.m2/repository/org/springframework/boot/spring-boot-starter-tomcat/2.1.1.RELEASE/spring-boot-starter-tomcat-2.1.1.RELEASE.jar:/home/wisilica/.m2/repository/org/apache/tomcat/embed/tomcat-embed-core/9.0.13/tomcat-embed-core-9.0.13.jar:/home/wisilica/.m2/repository/org/apache/tomcat/embed/tomcat-embed-el/9.0.13/tomcat-embed-el-9.0.13.jar:/home/wisilica/.m2/repository/org/apache/tomcat/embed/tomcat-embed-websocket/9.0.13/tomcat-embed-websocket-9.0.13.jar:/home/wisilica/.m2/repository/org/hibernate/validator/hibernate-validator/6.0.13.Final/hibernate-validator-6.0.13.Final.jar:/home/wisilica/.m2/repository/javax/validation/validation-api/2.0.1.Final/validation-api-2.0.1.Final.jar:/home/wisilica/.m2/repository/org/jboss/logging/jboss-logging/3.3.2.Final/jboss-logging-3.3.2.Final.jar:/home/wisilica/.m2/repository/com/fasterxml/classmate/1.4.0/classmate-1.4.0.jar:/home/wisilica/.m2/repository/org/springframework/spring-web/5.1.3.RELEASE/spring-web-5.1.3.RELEASE.jar:/home/wisilica/.m2/repository/org/springframework/spring-webmvc/5.1.3.RELEASE/spring-webmvc-5.1.3.RELEASE.jar:/home/wisilica/.m2/repository/org/springframework/boot/spring-boot-starter-data-jpa/2.1.1.RELEASE/spring-boot-starter-data-jpa-2.1.1.RELEASE.jar:/home/wisilica/.m2/repository/org/springframework/boot/spring-boot-starter-aop/2.1.1.RELEASE/spring-boot-starter-aop-2.1.1.RELEASE.jar:/home/wisilica/.m2/repository/org/aspectj/aspectjweaver/1.9.2/aspectjweaver-1.9.2.jar:/home/wisilica/.m2/repository/org/springframework/boot/spring-boot-starter-jdbc/2.1.1.RELEASE/spring-boot-starter-jdbc-2.1.1.RELEASE.jar:/home/wisilica/.m2/repository/com/zaxxer/HikariCP/3.2.0/HikariCP-3.2.0.jar:/home/wisilica/.m2/repository/javax/transaction/javax.transaction-api/1.3/javax.transaction-api-1.3.jar:/home/wisilica/.m2/repository/javax/xml/bind/jaxb-api/2.3.1/jaxb-api-2.3.1.jar:/home/wisilica/.m2/repository/javax/activation/javax.activation-api/1.2.0/javax.activation-api-1.2.0.jar:/home/wisilica/.m2/repository/org/hibernate/hibernate-core/5.3.7.Final/hibernate-core-5.3.7.Final.jar:/home/wisilica/.m2/repository/javax/persistence/javax.persistence-api/2.2/javax.persistence-api-2.2.jar:/home/wisilica/.m2/repository/org/javassist/javassist/3.23.1-GA/javassist-3.23.1-GA.jar:/home/wisilica/.m2/repository/net/bytebuddy/byte-buddy/1.9.5/byte-buddy-1.9.5.jar:/home/wisilica/.m2/repository/antlr/antlr/2.7.7/antlr-2.7.7.jar:/home/wisilica/.m2/repository/org/jboss/jandex/2.0.5.Final/jandex-2.0.5.Final.jar:/home/wisilica/.m2/repository/org/dom4j/dom4j/2.1.1/dom4j-2.1.1.jar:/home/wisilica/.m2/repository/org/hibernate/common/hibernate-commons-annotations/5.0.4.Final/hibernate-commons-annotations-5.0.4.Final.jar:/home/wisilica/.m2/repository/org/springframework/data/spring-data-jpa/2.1.3.RELEASE/spring-data-jpa-2.1.3.RELEASE.jar:/home/wisilica/.m2/repository/org/springframework/data/spring-data-commons/2.1.3.RELEASE/spring-data-commons-2.1.3.RELEASE.jar:/home/wisilica/.m2/repository/org/springframework/spring-orm/5.1.3.RELEASE/spring-orm-5.1.3.RELEASE.jar:/home/wisilica/.m2/repository/org/springframework/spring-aspects/5.1.3.RELEASE/spring-aspects-5.1.3.RELEASE.jar:/home/wisilica/.m2/repository/org/springframework/boot/spring-boot-starter-actuator/2.1.1.RELEASE/spring-boot-starter-actuator-2.1.1.RELEASE.jar:/home/wisilica/.m2/repository/org/springframework/boot/spring-boot-actuator-autoconfigure/2.1.1.RELEASE/spring-boot-actuator-autoconfigure-2.1.1.RELEASE.jar:/home/wisilica/.m2/repository/org/springframework/boot/spring-boot-actuator/2.1.1.RELEASE/spring-boot-actuator-2.1.1.RELEASE.jar:/home/wisilica/.m2/repository/io/micrometer/micrometer-core/1.1.1/micrometer-core-1.1.1.jar:/home/wisilica/.m2/repository/org/hdrhistogram/HdrHistogram/2.1.9/HdrHistogram-2.1.9.jar:/home/wisilica/.m2/repository/org/latencyutils/LatencyUtils/2.0.3/LatencyUtils-2.0.3.jar:/home/wisilica/.m2/repository/org/apache/ignite/ignite-core/2.7.0/ignite-core-2.7.0.jar:/home/wisilica/.m2/repository/javax/cache/cache-api/1.1.0/cache-api-1.1.0.jar:/home/wisilica/.m2/repository/org/jetbrains/annotations/13.0/annotations-13.0.jar:/home/wisilica/.m2/repository/org/gridgain/ignite-shmem/1.0.0/ignite-shmem-1.0.0.jar:/home/wisilica/.m2/repository/org/apache/ignite/ignite-spring/2.7.0/ignite-spring-2.7.0.jar:/home/wisilica/.m2/repository/org/springframework/spring-context/5.1.3.RELEASE/spring-context-5.1.3.RELEASE.jar:/home/wisilica/.m2/repository/org/springframework/spring-expression/5.1.3.RELEASE/spring-expression-5.1.3.RELEASE.jar:/home/wisilica/.m2/repository/org/springframework/spring-jdbc/5.1.3.RELEASE/spring-jdbc-5.1.3.RELEASE.jar:/home/wisilica/.m2/repository/commons-logging/commons-logging/1.1.1/commons-logging-1.1.1.jar:/home/wisilica/.m2/repository/org/apache/ignite/ignite-indexing/2.7.0/ignite-indexing-2.7.0.jar:/home/wisilica/.m2/repository/org/apache/lucene/lucene-core/7.4.0/lucene-core-7.4.0.jar:/home/wisilica/.m2/repository/org/apache/lucene/lucene-analyzers-common/7.4.0/lucene-analyzers-common-7.4.0.jar:/home/wisilica/.m2/repository/org/apache/lucene/lucene-queryparser/7.4.0/lucene-queryparser-7.4.0.jar:/home/wisilica/.m2/repository/org/apache/lucene/lucene-queries/7.4.0/lucene-queries-7.4.0.jar:/home/wisilica/.m2/repository/org/apache/lucene/lucene-sandbox/7.4.0/lucene-sandbox-7.4.0.jar:/home/wisilica/.m2/repository/com/h2database/h2/1.4.197/h2-1.4.197.jar:/home/wisilica/.m2/repository/org/springframework/boot/spring-boot-starter-test/2.1.1.RELEASE/spring-boot-starter-test-2.1.1.RELEASE.jar:/home/wisilica/.m2/repository/org/springframework/boot/spring-boot-test/2.1.1.RELEASE/spring-boot-test-2.1.1.RELEASE.jar:/home/wisilica/.m2/repository/org/springframework/boot/spring-boot-test-autoconfigure/2.1.1.RELEASE/spring-boot-test-autoconfigure-2.1.1.RELEASE.jar:/home/wisilica/.m2/repository/com/jayway/jsonpath/json-path/2.4.0/json-path-2.4.0.jar:/home/wisilica/.m2/repository/net/minidev/json-smart/2.3/json-smart-2.3.jar:/home/wisilica/.m2/repository/net/minidev/accessors-smart/1.2/accessors-smart-1.2.jar:/home/wisilica/.m2/repository/org/ow2/asm/asm/5.0.4/asm-5.0.4.jar:/home/wisilica/.m2/repository/junit/junit/4.12/junit-4.12.jar:/home/wisilica/.m2/repository/org/assertj/assertj-core/3.11.1/assertj-core-3.11.1.jar:/home/wisilica/.m2/repository/org/mockito/mockito-core/2.23.4/mockito-core-2.23.4.jar:/home/wisilica/.m2/repository/net/bytebuddy/byte-buddy-agent/1.9.5/byte-buddy-agent-1.9.5.jar:/home/wisilica/.m2/repository/org/objenesis/objenesis/2.6/objenesis-2.6.jar:/home/wisilica/.m2/repository/org/skyscreamer/jsonassert/1.5.0/jsonassert-1.5.0.jar:/home/wisilica/.m2/repository/com/vaadin/external/google/android-json/0.0.20131108.vaadin1/android-json-0.0.20131108.vaadin1.jar:/home/wisilica/.m2/repository/org/springframework/spring-test/5.1.3.RELEASE/spring-test-5.1.3.RELEASE.jar:/home/wisilica/.m2/repository/org/xmlunit/xmlunit-core/2.6.2/xmlunit-core-2.6.2.jar:/home/wisilica/.m2/repository/org/springframework/security/oauth/spring-security-oauth2/2.3.4.RELEASE/spring-security-oauth2-2.3.4.RELEASE.jar:/home/wisilica/.m2/repository/org/springframework/security/spring-security-core/5.1.2.RELEASE/spring-security-core-5.1.2.RELEASE.jar:/home/wisilica/.m2/repository/org/codehaus/jackson/jackson-mapper-asl/1.9.13/jackson-mapper-asl-1.9.13.jar:/home/wisilica/.m2/repository/org/codehaus/jackson/jackson-core-asl/1.9.13/jackson-core-asl-1.9.13.jar:/home/wisilica/.m2/repository/org/springframework/security/spring-security-oauth2-client/5.1.2.RELEASE/spring-security-oauth2-client-5.1.2.RELEASE.jar:/home/wisilica/.m2/repository/com/nimbusds/oauth2-oidc-sdk/6.0/oauth2-oidc-sdk-6.0.jar:/home/wisilica/.m2/repository/com/sun/mail/javax.mail/1.6.2/javax.mail-1.6.2.jar:/home/wisilica/.m2/repository/javax/activation/activation/1.1/activation-1.1.jar:/home/wisilica/.m2/repository/com/github/stephenc/jcip/jcip-annotations/1.0-1/jcip-annotations-1.0-1.jar:/home/wisilica/.m2/repository/com/nimbusds/lang-tag/1.4.4/lang-tag-1.4.4.jar:/home/wisilica/.m2/repository/org/springframework/security/spring-security-oauth2-core/5.1.2.RELEASE/spring-security-oauth2-core-5.1.2.RELEASE.jar:/home/wisilica/.m2/repository/org/springframework/boot/spring-boot-starter-thymeleaf/2.1.1.RELEASE/spring-boot-starter-thymeleaf-2.1.1.RELEASE.jar:/home/wisilica/.m2/repository/org/thymeleaf/thymeleaf-spring5/3.0.11.RELEASE/thymeleaf-spring5-3.0.11.RELEASE.jar:/home/wisilica/.m2/repository/org/thymeleaf/thymeleaf/3.0.11.RELEASE/thymeleaf-3.0.11.RELEASE.jar:/home/wisilica/.m2/repository/org/attoparser/attoparser/2.0.5.RELEASE/attoparser-2.0.5.RELEASE.jar:/home/wisilica/.m2/repository/org/unbescape/unbescape/1.1.6.RELEASE/unbescape-1.1.6.RELEASE.jar:/home/wisilica/.m2/repository/org/thymeleaf/extras/thymeleaf-extras-java8time/3.0.2.RELEASE/thymeleaf-extras-java8time-3.0.2.RELEASE.jar:/home/wisilica/.m2/repository/org/springframework/security/spring-security-oauth2-jose/5.1.2.RELEASE/spring-security-oauth2-jose-5.1.2.RELEASE.jar:/home/wisilica/.m2/repository/com/nimbusds/nimbus-jose-jwt/6.0.2/nimbus-jose-jwt-6.0.2.jar:/home/wisilica/.m2/repository/org/springframework/security/oauth/boot/spring-security-oauth2-autoconfigure/2.0.1.RELEASE/spring-security-oauth2-autoconfigure-2.0.1.RELEASE.jar:/home/wisilica/.m2/repository/com/fasterxml/jackson/core/jackson-annotations/2.9.0/jackson-annotations-2.9.0.jar:/home/wisilica/.m2/repository/com/fasterxml/jackson/core/jackson-databind/2.9.7/jackson-databind-2.9.7.jar:/home/wisilica/.m2/repository/com/fasterxml/jackson/core/jackson-core/2.9.7/jackson-core-2.9.7.jar:/home/wisilica/.m2/repository/org/springframework/boot/spring-boot/2.1.1.RELEASE/spring-boot-2.1.1.RELEASE.jar:/home/wisilica/.m2/repository/org/springframework/boot/spring-boot-autoconfigure/2.1.1.RELEASE/spring-boot-autoconfigure-2.1.1.RELEASE.jar:/home/wisilica/.m2/repository/org/springframework/security/spring-security-jwt/1.0.9.RELEASE/spring-security-jwt-1.0.9.RELEASE.jar:/home/wisilica/.m2/repository/org/bouncycastle/bcpkix-jdk15on/1.56/bcpkix-jdk15on-1.56.jar:/home/wisilica/.m2/repository/org/bouncycastle/bcprov-jdk15on/1.56/bcprov-jdk15on-1.56.jar:/home/wisilica/.m2/repository/org/springframework/security/spring-security-test/5.1.2.RELEASE/spring-security-test-5.1.2.RELEASE.jar:/home/wisilica/.m2/repository/org/springframework/data/spring-data-redis/2.1.3.RELEASE/spring-data-redis-2.1.3.RELEASE.jar:/home/wisilica/.m2/repository/org/springframework/data/spring-data-keyvalue/2.1.3.RELEASE/spring-data-keyvalue-2.1.3.RELEASE.jar:/home/wisilica/.m2/repository/org/springframework/spring-oxm/5.1.3.RELEASE/spring-oxm-5.1.3.RELEASE.jar:/home/wisilica/.m2/repository/org/springframework/spring-context-support/5.1.3.RELEASE/spring-context-support-5.1.3.RELEASE.jar:/home/wisilica/.m2/repository/org/slf4j/slf4j-api/1.7.25/slf4j-api-1.7.25.jar:/home/wisilica/.m2/repository/redis/clients/jedis/2.9.0/jedis-2.9.0.jar:/home/wisilica/.m2/repository/org/apache/commons/commons-pool2/2.6.0/commons-pool2-2.6.0.jar:/home/wisilica/.m2/repository/mysql/mysql-connector-java/8.0.13/mysql-connector-java-8.0.13.jar:/home/wisilica/.m2/repository/commons-codec/commons-codec/1.11/commons-codec-1.11.jar:/home/wisilica/.m2/repository/commons-beanutils/commons-beanutils/1.9.3/commons-beanutils-1.9.3.jar:/home/wisilica/.m2/repository/commons-collections/commons-collections/3.2.2/commons-collections-3.2.2.jar:"/>
    <property name="java.vm.vendor" value="Oracle Corporation"/>
    <property name="sun.arch.data.model" value="64"/>
    <property name="java.vendor.url" value="http://java.oracle.com/"/>
    <property name="user.timezone" value=""/>
    <property name="java.vm.specification.version" value="1.8"/>
    <property name="os.name" value="Linux"/>
    <property name="user.country" value="IN"/>
    <property name="sun.java.launcher" value="SUN_STANDARD"/>
    <property name="sun.boot.library.path" value="/usr/lib/jvm/java-8-oracle/jre/lib/amd64"/>
    <property name="sun.java.command" value="/home/wisilica/Downloads/WiseStandard-oauth2_branch-1/wiseconnectSuite/wiseconnect/target/surefire/surefirebooter5074005096695107020.jar /home/wisilica/Downloads/WiseStandard-oauth2_branch-1/wiseconnectSuite/wiseconnect/target/surefire 2019-04-25T19-06-11_904-jvmRun1 surefire3787781781314295202tmp surefire_47050965329842994181tmp"/>
    <property name="surefire.test.class.path" value="/home/wisilica/Downloads/WiseStandard-oauth2_branch-1/wiseconnectSuite/wiseconnect/target/test-classes:/home/wisilica/Downloads/WiseStandard-oauth2_branch-1/wiseconnectSuite/wiseconnect/target/classes:/home/wisilica/Downloads/WiseStandard-oauth2_branch-1/wiseconnectSuite/wiseconnectCore/target/wiseconnectCore-1.0-SNAPSHOT.jar:/home/wisilica/Downloads/WiseStandard-oauth2_branch-1/wiseconnectSuite/wiseconnectDao/target/wiseconnectDao-1.0-SNAPSHOT.jar:/home/wisilica/Downloads/WiseStandard-oauth2_branch-1/wiseconnectSuite/wiseconnectCommons/target/wiseconnectCommons-1.0-SNAPSHOT.jar:/home/wisilica/Downloads/WiseStandard-oauth2_branch-1/wiseconnectSuite/wiseconnectModel/target/wiseconnectModel-1.0-SNAPSHOT.jar:/home/wisilica/.m2/repository/io/rest-assured/rest-assured/3.3.0/rest-assured-3.3.0.jar:/home/wisilica/.m2/repository/org/codehaus/groovy/groovy/2.5.4/groovy-2.5.4.jar:/home/wisilica/.m2/repository/org/codehaus/groovy/groovy-xml/2.5.4/groovy-xml-2.5.4.jar:/home/wisilica/.m2/repository/org/apache/httpcomponents/httpclient/4.5.6/httpclient-4.5.6.jar:/home/wisilica/.m2/repository/org/apache/httpcomponents/httpcore/4.4.10/httpcore-4.4.10.jar:/home/wisilica/.m2/repository/org/apache/httpcomponents/httpmime/4.5.6/httpmime-4.5.6.jar:/home/wisilica/.m2/repository/org/hamcrest/hamcrest-core/1.3/hamcrest-core-1.3.jar:/home/wisilica/.m2/repository/org/hamcrest/hamcrest-library/1.3/hamcrest-library-1.3.jar:/home/wisilica/.m2/repository/org/ccil/cowan/tagsoup/tagsoup/1.2.1/tagsoup-1.2.1.jar:/home/wisilica/.m2/repository/io/rest-assured/json-path/3.1.1/json-path-3.1.1.jar:/home/wisilica/.m2/repository/org/codehaus/groovy/groovy-json/2.5.4/groovy-json-2.5.4.jar:/home/wisilica/.m2/repository/io/rest-assured/rest-assured-common/3.1.1/rest-assured-common-3.1.1.jar:/home/wisilica/.m2/repository/io/rest-assured/xml-path/3.1.1/xml-path-3.1.1.jar:/home/wisilica/.m2/repository/org/apache/commons/commons-lang3/3.8.1/commons-lang3-3.8.1.jar:/home/wisilica/.m2/repository/org/springframework/spring-tx/5.1.4.RELEASE/spring-tx-5.1.4.RELEASE.jar:/home/wisilica/.m2/repository/org/springframework/spring-beans/5.1.3.RELEASE/spring-beans-5.1.3.RELEASE.jar:/home/wisilica/.m2/repository/org/springframework/spring-core/5.1.3.RELEASE/spring-core-5.1.3.RELEASE.jar:/home/wisilica/.m2/repository/org/springframework/spring-jcl/5.1.3.RELEASE/spring-jcl-5.1.3.RELEASE.jar:/home/wisilica/.m2/repository/org/springframework/boot/spring-boot-starter-security/2.1.1.RELEASE/spring-boot-starter-security-2.1.1.RELEASE.jar:/home/wisilica/.m2/repository/org/springframework/boot/spring-boot-starter/2.1.1.RELEASE/spring-boot-starter-2.1.1.RELEASE.jar:/home/wisilica/.m2/repository/org/springframework/boot/spring-boot-starter-logging/2.1.1.RELEASE/spring-boot-starter-logging-2.1.1.RELEASE.jar:/home/wisilica/.m2/repository/ch/qos/logback/logback-classic/1.2.3/logback-classic-1.2.3.jar:/home/wisilica/.m2/repository/ch/qos/logback/logback-core/1.2.3/logback-core-1.2.3.jar:/home/wisilica/.m2/repository/org/apache/logging/log4j/log4j-to-slf4j/2.11.1/log4j-to-slf4j-2.11.1.jar:/home/wisilica/.m2/repository/org/apache/logging/log4j/log4j-api/2.11.1/log4j-api-2.11.1.jar:/home/wisilica/.m2/repository/org/slf4j/jul-to-slf4j/1.7.25/jul-to-slf4j-1.7.25.jar:/home/wisilica/.m2/repository/javax/annotation/javax.annotation-api/1.3.2/javax.annotation-api-1.3.2.jar:/home/wisilica/.m2/repository/org/yaml/snakeyaml/1.23/snakeyaml-1.23.jar:/home/wisilica/.m2/repository/org/springframework/spring-aop/5.1.3.RELEASE/spring-aop-5.1.3.RELEASE.jar:/home/wisilica/.m2/repository/org/springframework/security/spring-security-config/5.1.2.RELEASE/spring-security-config-5.1.2.RELEASE.jar:/home/wisilica/.m2/repository/org/springframework/security/spring-security-web/5.1.2.RELEASE/spring-security-web-5.1.2.RELEASE.jar:/home/wisilica/.m2/repository/org/springframework/boot/spring-boot-starter-web/2.1.1.RELEASE/spring-boot-starter-web-2.1.1.RELEASE.jar:/home/wisilica/.m2/repository/org/springframework/boot/spring-boot-starter-json/2.1.1.RELEASE/spring-boot-starter-json-2.1.1.RELEASE.jar:/home/wisilica/.m2/repository/com/fasterxml/jackson/datatype/jackson-datatype-jdk8/2.9.7/jackson-datatype-jdk8-2.9.7.jar:/home/wisilica/.m2/repository/com/fasterxml/jackson/datatype/jackson-datatype-jsr310/2.9.7/jackson-datatype-jsr310-2.9.7.jar:/home/wisilica/.m2/repository/com/fasterxml/jackson/module/jackson-module-parameter-names/2.9.7/jackson-module-parameter-names-2.9.7.jar:/home/wisilica/.m2/repository/org/springframework/boot/spring-boot-starter-tomcat/2.1.1.RELEASE/spring-boot-starter-tomcat-2.1.1.RELEASE.jar:/home/wisilica/.m2/repository/org/apache/tomcat/embed/tomcat-embed-core/9.0.13/tomcat-embed-core-9.0.13.jar:/home/wisilica/.m2/repository/org/apache/tomcat/embed/tomcat-embed-el/9.0.13/tomcat-embed-el-9.0.13.jar:/home/wisilica/.m2/repository/org/apache/tomcat/embed/tomcat-embed-websocket/9.0.13/tomcat-embed-websocket-9.0.13.jar:/home/wisilica/.m2/repository/org/hibernate/validator/hibernate-validator/6.0.13.Final/hibernate-validator-6.0.13.Final.jar:/home/wisilica/.m2/repository/javax/validation/validation-api/2.0.1.Final/validation-api-2.0.1.Final.jar:/home/wisilica/.m2/repository/org/jboss/logging/jboss-logging/3.3.2.Final/jboss-logging-3.3.2.Final.jar:/home/wisilica/.m2/repository/com/fasterxml/classmate/1.4.0/classmate-1.4.0.jar:/home/wisilica/.m2/repository/org/springframework/spring-web/5.1.3.RELEASE/spring-web-5.1.3.RELEASE.jar:/home/wisilica/.m2/repository/org/springframework/spring-webmvc/5.1.3.RELEASE/spring-webmvc-5.1.3.RELEASE.jar:/home/wisilica/.m2/repository/org/springframework/boot/spring-boot-starter-data-jpa/2.1.1.RELEASE/spring-boot-starter-data-jpa-2.1.1.RELEASE.jar:/home/wisilica/.m2/repository/org/springframework/boot/spring-boot-starter-aop/2.1.1.RELEASE/spring-boot-starter-aop-2.1.1.RELEASE.jar:/home/wisilica/.m2/repository/org/aspectj/aspectjweaver/1.9.2/aspectjweaver-1.9.2.jar:/home/wisilica/.m2/repository/org/springframework/boot/spring-boot-starter-jdbc/2.1.1.RELEASE/spring-boot-starter-jdbc-2.1.1.RELEASE.jar:/home/wisilica/.m2/repository/com/zaxxer/HikariCP/3.2.0/HikariCP-3.2.0.jar:/home/wisilica/.m2/repository/javax/transaction/javax.transaction-api/1.3/javax.transaction-api-1.3.jar:/home/wisilica/.m2/repository/javax/xml/bind/jaxb-api/2.3.1/jaxb-api-2.3.1.jar:/home/wisilica/.m2/repository/javax/activation/javax.activation-api/1.2.0/javax.activation-api-1.2.0.jar:/home/wisilica/.m2/repository/org/hibernate/hibernate-core/5.3.7.Final/hibernate-core-5.3.7.Final.jar:/home/wisilica/.m2/repository/javax/persistence/javax.persistence-api/2.2/javax.persistence-api-2.2.jar:/home/wisilica/.m2/repository/org/javassist/javassist/3.23.1-GA/javassist-3.23.1-GA.jar:/home/wisilica/.m2/repository/net/bytebuddy/byte-buddy/1.9.5/byte-buddy-1.9.5.jar:/home/wisilica/.m2/repository/antlr/antlr/2.7.7/antlr-2.7.7.jar:/home/wisilica/.m2/repository/org/jboss/jandex/2.0.5.Final/jandex-2.0.5.Final.jar:/home/wisilica/.m2/repository/org/dom4j/dom4j/2.1.1/dom4j-2.1.1.jar:/home/wisilica/.m2/repository/org/hibernate/common/hibernate-commons-annotations/5.0.4.Final/hibernate-commons-annotations-5.0.4.Final.jar:/home/wisilica/.m2/repository/org/springframework/data/spring-data-jpa/2.1.3.RELEASE/spring-data-jpa-2.1.3.RELEASE.jar:/home/wisilica/.m2/repository/org/springframework/data/spring-data-commons/2.1.3.RELEASE/spring-data-commons-2.1.3.RELEASE.jar:/home/wisilica/.m2/repository/org/springframework/spring-orm/5.1.3.RELEASE/spring-orm-5.1.3.RELEASE.jar:/home/wisilica/.m2/repository/org/springframework/spring-aspects/5.1.3.RELEASE/spring-aspects-5.1.3.RELEASE.jar:/home/wisilica/.m2/repository/org/springframework/boot/spring-boot-starter-actuator/2.1.1.RELEASE/spring-boot-starter-actuator-2.1.1.RELEASE.jar:/home/wisilica/.m2/repository/org/springframework/boot/spring-boot-actuator-autoconfigure/2.1.1.RELEASE/spring-boot-actuator-autoconfigure-2.1.1.RELEASE.jar:/home/wisilica/.m2/repository/org/springframework/boot/spring-boot-actuator/2.1.1.RELEASE/spring-boot-actuator-2.1.1.RELEASE.jar:/home/wisilica/.m2/repository/io/micrometer/micrometer-core/1.1.1/micrometer-core-1.1.1.jar:/home/wisilica/.m2/repository/org/hdrhistogram/HdrHistogram/2.1.9/HdrHistogram-2.1.9.jar:/home/wisilica/.m2/repository/org/latencyutils/LatencyUtils/2.0.3/LatencyUtils-2.0.3.jar:/home/wisilica/.m2/repository/org/apache/ignite/ignite-core/2.7.0/ignite-core-2.7.0.jar:/home/wisilica/.m2/repository/javax/cache/cache-api/1.1.0/cache-api-1.1.0.jar:/home/wisilica/.m2/repository/org/jetbrains/annotations/13.0/annotations-13.0.jar:/home/wisilica/.m2/repository/org/gridgain/ignite-shmem/1.0.0/ignite-shmem-1.0.0.jar:/home/wisilica/.m2/repository/org/apache/ignite/ignite-spring/2.7.0/ignite-spring-2.7.0.jar:/home/wisilica/.m2/repository/org/springframework/spring-context/5.1.3.RELEASE/spring-context-5.1.3.RELEASE.jar:/home/wisilica/.m2/repository/org/springframework/spring-expression/5.1.3.RELEASE/spring-expression-5.1.3.RELEASE.jar:/home/wisilica/.m2/repository/org/springframework/spring-jdbc/5.1.3.RELEASE/spring-jdbc-5.1.3.RELEASE.jar:/home/wisilica/.m2/repository/commons-logging/commons-logging/1.1.1/commons-logging-1.1.1.jar:/home/wisilica/.m2/repository/org/apache/ignite/ignite-indexing/2.7.0/ignite-indexing-2.7.0.jar:/home/wisilica/.m2/repository/org/apache/lucene/lucene-core/7.4.0/lucene-core-7.4.0.jar:/home/wisilica/.m2/repository/org/apache/lucene/lucene-analyzers-common/7.4.0/lucene-analyzers-common-7.4.0.jar:/home/wisilica/.m2/repository/org/apache/lucene/lucene-queryparser/7.4.0/lucene-queryparser-7.4.0.jar:/home/wisilica/.m2/repository/org/apache/lucene/lucene-queries/7.4.0/lucene-queries-7.4.0.jar:/home/wisilica/.m2/repository/org/apache/lucene/lucene-sandbox/7.4.0/lucene-sandbox-7.4.0.jar:/home/wisilica/.m2/repository/com/h2database/h2/1.4.197/h2-1.4.197.jar:/home/wisilica/.m2/repository/org/springframework/boot/spring-boot-starter-test/2.1.1.RELEASE/spring-boot-starter-test-2.1.1.RELEASE.jar:/home/wisilica/.m2/repository/org/springframework/boot/spring-boot-test/2.1.1.RELEASE/spring-boot-test-2.1.1.RELEASE.jar:/home/wisilica/.m2/repository/org/springframework/boot/spring-boot-test-autoconfigure/2.1.1.RELEASE/spring-boot-test-autoconfigure-2.1.1.RELEASE.jar:/home/wisilica/.m2/repository/com/jayway/jsonpath/json-path/2.4.0/json-path-2.4.0.jar:/home/wisilica/.m2/repository/net/minidev/json-smart/2.3/json-smart-2.3.jar:/home/wisilica/.m2/repository/net/minidev/accessors-smart/1.2/accessors-smart-1.2.jar:/home/wisilica/.m2/repository/org/ow2/asm/asm/5.0.4/asm-5.0.4.jar:/home/wisilica/.m2/repository/junit/junit/4.12/junit-4.12.jar:/home/wisilica/.m2/repository/org/assertj/assertj-core/3.11.1/assertj-core-3.11.1.jar:/home/wisilica/.m2/repository/org/mockito/mockito-core/2.23.4/mockito-core-2.23.4.jar:/home/wisilica/.m2/repository/net/bytebuddy/byte-buddy-agent/1.9.5/byte-buddy-agent-1.9.5.jar:/home/wisilica/.m2/repository/org/objenesis/objenesis/2.6/objenesis-2.6.jar:/home/wisilica/.m2/repository/org/skyscreamer/jsonassert/1.5.0/jsonassert-1.5.0.jar:/home/wisilica/.m2/repository/com/vaadin/external/google/android-json/0.0.20131108.vaadin1/android-json-0.0.20131108.vaadin1.jar:/home/wisilica/.m2/repository/org/springframework/spring-test/5.1.3.RELEASE/spring-test-5.1.3.RELEASE.jar:/home/wisilica/.m2/repository/org/xmlunit/xmlunit-core/2.6.2/xmlunit-core-2.6.2.jar:/home/wisilica/.m2/repository/org/springframework/security/oauth/spring-security-oauth2/2.3.4.RELEASE/spring-security-oauth2-2.3.4.RELEASE.jar:/home/wisilica/.m2/repository/org/springframework/security/spring-security-core/5.1.2.RELEASE/spring-security-core-5.1.2.RELEASE.jar:/home/wisilica/.m2/repository/org/codehaus/jackson/jackson-mapper-asl/1.9.13/jackson-mapper-asl-1.9.13.jar:/home/wisilica/.m2/repository/org/codehaus/jackson/jackson-core-asl/1.9.13/jackson-core-asl-1.9.13.jar:/home/wisilica/.m2/repository/org/springframework/security/spring-security-oauth2-client/5.1.2.RELEASE/spring-security-oauth2-client-5.1.2.RELEASE.jar:/home/wisilica/.m2/repository/com/nimbusds/oauth2-oidc-sdk/6.0/oauth2-oidc-sdk-6.0.jar:/home/wisilica/.m2/repository/com/sun/mail/javax.mail/1.6.2/javax.mail-1.6.2.jar:/home/wisilica/.m2/repository/javax/activation/activation/1.1/activation-1.1.jar:/home/wisilica/.m2/repository/com/github/stephenc/jcip/jcip-annotations/1.0-1/jcip-annotations-1.0-1.jar:/home/wisilica/.m2/repository/com/nimbusds/lang-tag/1.4.4/lang-tag-1.4.4.jar:/home/wisilica/.m2/repository/org/springframework/security/spring-security-oauth2-core/5.1.2.RELEASE/spring-security-oauth2-core-5.1.2.RELEASE.jar:/home/wisilica/.m2/repository/org/springframework/boot/spring-boot-starter-thymeleaf/2.1.1.RELEASE/spring-boot-starter-thymeleaf-2.1.1.RELEASE.jar:/home/wisilica/.m2/repository/org/thymeleaf/thymeleaf-spring5/3.0.11.RELEASE/thymeleaf-spring5-3.0.11.RELEASE.jar:/home/wisilica/.m2/repository/org/thymeleaf/thymeleaf/3.0.11.RELEASE/thymeleaf-3.0.11.RELEASE.jar:/home/wisilica/.m2/repository/org/attoparser/attoparser/2.0.5.RELEASE/attoparser-2.0.5.RELEASE.jar:/home/wisilica/.m2/repository/org/unbescape/unbescape/1.1.6.RELEASE/unbescape-1.1.6.RELEASE.jar:/home/wisilica/.m2/repository/org/thymeleaf/extras/thymeleaf-extras-java8time/3.0.2.RELEASE/thymeleaf-extras-java8time-3.0.2.RELEASE.jar:/home/wisilica/.m2/repository/org/springframework/security/spring-security-oauth2-jose/5.1.2.RELEASE/spring-security-oauth2-jose-5.1.2.RELEASE.jar:/home/wisilica/.m2/repository/com/nimbusds/nimbus-jose-jwt/6.0.2/nimbus-jose-jwt-6.0.2.jar:/home/wisilica/.m2/repository/org/springframework/security/oauth/boot/spring-security-oauth2-autoconfigure/2.0.1.RELEASE/spring-security-oauth2-autoconfigure-2.0.1.RELEASE.jar:/home/wisilica/.m2/repository/com/fasterxml/jackson/core/jackson-annotations/2.9.0/jackson-annotations-2.9.0.jar:/home/wisilica/.m2/repository/com/fasterxml/jackson/core/jackson-databind/2.9.7/jackson-databind-2.9.7.jar:/home/wisilica/.m2/repository/com/fasterxml/jackson/core/jackson-core/2.9.7/jackson-core-2.9.7.jar:/home/wisilica/.m2/repository/org/springframework/boot/spring-boot/2.1.1.RELEASE/spring-boot-2.1.1.RELEASE.jar:/home/wisilica/.m2/repository/org/springframework/boot/spring-boot-autoconfigure/2.1.1.RELEASE/spring-boot-autoconfigure-2.1.1.RELEASE.jar:/home/wisilica/.m2/repository/org/springframework/security/spring-security-jwt/1.0.9.RELEASE/spring-security-jwt-1.0.9.RELEASE.jar:/home/wisilica/.m2/repository/org/bouncycastle/bcpkix-jdk15on/1.56/bcpkix-jdk15on-1.56.jar:/home/wisilica/.m2/repository/org/bouncycastle/bcprov-jdk15on/1.56/bcprov-jdk15on-1.56.jar:/home/wisilica/.m2/repository/org/springframework/security/spring-security-test/5.1.2.RELEASE/spring-security-test-5.1.2.RELEASE.jar:/home/wisilica/.m2/repository/org/springframework/data/spring-data-redis/2.1.3.RELEASE/spring-data-redis-2.1.3.RELEASE.jar:/home/wisilica/.m2/repository/org/springframework/data/spring-data-keyvalue/2.1.3.RELEASE/spring-data-keyvalue-2.1.3.RELEASE.jar:/home/wisilica/.m2/repository/org/springframework/spring-oxm/5.1.3.RELEASE/spring-oxm-5.1.3.RELEASE.jar:/home/wisilica/.m2/repository/org/springframework/spring-context-support/5.1.3.RELEASE/spring-context-support-5.1.3.RELEASE.jar:/home/wisilica/.m2/repository/org/slf4j/slf4j-api/1.7.25/slf4j-api-1.7.25.jar:/home/wisilica/.m2/repository/redis/clients/jedis/2.9.0/jedis-2.9.0.jar:/home/wisilica/.m2/repository/org/apache/commons/commons-pool2/2.6.0/commons-pool2-2.6.0.jar:/home/wisilica/.m2/repository/mysql/mysql-connector-java/8.0.13/mysql-connector-java-8.0.13.jar:/home/wisilica/.m2/repository/commons-codec/commons-codec/1.11/commons-codec-1.11.jar:/home/wisilica/.m2/repository/commons-beanutils/commons-beanutils/1.9.3/commons-beanutils-1.9.3.jar:/home/wisilica/.m2/repository/commons-collections/commons-collections/3.2.2/commons-collections-3.2.2.jar:"/>
    <property name="sun.cpu.endian" value="little"/>
    <property name="user.home" value="/home/wisilica"/>
    <property name="user.language" value="en"/>
    <property name="java.specification.vendor" value="Oracle Corporation"/>
    <property name="java.home" value="/usr/lib/jvm/java-8-oracle/jre"/>
    <property name="basedir" value="/home/wisilica/Downloads/WiseStandard-oauth2_branch-1/wiseconnectSuite/wiseconnect"/>
    <property name="file.separator" value="/"/>
    <property name="line.separator" value="&#10;"/>
    <property name="java.vm.specification.vendor" value="Oracle Corporation"/>
    <property name="java.specification.name" value="Java Platform API Specification"/>
    <property name="java.awt.graphicsenv" value="sun.awt.X11GraphicsEnvironment"/>
    <property name="surefire.real.class.path" value="/home/wisilica/Downloads/WiseStandard-oauth2_branch-1/wiseconnectSuite/wiseconnect/target/surefire/surefirebooter5074005096695107020.jar"/>
    <property name="sun.boot.class.path" value="/usr/lib/jvm/java-8-oracle/jre/lib/resources.jar:/usr/lib/jvm/java-8-oracle/jre/lib/rt.jar:/usr/lib/jvm/java-8-oracle/jre/lib/sunrsasign.jar:/usr/lib/jvm/java-8-oracle/jre/lib/jsse.jar:/usr/lib/jvm/java-8-oracle/jre/lib/jce.jar:/usr/lib/jvm/java-8-oracle/jre/lib/charsets.jar:/usr/lib/jvm/java-8-oracle/jre/lib/jfr.jar:/usr/lib/jvm/java-8-oracle/jre/classes"/>
    <property name="sun.management.compiler" value="HotSpot 64-Bit Tiered Compilers"/>
    <property name="java.runtime.version" value="1.8.0_201-b09"/>
    <property name="user.name" value="wisilica"/>
    <property name="path.separator" value=":"/>
    <property name="os.version" value="4.15.0-47-generic"/>
    <property name="java.endorsed.dirs" value="/usr/lib/jvm/java-8-oracle/jre/lib/endorsed"/>
    <property name="java.runtime.name" value="Java(TM) SE Runtime Environment"/>
    <property name="file.encoding" value="UTF-8"/>
    <property name="java.vm.name" value="Java HotSpot(TM) 64-Bit Server VM"/>
    <property name="localRepository" value="/home/wisilica/.m2/repository"/>
    <property name="java.vendor.url.bug" value="http://bugreport.sun.com/bugreport/"/>
    <property name="java.io.tmpdir" value="/tmp"/>
    <property name="java.version" value="1.8.0_201"/>
    <property name="user.dir" value="/home/wisilica/Downloads/WiseStandard-oauth2_branch-1/wiseconnectSuite/wiseconnect"/>
    <property name="os.arch" value="amd64"/>
    <property name="java.vm.specification.name" value="Java Virtual Machine Specification"/>
    <property name="java.awt.printerjob" value="sun.print.PSPrinterJob"/>
    <property name="sun.os.patch.level" value="unknown"/>
    <property name="idea.version2019.1.1" value="true"/>
    <property name="java.library.path" value="/usr/java/packages/lib/amd64:/usr/lib64:/lib64:/lib:/usr/lib"/>
    <property name="java.vm.info" value="mixed mode"/>
    <property name="java.vendor" value="Oracle Corporation"/>
    <property name="java.vm.version" value="25.201-b09"/>
    <property name="java.ext.dirs" value="/usr/lib/jvm/java-8-oracle/jre/lib/ext:/usr/java/packages/lib/ext"/>
    <property name="sun.io.unicode.encoding" value="UnicodeLittle"/>
    <property name="java.class.version" value="52.0"/>
  </properties>
  <testcase name="passwordGrantTesting" classname="com.wisilica.wiseconnect.WiseconnectPasswordGrantTypeTest" time="3.191">
    <error message="Connection refused (Connection refused)" type="java.net.ConnectException">java.net.ConnectException: Connection refused (Connection refused)
	at com.wisilica.wiseconnect.WiseconnectPasswordGrantTypeTest.passwordGrantFlow(WiseconnectPasswordGrantTypeTest.java:69)
	at com.wisilica.wiseconnect.WiseconnectPasswordGrantTypeTest.passwordGrantTesting(WiseconnectPasswordGrantTypeTest.java:39)
</error>
    <system-out><![CDATA[25-04-2019 19:06:21.852 reqId=[] DEBUG   --- [           main] o.s.t.c.junit4.SpringJUnit4ClassRunner   : SpringJUnit4ClassRunner constructor called with [class com.wisilica.wiseconnect.WiseconnectPasswordGrantTypeTest]
25-04-2019 19:06:21.874 reqId=[] DEBUG   --- [           main] o.s.test.context.BootstrapUtils          : Instantiating CacheAwareContextLoaderDelegate from class [org.springframework.test.context.cache.DefaultCacheAwareContextLoaderDelegate]
25-04-2019 19:06:21.915 reqId=[] DEBUG   --- [           main] o.s.test.context.BootstrapUtils          : Instantiating BootstrapContext using constructor [public org.springframework.test.context.support.DefaultBootstrapContext(java.lang.Class,org.springframework.test.context.CacheAwareContextLoaderDelegate)]
25-04-2019 19:06:21.945 reqId=[] DEBUG   --- [           main] o.s.test.context.BootstrapUtils          : Instantiating TestContextBootstrapper for test class [com.wisilica.wiseconnect.WiseconnectPasswordGrantTypeTest] from class [org.springframework.boot.test.context.SpringBootTestContextBootstrapper]
25-04-2019 19:06:21.978 reqId=[]  INFO   --- [           main] .b.t.c.SpringBootTestContextBootstrapper : Neither @ContextConfiguration nor @ContextHierarchy found for test class [com.wisilica.wiseconnect.WiseconnectPasswordGrantTypeTest], using SpringBootContextLoader
25-04-2019 19:06:21.988 reqId=[] DEBUG   --- [           main] o.s.t.c.support.AbstractContextLoader    : Did not detect default resource location for test class [com.wisilica.wiseconnect.WiseconnectPasswordGrantTypeTest]: class path resource [com/wisilica/wiseconnect/WiseconnectPasswordGrantTypeTest-context.xml] does not exist
25-04-2019 19:06:21.989 reqId=[] DEBUG   --- [           main] o.s.t.c.support.AbstractContextLoader    : Did not detect default resource location for test class [com.wisilica.wiseconnect.WiseconnectPasswordGrantTypeTest]: class path resource [com/wisilica/wiseconnect/WiseconnectPasswordGrantTypeTestContext.groovy] does not exist
25-04-2019 19:06:21.989 reqId=[]  INFO   --- [           main] o.s.t.c.support.AbstractContextLoader    : Could not detect default resource locations for test class [com.wisilica.wiseconnect.WiseconnectPasswordGrantTypeTest]: no resource found for suffixes {-context.xml, Context.groovy}.
25-04-2019 19:06:21.991 reqId=[]  INFO   --- [           main] t.c.s.AnnotationConfigContextLoaderUtils : Could not detect default configuration classes for test class [com.wisilica.wiseconnect.WiseconnectPasswordGrantTypeTest]: WiseconnectPasswordGrantTypeTest does not declare any static, non-private, non-final, nested classes annotated with @Configuration.
25-04-2019 19:06:22.145 reqId=[] DEBUG   --- [           main] o.s.t.c.support.ActiveProfilesUtils      : Could not find an 'annotation declaring class' for annotation type [org.springframework.test.context.ActiveProfiles] and class [com.wisilica.wiseconnect.WiseconnectPasswordGrantTypeTest]
25-04-2019 19:06:22.333 reqId=[] DEBUG   --- [           main] ssPathScanningCandidateComponentProvider : Identified candidate component class: file [/home/wisilica/Downloads/WiseStandard-oauth2_branch-1/wiseconnectSuite/wiseconnect/target/classes/com/wisilica/wiseconnect/WiseconnectApplication.class]
25-04-2019 19:06:22.337 reqId=[]  INFO   --- [           main] .b.t.c.SpringBootTestContextBootstrapper : Found @SpringBootConfiguration com.wisilica.wiseconnect.WiseconnectApplication for test class com.wisilica.wiseconnect.WiseconnectPasswordGrantTypeTest
25-04-2019 19:06:22.542 reqId=[] DEBUG   --- [           main] .b.t.c.SpringBootTestContextBootstrapper : @TestExecutionListeners is not present for class [com.wisilica.wiseconnect.WiseconnectPasswordGrantTypeTest]: using defaults.
25-04-2019 19:06:22.543 reqId=[]  INFO   --- [           main] .b.t.c.SpringBootTestContextBootstrapper : Loaded default TestExecutionListener class names from location [META-INF/spring.factories]: [org.springframework.boot.test.mock.mockito.MockitoTestExecutionListener, org.springframework.boot.test.mock.mockito.ResetMocksTestExecutionListener, org.springframework.boot.test.autoconfigure.restdocs.RestDocsTestExecutionListener, org.springframework.boot.test.autoconfigure.web.client.MockRestServiceServerResetTestExecutionListener, org.springframework.boot.test.autoconfigure.web.servlet.MockMvcPrintOnlyOnFailureTestExecutionListener, org.springframework.boot.test.autoconfigure.web.servlet.WebDriverTestExecutionListener, org.springframework.test.context.web.ServletTestExecutionListener, org.springframework.test.context.support.DirtiesContextBeforeModesTestExecutionListener, org.springframework.test.context.support.DependencyInjectionTestExecutionListener, org.springframework.test.context.support.DirtiesContextTestExecutionListener, org.springframework.test.context.transaction.TransactionalTestExecutionListener, org.springframework.test.context.jdbc.SqlScriptsTestExecutionListener, org.springframework.security.test.context.support.WithSecurityContextTestExecutionListener, org.springframework.security.test.context.support.ReactorContextTestExecutionListener]
25-04-2019 19:06:22.598 reqId=[]  INFO   --- [           main] .b.t.c.SpringBootTestContextBootstrapper : Using TestExecutionListeners: [org.springframework.test.context.web.ServletTestExecutionListener@1e04fa0a, org.springframework.test.context.support.DirtiesContextBeforeModesTestExecutionListener@1af2d44a, org.springframework.boot.test.mock.mockito.MockitoTestExecutionListener@18d87d80, org.springframework.boot.test.autoconfigure.SpringBootDependencyInjectionTestExecutionListener@618425b5, org.springframework.test.context.support.DirtiesContextTestExecutionListener@58695725, org.springframework.test.context.transaction.TransactionalTestExecutionListener@543588e6, org.springframework.test.context.jdbc.SqlScriptsTestExecutionListener@f5acb9d, org.springframework.security.test.context.support.WithSecurityContextTestExecutionListener@4fb3ee4e, org.springframework.security.test.context.support.ReactorContextTestExecutionListener@5d7148e2, org.springframework.boot.test.mock.mockito.ResetMocksTestExecutionListener@25fb8912, org.springframework.boot.test.autoconfigure.restdocs.RestDocsTestExecutionListener@7c24b813, org.springframework.boot.test.autoconfigure.web.client.MockRestServiceServerResetTestExecutionListener@2c35e847, org.springframework.boot.test.autoconfigure.web.servlet.MockMvcPrintOnlyOnFailureTestExecutionListener@7bd4937b, org.springframework.boot.test.autoconfigure.web.servlet.WebDriverTestExecutionListener@21e360a]
25-04-2019 19:06:22.600 reqId=[] DEBUG   --- [           main] o.s.test.annotation.ProfileValueUtils    : Retrieved @ProfileValueSourceConfiguration [null] for test class [com.wisilica.wiseconnect.WiseconnectPasswordGrantTypeTest]
25-04-2019 19:06:22.601 reqId=[] DEBUG   --- [           main] o.s.test.annotation.ProfileValueUtils    : Retrieved ProfileValueSource type [class org.springframework.test.annotation.SystemProfileValueSource] for class [com.wisilica.wiseconnect.WiseconnectPasswordGrantTypeTest]
25-04-2019 19:06:22.602 reqId=[] DEBUG   --- [           main] o.s.test.annotation.ProfileValueUtils    : Retrieved @ProfileValueSourceConfiguration [null] for test class [com.wisilica.wiseconnect.WiseconnectPasswordGrantTypeTest]
25-04-2019 19:06:22.603 reqId=[] DEBUG   --- [           main] o.s.test.annotation.ProfileValueUtils    : Retrieved ProfileValueSource type [class org.springframework.test.annotation.SystemProfileValueSource] for class [com.wisilica.wiseconnect.WiseconnectPasswordGrantTypeTest]
25-04-2019 19:06:22.604 reqId=[] DEBUG   --- [           main] o.s.test.annotation.ProfileValueUtils    : Retrieved @ProfileValueSourceConfiguration [null] for test class [com.wisilica.wiseconnect.WiseconnectPasswordGrantTypeTest]
25-04-2019 19:06:22.604 reqId=[] DEBUG   --- [           main] o.s.test.annotation.ProfileValueUtils    : Retrieved ProfileValueSource type [class org.springframework.test.annotation.SystemProfileValueSource] for class [com.wisilica.wiseconnect.WiseconnectPasswordGrantTypeTest]
25-04-2019 19:06:22.610 reqId=[] DEBUG   --- [           main] tractDirtiesContextTestExecutionListener : Before test class: context [DefaultTestContext@f0da945 testClass = WiseconnectPasswordGrantTypeTest, testInstance = [null], testMethod = [null], testException = [null], mergedContextConfiguration = [WebMergedContextConfiguration@4803b726 testClass = WiseconnectPasswordGrantTypeTest, locations = '{}', classes = '{class com.wisilica.wiseconnect.WiseconnectApplication}', contextInitializerClasses = '[]', activeProfiles = '{}', propertySourceLocations = '{}', propertySourceProperties = '{org.springframework.boot.test.context.SpringBootTestContextBootstrapper=true}', contextCustomizers = set[org.springframework.boot.test.context.filter.ExcludeFilterContextCustomizer@124c278f, org.springframework.boot.test.json.DuplicateJsonObjectContextCustomizerFactory$DuplicateJsonObjectContextCustomizer@6ce139a4, org.springframework.boot.test.mock.mockito.MockitoContextCustomizer@0, org.springframework.boot.test.web.client.TestRestTemplateContextCustomizer@6193932a, org.springframework.boot.test.autoconfigure.properties.PropertyMappingContextCustomizer@0, org.springframework.boot.test.autoconfigure.web.servlet.WebDriverContextCustomizerFactory$Customizer@5ccddd20], resourceBasePath = 'src/main/webapp', contextLoader = 'org.springframework.boot.test.context.SpringBootContextLoader', parent = [null]], attributes = map['org.springframework.test.context.web.ServletTestExecutionListener.activateListener' -> true]], class annotated with @DirtiesContext [false] with mode [null].
25-04-2019 19:06:22.612 reqId=[] DEBUG   --- [           main] o.s.test.annotation.ProfileValueUtils    : Retrieved @ProfileValueSourceConfiguration [null] for test class [com.wisilica.wiseconnect.WiseconnectPasswordGrantTypeTest]
25-04-2019 19:06:22.612 reqId=[] DEBUG   --- [           main] o.s.test.annotation.ProfileValueUtils    : Retrieved ProfileValueSource type [class org.springframework.test.annotation.SystemProfileValueSource] for class [com.wisilica.wiseconnect.WiseconnectPasswordGrantTypeTest]
25-04-2019 19:06:22.692 reqId=[] DEBUG   --- [           main] o.s.t.c.support.TestPropertySourceUtils  : Adding inlined properties to environment: {spring.jmx.enabled=false, org.springframework.boot.test.context.SpringBootTestContextBootstrapper=true, server.port=-1}
25-04-2019 19:06:23.134 reqId=[] DEBUG 8570 --- [           main] .c.l.ClasspathLoggingApplicationListener : Application started with classpath: [file:/home/wisilica/Downloads/WiseStandard-oauth2_branch-1/wiseconnectSuite/wiseconnect/target/surefire/surefirebooter5074005096695107020.jar]


| |  | (_)  ___|    /  __ \                           | |  
| |  | |_\ `--.  ___| /  \/ ___  _ __  _ __   ___  ___| |_ 
| |/\| | |`--. \/ _ \ |    / _ \| '_ \| '_ \ / _ \/ __| __|
\  /\  / /\__/ /  __/ \__/\ (_) | | | | | | |  __/ (__| |_ 
 \/  \/|_\____/ \___|\____/\___/|_| |_|_| |_|\___|\___|\__|


25-04-2019 19:06:23.438 reqId=[]  INFO 8570 --- [           main] c.w.w.WiseconnectPasswordGrantTypeTest   : Starting WiseconnectPasswordGrantTypeTest on wisilica-Inspiron-3558 with PID 8570 (started by wisilica in /home/wisilica/Downloads/WiseStandard-oauth2_branch-1/wiseconnectSuite/wiseconnect)
25-04-2019 19:06:23.439 reqId=[] DEBUG 8570 --- [           main] c.w.w.WiseconnectPasswordGrantTypeTest   : Running with Spring Boot v2.1.1.RELEASE, Spring v5.1.3.RELEASE
25-04-2019 19:06:23.446 reqId=[]  INFO 8570 --- [           main] c.w.w.WiseconnectPasswordGrantTypeTest   : No active profile set, falling back to default profiles: default
25-04-2019 19:06:23.447 reqId=[] DEBUG 8570 --- [           main] o.s.boot.SpringApplication               : Loading source class com.wisilica.wiseconnect.WiseconnectApplication
25-04-2019 19:06:24.149 reqId=[] DEBUG 8570 --- [           main] o.s.b.c.c.ConfigFileApplicationListener  : Loaded config file 'file:/home/wisilica/Downloads/WiseStandard-oauth2_branch-1/wiseconnectSuite/wiseconnect/target/classes/application.properties' (classpath:/application.properties)
25-04-2019 19:06:24.150 reqId=[] DEBUG 8570 --- [           main] o.s.w.c.s.GenericWebApplicationContext   : Refreshing org.springframework.web.context.support.GenericWebApplicationContext@2438dcd
25-04-2019 19:06:24.214 reqId=[] DEBUG 8570 --- [           main] o.s.b.f.s.DefaultListableBeanFactory     : Creating shared instance of singleton bean 'org.springframework.context.annotation.internalConfigurationAnnotationProcessor'
25-04-2019 19:06:24.246 reqId=[] DEBUG 8570 --- [           main] o.s.b.f.s.DefaultListableBeanFactory     : Creating shared instance of singleton bean 'org.springframework.boot.autoconfigure.internalCachingMetadataReaderFactory'
25-04-2019 19:06:24.375 reqId=[] DEBUG 8570 --- [           main] o.s.c.a.ClassPathBeanDefinitionScanner   : Identified candidate component class: file [/home/wisilica/Downloads/WiseStandard-oauth2_branch-1/wiseconnectSuite/wiseconnect/target/classes/com/wisilica/wiseconnect/WiseconnectConfig.class]
25-04-2019 19:06:24.397 reqId=[] DEBUG 8570 --- [           main] o.s.c.a.ClassPathBeanDefinitionScanner   : Identified candidate component class: file [/home/wisilica/Downloads/WiseStandard-oauth2_branch-1/wiseconnectSuite/wiseconnect/target/classes/com/wisilica/wiseconnect/controller/RevokeTokenEndpoint.class]
25-04-2019 19:06:24.404 reqId=[] DEBUG 8570 --- [           main] o.s.c.a.ClassPathBeanDefinitionScanner   : Identified candidate component class: file [/home/wisilica/Downloads/WiseStandard-oauth2_branch-1/wiseconnectSuite/wiseconnect/target/classes/com/wisilica/wiseconnect/controller/WiseconnectControllerAdvice.class]
25-04-2019 19:06:24.428 reqId=[] DEBUG 8570 --- [           main] o.s.c.a.ClassPathBeanDefinitionScanner   : Identified candidate component class: file [/home/wisilica/Downloads/WiseStandard-oauth2_branch-1/wiseconnectSuite/wiseconnect/target/classes/com/wisilica/wiseconnect/controller/device/OperateController.class]
25-04-2019 19:06:24.429 reqId=[] DEBUG 8570 --- [           main] o.s.c.a.ClassPathBeanDefinitionScanner   : Identified candidate component class: file [/home/wisilica/Downloads/WiseStandard-oauth2_branch-1/wiseconnectSuite/wiseconnect/target/classes/com/wisilica/wiseconnect/interceptor/CommonInterceptor.class]
25-04-2019 19:06:24.430 reqId=[] DEBUG 8570 --- [           main] o.s.c.a.ClassPathBeanDefinitionScanner   : Identified candidate component class: file [/home/wisilica/Downloads/WiseStandard-oauth2_branch-1/wiseconnectSuite/wiseconnect/target/classes/com/wisilica/wiseconnect/interceptor/SecurityInterceptor.class]
25-04-2019 19:06:24.437 reqId=[] DEBUG 8570 --- [           main] o.s.c.a.ClassPathBeanDefinitionScanner   : Identified candidate component class: file [/home/wisilica/Downloads/WiseStandard-oauth2_branch-1/wiseconnectSuite/wiseconnect/target/classes/com/wisilica/wiseconnect/oauth2/WiseconnectAuthorizationServerConfiguration.class]
25-04-2019 19:06:24.446 reqId=[] DEBUG 8570 --- [           main] o.s.c.a.ClassPathBeanDefinitionScanner   : Identified candidate component class: file [/home/wisilica/Downloads/WiseStandard-oauth2_branch-1/wiseconnectSuite/wiseconnect/target/classes/com/wisilica/wiseconnect/oauth2/WiseconnectResourceServerConfiguration.class]
25-04-2019 19:06:24.459 reqId=[] DEBUG 8570 --- [           main] o.s.c.a.ClassPathBeanDefinitionScanner   : Identified candidate component class: file [/home/wisilica/Downloads/WiseStandard-oauth2_branch-1/wiseconnectSuite/wiseconnect/target/classes/com/wisilica/wiseconnect/oauth2/WiseconnectSecurityConfiguration.class]
25-04-2019 19:06:24.464 reqId=[] DEBUG 8570 --- [           main] o.s.c.a.ClassPathBeanDefinitionScanner   : Identified candidate component class: URL [jar:file:/home/wisilica/Downloads/WiseStandard-oauth2_branch-1/wiseconnectSuite/wiseconnectCore/target/wiseconnectCore-1.0-SNAPSHOT.jar!/com/wisilica/wiseconnect/core/service/impl/PacketServiceImpl.class]
25-04-2019 19:06:24.465 reqId=[] DEBUG 8570 --- [           main] o.s.c.a.ClassPathBeanDefinitionScanner   : Ignored because not a concrete top-level class: URL [jar:file:/home/wisilica/Downloads/WiseStandard-oauth2_branch-1/wiseconnectSuite/wiseconnectCore/target/wiseconnectCore-1.0-SNAPSHOT.jar!/com/wisilica/wiseconnect/core/service/DeviceOperateService.class]
25-04-2019 19:06:24.467 reqId=[] DEBUG 8570 --- [           main] o.s.c.a.ClassPathBeanDefinitionScanner   : Ignored because not a concrete top-level class: URL [jar:file:/home/wisilica/Downloads/WiseStandard-oauth2_branch-1/wiseconnectSuite/wiseconnectCore/target/wiseconnectCore-1.0-SNAPSHOT.jar!/com/wisilica/wiseconnect/core/service/PacketService.class]
25-04-2019 19:06:24.468 reqId=[] DEBUG 8570 --- [           main] o.s.c.a.ClassPathBeanDefinitionScanner   : Ignored because not a concrete top-level class: URL [jar:file:/home/wisilica/Downloads/WiseStandard-oauth2_branch-1/wiseconnectSuite/wiseconnectCore/target/wiseconnectCore-1.0-SNAPSHOT.jar!/com/wisilica/wiseconnect/core/service/AuthenticationService.class]
25-04-2019 19:06:24.470 reqId=[] DEBUG 8570 --- [           main] o.s.c.a.ClassPathBeanDefinitionScanner   : Ignored because not a concrete top-level class: URL [jar:file:/home/wisilica/Downloads/WiseStandard-oauth2_branch-1/wiseconnectSuite/wiseconnectCore/target/wiseconnectCore-1.0-SNAPSHOT.jar!/com/wisilica/wiseconnect/core/service/MessageService.class]
25-04-2019 19:06:24.471 reqId=[] DEBUG 8570 --- [           main] o.s.c.a.ClassPathBeanDefinitionScanner   : Ignored because not a concrete top-level class: URL [jar:file:/home/wisilica/Downloads/WiseStandard-oauth2_branch-1/wiseconnectSuite/wiseconnectCore/target/wiseconnectCore-1.0-SNAPSHOT.jar!/com/wisilica/wiseconnect/core/service/OperateService.class]
25-04-2019 19:06:24.481 reqId=[] DEBUG 8570 --- [           main] o.s.c.a.ClassPathBeanDefinitionScanner   : Identified candidate component class: URL [jar:file:/home/wisilica/Downloads/WiseStandard-oauth2_branch-1/wiseconnectSuite/wiseconnectCore/target/wiseconnectCore-1.0-SNAPSHOT.jar!/com/wisilica/wiseconnect/core/service/impl/OperateServiceImpl.class]
25-04-2019 19:06:24.487 reqId=[] DEBUG 8570 --- [           main] o.s.c.a.ClassPathBeanDefinitionScanner   : Identified candidate component class: URL [jar:file:/home/wisilica/Downloads/WiseStandard-oauth2_branch-1/wiseconnectSuite/wiseconnectCore/target/wiseconnectCore-1.0-SNAPSHOT.jar!/com/wisilica/wiseconnect/core/oauth2/WiseconnectAuthenticationProvider.class]
25-04-2019 19:06:24.494 reqId=[] DEBUG 8570 --- [           main] o.s.c.a.ClassPathBeanDefinitionScanner   : Identified candidate component class: URL [jar:file:/home/wisilica/Downloads/WiseStandard-oauth2_branch-1/wiseconnectSuite/wiseconnectCore/target/wiseconnectCore-1.0-SNAPSHOT.jar!/com/wisilica/wiseconnect/core/service/impl/AuthenticationServiceImpl.class]
25-04-2019 19:06:24.497 reqId=[] DEBUG 8570 --- [           main] o.s.c.a.ClassPathBeanDefinitionScanner   : Identified candidate component class: URL [jar:file:/home/wisilica/Downloads/WiseStandard-oauth2_branch-1/wiseconnectSuite/wiseconnectCore/target/wiseconnectCore-1.0-SNAPSHOT.jar!/com/wisilica/wiseconnect/core/oauth2/WiseconnectEncoders.class]
25-04-2019 19:06:24.499 reqId=[] DEBUG 8570 --- [           main] o.s.c.a.ClassPathBeanDefinitionScanner   : Identified candidate component class: URL [jar:file:/home/wisilica/Downloads/WiseStandard-oauth2_branch-1/wiseconnectSuite/wiseconnectCore/target/wiseconnectCore-1.0-SNAPSHOT.jar!/com/wisilica/wiseconnect/core/oauth2/WiseconnectUserDetailsServiceImpl.class]
25-04-2019 19:06:24.502 reqId=[] DEBUG 8570 --- [           main] o.s.c.a.ClassPathBeanDefinitionScanner   : Identified candidate component class: URL [jar:file:/home/wisilica/Downloads/WiseStandard-oauth2_branch-1/wiseconnectSuite/wiseconnectCore/target/wiseconnectCore-1.0-SNAPSHOT.jar!/com/wisilica/wiseconnect/core/service/impl/RedisServiceImpl.class]
25-04-2019 19:06:24.504 reqId=[] DEBUG 8570 --- [           main] o.s.c.a.ClassPathBeanDefinitionScanner   : Identified candidate component class: URL [jar:file:/home/wisilica/Downloads/WiseStandard-oauth2_branch-1/wiseconnectSuite/wiseconnectDao/target/wiseconnectDao-1.0-SNAPSHOT.jar!/com/wisilica/wiseconnect/dao/impl/OperateDaoImpl.class]
25-04-2019 19:06:24.505 reqId=[] DEBUG 8570 --- [           main] o.s.c.a.ClassPathBeanDefinitionScanner   : Ignored because not a concrete top-level class: URL [jar:file:/home/wisilica/Downloads/WiseStandard-oauth2_branch-1/wiseconnectSuite/wiseconnectDao/target/wiseconnectDao-1.0-SNAPSHOT.jar!/com/wisilica/wiseconnect/dao/repository/UserSubOrgPermissionsRepository.class]
25-04-2019 19:06:24.506 reqId=[] DEBUG 8570 --- [           main] o.s.c.a.ClassPathBeanDefinitionScanner   : Ignored because not a concrete top-level class: URL [jar:file:/home/wisilica/Downloads/WiseStandard-oauth2_branch-1/wiseconnectSuite/wiseconnectDao/target/wiseconnectDao-1.0-SNAPSHOT.jar!/com/wisilica/wiseconnect/dao/OperateDao.class]
25-04-2019 19:06:24.507 reqId=[] DEBUG 8570 --- [           main] o.s.c.a.ClassPathBeanDefinitionScanner   : Ignored because not a concrete top-level class: URL [jar:file:/home/wisilica/Downloads/WiseStandard-oauth2_branch-1/wiseconnectSuite/wiseconnectDao/target/wiseconnectDao-1.0-SNAPSHOT.jar!/com/wisilica/wiseconnect/dao/AuthenticationDao.class]
25-04-2019 19:06:24.509 reqId=[] DEBUG 8570 --- [           main] o.s.c.a.ClassPathBeanDefinitionScanner   : Identified candidate component class: URL [jar:file:/home/wisilica/Downloads/WiseStandard-oauth2_branch-1/wiseconnectSuite/wiseconnectDao/target/wiseconnectDao-1.0-SNAPSHOT.jar!/com/wisilica/wiseconnect/dao/impl/AuthenticationDaoImpl.class]
25-04-2019 19:06:24.511 reqId=[] DEBUG 8570 --- [           main] o.s.c.a.ClassPathBeanDefinitionScanner   : Ignored because not a concrete top-level class: URL [jar:file:/home/wisilica/Downloads/WiseStandard-oauth2_branch-1/wiseconnectSuite/wiseconnectDao/target/wiseconnectDao-1.0-SNAPSHOT.jar!/com/wisilica/wiseconnect/dao/repository/PhoneRepository.class]
25-04-2019 19:06:24.512 reqId=[] DEBUG 8570 --- [           main] o.s.c.a.ClassPathBeanDefinitionScanner   : Ignored because not a concrete top-level class: URL [jar:file:/home/wisilica/Downloads/WiseStandard-oauth2_branch-1/wiseconnectSuite/wiseconnectDao/target/wiseconnectDao-1.0-SNAPSHOT.jar!/com/wisilica/wiseconnect/dao/repository/TagRepository.class]
25-04-2019 19:06:24.519 reqId=[] DEBUG 8570 --- [           main] o.s.c.a.ClassPathBeanDefinitionScanner   : Ignored because not a concrete top-level class: URL [jar:file:/home/wisilica/Downloads/WiseStandard-oauth2_branch-1/wiseconnectSuite/wiseconnectDao/target/wiseconnectDao-1.0-SNAPSHOT.jar!/com/wisilica/wiseconnect/dao/repository/WideInfoRepository.class]
25-04-2019 19:06:24.520 reqId=[] DEBUG 8570 --- [           main] o.s.c.a.ClassPathBeanDefinitionScanner   : Ignored because not a concrete top-level class: URL [jar:file:/home/wisilica/Downloads/WiseStandard-oauth2_branch-1/wiseconnectSuite/wiseconnectDao/target/wiseconnectDao-1.0-SNAPSHOT.jar!/com/wisilica/wiseconnect/dao/repository/UserRoleRepository.class]
25-04-2019 19:06:24.521 reqId=[] DEBUG 8570 --- [           main] o.s.c.a.ClassPathBeanDefinitionScanner   : Ignored because not a concrete top-level class: URL [jar:file:/home/wisilica/Downloads/WiseStandard-oauth2_branch-1/wiseconnectSuite/wiseconnectDao/target/wiseconnectDao-1.0-SNAPSHOT.jar!/com/wisilica/wiseconnect/dao/repository/SocketAuthenticationRepository.class]
25-04-2019 19:06:24.523 reqId=[] DEBUG 8570 --- [           main] o.s.c.a.ClassPathBeanDefinitionScanner   : Ignored because not a concrete top-level class: URL [jar:file:/home/wisilica/Downloads/WiseStandard-oauth2_branch-1/wiseconnectSuite/wiseconnectDao/target/wiseconnectDao-1.0-SNAPSHOT.jar!/com/wisilica/wiseconnect/dao/repository/UserRepository.class]
25-04-2019 19:06:24.525 reqId=[] DEBUG 8570 --- [           main] o.s.c.a.ClassPathBeanDefinitionScanner   : Ignored because not a concrete top-level class: URL [jar:file:/home/wisilica/Downloads/WiseStandard-oauth2_branch-1/wiseconnectSuite/wiseconnectDao/target/wiseconnectDao-1.0-SNAPSHOT.jar!/com/wisilica/wiseconnect/dao/repository/BundleClientMappingRepository.class]
25-04-2019 19:06:24.526 reqId=[] DEBUG 8570 --- [           main] o.s.c.a.ClassPathBeanDefinitionScanner   : Ignored because not a concrete top-level class: URL [jar:file:/home/wisilica/Downloads/WiseStandard-oauth2_branch-1/wiseconnectSuite/wiseconnectDao/target/wiseconnectDao-1.0-SNAPSHOT.jar!/com/wisilica/wiseconnect/dao/repository/AppInfoRepository.class]
25-04-2019 19:06:24.528 reqId=[] DEBUG 8570 --- [           main] o.s.c.a.ClassPathBeanDefinitionScanner   : Ignored because not a concrete top-level class: URL [jar:file:/home/wisilica/Downloads/WiseStandard-oauth2_branch-1/wiseconnectSuite/wiseconnectDao/target/wiseconnectDao-1.0-SNAPSHOT.jar!/com/wisilica/wiseconnect/dao/repository/RolesRepository.class]
25-04-2019 19:06:24.529 reqId=[] DEBUG 8570 --- [           main] o.s.c.a.ClassPathBeanDefinitionScanner   : Ignored because not a concrete top-level class: URL [jar:file:/home/wisilica/Downloads/WiseStandard-oauth2_branch-1/wiseconnectSuite/wiseconnectDao/target/wiseconnectDao-1.0-SNAPSHOT.jar!/com/wisilica/wiseconnect/dao/repository/BundleRepository.class]
25-04-2019 19:06:24.530 reqId=[] DEBUG 8570 --- [           main] o.s.c.a.ClassPathBeanDefinitionScanner   : Ignored because not a concrete top-level class: URL [jar:file:/home/wisilica/Downloads/WiseStandard-oauth2_branch-1/wiseconnectSuite/wiseconnectDao/target/wiseconnectDao-1.0-SNAPSHOT.jar!/com/wisilica/wiseconnect/dao/repository/OrganizationRepository.class]
25-04-2019 19:06:24.531 reqId=[] DEBUG 8570 --- [           main] o.s.c.a.ClassPathBeanDefinitionScanner   : Ignored because not a concrete top-level class: URL [jar:file:/home/wisilica/Downloads/WiseStandard-oauth2_branch-1/wiseconnectSuite/wiseconnectDao/target/wiseconnectDao-1.0-SNAPSHOT.jar!/com/wisilica/wiseconnect/dao/repository/NotificationRepository.class]
25-04-2019 19:06:24.533 reqId=[] DEBUG 8570 --- [           main] o.s.c.a.ClassPathBeanDefinitionScanner   : Ignored because not a concrete top-level class: URL [jar:file:/home/wisilica/Downloads/WiseStandard-oauth2_branch-1/wiseconnectSuite/wiseconnectDao/target/wiseconnectDao-1.0-SNAPSHOT.jar!/com/wisilica/wiseconnect/dao/repository/BridgeListenerInfoRepository.class]
25-04-2019 19:06:24.536 reqId=[] DEBUG 8570 --- [           main] o.s.c.a.ClassPathBeanDefinitionScanner   : Identified candidate component class: URL [jar:file:/home/wisilica/Downloads/WiseStandard-oauth2_branch-1/wiseconnectSuite/wiseconnectDao/target/wiseconnectDao-1.0-SNAPSHOT.jar!/com/wisilica/wiseconnect/dao/repository/impl/AppInfoInsertRepository.class]
25-04-2019 19:06:24.537 reqId=[] DEBUG 8570 --- [           main] o.s.c.a.ClassPathBeanDefinitionScanner   : Ignored because not a concrete top-level class: URL [jar:file:/home/wisilica/Downloads/WiseStandard-oauth2_branch-1/wiseconnectSuite/wiseconnectDao/target/wiseconnectDao-1.0-SNAPSHOT.jar!/com/wisilica/wiseconnect/dao/repository/UserLoginInfoRepository.class]
25-04-2019 19:06:24.550 reqId=[] DEBUG 8570 --- [           main] o.s.c.a.ClassPathBeanDefinitionScanner   : Identified candidate component class: URL [jar:file:/home/wisilica/Downloads/WiseStandard-oauth2_branch-1/wiseconnectSuite/wiseconnectCommons/target/wiseconnectCommons-1.0-SNAPSHOT.jar!/com/wisilica/wiseconnect/commons/aop/ExecutionContextSetter.class]
25-04-2019 19:06:24.558 reqId=[] DEBUG 8570 --- [           main] o.s.c.a.ClassPathBeanDefinitionScanner   : Identified candidate component class: URL [jar:file:/home/wisilica/Downloads/WiseStandard-oauth2_branch-1/wiseconnectSuite/wiseconnectCommons/target/wiseconnectCommons-1.0-SNAPSHOT.jar!/com/wisilica/wiseconnect/commons/config/db/DatabaseConfig.class]
25-04-2019 19:06:24.561 reqId=[] DEBUG 8570 --- [           main] o.s.c.a.ClassPathBeanDefinitionScanner   : Identified candidate component class: URL [jar:file:/home/wisilica/Downloads/WiseStandard-oauth2_branch-1/wiseconnectSuite/wiseconnectCommons/target/wiseconnectCommons-1.0-SNAPSHOT.jar!/com/wisilica/wiseconnect/commons/WiseconnectContextProvider.class]
25-04-2019 19:06:25.970 reqId=[] DEBUG 8570 --- [           main] o.s.c.e.PropertySourcesPropertyResolver  : Found key 'spring.jmx.enabled' in PropertySource 'configurationProperties' with value of type String
25-04-2019 19:06:26.302 reqId=[] DEBUG 8570 --- [           main] o.s.c.e.PropertySourcesPropertyResolver  : Found key 'spring.jmx.enabled' in PropertySource 'configurationProperties' with value of type String
25-04-2019 19:06:26.630 reqId=[] DEBUG 8570 --- [           main] o.s.c.e.PropertySourcesPropertyResolver  : Found key 'server.port' in PropertySource 'configurationProperties' with value of type String
25-04-2019 19:06:26.633 reqId=[] DEBUG 8570 --- [           main] o.s.c.e.PropertySourcesPropertyResolver  : Found key 'server.port' in PropertySource 'configurationProperties' with value of type String
25-04-2019 19:06:26.706 reqId=[]  INFO 8570 --- [           main] .s.d.r.c.RepositoryConfigurationDelegate : Multiple Spring Data modules found, entering strict repository configuration mode!
25-04-2019 19:06:26.706 reqId=[]  INFO 8570 --- [           main] .s.d.r.c.RepositoryConfigurationDelegate : Bootstrapping Spring Data repositories in DEFAULT mode.
25-04-2019 19:06:26.722 reqId=[] DEBUG 8570 --- [           main] .s.d.r.c.RepositoryConfigurationDelegate : Scanning for repositories in packages com.wisilica.wiseconnect.
25-04-2019 19:06:26.789 reqId=[] DEBUG 8570 --- [           main] o.s.d.r.c.RepositoryComponentProvider    : Identified candidate component class: URL [jar:file:/home/wisilica/Downloads/WiseStandard-oauth2_branch-1/wiseconnectSuite/wiseconnectDao/target/wiseconnectDao-1.0-SNAPSHOT.jar!/com/wisilica/wiseconnect/dao/repository/UserSubOrgPermissionsRepository.class]
25-04-2019 19:06:26.792 reqId=[] DEBUG 8570 --- [           main] o.s.d.r.c.RepositoryComponentProvider    : Identified candidate component class: URL [jar:file:/home/wisilica/Downloads/WiseStandard-oauth2_branch-1/wiseconnectSuite/wiseconnectDao/target/wiseconnectDao-1.0-SNAPSHOT.jar!/com/wisilica/wiseconnect/dao/repository/PhoneRepository.class]
25-04-2019 19:06:26.793 reqId=[] DEBUG 8570 --- [           main] o.s.d.r.c.RepositoryComponentProvider    : Identified candidate component class: URL [jar:file:/home/wisilica/Downloads/WiseStandard-oauth2_branch-1/wiseconnectSuite/wiseconnectDao/target/wiseconnectDao-1.0-SNAPSHOT.jar!/com/wisilica/wiseconnect/dao/repository/TagRepository.class]
25-04-2019 19:06:26.793 reqId=[] DEBUG 8570 --- [           main] o.s.d.r.c.RepositoryComponentProvider    : Identified candidate component class: URL [jar:file:/home/wisilica/Downloads/WiseStandard-oauth2_branch-1/wiseconnectSuite/wiseconnectDao/target/wiseconnectDao-1.0-SNAPSHOT.jar!/com/wisilica/wiseconnect/dao/repository/WideInfoRepository.class]
25-04-2019 19:06:26.794 reqId=[] DEBUG 8570 --- [           main] o.s.d.r.c.RepositoryComponentProvider    : Identified candidate component class: URL [jar:file:/home/wisilica/Downloads/WiseStandard-oauth2_branch-1/wiseconnectSuite/wiseconnectDao/target/wiseconnectDao-1.0-SNAPSHOT.jar!/com/wisilica/wiseconnect/dao/repository/UserRoleRepository.class]
25-04-2019 19:06:26.794 reqId=[] DEBUG 8570 --- [           main] o.s.d.r.c.RepositoryComponentProvider    : Identified candidate component class: URL [jar:file:/home/wisilica/Downloads/WiseStandard-oauth2_branch-1/wiseconnectSuite/wiseconnectDao/target/wiseconnectDao-1.0-SNAPSHOT.jar!/com/wisilica/wiseconnect/dao/repository/SocketAuthenticationRepository.class]
25-04-2019 19:06:26.795 reqId=[] DEBUG 8570 --- [           main] o.s.d.r.c.RepositoryComponentProvider    : Identified candidate component class: URL [jar:file:/home/wisilica/Downloads/WiseStandard-oauth2_branch-1/wiseconnectSuite/wiseconnectDao/target/wiseconnectDao-1.0-SNAPSHOT.jar!/com/wisilica/wiseconnect/dao/repository/UserRepository.class]
25-04-2019 19:06:26.795 reqId=[] DEBUG 8570 --- [           main] o.s.d.r.c.RepositoryComponentProvider    : Identified candidate component class: URL [jar:file:/home/wisilica/Downloads/WiseStandard-oauth2_branch-1/wiseconnectSuite/wiseconnectDao/target/wiseconnectDao-1.0-SNAPSHOT.jar!/com/wisilica/wiseconnect/dao/repository/BundleClientMappingRepository.class]
25-04-2019 19:06:26.796 reqId=[] DEBUG 8570 --- [           main] o.s.d.r.c.RepositoryComponentProvider    : Identified candidate component class: URL [jar:file:/home/wisilica/Downloads/WiseStandard-oauth2_branch-1/wiseconnectSuite/wiseconnectDao/target/wiseconnectDao-1.0-SNAPSHOT.jar!/com/wisilica/wiseconnect/dao/repository/AppInfoRepository.class]
25-04-2019 19:06:26.796 reqId=[] DEBUG 8570 --- [           main] o.s.d.r.c.RepositoryComponentProvider    : Identified candidate component class: URL [jar:file:/home/wisilica/Downloads/WiseStandard-oauth2_branch-1/wiseconnectSuite/wiseconnectDao/target/wiseconnectDao-1.0-SNAPSHOT.jar!/com/wisilica/wiseconnect/dao/repository/RolesRepository.class]
25-04-2019 19:06:26.796 reqId=[] DEBUG 8570 --- [           main] o.s.d.r.c.RepositoryComponentProvider    : Identified candidate component class: URL [jar:file:/home/wisilica/Downloads/WiseStandard-oauth2_branch-1/wiseconnectSuite/wiseconnectDao/target/wiseconnectDao-1.0-SNAPSHOT.jar!/com/wisilica/wiseconnect/dao/repository/BundleRepository.class]
25-04-2019 19:06:26.797 reqId=[] DEBUG 8570 --- [           main] o.s.d.r.c.RepositoryComponentProvider    : Identified candidate component class: URL [jar:file:/home/wisilica/Downloads/WiseStandard-oauth2_branch-1/wiseconnectSuite/wiseconnectDao/target/wiseconnectDao-1.0-SNAPSHOT.jar!/com/wisilica/wiseconnect/dao/repository/OrganizationRepository.class]
25-04-2019 19:06:26.797 reqId=[] DEBUG 8570 --- [           main] o.s.d.r.c.RepositoryComponentProvider    : Identified candidate component class: URL [jar:file:/home/wisilica/Downloads/WiseStandard-oauth2_branch-1/wiseconnectSuite/wiseconnectDao/target/wiseconnectDao-1.0-SNAPSHOT.jar!/com/wisilica/wiseconnect/dao/repository/NotificationRepository.class]
25-04-2019 19:06:26.798 reqId=[] DEBUG 8570 --- [           main] o.s.d.r.c.RepositoryComponentProvider    : Identified candidate component class: URL [jar:file:/home/wisilica/Downloads/WiseStandard-oauth2_branch-1/wiseconnectSuite/wiseconnectDao/target/wiseconnectDao-1.0-SNAPSHOT.jar!/com/wisilica/wiseconnect/dao/repository/BridgeListenerInfoRepository.class]
25-04-2019 19:06:26.799 reqId=[] DEBUG 8570 --- [           main] o.s.d.r.c.RepositoryComponentProvider    : Identified candidate component class: URL [jar:file:/home/wisilica/Downloads/WiseStandard-oauth2_branch-1/wiseconnectSuite/wiseconnectDao/target/wiseconnectDao-1.0-SNAPSHOT.jar!/com/wisilica/wiseconnect/dao/repository/UserLoginInfoRepository.class]
25-04-2019 19:06:27.047 reqId=[] DEBUG 8570 --- [           main] ssPathScanningCandidateComponentProvider : Identified candidate component class: URL [jar:file:/home/wisilica/Downloads/WiseStandard-oauth2_branch-1/wiseconnectSuite/wiseconnectCore/target/wiseconnectCore-1.0-SNAPSHOT.jar!/com/wisilica/wiseconnect/core/service/impl/PacketServiceImpl.class]
25-04-2019 19:06:27.047 reqId=[] DEBUG 8570 --- [           main] ssPathScanningCandidateComponentProvider : Identified candidate component class: URL [jar:file:/home/wisilica/Downloads/WiseStandard-oauth2_branch-1/wiseconnectSuite/wiseconnectCore/target/wiseconnectCore-1.0-SNAPSHOT.jar!/com/wisilica/wiseconnect/core/service/impl/OperateServiceImpl.class]
25-04-2019 19:06:27.048 reqId=[] DEBUG 8570 --- [           main] ssPathScanningCandidateComponentProvider : Identified candidate component class: URL [jar:file:/home/wisilica/Downloads/WiseStandard-oauth2_branch-1/wiseconnectSuite/wiseconnectCore/target/wiseconnectCore-1.0-SNAPSHOT.jar!/com/wisilica/wiseconnect/core/service/impl/AuthenticationServiceImpl.class]
25-04-2019 19:06:27.048 reqId=[] DEBUG 8570 --- [           main] ssPathScanningCandidateComponentProvider : Identified candidate component class: URL [jar:file:/home/wisilica/Downloads/WiseStandard-oauth2_branch-1/wiseconnectSuite/wiseconnectCore/target/wiseconnectCore-1.0-SNAPSHOT.jar!/com/wisilica/wiseconnect/core/oauth2/WiseconnectUserDetailsServiceImpl.class]
25-04-2019 19:06:27.049 reqId=[] DEBUG 8570 --- [           main] ssPathScanningCandidateComponentProvider : Identified candidate component class: URL [jar:file:/home/wisilica/Downloads/WiseStandard-oauth2_branch-1/wiseconnectSuite/wiseconnectCore/target/wiseconnectCore-1.0-SNAPSHOT.jar!/com/wisilica/wiseconnect/core/service/impl/RedisServiceImpl.class]
25-04-2019 19:06:27.049 reqId=[] DEBUG 8570 --- [           main] ssPathScanningCandidateComponentProvider : Identified candidate component class: URL [jar:file:/home/wisilica/Downloads/WiseStandard-oauth2_branch-1/wiseconnectSuite/wiseconnectDao/target/wiseconnectDao-1.0-SNAPSHOT.jar!/com/wisilica/wiseconnect/dao/impl/OperateDaoImpl.class]
25-04-2019 19:06:27.049 reqId=[] DEBUG 8570 --- [           main] ssPathScanningCandidateComponentProvider : Identified candidate component class: URL [jar:file:/home/wisilica/Downloads/WiseStandard-oauth2_branch-1/wiseconnectSuite/wiseconnectDao/target/wiseconnectDao-1.0-SNAPSHOT.jar!/com/wisilica/wiseconnect/dao/impl/AuthenticationDaoImpl.class]
25-04-2019 19:06:27.116 reqId=[]  INFO 8570 --- [           main] .s.d.r.c.RepositoryConfigurationDelegate : Finished Spring Data repository scanning in 393ms. Found 15 repository interfaces.
25-04-2019 19:06:27.161 reqId=[] DEBUG 8570 --- [           main] o.s.b.f.s.DefaultListableBeanFactory     : Creating shared instance of singleton bean 'org.springframework.boot.autoconfigure.condition.BeanTypeRegistry'
25-04-2019 19:06:27.930 reqId=[]  INFO 8570 --- [           main] .s.d.r.c.RepositoryConfigurationDelegate : Multiple Spring Data modules found, entering strict repository configuration mode!
25-04-2019 19:06:27.932 reqId=[]  INFO 8570 --- [           main] .s.d.r.c.RepositoryConfigurationDelegate : Bootstrapping Spring Data repositories in DEFAULT mode.
25-04-2019 19:06:27.944 reqId=[] DEBUG 8570 --- [           main] o.s.b.f.s.DefaultListableBeanFactory     : Creating shared instance of singleton bean 'org.springframework.boot.autoconfigure.AutoConfigurationPackages'
25-04-2019 19:06:27.952 reqId=[] DEBUG 8570 --- [           main] o.s.b.a.AutoConfigurationPackages        : @EnableAutoConfiguration was declared on a class in the package 'com.wisilica.wiseconnect'. Automatic @Repository and @Entity scanning is enabled.
25-04-2019 19:06:27.953 reqId=[] DEBUG 8570 --- [           main] .s.d.r.c.RepositoryConfigurationDelegate : Scanning for repositories in packages com.wisilica.wiseconnect.
25-04-2019 19:06:27.964 reqId=[] DEBUG 8570 --- [           main] o.s.d.r.c.RepositoryComponentProvider    : Identified candidate component class: URL [jar:file:/home/wisilica/Downloads/WiseStandard-oauth2_branch-1/wiseconnectSuite/wiseconnectDao/target/wiseconnectDao-1.0-SNAPSHOT.jar!/com/wisilica/wiseconnect/dao/repository/UserSubOrgPermissionsRepository.class]
25-04-2019 19:06:27.965 reqId=[] DEBUG 8570 --- [           main] o.s.d.r.c.RepositoryComponentProvider    : Identified candidate component class: URL [jar:file:/home/wisilica/Downloads/WiseStandard-oauth2_branch-1/wiseconnectSuite/wiseconnectDao/target/wiseconnectDao-1.0-SNAPSHOT.jar!/com/wisilica/wiseconnect/dao/repository/PhoneRepository.class]
25-04-2019 19:06:27.965 reqId=[] DEBUG 8570 --- [           main] o.s.d.r.c.RepositoryComponentProvider    : Identified candidate component class: URL [jar:file:/home/wisilica/Downloads/WiseStandard-oauth2_branch-1/wiseconnectSuite/wiseconnectDao/target/wiseconnectDao-1.0-SNAPSHOT.jar!/com/wisilica/wiseconnect/dao/repository/TagRepository.class]
25-04-2019 19:06:27.965 reqId=[] DEBUG 8570 --- [           main] o.s.d.r.c.RepositoryComponentProvider    : Identified candidate component class: URL [jar:file:/home/wisilica/Downloads/WiseStandard-oauth2_branch-1/wiseconnectSuite/wiseconnectDao/target/wiseconnectDao-1.0-SNAPSHOT.jar!/com/wisilica/wiseconnect/dao/repository/WideInfoRepository.class]
25-04-2019 19:06:27.966 reqId=[] DEBUG 8570 --- [           main] o.s.d.r.c.RepositoryComponentProvider    : Identified candidate component class: URL [jar:file:/home/wisilica/Downloads/WiseStandard-oauth2_branch-1/wiseconnectSuite/wiseconnectDao/target/wiseconnectDao-1.0-SNAPSHOT.jar!/com/wisilica/wiseconnect/dao/repository/UserRoleRepository.class]
25-04-2019 19:06:27.966 reqId=[] DEBUG 8570 --- [           main] o.s.d.r.c.RepositoryComponentProvider    : Identified candidate component class: URL [jar:file:/home/wisilica/Downloads/WiseStandard-oauth2_branch-1/wiseconnectSuite/wiseconnectDao/target/wiseconnectDao-1.0-SNAPSHOT.jar!/com/wisilica/wiseconnect/dao/repository/SocketAuthenticationRepository.class]
25-04-2019 19:06:27.967 reqId=[] DEBUG 8570 --- [           main] o.s.d.r.c.RepositoryComponentProvider    : Identified candidate component class: URL [jar:file:/home/wisilica/Downloads/WiseStandard-oauth2_branch-1/wiseconnectSuite/wiseconnectDao/target/wiseconnectDao-1.0-SNAPSHOT.jar!/com/wisilica/wiseconnect/dao/repository/UserRepository.class]
25-04-2019 19:06:27.967 reqId=[] DEBUG 8570 --- [           main] o.s.d.r.c.RepositoryComponentProvider    : Identified candidate component class: URL [jar:file:/home/wisilica/Downloads/WiseStandard-oauth2_branch-1/wiseconnectSuite/wiseconnectDao/target/wiseconnectDao-1.0-SNAPSHOT.jar!/com/wisilica/wiseconnect/dao/repository/BundleClientMappingRepository.class]
25-04-2019 19:06:27.967 reqId=[] DEBUG 8570 --- [           main] o.s.d.r.c.RepositoryComponentProvider    : Identified candidate component class: URL [jar:file:/home/wisilica/Downloads/WiseStandard-oauth2_branch-1/wiseconnectSuite/wiseconnectDao/target/wiseconnectDao-1.0-SNAPSHOT.jar!/com/wisilica/wiseconnect/dao/repository/AppInfoRepository.class]
25-04-2019 19:06:27.968 reqId=[] DEBUG 8570 --- [           main] o.s.d.r.c.RepositoryComponentProvider    : Identified candidate component class: URL [jar:file:/home/wisilica/Downloads/WiseStandard-oauth2_branch-1/wiseconnectSuite/wiseconnectDao/target/wiseconnectDao-1.0-SNAPSHOT.jar!/com/wisilica/wiseconnect/dao/repository/RolesRepository.class]
25-04-2019 19:06:27.968 reqId=[] DEBUG 8570 --- [           main] o.s.d.r.c.RepositoryComponentProvider    : Identified candidate component class: URL [jar:file:/home/wisilica/Downloads/WiseStandard-oauth2_branch-1/wiseconnectSuite/wiseconnectDao/target/wiseconnectDao-1.0-SNAPSHOT.jar!/com/wisilica/wiseconnect/dao/repository/BundleRepository.class]
25-04-2019 19:06:27.969 reqId=[] DEBUG 8570 --- [           main] o.s.d.r.c.RepositoryComponentProvider    : Identified candidate component class: URL [jar:file:/home/wisilica/Downloads/WiseStandard-oauth2_branch-1/wiseconnectSuite/wiseconnectDao/target/wiseconnectDao-1.0-SNAPSHOT.jar!/com/wisilica/wiseconnect/dao/repository/OrganizationRepository.class]
25-04-2019 19:06:27.969 reqId=[] DEBUG 8570 --- [           main] o.s.d.r.c.RepositoryComponentProvider    : Identified candidate component class: URL [jar:file:/home/wisilica/Downloads/WiseStandard-oauth2_branch-1/wiseconnectSuite/wiseconnectDao/target/wiseconnectDao-1.0-SNAPSHOT.jar!/com/wisilica/wiseconnect/dao/repository/NotificationRepository.class]
25-04-2019 19:06:27.969 reqId=[] DEBUG 8570 --- [           main] o.s.d.r.c.RepositoryComponentProvider    : Identified candidate component class: URL [jar:file:/home/wisilica/Downloads/WiseStandard-oauth2_branch-1/wiseconnectSuite/wiseconnectDao/target/wiseconnectDao-1.0-SNAPSHOT.jar!/com/wisilica/wiseconnect/dao/repository/BridgeListenerInfoRepository.class]
25-04-2019 19:06:27.970 reqId=[] DEBUG 8570 --- [           main] o.s.d.r.c.RepositoryComponentProvider    : Identified candidate component class: URL [jar:file:/home/wisilica/Downloads/WiseStandard-oauth2_branch-1/wiseconnectSuite/wiseconnectDao/target/wiseconnectDao-1.0-SNAPSHOT.jar!/com/wisilica/wiseconnect/dao/repository/UserLoginInfoRepository.class]
25-04-2019 19:06:27.978 reqId=[]  INFO 8570 --- [           main] .RepositoryConfigurationExtensionSupport : Spring Data Redis - Could not safely identify store assignment for repository candidate interface com.wisilica.wiseconnect.dao.repository.UserSubOrgPermissionsRepository.
25-04-2019 19:06:27.979 reqId=[]  INFO 8570 --- [           main] .RepositoryConfigurationExtensionSupport : Spring Data Redis - Could not safely identify store assignment for repository candidate interface com.wisilica.wiseconnect.dao.repository.PhoneRepository.
25-04-2019 19:06:27.980 reqId=[]  INFO 8570 --- [           main] .RepositoryConfigurationExtensionSupport : Spring Data Redis - Could not safely identify store assignment for repository candidate interface com.wisilica.wiseconnect.dao.repository.TagRepository.
25-04-2019 19:06:27.981 reqId=[]  INFO 8570 --- [           main] .RepositoryConfigurationExtensionSupport : Spring Data Redis - Could not safely identify store assignment for repository candidate interface com.wisilica.wiseconnect.dao.repository.WideInfoRepository.
25-04-2019 19:06:27.982 reqId=[]  INFO 8570 --- [           main] .RepositoryConfigurationExtensionSupport : Spring Data Redis - Could not safely identify store assignment for repository candidate interface com.wisilica.wiseconnect.dao.repository.UserRoleRepository.
25-04-2019 19:06:27.983 reqId=[]  INFO 8570 --- [           main] .RepositoryConfigurationExtensionSupport : Spring Data Redis - Could not safely identify store assignment for repository candidate interface com.wisilica.wiseconnect.dao.repository.SocketAuthenticationRepository.
25-04-2019 19:06:27.984 reqId=[]  INFO 8570 --- [           main] .RepositoryConfigurationExtensionSupport : Spring Data Redis - Could not safely identify store assignment for repository candidate interface com.wisilica.wiseconnect.dao.repository.UserRepository.
25-04-2019 19:06:27.985 reqId=[]  INFO 8570 --- [           main] .RepositoryConfigurationExtensionSupport : Spring Data Redis - Could not safely identify store assignment for repository candidate interface com.wisilica.wiseconnect.dao.repository.BundleClientMappingRepository.
25-04-2019 19:06:27.986 reqId=[]  INFO 8570 --- [           main] .RepositoryConfigurationExtensionSupport : Spring Data Redis - Could not safely identify store assignment for repository candidate interface com.wisilica.wiseconnect.dao.repository.AppInfoRepository.
25-04-2019 19:06:27.987 reqId=[]  INFO 8570 --- [           main] .RepositoryConfigurationExtensionSupport : Spring Data Redis - Could not safely identify store assignment for repository candidate interface com.wisilica.wiseconnect.dao.repository.RolesRepository.
25-04-2019 19:06:27.988 reqId=[]  INFO 8570 --- [           main] .RepositoryConfigurationExtensionSupport : Spring Data Redis - Could not safely identify store assignment for repository candidate interface com.wisilica.wiseconnect.dao.repository.BundleRepository.
25-04-2019 19:06:27.989 reqId=[]  INFO 8570 --- [           main] .RepositoryConfigurationExtensionSupport : Spring Data Redis - Could not safely identify store assignment for repository candidate interface com.wisilica.wiseconnect.dao.repository.OrganizationRepository.
25-04-2019 19:06:27.990 reqId=[]  INFO 8570 --- [           main] .RepositoryConfigurationExtensionSupport : Spring Data Redis - Could not safely identify store assignment for repository candidate interface com.wisilica.wiseconnect.dao.repository.NotificationRepository.
25-04-2019 19:06:27.991 reqId=[]  INFO 8570 --- [           main] .RepositoryConfigurationExtensionSupport : Spring Data Redis - Could not safely identify store assignment for repository candidate interface com.wisilica.wiseconnect.dao.repository.BridgeListenerInfoRepository.
25-04-2019 19:06:27.992 reqId=[]  INFO 8570 --- [           main] .RepositoryConfigurationExtensionSupport : Spring Data Redis - Could not safely identify store assignment for repository candidate interface com.wisilica.wiseconnect.dao.repository.UserLoginInfoRepository.
25-04-2019 19:06:27.992 reqId=[]  INFO 8570 --- [           main] .s.d.r.c.RepositoryConfigurationDelegate : Finished Spring Data repository scanning in 39ms. Found 0 repository interfaces.
25-04-2019 19:06:28.106 reqId=[] DEBUG 8570 --- [           main] o.s.c.e.PropertySourcesPropertyResolver  : Found key 'server.port' in PropertySource 'configurationProperties' with value of type String
25-04-2019 19:06:28.374 reqId=[] DEBUG 8570 --- [           main] o.s.b.f.s.DefaultListableBeanFactory     : Creating shared instance of singleton bean 'org.springframework.security.oauth2.config.annotation.web.configuration.AuthorizationServerEndpointsConfiguration$TokenKeyEndpointRegistrar'
25-04-2019 19:06:28.763 reqId=[] DEBUG 8570 --- [           main] o.s.b.f.s.DefaultListableBeanFactory     : Creating shared instance of singleton bean 'propertySourcesPlaceholderConfigurer'
25-04-2019 19:06:28.774 reqId=[] DEBUG 8570 --- [           main] o.s.b.f.s.DefaultListableBeanFactory     : Creating shared instance of singleton bean 'org.springframework.boot.test.mock.mockito.MockitoPostProcessor'
25-04-2019 19:06:28.776 reqId=[] DEBUG 8570 --- [           main] o.s.b.f.s.DefaultListableBeanFactory     : Creating shared instance of singleton bean 'emBeanDefinitionRegistrarPostProcessor'
25-04-2019 19:06:28.909 reqId=[] DEBUG 8570 --- [           main] o.s.b.f.s.DefaultListableBeanFactory     : Creating shared instance of singleton bean 'org.springframework.context.event.internalEventListenerProcessor'
25-04-2019 19:06:28.911 reqId=[] DEBUG 8570 --- [           main] o.s.b.f.s.DefaultListableBeanFactory     : Creating shared instance of singleton bean 'org.springframework.boot.context.properties.ConfigurationBeanFactoryMetadata'
25-04-2019 19:06:28.911 reqId=[] DEBUG 8570 --- [           main] o.s.b.f.s.DefaultListableBeanFactory     : Creating shared instance of singleton bean 'preserveErrorControllerTargetClassPostProcessor'
25-04-2019 19:06:28.914 reqId=[] DEBUG 8570 --- [           main] o.s.b.f.s.DefaultListableBeanFactory     : Creating shared instance of singleton bean 'org.springframework.context.event.internalEventListenerFactory'
25-04-2019 19:06:28.915 reqId=[] DEBUG 8570 --- [           main] o.s.b.f.s.DefaultListableBeanFactory     : Creating shared instance of singleton bean 'org.springframework.transaction.config.internalTransactionalEventListenerFactory'
25-04-2019 19:06:28.926 reqId=[] DEBUG 8570 --- [           main] o.s.b.f.s.DefaultListableBeanFactory     : Creating shared instance of singleton bean 'org.springframework.boot.test.mock.mockito.MockitoPostProcessor$SpyPostProcessor'
25-04-2019 19:06:28.926 reqId=[] DEBUG 8570 --- [           main] o.s.b.f.s.DefaultListableBeanFactory     : Creating shared instance of singleton bean 'org.springframework.context.annotation.internalAutowiredAnnotationProcessor'
25-04-2019 19:06:28.928 reqId=[] DEBUG 8570 --- [           main] o.s.b.f.s.DefaultListableBeanFactory     : Creating shared instance of singleton bean 'org.springframework.context.annotation.internalCommonAnnotationProcessor'
25-04-2019 19:06:28.950 reqId=[] DEBUG 8570 --- [           main] o.s.b.f.s.DefaultListableBeanFactory     : Creating shared instance of singleton bean 'org.springframework.context.annotation.internalPersistenceAnnotationProcessor'
25-04-2019 19:06:28.950 reqId=[] DEBUG 8570 --- [           main] o.s.b.f.s.DefaultListableBeanFactory     : Creating shared instance of singleton bean 'org.springframework.boot.context.properties.ConfigurationPropertiesBindingPostProcessor'
25-04-2019 19:06:28.954 reqId=[] DEBUG 8570 --- [           main] o.s.b.f.s.DefaultListableBeanFactory     : Creating shared instance of singleton bean 'org.springframework.aop.config.internalAutoProxyCreator'
25-04-2019 19:06:29.029 reqId=[] DEBUG 8570 --- [           main] o.s.b.f.s.DefaultListableBeanFactory     : Creating shared instance of singleton bean 'methodValidationPostProcessor'
25-04-2019 19:06:29.086 reqId=[] DEBUG 8570 --- [           main] o.s.b.f.s.DefaultListableBeanFactory     : Autowiring by type from bean name 'methodValidationPostProcessor' via factory method to bean named 'environment'
25-04-2019 19:06:29.104 reqId=[] DEBUG 8570 --- [           main] o.s.b.f.s.DefaultListableBeanFactory     : Creating shared instance of singleton bean 'dataSourceInitializerPostProcessor'
25-04-2019 19:06:29.110 reqId=[] DEBUG 8570 --- [           main] o.s.b.f.s.DefaultListableBeanFactory     : Creating shared instance of singleton bean 'persistenceExceptionTranslationPostProcessor'
25-04-2019 19:06:29.113 reqId=[] DEBUG 8570 --- [           main] o.s.b.f.s.DefaultListableBeanFactory     : Autowiring by type from bean name 'persistenceExceptionTranslationPostProcessor' via factory method to bean named 'environment'
25-04-2019 19:06:29.123 reqId=[] DEBUG 8570 --- [           main] o.s.b.f.s.DefaultListableBeanFactory     : Creating shared instance of singleton bean 'webServerFactoryCustomizerBeanPostProcessor'
25-04-2019 19:06:29.128 reqId=[] DEBUG 8570 --- [           main] o.s.b.f.s.DefaultListableBeanFactory     : Creating shared instance of singleton bean 'errorPageRegistrarBeanPostProcessor'
25-04-2019 19:06:29.133 reqId=[] DEBUG 8570 --- [           main] o.s.b.f.s.DefaultListableBeanFactory     : Creating shared instance of singleton bean 'meterRegistryPostProcessor'
25-04-2019 19:06:29.136 reqId=[] DEBUG 8570 --- [           main] o.s.b.f.s.DefaultListableBeanFactory     : Creating shared instance of singleton bean 'org.springframework.transaction.config.internalTransactionAdvisor'
25-04-2019 19:06:29.136 reqId=[] DEBUG 8570 --- [           main] o.s.b.f.s.DefaultListableBeanFactory     : Creating shared instance of singleton bean 'org.springframework.transaction.annotation.ProxyTransactionManagementConfiguration'
25-04-2019 19:06:29.179 reqId=[] DEBUG 8570 --- [           main] .s.a.a.a.ReflectiveAspectJAdvisorFactory : Found AspectJ method: public java.lang.Object com.wisilica.wiseconnect.commons.aop.ExecutionContextSetter.executionContextSetAroundAdvice(org.aspectj.lang.ProceedingJoinPoint) throws java.lang.Throwable
25-04-2019 19:06:29.211 reqId=[]  INFO 8570 --- [           main] trationDelegate$BeanPostProcessorChecker : Bean 'org.springframework.transaction.annotation.ProxyTransactionManagementConfiguration' of type [org.springframework.transaction.annotation.ProxyTransactionManagementConfiguration$$EnhancerBySpringCGLIB$$63e5ef59] is not eligible for getting processed by all BeanPostProcessors (for example: not eligible for auto-proxying)
25-04-2019 19:06:29.409 reqId=[] DEBUG 8570 --- [           main] o.s.b.f.s.DefaultListableBeanFactory     : Creating shared instance of singleton bean 'transactionAttributeSource'
25-04-2019 19:06:29.426 reqId=[] DEBUG 8570 --- [           main] o.s.b.f.s.DefaultListableBeanFactory     : Creating shared instance of singleton bean 'transactionInterceptor'
25-04-2019 19:06:29.459 reqId=[] DEBUG 8570 --- [           main] o.s.b.f.s.DefaultListableBeanFactory     : Creating shared instance of singleton bean 'projectingArgumentResolverBeanPostProcessor'
25-04-2019 19:06:29.503 reqId=[] DEBUG 8570 --- [           main] o.s.b.f.s.DefaultListableBeanFactory     : Creating shared instance of singleton bean 'messageSource'
25-04-2019 19:06:29.503 reqId=[] DEBUG 8570 --- [           main] o.s.b.f.s.DefaultListableBeanFactory     : Creating shared instance of singleton bean 'wiseconnectConfig'
25-04-2019 19:06:29.516 reqId=[] DEBUG 8570 --- [           main] o.s.b.f.s.DefaultListableBeanFactory     : Creating shared instance of singleton bean 'securityInterceptor'
25-04-2019 19:06:29.525 reqId=[] DEBUG 8570 --- [           main] o.s.b.f.s.DefaultListableBeanFactory     : Creating shared instance of singleton bean 'authenticationServiceImpl'
25-04-2019 19:06:29.536 reqId=[] DEBUG 8570 --- [           main] o.s.b.f.s.DefaultListableBeanFactory     : Creating shared instance of singleton bean 'authenticationDaoImpl'
25-04-2019 19:06:29.545 reqId=[] DEBUG 8570 --- [           main] o.s.b.f.s.DefaultListableBeanFactory     : Creating shared instance of singleton bean 'entityManagerFactory'
25-04-2019 19:06:29.545 reqId=[] DEBUG 8570 --- [           main] o.s.b.f.s.DefaultListableBeanFactory     : Creating shared instance of singleton bean 'databaseConfig'
25-04-2019 19:06:29.568 reqId=[] DEBUG 8570 --- [           main] o.s.b.f.s.DefaultListableBeanFactory     : Creating shared instance of singleton bean 'masterDataSource'
25-04-2019 19:06:29.967 reqId=[] DEBUG 8570 --- [           main] o.s.b.f.s.DefaultListableBeanFactory     : Creating shared instance of singleton bean 'org.springframework.boot.autoconfigure.jdbc.DataSourceInitializerInvoker'
25-04-2019 19:06:29.972 reqId=[] DEBUG 8570 --- [           main] o.s.b.f.s.DefaultListableBeanFactory     : Creating shared instance of singleton bean 'spring.datasource-org.springframework.boot.autoconfigure.jdbc.DataSourceProperties'
25-04-2019 19:06:30.001 reqId=[] DEBUG 8570 --- [           main] o.s.b.f.s.DefaultListableBeanFactory     : Autowiring by type from bean name 'org.springframework.boot.autoconfigure.jdbc.DataSourceInitializerInvoker' via constructor to bean named 'spring.datasource-org.springframework.boot.autoconfigure.jdbc.DataSourceProperties'
25-04-2019 19:06:30.001 reqId=[] DEBUG 8570 --- [           main] o.s.b.f.s.DefaultListableBeanFactory     : Autowiring by type from bean name 'org.springframework.boot.autoconfigure.jdbc.DataSourceInitializerInvoker' via constructor to bean named 'org.springframework.web.context.support.GenericWebApplicationContext@2438dcd'
25-04-2019 19:06:30.009 reqId=[] DEBUG 8570 --- [           main] o.s.b.f.s.DefaultListableBeanFactory     : Creating shared instance of singleton bean 'readerDataSource'
25-04-2019 19:06:30.032 reqId=[] DEBUG 8570 --- [           main] o.s.b.f.s.DefaultListableBeanFactory     : Creating shared instance of singleton bean 'dataSource'
25-04-2019 19:06:30.067 reqId=[] DEBUG 8570 --- [           main] o.s.c.e.PropertySourcesPropertyResolver  : Found key 'hibernate.format_sql' in PropertySource 'applicationConfig: [classpath:/application.properties]' with value of type String
25-04-2019 19:06:30.067 reqId=[] DEBUG 8570 --- [           main] o.s.c.e.PropertySourcesPropertyResolver  : Found key 'hibernate.show_sql' in PropertySource 'applicationConfig: [classpath:/application.properties]' with value of type String
25-04-2019 19:06:30.106 reqId=[] DEBUG 8570 --- [           main] j.LocalContainerEntityManagerFactoryBean : Building JPA container EntityManagerFactory for persistence unit 'default'
25-04-2019 19:06:30.204 reqId=[]  INFO 8570 --- [           main] o.hibernate.jpa.internal.util.LogHelper  : HHH000204: Processing PersistenceUnitInfo [
	name: default
	...]
25-04-2019 19:06:30.492 reqId=[]  INFO 8570 --- [           main] org.hibernate.Version                    : HHH000412: Hibernate Core {5.3.7.Final}
25-04-2019 19:06:30.504 reqId=[]  INFO 8570 --- [           main] org.hibernate.cfg.Environment            : HHH000206: hibernate.properties not found
25-04-2019 19:06:31.067 reqId=[]  INFO 8570 --- [           main] o.hibernate.annotations.common.Version   : HCANN000001: Hibernate Commons Annotations {5.0.4.Final}
25-04-2019 19:06:31.440 reqId=[]  INFO 8570 --- [           main] com.zaxxer.hikari.HikariDataSource       : HikariPool-1 - Starting...
25-04-2019 19:06:32.606 reqId=[] ERROR 8570 --- [           main] com.zaxxer.hikari.pool.HikariPool        : HikariPool-1 - Exception during pool initialization.

com.mysql.cj.jdbc.exceptions.CommunicationsException: Communications link failure

The last packet sent successfully to the server was 0 milliseconds ago. The driver has not received any packets from the server.
	at com.mysql.cj.jdbc.exceptions.SQLError.createCommunicationsException(SQLError.java:174)
	at com.mysql.cj.jdbc.exceptions.SQLExceptionsMapping.translateException(SQLExceptionsMapping.java:64)
	at com.mysql.cj.jdbc.ConnectionImpl.createNewIO(ConnectionImpl.java:835)
	at com.mysql.cj.jdbc.ConnectionImpl.<init>(ConnectionImpl.java:455)
	at com.mysql.cj.jdbc.ConnectionImpl.getInstance(ConnectionImpl.java:240)
	at com.mysql.cj.jdbc.NonRegisteringDriver.connect(NonRegisteringDriver.java:207)
	at com.zaxxer.hikari.util.DriverDataSource.getConnection(DriverDataSource.java:136)
	at com.zaxxer.hikari.pool.PoolBase.newConnection(PoolBase.java:369)
	at com.zaxxer.hikari.pool.PoolBase.newPoolEntry(PoolBase.java:198)
	at com.zaxxer.hikari.pool.HikariPool.createPoolEntry(HikariPool.java:467)
	at com.zaxxer.hikari.pool.HikariPool.checkFailFast(HikariPool.java:541)
	at com.zaxxer.hikari.pool.HikariPool.<init>(HikariPool.java:115)
	at com.zaxxer.hikari.HikariDataSource.getConnection(HikariDataSource.java:112)
	at org.springframework.jdbc.datasource.lookup.AbstractRoutingDataSource.getConnection(AbstractRoutingDataSource.java:169)
	at org.hibernate.engine.jdbc.connections.internal.DatasourceConnectionProviderImpl.getConnection(DatasourceConnectionProviderImpl.java:122)
	at org.hibernate.engine.jdbc.env.internal.JdbcEnvironmentInitiator$ConnectionProviderJdbcConnectionAccess.obtainConnection(JdbcEnvironmentInitiator.java:180)
	at org.hibernate.engine.jdbc.env.internal.JdbcEnvironmentInitiator.initiateService(JdbcEnvironmentInitiator.java:68)
	at org.hibernate.engine.jdbc.env.internal.JdbcEnvironmentInitiator.initiateService(JdbcEnvironmentInitiator.java:35)
	at org.hibernate.boot.registry.internal.StandardServiceRegistryImpl.initiateService(StandardServiceRegistryImpl.java:94)
	at org.hibernate.service.internal.AbstractServiceRegistryImpl.createService(AbstractServiceRegistryImpl.java:263)
	at org.hibernate.service.internal.AbstractServiceRegistryImpl.initializeService(AbstractServiceRegistryImpl.java:237)
	at org.hibernate.service.internal.AbstractServiceRegistryImpl.getService(AbstractServiceRegistryImpl.java:214)
	at org.hibernate.id.factory.internal.DefaultIdentifierGeneratorFactory.injectServices(DefaultIdentifierGeneratorFactory.java:152)
	at org.hibernate.service.internal.AbstractServiceRegistryImpl.injectDependencies(AbstractServiceRegistryImpl.java:286)
	at org.hibernate.service.internal.AbstractServiceRegistryImpl.initializeService(AbstractServiceRegistryImpl.java:243)
	at org.hibernate.service.internal.AbstractServiceRegistryImpl.getService(AbstractServiceRegistryImpl.java:214)
	at org.hibernate.boot.internal.InFlightMetadataCollectorImpl.<init>(InFlightMetadataCollectorImpl.java:179)
	at org.hibernate.boot.model.process.spi.MetadataBuildingProcess.complete(MetadataBuildingProcess.java:119)
	at org.hibernate.jpa.boot.internal.EntityManagerFactoryBuilderImpl.metadata(EntityManagerFactoryBuilderImpl.java:904)
	at org.hibernate.jpa.boot.internal.EntityManagerFactoryBuilderImpl.build(EntityManagerFactoryBuilderImpl.java:935)
	at org.hibernate.jpa.HibernatePersistenceProvider.createContainerEntityManagerFactory(HibernatePersistenceProvider.java:141)
	at org.springframework.orm.jpa.LocalContainerEntityManagerFactoryBean.createNativeEntityManagerFactory(LocalContainerEntityManagerFactoryBean.java:365)
	at org.springframework.orm.jpa.AbstractEntityManagerFactoryBean.buildNativeEntityManagerFactory(AbstractEntityManagerFactoryBean.java:390)
	at org.springframework.orm.jpa.AbstractEntityManagerFactoryBean.afterPropertiesSet(AbstractEntityManagerFactoryBean.java:377)
	at org.springframework.orm.jpa.LocalContainerEntityManagerFactoryBean.afterPropertiesSet(LocalContainerEntityManagerFactoryBean.java:341)
	at org.springframework.beans.factory.support.AbstractAutowireCapableBeanFactory.invokeInitMethods(AbstractAutowireCapableBeanFactory.java:1804)
	at org.springframework.beans.factory.support.AbstractAutowireCapableBeanFactory.initializeBean(AbstractAutowireCapableBeanFactory.java:1741)
	at org.springframework.beans.factory.support.AbstractAutowireCapableBeanFactory.doCreateBean(AbstractAutowireCapableBeanFactory.java:576)
	at org.springframework.beans.factory.support.AbstractAutowireCapableBeanFactory.createBean(AbstractAutowireCapableBeanFactory.java:498)
	at org.springframework.beans.factory.support.AbstractBeanFactory.lambda$doGetBean$0(AbstractBeanFactory.java:320)
	at org.springframework.beans.factory.support.DefaultSingletonBeanRegistry.getSingleton(DefaultSingletonBeanRegistry.java:222)
	at org.springframework.beans.factory.support.AbstractBeanFactory.doGetBean(AbstractBeanFactory.java:318)
	at org.springframework.beans.factory.support.AbstractBeanFactory.getBean(AbstractBeanFactory.java:224)
	at org.springframework.beans.factory.support.DefaultListableBeanFactory.resolveNamedBean(DefaultListableBeanFactory.java:1112)
	at org.springframework.beans.factory.support.DefaultListableBeanFactory.resolveNamedBean(DefaultListableBeanFactory.java:1079)
	at org.springframework.orm.jpa.support.PersistenceAnnotationBeanPostProcessor.findDefaultEntityManagerFactory(PersistenceAnnotationBeanPostProcessor.java:580)
	at org.springframework.orm.jpa.support.PersistenceAnnotationBeanPostProcessor.findEntityManagerFactory(PersistenceAnnotationBeanPostProcessor.java:543)
	at org.springframework.orm.jpa.support.PersistenceAnnotationBeanPostProcessor$PersistenceElement.resolveEntityManager(PersistenceAnnotationBeanPostProcessor.java:711)
	at org.springframework.orm.jpa.support.PersistenceAnnotationBeanPostProcessor$PersistenceElement.getResourceToInject(PersistenceAnnotationBeanPostProcessor.java:684)
	at org.springframework.beans.factory.annotation.InjectionMetadata$InjectedElement.inject(InjectionMetadata.java:180)
	at org.springframework.beans.factory.annotation.InjectionMetadata.inject(InjectionMetadata.java:90)
	at org.springframework.orm.jpa.support.PersistenceAnnotationBeanPostProcessor.postProcessProperties(PersistenceAnnotationBeanPostProcessor.java:356)
	at org.springframework.beans.factory.support.AbstractAutowireCapableBeanFactory.populateBean(AbstractAutowireCapableBeanFactory.java:1378)
	at org.springframework.beans.factory.support.AbstractAutowireCapableBeanFactory.doCreateBean(AbstractAutowireCapableBeanFactory.java:575)
	at org.springframework.beans.factory.support.AbstractAutowireCapableBeanFactory.createBean(AbstractAutowireCapableBeanFactory.java:498)
	at org.springframework.beans.factory.support.AbstractBeanFactory.lambda$doGetBean$0(AbstractBeanFactory.java:320)
	at org.springframework.beans.factory.support.DefaultSingletonBeanRegistry.getSingleton(DefaultSingletonBeanRegistry.java:222)
	at org.springframework.beans.factory.support.AbstractBeanFactory.doGetBean(AbstractBeanFactory.java:318)
	at org.springframework.beans.factory.support.AbstractBeanFactory.getBean(AbstractBeanFactory.java:199)
	at org.springframework.beans.factory.config.DependencyDescriptor.resolveCandidate(DependencyDescriptor.java:273)
	at org.springframework.beans.factory.support.DefaultListableBeanFactory.doResolveDependency(DefaultListableBeanFactory.java:1237)
	at org.springframework.beans.factory.support.DefaultListableBeanFactory.resolveDependency(DefaultListableBeanFactory.java:1164)
	at org.springframework.beans.factory.annotation.AutowiredAnnotationBeanPostProcessor$AutowiredFieldElement.inject(AutowiredAnnotationBeanPostProcessor.java:593)
	at org.springframework.beans.factory.annotation.InjectionMetadata.inject(InjectionMetadata.java:90)
	at org.springframework.beans.factory.annotation.AutowiredAnnotationBeanPostProcessor.postProcessProperties(AutowiredAnnotationBeanPostProcessor.java:374)
	at org.springframework.beans.factory.support.AbstractAutowireCapableBeanFactory.populateBean(AbstractAutowireCapableBeanFactory.java:1378)
	at org.springframework.beans.factory.support.AbstractAutowireCapableBeanFactory.doCreateBean(AbstractAutowireCapableBeanFactory.java:575)
	at org.springframework.beans.factory.support.AbstractAutowireCapableBeanFactory.createBean(AbstractAutowireCapableBeanFactory.java:498)
	at org.springframework.beans.factory.support.AbstractBeanFactory.lambda$doGetBean$0(AbstractBeanFactory.java:320)
	at org.springframework.beans.factory.support.DefaultSingletonBeanRegistry.getSingleton(DefaultSingletonBeanRegistry.java:222)
	at org.springframework.beans.factory.support.AbstractBeanFactory.doGetBean(AbstractBeanFactory.java:318)
	at org.springframework.beans.factory.support.AbstractBeanFactory.getBean(AbstractBeanFactory.java:199)
	at org.springframework.beans.factory.config.DependencyDescriptor.resolveCandidate(DependencyDescriptor.java:273)
	at org.springframework.beans.factory.support.DefaultListableBeanFactory.doResolveDependency(DefaultListableBeanFactory.java:1237)
	at org.springframework.beans.factory.support.DefaultListableBeanFactory.resolveDependency(DefaultListableBeanFactory.java:1164)
	at org.springframework.beans.factory.annotation.AutowiredAnnotationBeanPostProcessor$AutowiredFieldElement.inject(AutowiredAnnotationBeanPostProcessor.java:593)
	at org.springframework.beans.factory.annotation.InjectionMetadata.inject(InjectionMetadata.java:90)
	at org.springframework.beans.factory.annotation.AutowiredAnnotationBeanPostProcessor.postProcessProperties(AutowiredAnnotationBeanPostProcessor.java:374)
	at org.springframework.beans.factory.support.AbstractAutowireCapableBeanFactory.populateBean(AbstractAutowireCapableBeanFactory.java:1378)
	at org.springframework.beans.factory.support.AbstractAutowireCapableBeanFactory.doCreateBean(AbstractAutowireCapableBeanFactory.java:575)
	at org.springframework.beans.factory.support.AbstractAutowireCapableBeanFactory.createBean(AbstractAutowireCapableBeanFactory.java:498)
	at org.springframework.beans.factory.support.AbstractBeanFactory.lambda$doGetBean$0(AbstractBeanFactory.java:320)
	at org.springframework.beans.factory.support.DefaultSingletonBeanRegistry.getSingleton(DefaultSingletonBeanRegistry.java:222)
	at org.springframework.beans.factory.support.AbstractBeanFactory.doGetBean(AbstractBeanFactory.java:318)
	at org.springframework.beans.factory.support.AbstractBeanFactory.getBean(AbstractBeanFactory.java:199)
	at org.springframework.beans.factory.config.DependencyDescriptor.resolveCandidate(DependencyDescriptor.java:273)
	at org.springframework.beans.factory.support.DefaultListableBeanFactory.doResolveDependency(DefaultListableBeanFactory.java:1237)
	at org.springframework.beans.factory.support.DefaultListableBeanFactory.resolveDependency(DefaultListableBeanFactory.java:1164)
	at org.springframework.beans.factory.annotation.AutowiredAnnotationBeanPostProcessor$AutowiredFieldElement.inject(AutowiredAnnotationBeanPostProcessor.java:593)
	at org.springframework.beans.factory.annotation.InjectionMetadata.inject(InjectionMetadata.java:90)
	at org.springframework.beans.factory.annotation.AutowiredAnnotationBeanPostProcessor.postProcessProperties(AutowiredAnnotationBeanPostProcessor.java:374)
	at org.springframework.beans.factory.support.AbstractAutowireCapableBeanFactory.populateBean(AbstractAutowireCapableBeanFactory.java:1378)
	at org.springframework.beans.factory.support.AbstractAutowireCapableBeanFactory.doCreateBean(AbstractAutowireCapableBeanFactory.java:575)
	at org.springframework.beans.factory.support.AbstractAutowireCapableBeanFactory.createBean(AbstractAutowireCapableBeanFactory.java:498)
	at org.springframework.beans.factory.support.AbstractBeanFactory.lambda$doGetBean$0(AbstractBeanFactory.java:320)
	at org.springframework.beans.factory.support.DefaultSingletonBeanRegistry.getSingleton(DefaultSingletonBeanRegistry.java:222)
	at org.springframework.beans.factory.support.AbstractBeanFactory.doGetBean(AbstractBeanFactory.java:318)
	at org.springframework.beans.factory.support.AbstractBeanFactory.getBean(AbstractBeanFactory.java:199)
	at org.springframework.beans.factory.support.ConstructorResolver.instantiateUsingFactoryMethod(ConstructorResolver.java:392)
	at org.springframework.beans.factory.support.AbstractAutowireCapableBeanFactory.instantiateUsingFactoryMethod(AbstractAutowireCapableBeanFactory.java:1288)
	at org.springframework.beans.factory.support.AbstractAutowireCapableBeanFactory.createBeanInstance(AbstractAutowireCapableBeanFactory.java:1127)
	at org.springframework.beans.factory.support.AbstractAutowireCapableBeanFactory.doCreateBean(AbstractAutowireCapableBeanFactory.java:538)
	at org.springframework.beans.factory.support.AbstractAutowireCapableBeanFactory.createBean(AbstractAutowireCapableBeanFactory.java:498)
	at org.springframework.beans.factory.support.AbstractBeanFactory.lambda$doGetBean$0(AbstractBeanFactory.java:320)
	at org.springframework.beans.factory.support.DefaultSingletonBeanRegistry.getSingleton(DefaultSingletonBeanRegistry.java:222)
	at org.springframework.beans.factory.support.AbstractBeanFactory.doGetBean(AbstractBeanFactory.java:318)
	at org.springframework.beans.factory.support.AbstractBeanFactory.getBean(AbstractBeanFactory.java:204)
	at org.springframework.context.support.AbstractApplicationContext.initMessageSource(AbstractApplicationContext.java:717)
	at org.springframework.context.support.AbstractApplicationContext.refresh(AbstractApplicationContext.java:534)
	at org.springframework.boot.SpringApplication.refresh(SpringApplication.java:775)
	at org.springframework.boot.SpringApplication.refreshContext(SpringApplication.java:397)
	at org.springframework.boot.SpringApplication.run(SpringApplication.java:316)
	at org.springframework.boot.test.context.SpringBootContextLoader.loadContext(SpringBootContextLoader.java:127)
	at org.springframework.test.context.cache.DefaultCacheAwareContextLoaderDelegate.loadContextInternal(DefaultCacheAwareContextLoaderDelegate.java:99)
	at org.springframework.test.context.cache.DefaultCacheAwareContextLoaderDelegate.loadContext(DefaultCacheAwareContextLoaderDelegate.java:117)
	at org.springframework.test.context.support.DefaultTestContext.getApplicationContext(DefaultTestContext.java:108)
	at org.springframework.test.context.web.ServletTestExecutionListener.setUpRequestContextIfNecessary(ServletTestExecutionListener.java:190)
	at org.springframework.test.context.web.ServletTestExecutionListener.prepareTestInstance(ServletTestExecutionListener.java:132)
	at org.springframework.test.context.TestContextManager.prepareTestInstance(TestContextManager.java:246)
	at org.springframework.test.context.junit4.SpringJUnit4ClassRunner.createTest(SpringJUnit4ClassRunner.java:227)
	at org.springframework.test.context.junit4.SpringJUnit4ClassRunner$1.runReflectiveCall(SpringJUnit4ClassRunner.java:289)
	at org.junit.internal.runners.model.ReflectiveCallable.run(ReflectiveCallable.java:12)
	at org.springframework.test.context.junit4.SpringJUnit4ClassRunner.methodBlock(SpringJUnit4ClassRunner.java:291)
	at org.springframework.test.context.junit4.SpringJUnit4ClassRunner.runChild(SpringJUnit4ClassRunner.java:246)
	at org.springframework.test.context.junit4.SpringJUnit4ClassRunner.runChild(SpringJUnit4ClassRunner.java:97)
	at org.junit.runners.ParentRunner$3.run(ParentRunner.java:290)
	at org.junit.runners.ParentRunner$1.schedule(ParentRunner.java:71)
	at org.junit.runners.ParentRunner.runChildren(ParentRunner.java:288)
	at org.junit.runners.ParentRunner.access$000(ParentRunner.java:58)
	at org.junit.runners.ParentRunner$2.evaluate(ParentRunner.java:268)
	at org.springframework.test.context.junit4.statements.RunBeforeTestClassCallbacks.evaluate(RunBeforeTestClassCallbacks.java:61)
	at org.springframework.test.context.junit4.statements.RunAfterTestClassCallbacks.evaluate(RunAfterTestClassCallbacks.java:70)
	at org.junit.runners.ParentRunner.run(ParentRunner.java:363)
	at org.springframework.test.context.junit4.SpringJUnit4ClassRunner.run(SpringJUnit4ClassRunner.java:190)
	at org.apache.maven.surefire.junit4.JUnit4Provider.execute(JUnit4Provider.java:365)
	at org.apache.maven.surefire.junit4.JUnit4Provider.executeWithRerun(JUnit4Provider.java:273)
	at org.apache.maven.surefire.junit4.JUnit4Provider.executeTestSet(JUnit4Provider.java:238)
	at org.apache.maven.surefire.junit4.JUnit4Provider.invoke(JUnit4Provider.java:159)
	at org.apache.maven.surefire.booter.ForkedBooter.invokeProviderInSameClassLoader(ForkedBooter.java:384)
	at org.apache.maven.surefire.booter.ForkedBooter.runSuitesInProcess(ForkedBooter.java:345)
	at org.apache.maven.surefire.booter.ForkedBooter.execute(ForkedBooter.java:126)
	at org.apache.maven.surefire.booter.ForkedBooter.main(ForkedBooter.java:418)
Caused by: com.mysql.cj.exceptions.CJCommunicationsException: Communications link failure

The last packet sent successfully to the server was 0 milliseconds ago. The driver has not received any packets from the server.
	at sun.reflect.NativeConstructorAccessorImpl.newInstance0(Native Method)
	at sun.reflect.NativeConstructorAccessorImpl.newInstance(NativeConstructorAccessorImpl.java:62)
	at sun.reflect.DelegatingConstructorAccessorImpl.newInstance(DelegatingConstructorAccessorImpl.java:45)
	at java.lang.reflect.Constructor.newInstance(Constructor.java:423)
	at com.mysql.cj.exceptions.ExceptionFactory.createException(ExceptionFactory.java:61)
	at com.mysql.cj.exceptions.ExceptionFactory.createException(ExceptionFactory.java:105)
	at com.mysql.cj.exceptions.ExceptionFactory.createException(ExceptionFactory.java:151)
	at com.mysql.cj.exceptions.ExceptionFactory.createCommunicationsException(ExceptionFactory.java:167)
	at com.mysql.cj.protocol.a.NativeSocketConnection.connect(NativeSocketConnection.java:91)
	at com.mysql.cj.NativeSession.connect(NativeSession.java:152)
	at com.mysql.cj.jdbc.ConnectionImpl.connectOneTryOnly(ConnectionImpl.java:955)
	at com.mysql.cj.jdbc.ConnectionImpl.createNewIO(ConnectionImpl.java:825)
	... 139 common frames omitted
Caused by: java.net.ConnectException: Connection refused (Connection refused)
	at java.net.PlainSocketImpl.socketConnect(Native Method)
	at java.net.AbstractPlainSocketImpl.doConnect(AbstractPlainSocketImpl.java:350)
	at java.net.AbstractPlainSocketImpl.connectToAddress(AbstractPlainSocketImpl.java:206)
	at java.net.AbstractPlainSocketImpl.connect(AbstractPlainSocketImpl.java:188)
	at java.net.SocksSocketImpl.connect(SocksSocketImpl.java:392)
	at java.net.Socket.connect(Socket.java:589)
	at com.mysql.cj.protocol.StandardSocketFactory.connect(StandardSocketFactory.java:155)
	at com.mysql.cj.protocol.a.NativeSocketConnection.connect(NativeSocketConnection.java:65)
	... 142 common frames omitted

25-04-2019 19:06:32.608 reqId=[]  WARN 8570 --- [           main] o.h.e.j.e.i.JdbcEnvironmentInitiator     : HHH000342: Could not obtain connection to query metadata : Communications link failure

The last packet sent successfully to the server was 0 milliseconds ago. The driver has not received any packets from the server.
25-04-2019 19:06:32.660 reqId=[]  INFO 8570 --- [           main] org.hibernate.dialect.Dialect            : HHH000400: Using dialect: org.hibernate.dialect.MySQLDialect
25-04-2019 19:06:32.684 reqId=[]  INFO 8570 --- [           main] o.h.e.j.e.i.LobCreatorBuilderImpl        : HHH000422: Disabling contextual LOB creation as connection was null
25-04-2019 19:06:34.688 reqId=[]  INFO 8570 --- [           main] j.LocalContainerEntityManagerFactoryBean : Initialized JPA EntityManagerFactory for persistence unit 'default'
25-04-2019 19:06:34.765 reqId=[] DEBUG 8570 --- [           main] o.s.b.f.s.DefaultListableBeanFactory     : Creating shared instance of singleton bean 'userLoginInfoRepository'
25-04-2019 19:06:34.954 reqId=[] DEBUG 8570 --- [           main] o.s.b.f.s.DefaultListableBeanFactory     : Creating shared instance of singleton bean 'jpaMappingContext'
25-04-2019 19:06:34.970 reqId=[] DEBUG 8570 --- [           main] .c.JpaMetamodelMappingContextFactoryBean : Initializing JpaMetamodelMappingContext…
25-04-2019 19:06:35.028 reqId=[] DEBUG 8570 --- [           main] .c.JpaMetamodelMappingContextFactoryBean : Finished initializing JpaMetamodelMappingContext!
25-04-2019 19:06:35.103 reqId=[] DEBUG 8570 --- [           main] tor$SharedEntityManagerInvocationHandler : Creating new EntityManager for shared EntityManager invocation
25-04-2019 19:06:35.350 reqId=[] DEBUG 8570 --- [           main] o.s.orm.jpa.EntityManagerFactoryUtils    : Closing JPA EntityManager
25-04-2019 19:06:35.354 reqId=[] DEBUG 8570 --- [           main] tor$SharedEntityManagerInvocationHandler : Creating new EntityManager for shared EntityManager invocation
25-04-2019 19:06:35.355 reqId=[] DEBUG 8570 --- [           main] o.s.orm.jpa.EntityManagerFactoryUtils    : Closing JPA EntityManager
25-04-2019 19:06:36.086 reqId=[] DEBUG 8570 --- [           main] o.s.d.r.c.s.RepositoryFactorySupport     : Initializing repository instance for com.wisilica.wiseconnect.dao.repository.UserLoginInfoRepository…
25-04-2019 19:06:36.126 reqId=[] DEBUG 8570 --- [           main] tor$SharedEntityManagerInvocationHandler : Creating new EntityManager for shared EntityManager invocation
25-04-2019 19:06:36.127 reqId=[] DEBUG 8570 --- [           main] o.s.orm.jpa.EntityManagerFactoryUtils    : Closing JPA EntityManager
25-04-2019 19:06:36.218 reqId=[] DEBUG 8570 --- [           main] tor$SharedEntityManagerInvocationHandler : Creating new EntityManager for shared EntityManager invocation
25-04-2019 19:06:36.219 reqId=[] DEBUG 8570 --- [           main] o.s.orm.jpa.EntityManagerFactoryUtils    : Closing JPA EntityManager
25-04-2019 19:06:36.254 reqId=[] DEBUG 8570 --- [           main] o.s.d.j.r.query.JpaQueryFactory          : Looking up query for method findByOrganizationId
25-04-2019 19:06:36.262 reqId=[] DEBUG 8570 --- [           main] o.s.d.jpa.repository.query.NamedQuery    : Looking up named query UserLoginInfo.findByOrganizationId
25-04-2019 19:06:36.264 reqId=[] DEBUG 8570 --- [           main] o.s.d.jpa.repository.query.NamedQuery    : Did not find named query UserLoginInfo.findByOrganizationId
25-04-2019 19:06:36.270 reqId=[] DEBUG 8570 --- [           main] tor$SharedEntityManagerInvocationHandler : Creating new EntityManager for shared EntityManager invocation
25-04-2019 19:06:36.270 reqId=[] DEBUG 8570 --- [           main] o.s.orm.jpa.EntityManagerFactoryUtils    : Closing JPA EntityManager
25-04-2019 19:06:36.368 reqId=[] DEBUG 8570 --- [           main] o.s.d.j.r.query.JpaQueryFactory          : Looking up query for method findByAppIdAndUserId
25-04-2019 19:06:36.368 reqId=[] DEBUG 8570 --- [           main] o.s.d.jpa.repository.query.NamedQuery    : Looking up named query UserLoginInfo.findByAppIdAndUserId
25-04-2019 19:06:36.369 reqId=[] DEBUG 8570 --- [           main] o.s.d.jpa.repository.query.NamedQuery    : Did not find named query UserLoginInfo.findByAppIdAndUserId
25-04-2019 19:06:36.370 reqId=[] DEBUG 8570 --- [           main] tor$SharedEntityManagerInvocationHandler : Creating new EntityManager for shared EntityManager invocation
25-04-2019 19:06:36.370 reqId=[] DEBUG 8570 --- [           main] o.s.orm.jpa.EntityManagerFactoryUtils    : Closing JPA EntityManager
25-04-2019 19:06:36.375 reqId=[] DEBUG 8570 --- [           main] o.s.d.j.r.query.JpaQueryFactory          : Looking up query for method findBySessionIdAndTokenAndOrganizationId
25-04-2019 19:06:36.375 reqId=[] DEBUG 8570 --- [           main] o.s.d.jpa.repository.query.NamedQuery    : Looking up named query UserLoginInfo.findBySessionIdAndTokenAndOrganizationId
25-04-2019 19:06:36.376 reqId=[] DEBUG 8570 --- [           main] o.s.d.jpa.repository.query.NamedQuery    : Did not find named query UserLoginInfo.findBySessionIdAndTokenAndOrganizationId
25-04-2019 19:06:36.377 reqId=[] DEBUG 8570 --- [           main] tor$SharedEntityManagerInvocationHandler : Creating new EntityManager for shared EntityManager invocation
25-04-2019 19:06:36.377 reqId=[] DEBUG 8570 --- [           main] o.s.orm.jpa.EntityManagerFactoryUtils    : Closing JPA EntityManager
25-04-2019 19:06:36.387 reqId=[] DEBUG 8570 --- [           main] o.s.d.r.c.s.RepositoryFactorySupport     : Finished creation of repository instance for com.wisilica.wiseconnect.dao.repository.UserLoginInfoRepository.
25-04-2019 19:06:36.440 reqId=[] DEBUG 8570 --- [           main] o.s.b.f.s.DefaultListableBeanFactory     : Creating shared instance of singleton bean 'bundleRepository'
25-04-2019 19:06:36.452 reqId=[] DEBUG 8570 --- [           main] tor$SharedEntityManagerInvocationHandler : Creating new EntityManager for shared EntityManager invocation
25-04-2019 19:06:36.453 reqId=[] DEBUG 8570 --- [           main] o.s.orm.jpa.EntityManagerFactoryUtils    : Closing JPA EntityManager
25-04-2019 19:06:36.462 reqId=[] DEBUG 8570 --- [           main] o.s.d.r.c.s.RepositoryFactorySupport     : Initializing repository instance for com.wisilica.wiseconnect.dao.repository.BundleRepository…
25-04-2019 19:06:36.464 reqId=[] DEBUG 8570 --- [           main] tor$SharedEntityManagerInvocationHandler : Creating new EntityManager for shared EntityManager invocation
25-04-2019 19:06:36.465 reqId=[] DEBUG 8570 --- [           main] o.s.orm.jpa.EntityManagerFactoryUtils    : Closing JPA EntityManager
25-04-2019 19:06:36.466 reqId=[] DEBUG 8570 --- [           main] tor$SharedEntityManagerInvocationHandler : Creating new EntityManager for shared EntityManager invocation
25-04-2019 19:06:36.467 reqId=[] DEBUG 8570 --- [           main] o.s.orm.jpa.EntityManagerFactoryUtils    : Closing JPA EntityManager
25-04-2019 19:06:36.469 reqId=[] DEBUG 8570 --- [           main] o.s.d.j.r.query.JpaQueryFactory          : Looking up query for method findByBundleClientId
25-04-2019 19:06:36.470 reqId=[] DEBUG 8570 --- [           main] o.s.d.jpa.repository.query.NamedQuery    : Looking up named query Bundle.findByBundleClientId
25-04-2019 19:06:36.471 reqId=[] DEBUG 8570 --- [           main] o.s.d.jpa.repository.query.NamedQuery    : Did not find named query Bundle.findByBundleClientId
25-04-2019 19:06:36.471 reqId=[] DEBUG 8570 --- [           main] tor$SharedEntityManagerInvocationHandler : Creating new EntityManager for shared EntityManager invocation
25-04-2019 19:06:36.472 reqId=[] DEBUG 8570 --- [           main] o.s.orm.jpa.EntityManagerFactoryUtils    : Closing JPA EntityManager
25-04-2019 19:06:36.480 reqId=[] DEBUG 8570 --- [           main] o.s.d.r.c.s.RepositoryFactorySupport     : Finished creation of repository instance for com.wisilica.wiseconnect.dao.repository.BundleRepository.
25-04-2019 19:06:36.506 reqId=[] DEBUG 8570 --- [           main] o.s.b.f.s.DefaultListableBeanFactory     : Creating shared instance of singleton bean 'bundleClientMappingRepository'
25-04-2019 19:06:36.518 reqId=[] DEBUG 8570 --- [           main] tor$SharedEntityManagerInvocationHandler : Creating new EntityManager for shared EntityManager invocation
25-04-2019 19:06:36.519 reqId=[] DEBUG 8570 --- [           main] o.s.orm.jpa.EntityManagerFactoryUtils    : Closing JPA EntityManager
25-04-2019 19:06:36.520 reqId=[] DEBUG 8570 --- [           main] o.s.d.r.c.s.RepositoryFactorySupport     : Initializing repository instance for com.wisilica.wiseconnect.dao.repository.BundleClientMappingRepository…
25-04-2019 19:06:36.523 reqId=[] DEBUG 8570 --- [           main] tor$SharedEntityManagerInvocationHandler : Creating new EntityManager for shared EntityManager invocation
25-04-2019 19:06:36.523 reqId=[] DEBUG 8570 --- [           main] o.s.orm.jpa.EntityManagerFactoryUtils    : Closing JPA EntityManager
25-04-2019 19:06:36.525 reqId=[] DEBUG 8570 --- [           main] tor$SharedEntityManagerInvocationHandler : Creating new EntityManager for shared EntityManager invocation
25-04-2019 19:06:36.525 reqId=[] DEBUG 8570 --- [           main] o.s.orm.jpa.EntityManagerFactoryUtils    : Closing JPA EntityManager
25-04-2019 19:06:36.529 reqId=[] DEBUG 8570 --- [           main] o.s.d.j.r.query.JpaQueryFactory          : Looking up query for method findByBundlePackage
25-04-2019 19:06:36.530 reqId=[] DEBUG 8570 --- [           main] o.s.d.jpa.repository.query.NamedQuery    : Looking up named query BundleClientMapping.findByBundlePackage
25-04-2019 19:06:36.531 reqId=[] DEBUG 8570 --- [           main] o.s.d.jpa.repository.query.NamedQuery    : Did not find named query BundleClientMapping.findByBundlePackage
25-04-2019 19:06:36.531 reqId=[] DEBUG 8570 --- [           main] tor$SharedEntityManagerInvocationHandler : Creating new EntityManager for shared EntityManager invocation
25-04-2019 19:06:36.531 reqId=[] DEBUG 8570 --- [           main] o.s.orm.jpa.EntityManagerFactoryUtils    : Closing JPA EntityManager
25-04-2019 19:06:36.547 reqId=[] DEBUG 8570 --- [           main] o.s.d.j.r.query.JpaQueryFactory          : Looking up query for method findBundleClientMappingByPackageOrClientId
25-04-2019 19:06:36.548 reqId=[] DEBUG 8570 --- [           main] tor$SharedEntityManagerInvocationHandler : Creating new EntityManager for shared EntityManager invocation
25-04-2019 19:06:36.548 reqId=[] DEBUG 8570 --- [           main] o.s.orm.jpa.EntityManagerFactoryUtils    : Closing JPA EntityManager
25-04-2019 19:06:36.628 reqId=[]  INFO 8570 --- [           main] o.h.h.i.QueryTranslatorFactoryInitiator  : HHH000397: Using ASTQueryTranslatorFactory
25-04-2019 19:06:36.919 reqId=[] DEBUG 8570 --- [           main] o.s.d.r.c.s.RepositoryFactorySupport     : Finished creation of repository instance for com.wisilica.wiseconnect.dao.repository.BundleClientMappingRepository.
25-04-2019 19:06:36.952 reqId=[] DEBUG 8570 --- [           main] o.s.b.f.s.DefaultListableBeanFactory     : Creating shared instance of singleton bean 'appInfoRepository'
25-04-2019 19:06:36.967 reqId=[] DEBUG 8570 --- [           main] tor$SharedEntityManagerInvocationHandler : Creating new EntityManager for shared EntityManager invocation
25-04-2019 19:06:36.968 reqId=[] DEBUG 8570 --- [           main] o.s.orm.jpa.EntityManagerFactoryUtils    : Closing JPA EntityManager
25-04-2019 19:06:36.969 reqId=[] DEBUG 8570 --- [           main] o.s.d.r.c.s.RepositoryFactorySupport     : Initializing repository instance for com.wisilica.wiseconnect.dao.repository.AppInfoRepository…
25-04-2019 19:06:36.972 reqId=[] DEBUG 8570 --- [           main] tor$SharedEntityManagerInvocationHandler : Creating new EntityManager for shared EntityManager invocation
25-04-2019 19:06:36.973 reqId=[] DEBUG 8570 --- [           main] o.s.orm.jpa.EntityManagerFactoryUtils    : Closing JPA EntityManager
25-04-2019 19:06:36.976 reqId=[] DEBUG 8570 --- [           main] tor$SharedEntityManagerInvocationHandler : Creating new EntityManager for shared EntityManager invocation
25-04-2019 19:06:36.977 reqId=[] DEBUG 8570 --- [           main] o.s.orm.jpa.EntityManagerFactoryUtils    : Closing JPA EntityManager
25-04-2019 19:06:36.990 reqId=[] DEBUG 8570 --- [           main] o.s.d.j.r.query.JpaQueryFactory          : Looking up query for method fetchAppInfoWideInfoUserSubOrgPerm
25-04-2019 19:06:36.991 reqId=[] DEBUG 8570 --- [           main] tor$SharedEntityManagerInvocationHandler : Creating new EntityManager for shared EntityManager invocation
25-04-2019 19:06:36.992 reqId=[] DEBUG 8570 --- [           main] o.s.orm.jpa.EntityManagerFactoryUtils    : Closing JPA EntityManager
25-04-2019 19:06:37.036 reqId=[] DEBUG 8570 --- [           main] o.s.d.j.r.query.JpaQueryFactory          : Looking up query for method updateAppInfoWithOSInfo
25-04-2019 19:06:37.037 reqId=[] DEBUG 8570 --- [           main] tor$SharedEntityManagerInvocationHandler : Creating new EntityManager for shared EntityManager invocation
25-04-2019 19:06:37.038 reqId=[] DEBUG 8570 --- [           main] o.s.orm.jpa.EntityManagerFactoryUtils    : Closing JPA EntityManager
25-04-2019 19:06:37.085 reqId=[] DEBUG 8570 --- [           main] o.s.d.j.r.query.JpaQueryFactory          : Looking up query for method updateAppInfoWithDeviceToken
25-04-2019 19:06:37.086 reqId=[] DEBUG 8570 --- [           main] tor$SharedEntityManagerInvocationHandler : Creating new EntityManager for shared EntityManager invocation
25-04-2019 19:06:37.088 reqId=[] DEBUG 8570 --- [           main] o.s.orm.jpa.EntityManagerFactoryUtils    : Closing JPA EntityManager
25-04-2019 19:06:37.107 reqId=[] DEBUG 8570 --- [           main] o.s.d.j.r.query.JpaQueryFactory          : Looking up query for method findAppInfoByDeviceIdAndBundlePackage
25-04-2019 19:06:37.108 reqId=[] DEBUG 8570 --- [           main] o.s.d.jpa.repository.query.NamedQuery    : Looking up named query AppInfo.findAppInfoByDeviceIdAndBundlePackage
25-04-2019 19:06:37.110 reqId=[] DEBUG 8570 --- [           main] o.s.d.jpa.repository.query.NamedQuery    : Did not find named query AppInfo.findAppInfoByDeviceIdAndBundlePackage
25-04-2019 19:06:37.111 reqId=[] DEBUG 8570 --- [           main] tor$SharedEntityManagerInvocationHandler : Creating new EntityManager for shared EntityManager invocation
25-04-2019 19:06:37.112 reqId=[] DEBUG 8570 --- [           main] o.s.orm.jpa.EntityManagerFactoryUtils    : Closing JPA EntityManager
25-04-2019 19:06:37.119 reqId=[] DEBUG 8570 --- [           main] o.s.d.j.r.query.JpaQueryFactory          : Looking up query for method findAppInfoByAppId
25-04-2019 19:06:37.120 reqId=[] DEBUG 8570 --- [           main] o.s.d.jpa.repository.query.NamedQuery    : Looking up named query AppInfo.findAppInfoByAppId
25-04-2019 19:06:37.125 reqId=[] DEBUG 8570 --- [           main] o.s.d.jpa.repository.query.NamedQuery    : Did not find named query AppInfo.findAppInfoByAppId
25-04-2019 19:06:37.126 reqId=[] DEBUG 8570 --- [           main] tor$SharedEntityManagerInvocationHandler : Creating new EntityManager for shared EntityManager invocation
25-04-2019 19:06:37.127 reqId=[] DEBUG 8570 --- [           main] o.s.orm.jpa.EntityManagerFactoryUtils    : Closing JPA EntityManager
25-04-2019 19:06:37.142 reqId=[] DEBUG 8570 --- [           main] o.s.d.j.r.query.JpaQueryFactory          : Looking up query for method updateAppInfo
25-04-2019 19:06:37.143 reqId=[] DEBUG 8570 --- [           main] tor$SharedEntityManagerInvocationHandler : Creating new EntityManager for shared EntityManager invocation
25-04-2019 19:06:37.143 reqId=[] DEBUG 8570 --- [           main] o.s.orm.jpa.EntityManagerFactoryUtils    : Closing JPA EntityManager
25-04-2019 19:06:37.162 reqId=[] DEBUG 8570 --- [           main] o.s.d.r.c.s.RepositoryFactorySupport     : Finished creation of repository instance for com.wisilica.wiseconnect.dao.repository.AppInfoRepository.
25-04-2019 19:06:37.192 reqId=[] DEBUG 8570 --- [           main] o.s.b.f.s.DefaultListableBeanFactory     : Creating shared instance of singleton bean 'appInfoInsertRepository'
25-04-2019 19:06:37.238 reqId=[] DEBUG 8570 --- [           main] o.s.b.f.s.DefaultListableBeanFactory     : Creating shared instance of singleton bean 'phoneRepository'
25-04-2019 19:06:37.250 reqId=[] DEBUG 8570 --- [           main] tor$SharedEntityManagerInvocationHandler : Creating new EntityManager for shared EntityManager invocation
25-04-2019 19:06:37.251 reqId=[] DEBUG 8570 --- [           main] o.s.orm.jpa.EntityManagerFactoryUtils    : Closing JPA EntityManager
25-04-2019 19:06:37.262 reqId=[] DEBUG 8570 --- [           main] o.s.d.r.c.s.RepositoryFactorySupport     : Initializing repository instance for com.wisilica.wiseconnect.dao.repository.PhoneRepository…
25-04-2019 19:06:37.264 reqId=[] DEBUG 8570 --- [           main] tor$SharedEntityManagerInvocationHandler : Creating new EntityManager for shared EntityManager invocation
25-04-2019 19:06:37.265 reqId=[] DEBUG 8570 --- [           main] o.s.orm.jpa.EntityManagerFactoryUtils    : Closing JPA EntityManager
25-04-2019 19:06:37.281 reqId=[] DEBUG 8570 --- [           main] tor$SharedEntityManagerInvocationHandler : Creating new EntityManager for shared EntityManager invocation
25-04-2019 19:06:37.282 reqId=[] DEBUG 8570 --- [           main] o.s.orm.jpa.EntityManagerFactoryUtils    : Closing JPA EntityManager
25-04-2019 19:06:37.284 reqId=[] DEBUG 8570 --- [           main] o.s.d.j.r.query.JpaQueryFactory          : Looking up query for method findPhoneByAppIdAndUserId
25-04-2019 19:06:37.285 reqId=[] DEBUG 8570 --- [           main] o.s.d.jpa.repository.query.NamedQuery    : Looking up named query Phone.findPhoneByAppIdAndUserId
25-04-2019 19:06:37.286 reqId=[] DEBUG 8570 --- [           main] o.s.d.jpa.repository.query.NamedQuery    : Did not find named query Phone.findPhoneByAppIdAndUserId
25-04-2019 19:06:37.288 reqId=[] DEBUG 8570 --- [           main] tor$SharedEntityManagerInvocationHandler : Creating new EntityManager for shared EntityManager invocation
25-04-2019 19:06:37.289 reqId=[] DEBUG 8570 --- [           main] o.s.orm.jpa.EntityManagerFactoryUtils    : Closing JPA EntityManager
25-04-2019 19:06:37.298 reqId=[] DEBUG 8570 --- [           main] o.s.d.r.c.s.RepositoryFactorySupport     : Finished creation of repository instance for com.wisilica.wiseconnect.dao.repository.PhoneRepository.
25-04-2019 19:06:37.342 reqId=[] DEBUG 8570 --- [           main] o.s.b.f.s.DefaultListableBeanFactory     : Creating shared instance of singleton bean 'bridgeListenerInfoRepository'
25-04-2019 19:06:37.375 reqId=[] DEBUG 8570 --- [           main] tor$SharedEntityManagerInvocationHandler : Creating new EntityManager for shared EntityManager invocation
25-04-2019 19:06:37.376 reqId=[] DEBUG 8570 --- [           main] o.s.orm.jpa.EntityManagerFactoryUtils    : Closing JPA EntityManager
25-04-2019 19:06:37.409 reqId=[] DEBUG 8570 --- [           main] o.s.d.r.c.s.RepositoryFactorySupport     : Initializing repository instance for com.wisilica.wiseconnect.dao.repository.BridgeListenerInfoRepository…
25-04-2019 19:06:37.418 reqId=[] DEBUG 8570 --- [           main] tor$SharedEntityManagerInvocationHandler : Creating new EntityManager for shared EntityManager invocation
25-04-2019 19:06:37.419 reqId=[] DEBUG 8570 --- [           main] o.s.orm.jpa.EntityManagerFactoryUtils    : Closing JPA EntityManager
25-04-2019 19:06:37.421 reqId=[] DEBUG 8570 --- [           main] tor$SharedEntityManagerInvocationHandler : Creating new EntityManager for shared EntityManager invocation
25-04-2019 19:06:37.422 reqId=[] DEBUG 8570 --- [           main] o.s.orm.jpa.EntityManagerFactoryUtils    : Closing JPA EntityManager
25-04-2019 19:06:37.427 reqId=[] DEBUG 8570 --- [           main] o.s.d.j.r.query.JpaQueryFactory          : Looking up query for method findBridgeListenerInfoByAppIdAndUserIdAndPhoneLongId
25-04-2019 19:06:37.431 reqId=[] DEBUG 8570 --- [           main] o.s.d.jpa.repository.query.NamedQuery    : Looking up named query BridgeListenerInfo.findBridgeListenerInfoByAppIdAndUserIdAndPhoneLongId
25-04-2019 19:06:37.437 reqId=[] DEBUG 8570 --- [           main] o.s.d.jpa.repository.query.NamedQuery    : Did not find named query BridgeListenerInfo.findBridgeListenerInfoByAppIdAndUserIdAndPhoneLongId
25-04-2019 19:06:37.443 reqId=[] DEBUG 8570 --- [           main] tor$SharedEntityManagerInvocationHandler : Creating new EntityManager for shared EntityManager invocation
25-04-2019 19:06:37.447 reqId=[] DEBUG 8570 --- [           main] o.s.orm.jpa.EntityManagerFactoryUtils    : Closing JPA EntityManager
25-04-2019 19:06:37.464 reqId=[] DEBUG 8570 --- [           main] o.s.d.r.c.s.RepositoryFactorySupport     : Finished creation of repository instance for com.wisilica.wiseconnect.dao.repository.BridgeListenerInfoRepository.
25-04-2019 19:06:37.505 reqId=[] DEBUG 8570 --- [           main] o.s.b.f.s.DefaultListableBeanFactory     : Creating shared instance of singleton bean 'wideInfoRepository'
25-04-2019 19:06:37.528 reqId=[] DEBUG 8570 --- [           main] tor$SharedEntityManagerInvocationHandler : Creating new EntityManager for shared EntityManager invocation
25-04-2019 19:06:37.531 reqId=[] DEBUG 8570 --- [           main] o.s.orm.jpa.EntityManagerFactoryUtils    : Closing JPA EntityManager
25-04-2019 19:06:37.533 reqId=[] DEBUG 8570 --- [           main] o.s.d.r.c.s.RepositoryFactorySupport     : Initializing repository instance for com.wisilica.wiseconnect.dao.repository.WideInfoRepository…
25-04-2019 19:06:37.537 reqId=[] DEBUG 8570 --- [           main] tor$SharedEntityManagerInvocationHandler : Creating new EntityManager for shared EntityManager invocation
25-04-2019 19:06:37.538 reqId=[] DEBUG 8570 --- [           main] o.s.orm.jpa.EntityManagerFactoryUtils    : Closing JPA EntityManager
25-04-2019 19:06:37.559 reqId=[] DEBUG 8570 --- [           main] tor$SharedEntityManagerInvocationHandler : Creating new EntityManager for shared EntityManager invocation
25-04-2019 19:06:37.562 reqId=[] DEBUG 8570 --- [           main] o.s.orm.jpa.EntityManagerFactoryUtils    : Closing JPA EntityManager
25-04-2019 19:06:37.565 reqId=[] DEBUG 8570 --- [           main] o.s.d.j.r.query.JpaQueryFactory          : Looking up query for method updateWideInfo
25-04-2019 19:06:37.566 reqId=[] DEBUG 8570 --- [           main] tor$SharedEntityManagerInvocationHandler : Creating new EntityManager for shared EntityManager invocation
25-04-2019 19:06:37.566 reqId=[] DEBUG 8570 --- [           main] o.s.orm.jpa.EntityManagerFactoryUtils    : Closing JPA EntityManager
25-04-2019 19:06:37.571 reqId=[] DEBUG 8570 --- [           main] o.s.d.j.r.query.JpaQueryFactory          : Looking up query for method findUUIDfromWideInfo
25-04-2019 19:06:37.572 reqId=[] DEBUG 8570 --- [           main] tor$SharedEntityManagerInvocationHandler : Creating new EntityManager for shared EntityManager invocation
25-04-2019 19:06:37.574 reqId=[] DEBUG 8570 --- [           main] o.s.orm.jpa.EntityManagerFactoryUtils    : Closing JPA EntityManager
25-04-2019 19:06:37.578 reqId=[] DEBUG 8570 --- [           main] o.s.d.j.r.query.JpaQueryFactory          : Looking up query for method findWideInfoByWideId
25-04-2019 19:06:37.580 reqId=[] DEBUG 8570 --- [           main] tor$SharedEntityManagerInvocationHandler : Creating new EntityManager for shared EntityManager invocation
25-04-2019 19:06:37.583 reqId=[] DEBUG 8570 --- [           main] o.s.orm.jpa.EntityManagerFactoryUtils    : Closing JPA EntityManager
25-04-2019 19:06:37.591 reqId=[] DEBUG 8570 --- [           main] o.s.d.r.c.s.RepositoryFactorySupport     : Finished creation of repository instance for com.wisilica.wiseconnect.dao.repository.WideInfoRepository.
25-04-2019 19:06:37.632 reqId=[] DEBUG 8570 --- [           main] o.s.b.f.s.DefaultListableBeanFactory     : Creating shared instance of singleton bean 'userRepository'
25-04-2019 19:06:37.643 reqId=[] DEBUG 8570 --- [           main] tor$SharedEntityManagerInvocationHandler : Creating new EntityManager for shared EntityManager invocation
25-04-2019 19:06:37.644 reqId=[] DEBUG 8570 --- [           main] o.s.orm.jpa.EntityManagerFactoryUtils    : Closing JPA EntityManager
25-04-2019 19:06:37.646 reqId=[] DEBUG 8570 --- [           main] o.s.d.r.c.s.RepositoryFactorySupport     : Initializing repository instance for com.wisilica.wiseconnect.dao.repository.UserRepository…
25-04-2019 19:06:37.648 reqId=[] DEBUG 8570 --- [           main] tor$SharedEntityManagerInvocationHandler : Creating new EntityManager for shared EntityManager invocation
25-04-2019 19:06:37.649 reqId=[] DEBUG 8570 --- [           main] o.s.orm.jpa.EntityManagerFactoryUtils    : Closing JPA EntityManager
25-04-2019 19:06:37.650 reqId=[] DEBUG 8570 --- [           main] tor$SharedEntityManagerInvocationHandler : Creating new EntityManager for shared EntityManager invocation
25-04-2019 19:06:37.651 reqId=[] DEBUG 8570 --- [           main] o.s.orm.jpa.EntityManagerFactoryUtils    : Closing JPA EntityManager
25-04-2019 19:06:37.653 reqId=[] DEBUG 8570 --- [           main] o.s.d.j.r.query.JpaQueryFactory          : Looking up query for method findByUserName
25-04-2019 19:06:37.654 reqId=[] DEBUG 8570 --- [           main] o.s.d.jpa.repository.query.NamedQuery    : Looking up named query User.findByUserName
25-04-2019 19:06:37.655 reqId=[] DEBUG 8570 --- [           main] o.s.d.jpa.repository.query.NamedQuery    : Did not find named query User.findByUserName
25-04-2019 19:06:37.655 reqId=[] DEBUG 8570 --- [           main] tor$SharedEntityManagerInvocationHandler : Creating new EntityManager for shared EntityManager invocation
25-04-2019 19:06:37.656 reqId=[] DEBUG 8570 --- [           main] o.s.orm.jpa.EntityManagerFactoryUtils    : Closing JPA EntityManager
25-04-2019 19:06:37.658 reqId=[] DEBUG 8570 --- [           main] o.s.d.j.r.query.JpaQueryFactory          : Looking up query for method fetchUserAppInfoDataJoin
25-04-2019 19:06:37.659 reqId=[] DEBUG 8570 --- [           main] tor$SharedEntityManagerInvocationHandler : Creating new EntityManager for shared EntityManager invocation
25-04-2019 19:06:37.660 reqId=[] DEBUG 8570 --- [           main] o.s.orm.jpa.EntityManagerFactoryUtils    : Closing JPA EntityManager
25-04-2019 19:06:37.670 reqId=[] DEBUG 8570 --- [           main] o.s.d.j.r.query.JpaQueryFactory          : Looking up query for method fetchUserAppInfoBunCliMapJoin
25-04-2019 19:06:37.670 reqId=[] DEBUG 8570 --- [           main] tor$SharedEntityManagerInvocationHandler : Creating new EntityManager for shared EntityManager invocation
25-04-2019 19:06:37.671 reqId=[] DEBUG 8570 --- [           main] o.s.orm.jpa.EntityManagerFactoryUtils    : Closing JPA EntityManager
25-04-2019 19:06:37.683 reqId=[] DEBUG 8570 --- [           main] o.s.d.j.r.query.JpaQueryFactory          : Looking up query for method findByUserNameOrUserEmailOrUserMobileAndUserPassword
25-04-2019 19:06:37.684 reqId=[] DEBUG 8570 --- [           main] tor$SharedEntityManagerInvocationHandler : Creating new EntityManager for shared EntityManager invocation
25-04-2019 19:06:37.684 reqId=[] DEBUG 8570 --- [           main] o.s.orm.jpa.EntityManagerFactoryUtils    : Closing JPA EntityManager
25-04-2019 19:06:37.694 reqId=[] DEBUG 8570 --- [           main] o.s.d.j.r.query.JpaQueryFactory          : Looking up query for method findByUserNameOrUserEmailOrUserMobile
25-04-2019 19:06:37.695 reqId=[] DEBUG 8570 --- [           main] tor$SharedEntityManagerInvocationHandler : Creating new EntityManager for shared EntityManager invocation
25-04-2019 19:06:37.695 reqId=[] DEBUG 8570 --- [           main] o.s.orm.jpa.EntityManagerFactoryUtils    : Closing JPA EntityManager
25-04-2019 19:06:37.715 reqId=[] DEBUG 8570 --- [           main] o.s.d.j.r.query.JpaQueryFactory          : Looking up query for method findByUserNameAndUserPasswordAndUserType
25-04-2019 19:06:37.717 reqId=[] DEBUG 8570 --- [           main] tor$SharedEntityManagerInvocationHandler : Creating new EntityManager for shared EntityManager invocation
25-04-2019 19:06:37.717 reqId=[] DEBUG 8570 --- [           main] o.s.orm.jpa.EntityManagerFactoryUtils    : Closing JPA EntityManager
25-04-2019 19:06:37.748 reqId=[] DEBUG 8570 --- [           main] o.s.d.r.c.s.RepositoryFactorySupport     : Finished creation of repository instance for com.wisilica.wiseconnect.dao.repository.UserRepository.
25-04-2019 19:06:38.066 reqId=[] DEBUG 8570 --- [           main] o.s.b.f.s.DefaultListableBeanFactory     : Creating shared instance of singleton bean 'commonInterceptor'
25-04-2019 19:06:38.084 reqId=[] DEBUG 8570 --- [           main] o.s.c.e.PropertySourcesPropertyResolver  : Found key 'wiseconnect.instance.uniqueId' in PropertySource 'applicationConfig: [classpath:/application.properties]' with value of type String
25-04-2019 19:06:38.084 reqId=[] DEBUG 8570 --- [           main] o.s.c.e.PropertySourcesPropertyResolver  : Found key 'wiseconnect.instance.uniqueId' in PropertySource 'environmentProperties' with value of type String
25-04-2019 19:06:38.151 reqId=[] DEBUG 8570 --- [           main] o.s.u.c.s.UiApplicationContextUtils      : Unable to locate ThemeSource with name 'themeSource': using default [org.springframework.ui.context.support.ResourceBundleThemeSource@7fdff56b]
25-04-2019 19:06:38.170 reqId=[] DEBUG 8570 --- [           main] o.s.b.f.s.DefaultListableBeanFactory     : Creating shared instance of singleton bean 'wiseconnectApplication'
25-04-2019 19:06:38.184 reqId=[] DEBUG 8570 --- [           main] o.s.b.f.s.DefaultListableBeanFactory     : Creating shared instance of singleton bean 'revokeTokenEndpoint'
25-04-2019 19:06:38.197 reqId=[] DEBUG 8570 --- [           main] o.s.b.f.s.DefaultListableBeanFactory     : Creating shared instance of singleton bean 'wiseconnectControllerAdvice'
25-04-2019 19:06:38.224 reqId=[] DEBUG 8570 --- [           main] o.s.b.f.s.DefaultListableBeanFactory     : Creating shared instance of singleton bean 'operateController'
25-04-2019 19:06:38.240 reqId=[] DEBUG 8570 --- [           main] o.s.b.f.s.DefaultListableBeanFactory     : Creating shared instance of singleton bean 'wiseconnectContextProvider'
25-04-2019 19:06:38.256 reqId=[] DEBUG 8570 --- [           main] o.s.b.f.s.DefaultListableBeanFactory     : Creating shared instance of singleton bean 'wiseconnectAuthorizationServerConfiguration'
25-04-2019 19:06:38.271 reqId=[] DEBUG 8570 --- [           main] o.s.b.f.s.DefaultListableBeanFactory     : Creating shared instance of singleton bean 'authenticationManagerBean'
25-04-2019 19:06:38.271 reqId=[] DEBUG 8570 --- [           main] o.s.b.f.s.DefaultListableBeanFactory     : Creating shared instance of singleton bean 'wiseconnectSecurityConfiguration'
25-04-2019 19:06:38.299 reqId=[] DEBUG 8570 --- [           main] o.s.b.f.s.DefaultListableBeanFactory     : Creating shared instance of singleton bean 'objectPostProcessor'
25-04-2019 19:06:38.299 reqId=[] DEBUG 8570 --- [           main] o.s.b.f.s.DefaultListableBeanFactory     : Creating shared instance of singleton bean 'org.springframework.security.config.annotation.configuration.ObjectPostProcessorConfiguration'
25-04-2019 19:06:38.313 reqId=[] DEBUG 8570 --- [           main] o.s.b.f.s.DefaultListableBeanFactory     : Autowiring by type from bean name 'objectPostProcessor' via factory method to bean named 'org.springframework.beans.factory.support.DefaultListableBeanFactory@aafcffa'
25-04-2019 19:06:38.345 reqId=[] DEBUG 8570 --- [           main] o.s.b.f.s.DefaultListableBeanFactory     : Creating shared instance of singleton bean 'mvcContentNegotiationManager'
25-04-2019 19:06:38.354 reqId=[] DEBUG 8570 --- [           main] o.s.b.f.s.DefaultListableBeanFactory     : Creating shared instance of singleton bean 'org.springframework.boot.autoconfigure.web.servlet.WebMvcAutoConfiguration$EnableWebMvcConfiguration'
25-04-2019 19:06:38.355 reqId=[] DEBUG 8570 --- [           main] ocalVariableTableParameterNameDiscoverer : Cannot find '.class' file for class [class org.springframework.boot.autoconfigure.web.servlet.WebMvcAutoConfiguration$EnableWebMvcConfiguration$$EnhancerBySpringCGLIB$$ced33fd9] - unable to determine constructor/method parameter names
25-04-2019 19:06:38.361 reqId=[] DEBUG 8570 --- [           main] o.s.b.f.s.DefaultListableBeanFactory     : Autowiring by type from bean name 'org.springframework.boot.autoconfigure.web.servlet.WebMvcAutoConfiguration$EnableWebMvcConfiguration' via constructor to bean named 'org.springframework.beans.factory.support.DefaultListableBeanFactory@aafcffa'
25-04-2019 19:06:38.366 reqId=[] DEBUG 8570 --- [           main] o.s.b.f.s.DefaultListableBeanFactory     : Creating shared instance of singleton bean 'spring.mvc-org.springframework.boot.autoconfigure.web.servlet.WebMvcProperties'
25-04-2019 19:06:38.407 reqId=[] DEBUG 8570 --- [           main] o.s.b.f.s.DefaultListableBeanFactory     : Creating shared instance of singleton bean 'org.springframework.security.config.annotation.web.configuration.WebMvcSecurityConfiguration'
25-04-2019 19:06:38.420 reqId=[] DEBUG 8570 --- [           main] o.s.b.f.s.DefaultListableBeanFactory     : Creating shared instance of singleton bean 'org.springframework.security.config.annotation.web.configuration.OAuth2ClientConfiguration$OAuth2ClientWebMvcSecurityConfiguration'
25-04-2019 19:06:38.439 reqId=[] DEBUG 8570 --- [           main] o.s.b.f.s.DefaultListableBeanFactory     : Creating shared instance of singleton bean 'org.springframework.boot.autoconfigure.web.servlet.WebMvcAutoConfiguration$WebMvcAutoConfigurationAdapter'
25-04-2019 19:06:38.440 reqId=[] DEBUG 8570 --- [           main] ocalVariableTableParameterNameDiscoverer : Cannot find '.class' file for class [class org.springframework.boot.autoconfigure.web.servlet.WebMvcAutoConfiguration$WebMvcAutoConfigurationAdapter$$EnhancerBySpringCGLIB$$70d70abe] - unable to determine constructor/method parameter names
25-04-2019 19:06:38.444 reqId=[] DEBUG 8570 --- [           main] o.s.b.f.s.DefaultListableBeanFactory     : Creating shared instance of singleton bean 'spring.resources-org.springframework.boot.autoconfigure.web.ResourceProperties'
25-04-2019 19:06:38.458 reqId=[] DEBUG 8570 --- [           main] o.s.b.f.s.DefaultListableBeanFactory     : Autowiring by type from bean name 'org.springframework.boot.autoconfigure.web.servlet.WebMvcAutoConfiguration$WebMvcAutoConfigurationAdapter' via constructor to bean named 'spring.resources-org.springframework.boot.autoconfigure.web.ResourceProperties'
25-04-2019 19:06:38.458 reqId=[] DEBUG 8570 --- [           main] o.s.b.f.s.DefaultListableBeanFactory     : Autowiring by type from bean name 'org.springframework.boot.autoconfigure.web.servlet.WebMvcAutoConfiguration$WebMvcAutoConfigurationAdapter' via constructor to bean named 'spring.mvc-org.springframework.boot.autoconfigure.web.servlet.WebMvcProperties'
25-04-2019 19:06:38.458 reqId=[] DEBUG 8570 --- [           main] o.s.b.f.s.DefaultListableBeanFactory     : Autowiring by type from bean name 'org.springframework.boot.autoconfigure.web.servlet.WebMvcAutoConfiguration$WebMvcAutoConfigurationAdapter' via constructor to bean named 'org.springframework.beans.factory.support.DefaultListableBeanFactory@aafcffa'
25-04-2019 19:06:38.480 reqId=[] DEBUG 8570 --- [           main] o.s.b.f.s.DefaultListableBeanFactory     : Creating shared instance of singleton bean 'metricsWebMvcConfigurer'
25-04-2019 19:06:38.481 reqId=[] DEBUG 8570 --- [           main] o.s.b.f.s.DefaultListableBeanFactory     : Creating shared instance of singleton bean 'org.springframework.boot.actuate.autoconfigure.metrics.web.servlet.WebMvcMetricsAutoConfiguration'
25-04-2019 19:06:38.482 reqId=[] DEBUG 8570 --- [           main] ocalVariableTableParameterNameDiscoverer : Cannot find '.class' file for class [class org.springframework.boot.actuate.autoconfigure.metrics.web.servlet.WebMvcMetricsAutoConfiguration$$EnhancerBySpringCGLIB$$7787a901] - unable to determine constructor/method parameter names
25-04-2019 19:06:38.485 reqId=[] DEBUG 8570 --- [           main] o.s.b.f.s.DefaultListableBeanFactory     : Creating shared instance of singleton bean 'management.metrics-org.springframework.boot.actuate.autoconfigure.metrics.MetricsProperties'
25-04-2019 19:06:38.491 reqId=[] DEBUG 8570 --- [           main] o.s.b.f.s.DefaultListableBeanFactory     : Autowiring by type from bean name 'org.springframework.boot.actuate.autoconfigure.metrics.web.servlet.WebMvcMetricsAutoConfiguration' via constructor to bean named 'management.metrics-org.springframework.boot.actuate.autoconfigure.metrics.MetricsProperties'
25-04-2019 19:06:38.503 reqId=[] DEBUG 8570 --- [           main] o.s.b.f.s.DefaultListableBeanFactory     : Creating shared instance of singleton bean 'simpleMeterRegistry'
25-04-2019 19:06:38.503 reqId=[] DEBUG 8570 --- [           main] o.s.b.f.s.DefaultListableBeanFactory     : Creating shared instance of singleton bean 'org.springframework.boot.actuate.autoconfigure.metrics.export.simple.SimpleMetricsExportAutoConfiguration'
25-04-2019 19:06:38.517 reqId=[] DEBUG 8570 --- [           main] o.s.b.f.s.DefaultListableBeanFactory     : Creating shared instance of singleton bean 'simpleConfig'
25-04-2019 19:06:38.530 reqId=[] DEBUG 8570 --- [           main] o.s.b.f.s.DefaultListableBeanFactory     : Creating shared instance of singleton bean 'management.metrics.export.simple-org.springframework.boot.actuate.autoconfigure.metrics.export.simple.SimpleProperties'
25-04-2019 19:06:38.542 reqId=[] DEBUG 8570 --- [           main] o.s.b.f.s.DefaultListableBeanFactory     : Autowiring by type from bean name 'simpleConfig' via factory method to bean named 'management.metrics.export.simple-org.springframework.boot.actuate.autoconfigure.metrics.export.simple.SimpleProperties'
25-04-2019 19:06:38.569 reqId=[] DEBUG 8570 --- [           main] o.s.b.f.s.DefaultListableBeanFactory     : Creating shared instance of singleton bean 'micrometerClock'
25-04-2019 19:06:38.569 reqId=[] DEBUG 8570 --- [           main] o.s.b.f.s.DefaultListableBeanFactory     : Creating shared instance of singleton bean 'org.springframework.boot.actuate.autoconfigure.metrics.MetricsAutoConfiguration'
25-04-2019 19:06:38.599 reqId=[] DEBUG 8570 --- [           main] o.s.b.f.s.DefaultListableBeanFactory     : Autowiring by type from bean name 'simpleMeterRegistry' via factory method to bean named 'simpleConfig'
25-04-2019 19:06:38.599 reqId=[] DEBUG 8570 --- [           main] o.s.b.f.s.DefaultListableBeanFactory     : Autowiring by type from bean name 'simpleMeterRegistry' via factory method to bean named 'micrometerClock'
25-04-2019 19:06:38.741 reqId=[] DEBUG 8570 --- [           main] o.s.b.f.s.DefaultListableBeanFactory     : Creating shared instance of singleton bean 'jvmGcMetrics'
25-04-2019 19:06:38.742 reqId=[] DEBUG 8570 --- [           main] o.s.b.f.s.DefaultListableBeanFactory     : Creating shared instance of singleton bean 'org.springframework.boot.actuate.autoconfigure.metrics.JvmMetricsAutoConfiguration'
25-04-2019 19:06:38.784 reqId=[] DEBUG 8570 --- [           main] o.s.b.f.s.DefaultListableBeanFactory     : Creating shared instance of singleton bean 'jvmMemoryMetrics'
25-04-2019 19:06:38.794 reqId=[] DEBUG 8570 --- [           main] o.s.b.f.s.DefaultListableBeanFactory     : Creating shared instance of singleton bean 'jvmThreadMetrics'
25-04-2019 19:06:38.803 reqId=[] DEBUG 8570 --- [           main] o.s.b.f.s.DefaultListableBeanFactory     : Creating shared instance of singleton bean 'classLoaderMetrics'
25-04-2019 19:06:38.812 reqId=[] DEBUG 8570 --- [           main] o.s.b.f.s.DefaultListableBeanFactory     : Creating shared instance of singleton bean 'logbackMetrics'
25-04-2019 19:06:38.813 reqId=[] DEBUG 8570 --- [           main] o.s.b.f.s.DefaultListableBeanFactory     : Creating shared instance of singleton bean 'org.springframework.boot.actuate.autoconfigure.metrics.LogbackMetricsAutoConfiguration'
25-04-2019 19:06:38.836 reqId=[] DEBUG 8570 --- [           main] o.s.b.f.s.DefaultListableBeanFactory     : Creating shared instance of singleton bean 'uptimeMetrics'
25-04-2019 19:06:38.837 reqId=[] DEBUG 8570 --- [           main] o.s.b.f.s.DefaultListableBeanFactory     : Creating shared instance of singleton bean 'org.springframework.boot.actuate.autoconfigure.metrics.SystemMetricsAutoConfiguration'
25-04-2019 19:06:38.852 reqId=[] DEBUG 8570 --- [           main] o.s.b.f.s.DefaultListableBeanFactory     : Creating shared instance of singleton bean 'processorMetrics'
25-04-2019 19:06:38.858 reqId=[] DEBUG 8570 --- [           main] o.s.b.f.s.DefaultListableBeanFactory     : Creating shared instance of singleton bean 'fileDescriptorMetrics'
25-04-2019 19:06:38.868 reqId=[] DEBUG 8570 --- [           main] o.s.b.f.s.DefaultListableBeanFactory     : Creating shared instance of singleton bean 'propertiesMeterFilter'
25-04-2019 19:06:38.868 reqId=[] DEBUG 8570 --- [           main] o.s.b.f.s.DefaultListableBeanFactory     : Autowiring by type from bean name 'propertiesMeterFilter' via factory method to bean named 'management.metrics-org.springframework.boot.actuate.autoconfigure.metrics.MetricsProperties'
25-04-2019 19:06:38.883 reqId=[] DEBUG 8570 --- [           main] o.s.b.f.s.DefaultListableBeanFactory     : Creating shared instance of singleton bean 'metricsHttpClientUriTagFilter'
25-04-2019 19:06:38.883 reqId=[] DEBUG 8570 --- [           main] o.s.b.f.s.DefaultListableBeanFactory     : Creating shared instance of singleton bean 'org.springframework.boot.actuate.autoconfigure.metrics.web.client.HttpClientMetricsAutoConfiguration'
25-04-2019 19:06:38.884 reqId=[] DEBUG 8570 --- [           main] ocalVariableTableParameterNameDiscoverer : Cannot find '.class' file for class [class org.springframework.boot.actuate.autoconfigure.metrics.web.client.HttpClientMetricsAutoConfiguration$$EnhancerBySpringCGLIB$$a4bcdec8] - unable to determine constructor/method parameter names
25-04-2019 19:06:38.884 reqId=[] DEBUG 8570 --- [           main] o.s.b.f.s.DefaultListableBeanFactory     : Autowiring by type from bean name 'org.springframework.boot.actuate.autoconfigure.metrics.web.client.HttpClientMetricsAutoConfiguration' via constructor to bean named 'management.metrics-org.springframework.boot.actuate.autoconfigure.metrics.MetricsProperties'
25-04-2019 19:06:38.917 reqId=[] DEBUG 8570 --- [           main] o.s.b.f.s.DefaultListableBeanFactory     : Creating shared instance of singleton bean 'metricsHttpServerUriTagFilter'
25-04-2019 19:06:39.061 reqId=[] DEBUG 8570 --- [           main] o.s.b.f.s.DefaultListableBeanFactory     : Creating shared instance of singleton bean 'webMvcTagsProvider'
25-04-2019 19:06:39.068 reqId=[] DEBUG 8570 --- [           main] o.s.b.f.s.DefaultListableBeanFactory     : Autowiring by type from bean name 'metricsWebMvcConfigurer' via factory method to bean named 'simpleMeterRegistry'
25-04-2019 19:06:39.068 reqId=[] DEBUG 8570 --- [           main] o.s.b.f.s.DefaultListableBeanFactory     : Autowiring by type from bean name 'metricsWebMvcConfigurer' via factory method to bean named 'webMvcTagsProvider'
25-04-2019 19:06:39.075 reqId=[] DEBUG 8570 --- [           main] o.s.b.f.s.DefaultListableBeanFactory     : Creating shared instance of singleton bean 'org.springframework.data.web.config.SpringDataWebConfiguration'
25-04-2019 19:06:39.076 reqId=[] DEBUG 8570 --- [           main] ocalVariableTableParameterNameDiscoverer : Cannot find '.class' file for class [class org.springframework.data.web.config.SpringDataWebConfiguration$$EnhancerBySpringCGLIB$$c54a1dac] - unable to determine constructor/method parameter names
25-04-2019 19:06:39.077 reqId=[] DEBUG 8570 --- [           main] o.s.b.f.s.DefaultListableBeanFactory     : Autowiring by type from bean name 'org.springframework.data.web.config.SpringDataWebConfiguration' via constructor to bean named 'org.springframework.web.context.support.GenericWebApplicationContext@2438dcd'
25-04-2019 19:06:39.089 reqId=[] DEBUG 8570 --- [           main] o.s.b.f.s.DefaultListableBeanFactory     : Creating shared instance of singleton bean 'pageableCustomizer'
25-04-2019 19:06:39.089 reqId=[] DEBUG 8570 --- [           main] o.s.b.f.s.DefaultListableBeanFactory     : Creating shared instance of singleton bean 'org.springframework.boot.autoconfigure.data.web.SpringDataWebAutoConfiguration'
25-04-2019 19:06:39.090 reqId=[] DEBUG 8570 --- [           main] ocalVariableTableParameterNameDiscoverer : Cannot find '.class' file for class [class org.springframework.boot.autoconfigure.data.web.SpringDataWebAutoConfiguration$$EnhancerBySpringCGLIB$$4f7ca57a] - unable to determine constructor/method parameter names
25-04-2019 19:06:39.092 reqId=[] DEBUG 8570 --- [           main] o.s.b.f.s.DefaultListableBeanFactory     : Creating shared instance of singleton bean 'spring.data.web-org.springframework.boot.autoconfigure.data.web.SpringDataWebProperties'
25-04-2019 19:06:39.097 reqId=[] DEBUG 8570 --- [           main] o.s.b.f.s.DefaultListableBeanFactory     : Autowiring by type from bean name 'org.springframework.boot.autoconfigure.data.web.SpringDataWebAutoConfiguration' via constructor to bean named 'spring.data.web-org.springframework.boot.autoconfigure.data.web.SpringDataWebProperties'
25-04-2019 19:06:39.123 reqId=[] DEBUG 8570 --- [           main] o.s.b.f.s.DefaultListableBeanFactory     : Creating shared instance of singleton bean 'sortCustomizer'
25-04-2019 19:06:39.191 reqId=[] DEBUG 8570 --- [           main] o.s.b.f.s.DefaultListableBeanFactory     : Creating shared instance of singleton bean 'org.springframework.security.config.annotation.authentication.configuration.AuthenticationConfiguration'
25-04-2019 19:06:39.201 reqId=[] DEBUG 8570 --- [           main] o.s.b.f.s.DefaultListableBeanFactory     : Creating shared instance of singleton bean 'enableGlobalAuthenticationAutowiredConfigurer'
25-04-2019 19:06:39.203 reqId=[] DEBUG 8570 --- [           main] o.s.b.f.s.DefaultListableBeanFactory     : Autowiring by type from bean name 'enableGlobalAuthenticationAutowiredConfigurer' via factory method to bean named 'org.springframework.web.context.support.GenericWebApplicationContext@2438dcd'
25-04-2019 19:06:39.224 reqId=[] DEBUG 8570 --- [           main] o.s.b.f.s.DefaultListableBeanFactory     : Creating shared instance of singleton bean 'initializeUserDetailsBeanManagerConfigurer'
25-04-2019 19:06:39.227 reqId=[] DEBUG 8570 --- [           main] o.s.b.f.s.DefaultListableBeanFactory     : Autowiring by type from bean name 'initializeUserDetailsBeanManagerConfigurer' via factory method to bean named 'org.springframework.web.context.support.GenericWebApplicationContext@2438dcd'
25-04-2019 19:06:39.246 reqId=[] DEBUG 8570 --- [           main] o.s.b.f.s.DefaultListableBeanFactory     : Creating shared instance of singleton bean 'initializeAuthenticationProviderBeanManagerConfigurer'
25-04-2019 19:06:39.247 reqId=[] DEBUG 8570 --- [           main] o.s.b.f.s.DefaultListableBeanFactory     : Autowiring by type from bean name 'initializeAuthenticationProviderBeanManagerConfigurer' via factory method to bean named 'org.springframework.web.context.support.GenericWebApplicationContext@2438dcd'
25-04-2019 19:06:39.263 reqId=[] DEBUG 8570 --- [           main] o.s.b.f.s.DefaultListableBeanFactory     : Creating shared instance of singleton bean 'wiseconnectAuthenticationProvider'
25-04-2019 19:06:39.428 reqId=[] DEBUG 8570 --- [           main] o.s.b.f.s.DefaultListableBeanFactory     : Creating shared instance of singleton bean 'wiseconnectUserDetailsServiceImpl'
25-04-2019 19:06:39.436 reqId=[] DEBUG 8570 --- [           main] o.s.b.f.s.DefaultListableBeanFactory     : Creating shared instance of singleton bean 'userRoleRepository'
25-04-2019 19:06:39.448 reqId=[] DEBUG 8570 --- [           main] tor$SharedEntityManagerInvocationHandler : Creating new EntityManager for shared EntityManager invocation
25-04-2019 19:06:39.452 reqId=[] DEBUG 8570 --- [           main] o.s.orm.jpa.EntityManagerFactoryUtils    : Closing JPA EntityManager
25-04-2019 19:06:39.470 reqId=[] DEBUG 8570 --- [           main] o.s.d.r.c.s.RepositoryFactorySupport     : Initializing repository instance for com.wisilica.wiseconnect.dao.repository.UserRoleRepository…
25-04-2019 19:06:39.472 reqId=[] DEBUG 8570 --- [           main] tor$SharedEntityManagerInvocationHandler : Creating new EntityManager for shared EntityManager invocation
25-04-2019 19:06:39.473 reqId=[] DEBUG 8570 --- [           main] o.s.orm.jpa.EntityManagerFactoryUtils    : Closing JPA EntityManager
25-04-2019 19:06:39.474 reqId=[] DEBUG 8570 --- [           main] tor$SharedEntityManagerInvocationHandler : Creating new EntityManager for shared EntityManager invocation
25-04-2019 19:06:39.474 reqId=[] DEBUG 8570 --- [           main] o.s.orm.jpa.EntityManagerFactoryUtils    : Closing JPA EntityManager
25-04-2019 19:06:39.476 reqId=[] DEBUG 8570 --- [           main] o.s.d.j.r.query.JpaQueryFactory          : Looking up query for method findByUserId
25-04-2019 19:06:39.477 reqId=[] DEBUG 8570 --- [           main] tor$SharedEntityManagerInvocationHandler : Creating new EntityManager for shared EntityManager invocation
25-04-2019 19:06:39.477 reqId=[] DEBUG 8570 --- [           main] o.s.orm.jpa.EntityManagerFactoryUtils    : Closing JPA EntityManager
25-04-2019 19:06:39.487 reqId=[] DEBUG 8570 --- [           main] o.s.d.r.c.s.RepositoryFactorySupport     : Finished creation of repository instance for com.wisilica.wiseconnect.dao.repository.UserRoleRepository.
25-04-2019 19:06:39.517 reqId=[] DEBUG 8570 --- [           main] o.s.b.f.s.DefaultListableBeanFactory     : Creating shared instance of singleton bean 'rolesRepository'
25-04-2019 19:06:39.524 reqId=[] DEBUG 8570 --- [           main] tor$SharedEntityManagerInvocationHandler : Creating new EntityManager for shared EntityManager invocation
25-04-2019 19:06:39.524 reqId=[] DEBUG 8570 --- [           main] o.s.orm.jpa.EntityManagerFactoryUtils    : Closing JPA EntityManager
25-04-2019 19:06:39.525 reqId=[] DEBUG 8570 --- [           main] o.s.d.r.c.s.RepositoryFactorySupport     : Initializing repository instance for com.wisilica.wiseconnect.dao.repository.RolesRepository…
25-04-2019 19:06:39.526 reqId=[] DEBUG 8570 --- [           main] tor$SharedEntityManagerInvocationHandler : Creating new EntityManager for shared EntityManager invocation
25-04-2019 19:06:39.527 reqId=[] DEBUG 8570 --- [           main] o.s.orm.jpa.EntityManagerFactoryUtils    : Closing JPA EntityManager
25-04-2019 19:06:39.528 reqId=[] DEBUG 8570 --- [           main] tor$SharedEntityManagerInvocationHandler : Creating new EntityManager for shared EntityManager invocation
25-04-2019 19:06:39.528 reqId=[] DEBUG 8570 --- [           main] o.s.orm.jpa.EntityManagerFactoryUtils    : Closing JPA EntityManager
25-04-2019 19:06:39.530 reqId=[] DEBUG 8570 --- [           main] o.s.d.j.r.query.JpaQueryFactory          : Looking up query for method findByRoleId
25-04-2019 19:06:39.530 reqId=[] DEBUG 8570 --- [           main] o.s.d.jpa.repository.query.NamedQuery    : Looking up named query Roles.findByRoleId
25-04-2019 19:06:39.531 reqId=[] DEBUG 8570 --- [           main] o.s.d.jpa.repository.query.NamedQuery    : Did not find named query Roles.findByRoleId
25-04-2019 19:06:39.531 reqId=[] DEBUG 8570 --- [           main] tor$SharedEntityManagerInvocationHandler : Creating new EntityManager for shared EntityManager invocation
25-04-2019 19:06:39.532 reqId=[] DEBUG 8570 --- [           main] o.s.orm.jpa.EntityManagerFactoryUtils    : Closing JPA EntityManager
25-04-2019 19:06:39.538 reqId=[] DEBUG 8570 --- [           main] o.s.d.r.c.s.RepositoryFactorySupport     : Finished creation of repository instance for com.wisilica.wiseconnect.dao.repository.RolesRepository.
25-04-2019 19:06:39.572 reqId=[] DEBUG 8570 --- [           main] o.s.b.f.s.DefaultListableBeanFactory     : Creating shared instance of singleton bean 'userPasswordEncoder'
25-04-2019 19:06:39.572 reqId=[] DEBUG 8570 --- [           main] o.s.b.f.s.DefaultListableBeanFactory     : Creating shared instance of singleton bean 'wiseconnectEncoders'
25-04-2019 19:06:39.599 reqId=[] DEBUG 8570 --- [           main] o.s.b.f.s.DefaultListableBeanFactory     : Creating shared instance of singleton bean 'oauthClientPasswordEncoder'
25-04-2019 19:06:39.605 reqId=[] DEBUG 8570 --- [           main] o.s.b.f.s.DefaultListableBeanFactory     : Creating shared instance of singleton bean 'wiseconnectResourceServerConfiguration'
25-04-2019 19:06:39.612 reqId=[] DEBUG 8570 --- [           main] o.s.b.f.s.DefaultListableBeanFactory     : Creating shared instance of singleton bean 'tokenStore'
25-04-2019 19:06:39.663 reqId=[] DEBUG 8570 --- [           main] o.s.b.f.s.DefaultListableBeanFactory     : Creating shared instance of singleton bean 'packetServiceImpl'
25-04-2019 19:06:39.667 reqId=[] DEBUG 8570 --- [           main] o.s.b.f.s.DefaultListableBeanFactory     : Creating shared instance of singleton bean 'operateServiceImpl'
25-04-2019 19:06:39.680 reqId=[] DEBUG 8570 --- [           main] o.s.b.f.s.DefaultListableBeanFactory     : Creating shared instance of singleton bean 'redisServiceImpl'
25-04-2019 19:06:39.686 reqId=[] DEBUG 8570 --- [           main] o.s.b.f.s.DefaultListableBeanFactory     : Creating shared instance of singleton bean 'stringRedisTemplate'
25-04-2019 19:06:39.686 reqId=[] DEBUG 8570 --- [           main] o.s.b.f.s.DefaultListableBeanFactory     : Creating shared instance of singleton bean 'org.springframework.boot.autoconfigure.data.redis.RedisAutoConfiguration'
25-04-2019 19:06:39.697 reqId=[] DEBUG 8570 --- [           main] o.s.b.f.s.DefaultListableBeanFactory     : Creating shared instance of singleton bean 'redisConnectionFactory'
25-04-2019 19:06:39.697 reqId=[] DEBUG 8570 --- [           main] o.s.b.f.s.DefaultListableBeanFactory     : Creating shared instance of singleton bean 'org.springframework.boot.autoconfigure.data.redis.JedisConnectionConfiguration'
25-04-2019 19:06:39.698 reqId=[] DEBUG 8570 --- [           main] ocalVariableTableParameterNameDiscoverer : Cannot find '.class' file for class [class org.springframework.boot.autoconfigure.data.redis.JedisConnectionConfiguration$$EnhancerBySpringCGLIB$$521a0ee] - unable to determine constructor/method parameter names
25-04-2019 19:06:39.702 reqId=[] DEBUG 8570 --- [           main] o.s.b.f.s.DefaultListableBeanFactory     : Creating shared instance of singleton bean 'spring.redis-org.springframework.boot.autoconfigure.data.redis.RedisProperties'
25-04-2019 19:06:39.707 reqId=[] DEBUG 8570 --- [           main] o.s.b.f.s.DefaultListableBeanFactory     : Autowiring by type from bean name 'org.springframework.boot.autoconfigure.data.redis.JedisConnectionConfiguration' via constructor to bean named 'spring.redis-org.springframework.boot.autoconfigure.data.redis.RedisProperties'
25-04-2019 19:06:39.851 reqId=[] DEBUG 8570 --- [           main] o.s.b.f.s.DefaultListableBeanFactory     : Autowiring by type from bean name 'stringRedisTemplate' via factory method to bean named 'redisConnectionFactory'
25-04-2019 19:06:39.948 reqId=[] DEBUG 8570 --- [           main] o.s.b.f.s.DefaultListableBeanFactory     : Creating shared instance of singleton bean 'operateDaoImpl'
25-04-2019 19:06:39.958 reqId=[] DEBUG 8570 --- [           main] o.s.b.f.s.DefaultListableBeanFactory     : Creating shared instance of singleton bean 'executionContextSetter'
25-04-2019 19:06:39.961 reqId=[] DEBUG 8570 --- [           main] o.s.b.f.s.DefaultListableBeanFactory     : Creating shared instance of singleton bean 'getValidator'
25-04-2019 19:06:40.007 reqId=[] DEBUG 8570 --- [           main] o.s.b.f.s.DefaultListableBeanFactory     : Creating shared instance of singleton bean 'jacksonBuilder'
25-04-2019 19:06:40.016 reqId=[] DEBUG 8570 --- [           main] o.s.b.f.s.DefaultListableBeanFactory     : Creating shared instance of singleton bean 'servletContainer'
25-04-2019 19:06:40.017 reqId=[] DEBUG 8570 --- [           main] o.s.c.e.PropertySourcesPropertyResolver  : Found key 'server.http.port' in PropertySource 'configurationProperties' with value of type String
25-04-2019 19:06:40.017 reqId=[] DEBUG 8570 --- [           main] o.s.c.e.PropertySourcesPropertyResolver  : Found key 'server.http.port' in PropertySource 'environmentProperties' with value of type String
25-04-2019 19:06:40.177 reqId=[] DEBUG 8570 --- [           main] o.s.b.f.s.DefaultListableBeanFactory     : Creating shared instance of singleton bean 'websocketServletWebServerCustomizer'
25-04-2019 19:06:40.178 reqId=[] DEBUG 8570 --- [           main] o.s.b.f.s.DefaultListableBeanFactory     : Creating shared instance of singleton bean 'org.springframework.boot.autoconfigure.websocket.servlet.WebSocketServletAutoConfiguration$TomcatWebSocketConfiguration'
25-04-2019 19:06:40.196 reqId=[] DEBUG 8570 --- [           main] o.s.b.f.s.DefaultListableBeanFactory     : Creating shared instance of singleton bean 'servletWebServerFactoryCustomizer'
25-04-2019 19:06:40.197 reqId=[] DEBUG 8570 --- [           main] o.s.b.f.s.DefaultListableBeanFactory     : Creating shared instance of singleton bean 'org.springframework.boot.autoconfigure.web.servlet.ServletWebServerFactoryAutoConfiguration'
25-04-2019 19:06:40.208 reqId=[] DEBUG 8570 --- [           main] o.s.b.f.s.DefaultListableBeanFactory     : Creating shared instance of singleton bean 'server-org.springframework.boot.autoconfigure.web.ServerProperties'
25-04-2019 19:06:40.237 reqId=[] DEBUG 8570 --- [           main] o.s.b.f.s.DefaultListableBeanFactory     : Autowiring by type from bean name 'servletWebServerFactoryCustomizer' via factory method to bean named 'server-org.springframework.boot.autoconfigure.web.ServerProperties'
25-04-2019 19:06:40.247 reqId=[] DEBUG 8570 --- [           main] o.s.b.f.s.DefaultListableBeanFactory     : Creating shared instance of singleton bean 'tomcatServletWebServerFactoryCustomizer'
25-04-2019 19:06:40.247 reqId=[] DEBUG 8570 --- [           main] o.s.b.f.s.DefaultListableBeanFactory     : Autowiring by type from bean name 'tomcatServletWebServerFactoryCustomizer' via factory method to bean named 'server-org.springframework.boot.autoconfigure.web.ServerProperties'
25-04-2019 19:06:40.253 reqId=[] DEBUG 8570 --- [           main] o.s.b.f.s.DefaultListableBeanFactory     : Creating shared instance of singleton bean 'tomcatWebServerFactoryCustomizer'
25-04-2019 19:06:40.254 reqId=[] DEBUG 8570 --- [           main] o.s.b.f.s.DefaultListableBeanFactory     : Creating shared instance of singleton bean 'org.springframework.boot.autoconfigure.web.embedded.EmbeddedWebServerFactoryCustomizerAutoConfiguration$TomcatWebServerFactoryCustomizerConfiguration'
25-04-2019 19:06:40.284 reqId=[] DEBUG 8570 --- [           main] o.s.b.f.s.DefaultListableBeanFactory     : Autowiring by type from bean name 'tomcatWebServerFactoryCustomizer' via factory method to bean named 'environment'
25-04-2019 19:06:40.284 reqId=[] DEBUG 8570 --- [           main] o.s.b.f.s.DefaultListableBeanFactory     : Autowiring by type from bean name 'tomcatWebServerFactoryCustomizer' via factory method to bean named 'server-org.springframework.boot.autoconfigure.web.ServerProperties'
25-04-2019 19:06:40.299 reqId=[] DEBUG 8570 --- [           main] o.s.b.f.s.DefaultListableBeanFactory     : Creating shared instance of singleton bean 'localeCharsetMappingsCustomizer'
25-04-2019 19:06:40.299 reqId=[] DEBUG 8570 --- [           main] o.s.b.f.s.DefaultListableBeanFactory     : Creating shared instance of singleton bean 'org.springframework.boot.autoconfigure.web.servlet.HttpEncodingAutoConfiguration'
25-04-2019 19:06:40.300 reqId=[] DEBUG 8570 --- [           main] ocalVariableTableParameterNameDiscoverer : Cannot find '.class' file for class [class org.springframework.boot.autoconfigure.web.servlet.HttpEncodingAutoConfiguration$$EnhancerBySpringCGLIB$$373aa5fb] - unable to determine constructor/method parameter names
25-04-2019 19:06:40.303 reqId=[] DEBUG 8570 --- [           main] o.s.b.f.s.DefaultListableBeanFactory     : Creating shared instance of singleton bean 'spring.http-org.springframework.boot.autoconfigure.http.HttpProperties'
25-04-2019 19:06:40.307 reqId=[] DEBUG 8570 --- [           main] o.s.b.f.s.DefaultListableBeanFactory     : Autowiring by type from bean name 'org.springframework.boot.autoconfigure.web.servlet.HttpEncodingAutoConfiguration' via constructor to bean named 'spring.http-org.springframework.boot.autoconfigure.http.HttpProperties'
25-04-2019 19:06:40.378 reqId=[] DEBUG 8570 --- [           main] o.s.b.f.s.DefaultListableBeanFactory     : Creating shared instance of singleton bean 'errorPageCustomizer'
25-04-2019 19:06:40.379 reqId=[] DEBUG 8570 --- [           main] o.s.b.f.s.DefaultListableBeanFactory     : Creating shared instance of singleton bean 'org.springframework.boot.autoconfigure.web.servlet.error.ErrorMvcAutoConfiguration'
25-04-2019 19:06:40.379 reqId=[] DEBUG 8570 --- [           main] ocalVariableTableParameterNameDiscoverer : Cannot find '.class' file for class [class org.springframework.boot.autoconfigure.web.servlet.error.ErrorMvcAutoConfiguration$$EnhancerBySpringCGLIB$$8f91f4de] - unable to determine constructor/method parameter names
25-04-2019 19:06:40.382 reqId=[] DEBUG 8570 --- [           main] o.s.b.f.s.DefaultListableBeanFactory     : Creating shared instance of singleton bean 'dispatcherServletRegistration'
25-04-2019 19:06:40.383 reqId=[] DEBUG 8570 --- [           main] o.s.b.f.s.DefaultListableBeanFactory     : Creating shared instance of singleton bean 'org.springframework.boot.autoconfigure.web.servlet.DispatcherServletAutoConfiguration$DispatcherServletRegistrationConfiguration'
25-04-2019 19:06:40.384 reqId=[] DEBUG 8570 --- [           main] ocalVariableTableParameterNameDiscoverer : Cannot find '.class' file for class [class org.springframework.boot.autoconfigure.web.servlet.DispatcherServletAutoConfiguration$DispatcherServletRegistrationConfiguration$$EnhancerBySpringCGLIB$$15ed13c9] - unable to determine constructor/method parameter names
25-04-2019 19:06:40.388 reqId=[] DEBUG 8570 --- [           main] o.s.b.f.s.DefaultListableBeanFactory     : Autowiring by type from bean name 'org.springframework.boot.autoconfigure.web.servlet.DispatcherServletAutoConfiguration$DispatcherServletRegistrationConfiguration' via constructor to bean named 'spring.mvc-org.springframework.boot.autoconfigure.web.servlet.WebMvcProperties'
25-04-2019 19:06:40.391 reqId=[] DEBUG 8570 --- [           main] o.s.b.f.s.DefaultListableBeanFactory     : Creating shared instance of singleton bean 'multipartConfigElement'
25-04-2019 19:06:40.392 reqId=[] DEBUG 8570 --- [           main] o.s.b.f.s.DefaultListableBeanFactory     : Creating shared instance of singleton bean 'org.springframework.boot.autoconfigure.web.servlet.MultipartAutoConfiguration'
25-04-2019 19:06:40.394 reqId=[] DEBUG 8570 --- [           main] ocalVariableTableParameterNameDiscoverer : Cannot find '.class' file for class [class org.springframework.boot.autoconfigure.web.servlet.MultipartAutoConfiguration$$EnhancerBySpringCGLIB$$a62b2e08] - unable to determine constructor/method parameter names
25-04-2019 19:06:40.397 reqId=[] DEBUG 8570 --- [           main] o.s.b.f.s.DefaultListableBeanFactory     : Creating shared instance of singleton bean 'spring.servlet.multipart-org.springframework.boot.autoconfigure.web.servlet.MultipartProperties'
25-04-2019 19:06:40.407 reqId=[] DEBUG 8570 --- [           main] o.s.b.f.s.DefaultListableBeanFactory     : Autowiring by type from bean name 'org.springframework.boot.autoconfigure.web.servlet.MultipartAutoConfiguration' via constructor to bean named 'spring.servlet.multipart-org.springframework.boot.autoconfigure.web.servlet.MultipartProperties'
25-04-2019 19:06:40.434 reqId=[] DEBUG 8570 --- [           main] o.s.b.f.s.DefaultListableBeanFactory     : Creating shared instance of singleton bean 'dispatcherServlet'
25-04-2019 19:06:40.435 reqId=[] DEBUG 8570 --- [           main] o.s.b.f.s.DefaultListableBeanFactory     : Creating shared instance of singleton bean 'org.springframework.boot.autoconfigure.web.servlet.DispatcherServletAutoConfiguration$DispatcherServletConfiguration'
25-04-2019 19:06:40.436 reqId=[] DEBUG 8570 --- [           main] ocalVariableTableParameterNameDiscoverer : Cannot find '.class' file for class [class org.springframework.boot.autoconfigure.web.servlet.DispatcherServletAutoConfiguration$DispatcherServletConfiguration$$EnhancerBySpringCGLIB$$b3e57f22] - unable to determine constructor/method parameter names
25-04-2019 19:06:40.437 reqId=[] DEBUG 8570 --- [           main] o.s.b.f.s.DefaultListableBeanFactory     : Autowiring by type from bean name 'org.springframework.boot.autoconfigure.web.servlet.DispatcherServletAutoConfiguration$DispatcherServletConfiguration' via constructor to bean named 'spring.http-org.springframework.boot.autoconfigure.http.HttpProperties'
25-04-2019 19:06:40.437 reqId=[] DEBUG 8570 --- [           main] o.s.b.f.s.DefaultListableBeanFactory     : Autowiring by type from bean name 'org.springframework.boot.autoconfigure.web.servlet.DispatcherServletAutoConfiguration$DispatcherServletConfiguration' via constructor to bean named 'spring.mvc-org.springframework.boot.autoconfigure.web.servlet.WebMvcProperties'
25-04-2019 19:06:40.502 reqId=[] DEBUG 8570 --- [           main] o.s.b.f.s.DefaultListableBeanFactory     : Autowiring by type from bean name 'dispatcherServletRegistration' via factory method to bean named 'dispatcherServlet'
25-04-2019 19:06:40.517 reqId=[] DEBUG 8570 --- [           main] o.s.b.f.s.DefaultListableBeanFactory     : Autowiring by type from bean name 'org.springframework.boot.autoconfigure.web.servlet.error.ErrorMvcAutoConfiguration' via constructor to bean named 'server-org.springframework.boot.autoconfigure.web.ServerProperties'
25-04-2019 19:06:40.517 reqId=[] DEBUG 8570 --- [           main] o.s.b.f.s.DefaultListableBeanFactory     : Autowiring by type from bean name 'org.springframework.boot.autoconfigure.web.servlet.error.ErrorMvcAutoConfiguration' via constructor to bean named 'dispatcherServletRegistration'
25-04-2019 19:06:40.519 reqId=[] DEBUG 8570 --- [           main] o.s.b.f.s.DefaultListableBeanFactory     : Creating shared instance of singleton bean 'conventionErrorViewResolver'
25-04-2019 19:06:40.519 reqId=[] DEBUG 8570 --- [           main] o.s.b.f.s.DefaultListableBeanFactory     : Creating shared instance of singleton bean 'org.springframework.boot.autoconfigure.web.servlet.error.ErrorMvcAutoConfiguration$DefaultErrorViewResolverConfiguration'
25-04-2019 19:06:40.520 reqId=[] DEBUG 8570 --- [           main] ocalVariableTableParameterNameDiscoverer : Cannot find '.class' file for class [class org.springframework.boot.autoconfigure.web.servlet.error.ErrorMvcAutoConfiguration$DefaultErrorViewResolverConfiguration$$EnhancerBySpringCGLIB$$a426c97e] - unable to determine constructor/method parameter names
25-04-2019 19:06:40.521 reqId=[] DEBUG 8570 --- [           main] o.s.b.f.s.DefaultListableBeanFactory     : Autowiring by type from bean name 'org.springframework.boot.autoconfigure.web.servlet.error.ErrorMvcAutoConfiguration$DefaultErrorViewResolverConfiguration' via constructor to bean named 'org.springframework.web.context.support.GenericWebApplicationContext@2438dcd'
25-04-2019 19:06:40.521 reqId=[] DEBUG 8570 --- [           main] o.s.b.f.s.DefaultListableBeanFactory     : Autowiring by type from bean name 'org.springframework.boot.autoconfigure.web.servlet.error.ErrorMvcAutoConfiguration$DefaultErrorViewResolverConfiguration' via constructor to bean named 'spring.resources-org.springframework.boot.autoconfigure.web.ResourceProperties'
25-04-2019 19:06:40.554 reqId=[] DEBUG 8570 --- [           main] o.s.b.f.s.DefaultListableBeanFactory     : Creating shared instance of singleton bean 'org.springframework.security.oauth2.config.annotation.web.configuration.AuthorizationServerEndpointsConfiguration'
25-04-2019 19:06:40.573 reqId=[] DEBUG 8570 --- [           main] o.s.b.f.s.DefaultListableBeanFactory     : Creating shared instance of singleton bean 'clientDetailsService'
25-04-2019 19:06:40.599 reqId=[] DEBUG 8570 --- [           main] o.s.b.f.s.DefaultListableBeanFactory     : Creating shared instance of singleton bean 'authorizationEndpoint'
25-04-2019 19:06:40.708 reqId=[] DEBUG 8570 --- [           main] o.s.b.f.s.DefaultListableBeanFactory     : Creating shared instance of singleton bean 'tokenEndpoint'
25-04-2019 19:06:40.715 reqId=[] DEBUG 8570 --- [           main] o.s.b.f.s.DefaultListableBeanFactory     : Creating shared instance of singleton bean 'checkTokenEndpoint'
25-04-2019 19:06:40.722 reqId=[] DEBUG 8570 --- [           main] o.s.b.f.s.DefaultListableBeanFactory     : Creating shared instance of singleton bean 'whitelabelApprovalEndpoint'
25-04-2019 19:06:40.726 reqId=[] DEBUG 8570 --- [           main] o.s.b.f.s.DefaultListableBeanFactory     : Creating shared instance of singleton bean 'whitelabelErrorEndpoint'
25-04-2019 19:06:40.729 reqId=[] DEBUG 8570 --- [           main] o.s.b.f.s.DefaultListableBeanFactory     : Creating shared instance of singleton bean 'oauth2EndpointHandlerMapping'
25-04-2019 19:06:40.804 reqId=[] DEBUG 8570 --- [           main] .s.o.p.e.FrameworkEndpointHandlerMapping : 8 mappings in 'oauth2EndpointHandlerMapping'
25-04-2019 19:06:40.819 reqId=[] DEBUG 8570 --- [           main] o.s.b.f.s.DefaultListableBeanFactory     : Creating shared instance of singleton bean 'consumerTokenServices'
25-04-2019 19:06:40.832 reqId=[] DEBUG 8570 --- [           main] o.s.b.f.s.DefaultListableBeanFactory     : Creating shared instance of singleton bean 'defaultAuthorizationServerTokenServices'
25-04-2019 19:06:40.843 reqId=[] DEBUG 8570 --- [           main] o.s.b.f.s.DefaultListableBeanFactory     : Creating shared instance of singleton bean 'org.springframework.security.oauth2.config.annotation.configuration.ClientDetailsServiceConfiguration'
25-04-2019 19:06:40.851 reqId=[] DEBUG 8570 --- [           main] o.s.b.f.s.DefaultListableBeanFactory     : Creating shared instance of singleton bean 'clientDetailsServiceConfigurer'
25-04-2019 19:06:40.864 reqId=[] DEBUG 8570 --- [           main] o.s.b.f.s.DefaultListableBeanFactory     : Creating shared instance of singleton bean 'org.springframework.security.oauth2.config.annotation.web.configuration.AuthorizationServerSecurityConfiguration'
25-04-2019 19:06:40.882 reqId=[] DEBUG 8570 --- [           main] o.s.b.f.s.DefaultListableBeanFactory     : Creating shared instance of singleton bean 'authenticationManagerBuilder'
25-04-2019 19:06:40.883 reqId=[] DEBUG 8570 --- [           main] o.s.b.f.s.DefaultListableBeanFactory     : Autowiring by type from bean name 'authenticationManagerBuilder' via factory method to bean named 'objectPostProcessor'
25-04-2019 19:06:40.883 reqId=[] DEBUG 8570 --- [           main] o.s.b.f.s.DefaultListableBeanFactory     : Autowiring by type from bean name 'authenticationManagerBuilder' via factory method to bean named 'org.springframework.web.context.support.GenericWebApplicationContext@2438dcd'
25-04-2019 19:06:40.890 reqId=[] DEBUG 8570 --- [           main] o.s.b.f.s.DefaultListableBeanFactory     : Creating shared instance of singleton bean 'authenticationEventPublisher'
25-04-2019 19:06:40.891 reqId=[] DEBUG 8570 --- [           main] o.s.b.f.s.DefaultListableBeanFactory     : Creating shared instance of singleton bean 'org.springframework.boot.autoconfigure.security.servlet.SecurityAutoConfiguration'
25-04-2019 19:06:40.900 reqId=[] DEBUG 8570 --- [           main] o.s.b.f.s.DefaultListableBeanFactory     : Autowiring by type from bean name 'authenticationEventPublisher' via factory method to bean named 'org.springframework.web.context.support.GenericWebApplicationContext@2438dcd'
25-04-2019 19:06:40.931 reqId=[] DEBUG 8570 --- [           main] o.s.b.f.s.DefaultListableBeanFactory     : Creating shared instance of singleton bean 'org.springframework.security.config.annotation.web.configuration.WebSecurityConfiguration'
25-04-2019 19:06:40.980 reqId=[] DEBUG 8570 --- [           main] o.s.b.f.s.DefaultListableBeanFactory     : Creating shared instance of singleton bean 'autowiredWebSecurityConfigurersIgnoreParents'
25-04-2019 19:06:40.983 reqId=[] DEBUG 8570 --- [           main] o.s.b.f.s.DefaultListableBeanFactory     : Autowiring by type from bean name 'autowiredWebSecurityConfigurersIgnoreParents' via factory method to bean named 'org.springframework.beans.factory.support.DefaultListableBeanFactory@aafcffa'
25-04-2019 19:06:40.994 reqId=[] DEBUG 8570 --- [           main] o.s.b.f.s.DefaultListableBeanFactory     : Creating shared instance of singleton bean 'org.springframework.security.oauth2.config.annotation.web.configuration.ResourceServerConfiguration'
25-04-2019 19:06:41.076 reqId=[] DEBUG 8570 --- [           main] o.s.b.f.s.DefaultListableBeanFactory     : Creating shared instance of singleton bean 'delegatingApplicationListener'
25-04-2019 19:06:41.081 reqId=[] DEBUG 8570 --- [           main] o.s.b.f.s.DefaultListableBeanFactory     : Creating shared instance of singleton bean 'springSecurityFilterChain'
25-04-2019 19:06:41.086 reqId=[] DEBUG 8570 --- [           main] s.c.a.w.c.WebSecurityConfigurerAdapter$3 : No authenticationProviders and no parentAuthenticationManager defined. Returning null.
25-04-2019 19:06:41.484 reqId=[] DEBUG 8570 --- [           main] eGlobalAuthenticationAutowiredConfigurer : Eagerly initializing {wiseconnectSecurityConfiguration=com.wisilica.wiseconnect.oauth2.WiseconnectSecurityConfiguration$$EnhancerBySpringCGLIB$$2a5485fb@5e9671e6}
25-04-2019 19:06:41.710 reqId=[] DEBUG 8570 --- [           main] edFilterInvocationSecurityMetadataSource : Adding web access control expression 'fullyAuthenticated', for Ant [pattern='/oauth/token']
25-04-2019 19:06:41.712 reqId=[] DEBUG 8570 --- [           main] edFilterInvocationSecurityMetadataSource : Adding web access control expression 'permitAll()', for Ant [pattern='/oauth/token_key']
25-04-2019 19:06:41.712 reqId=[] DEBUG 8570 --- [           main] edFilterInvocationSecurityMetadataSource : Adding web access control expression 'isAuthenticated()', for Ant [pattern='/oauth/check_token']
25-04-2019 19:06:41.729 reqId=[] DEBUG 8570 --- [           main] o.s.s.w.a.i.FilterSecurityInterceptor    : Validated configuration attributes
25-04-2019 19:06:41.731 reqId=[] DEBUG 8570 --- [           main] o.s.s.w.a.i.FilterSecurityInterceptor    : Validated configuration attributes
25-04-2019 19:06:41.755 reqId=[]  INFO 8570 --- [           main] o.s.s.web.DefaultSecurityFilterChain     : Creating filter chain: OrRequestMatcher [requestMatchers=[Ant [pattern='/oauth/token'], Ant [pattern='/oauth/token_key'], Ant [pattern='/oauth/check_token']]], [org.springframework.security.web.context.request.async.WebAsyncManagerIntegrationFilter@1d5958d3, org.springframework.security.web.context.SecurityContextPersistenceFilter@4bec6682, org.springframework.security.web.header.HeaderWriterFilter@576a8b00, org.springframework.security.web.authentication.logout.LogoutFilter@64de9fa4, org.springframework.security.web.authentication.www.BasicAuthenticationFilter@6632eb19, org.springframework.security.web.savedrequest.RequestCacheAwareFilter@7f839ec5, org.springframework.security.web.servletapi.SecurityContextHolderAwareRequestFilter@693ed09d, org.springframework.security.web.authentication.AnonymousAuthenticationFilter@6a6e410c, org.springframework.security.web.session.SessionManagementFilter@116efe65, org.springframework.security.web.access.ExceptionTranslationFilter@10f384a2, org.springframework.security.web.access.intercept.FilterSecurityInterceptor@1d4c6e32]
25-04-2019 19:06:41.791 reqId=[] DEBUG 8570 --- [           main] edFilterInvocationSecurityMetadataSource : Adding web access control expression '#oauth2.hasScope('write')', for Ant [pattern='/secured/**', POST]
25-04-2019 19:06:41.794 reqId=[] DEBUG 8570 --- [           main] edFilterInvocationSecurityMetadataSource : Adding web access control expression '#oauth2.hasScope('read')', for any request
25-04-2019 19:06:41.795 reqId=[] DEBUG 8570 --- [           main] o.s.s.w.a.i.FilterSecurityInterceptor    : Validated configuration attributes
25-04-2019 19:06:41.796 reqId=[] DEBUG 8570 --- [           main] o.s.s.w.a.i.FilterSecurityInterceptor    : Validated configuration attributes
25-04-2019 19:06:41.796 reqId=[]  INFO 8570 --- [           main] o.s.s.web.DefaultSecurityFilterChain     : Creating filter chain: OrRequestMatcher [requestMatchers=[Ant [pattern='/secured/**']]], [org.springframework.security.web.context.request.async.WebAsyncManagerIntegrationFilter@118f2486, org.springframework.security.web.context.SecurityContextPersistenceFilter@34be7efb, org.springframework.security.web.header.HeaderWriterFilter@61ec2cb5, org.springframework.security.web.authentication.logout.LogoutFilter@6500e886, org.springframework.security.oauth2.provider.authentication.OAuth2AuthenticationProcessingFilter@70dd79f7, org.springframework.security.web.savedrequest.RequestCacheAwareFilter@136cad3e, org.springframework.security.web.servletapi.SecurityContextHolderAwareRequestFilter@13e5b262, org.springframework.security.web.authentication.AnonymousAuthenticationFilter@4d071e4b, org.springframework.security.web.session.SessionManagementFilter@3889c343, org.springframework.security.web.access.ExceptionTranslationFilter@16f62062, org.springframework.security.web.access.intercept.FilterSecurityInterceptor@694c0ed1]
25-04-2019 19:06:41.823 reqId=[] DEBUG 8570 --- [           main] edFilterInvocationSecurityMetadataSource : Adding web access control expression 'permitAll', for ExactUrl [processUrl='/login?error']
25-04-2019 19:06:41.823 reqId=[] DEBUG 8570 --- [           main] edFilterInvocationSecurityMetadataSource : Adding web access control expression 'permitAll', for ExactUrl [processUrl='/login']
25-04-2019 19:06:41.823 reqId=[] DEBUG 8570 --- [           main] edFilterInvocationSecurityMetadataSource : Adding web access control expression 'permitAll', for ExactUrl [processUrl='/login']
25-04-2019 19:06:41.823 reqId=[] DEBUG 8570 --- [           main] edFilterInvocationSecurityMetadataSource : Adding web access control expression 'permitAll', for OrRequestMatcher [requestMatchers=[Ant [pattern='/logout', GET], Ant [pattern='/logout', POST], Ant [pattern='/logout', PUT], Ant [pattern='/logout', DELETE]]]
25-04-2019 19:06:41.823 reqId=[] DEBUG 8570 --- [           main] edFilterInvocationSecurityMetadataSource : Adding web access control expression 'permitAll', for ExactUrl [processUrl='/login?logout']
25-04-2019 19:06:41.823 reqId=[] DEBUG 8570 --- [           main] edFilterInvocationSecurityMetadataSource : Adding web access control expression 'permitAll', for Ant [pattern='/public/']
25-04-2019 19:06:41.823 reqId=[] DEBUG 8570 --- [           main] edFilterInvocationSecurityMetadataSource : Adding web access control expression 'permitAll', for Ant [pattern='/oauth/token']
25-04-2019 19:06:41.824 reqId=[] DEBUG 8570 --- [           main] edFilterInvocationSecurityMetadataSource : Adding web access control expression 'hasAuthority('ADMIN')', for Ant [pattern='/oauth/authorize']
25-04-2019 19:06:41.824 reqId=[] DEBUG 8570 --- [           main] o.s.s.w.a.i.FilterSecurityInterceptor    : Validated configuration attributes
25-04-2019 19:06:41.825 reqId=[] DEBUG 8570 --- [           main] o.s.s.w.a.i.FilterSecurityInterceptor    : Validated configuration attributes
25-04-2019 19:06:41.844 reqId=[] DEBUG 8570 --- [           main] o.s.b.f.s.DefaultListableBeanFactory     : Creating shared instance of singleton bean 'mvcHandlerMappingIntrospector'
25-04-2019 19:06:41.857 reqId=[] DEBUG 8570 --- [           main] o.s.b.f.s.DefaultListableBeanFactory     : Creating shared instance of singleton bean 'faviconHandlerMapping'
25-04-2019 19:06:41.857 reqId=[] DEBUG 8570 --- [           main] o.s.b.f.s.DefaultListableBeanFactory     : Creating shared instance of singleton bean 'org.springframework.boot.autoconfigure.web.servlet.WebMvcAutoConfiguration$WebMvcAutoConfigurationAdapter$FaviconConfiguration'
25-04-2019 19:06:41.858 reqId=[] DEBUG 8570 --- [           main] ocalVariableTableParameterNameDiscoverer : Cannot find '.class' file for class [class org.springframework.boot.autoconfigure.web.servlet.WebMvcAutoConfiguration$WebMvcAutoConfigurationAdapter$FaviconConfiguration$$EnhancerBySpringCGLIB$$2d141304] - unable to determine constructor/method parameter names
25-04-2019 19:06:41.858 reqId=[] DEBUG 8570 --- [           main] o.s.b.f.s.DefaultListableBeanFactory     : Autowiring by type from bean name 'org.springframework.boot.autoconfigure.web.servlet.WebMvcAutoConfiguration$WebMvcAutoConfigurationAdapter$FaviconConfiguration' via constructor to bean named 'spring.resources-org.springframework.boot.autoconfigure.web.ResourceProperties'
25-04-2019 19:06:41.871 reqId=[] DEBUG 8570 --- [           main] o.s.b.f.s.DefaultListableBeanFactory     : Creating shared instance of singleton bean 'faviconRequestHandler'
25-04-2019 19:06:41.921 reqId=[] DEBUG 8570 --- [           main] o.s.w.s.handler.SimpleUrlHandlerMapping  : Patterns [/**/favicon.ico] in 'faviconHandlerMapping'
25-04-2019 19:06:41.928 reqId=[] DEBUG 8570 --- [           main] o.s.b.f.s.DefaultListableBeanFactory     : Creating shared instance of singleton bean 'requestMappingHandlerMapping'
25-04-2019 19:06:41.932 reqId=[] DEBUG 8570 --- [           main] o.s.b.f.s.DefaultListableBeanFactory     : Creating shared instance of singleton bean 'mvcConversionService'
25-04-2019 19:06:41.954 reqId=[] DEBUG 8570 --- [           main] o.s.b.f.s.DefaultListableBeanFactory     : Creating shared instance of singleton bean 'socketAuthenticationRepository'
25-04-2019 19:06:41.966 reqId=[] DEBUG 8570 --- [           main] tor$SharedEntityManagerInvocationHandler : Creating new EntityManager for shared EntityManager invocation
25-04-2019 19:06:41.967 reqId=[] DEBUG 8570 --- [           main] o.s.orm.jpa.EntityManagerFactoryUtils    : Closing JPA EntityManager
25-04-2019 19:06:41.976 reqId=[] DEBUG 8570 --- [           main] o.s.d.r.c.s.RepositoryFactorySupport     : Initializing repository instance for com.wisilica.wiseconnect.dao.repository.SocketAuthenticationRepository…
25-04-2019 19:06:41.978 reqId=[] DEBUG 8570 --- [           main] tor$SharedEntityManagerInvocationHandler : Creating new EntityManager for shared EntityManager invocation
25-04-2019 19:06:41.979 reqId=[] DEBUG 8570 --- [           main] o.s.orm.jpa.EntityManagerFactoryUtils    : Closing JPA EntityManager
25-04-2019 19:06:41.981 reqId=[] DEBUG 8570 --- [           main] tor$SharedEntityManagerInvocationHandler : Creating new EntityManager for shared EntityManager invocation
25-04-2019 19:06:41.981 reqId=[] DEBUG 8570 --- [           main] o.s.orm.jpa.EntityManagerFactoryUtils    : Closing JPA EntityManager
25-04-2019 19:06:41.987 reqId=[] DEBUG 8570 --- [           main] o.s.d.r.c.s.RepositoryFactorySupport     : Finished creation of repository instance for com.wisilica.wiseconnect.dao.repository.SocketAuthenticationRepository.
25-04-2019 19:06:41.991 reqId=[] DEBUG 8570 --- [           main] o.s.b.f.s.DefaultListableBeanFactory     : Creating shared instance of singleton bean 'tagRepository'
25-04-2019 19:06:42.000 reqId=[] DEBUG 8570 --- [           main] tor$SharedEntityManagerInvocationHandler : Creating new EntityManager for shared EntityManager invocation
25-04-2019 19:06:42.001 reqId=[] DEBUG 8570 --- [           main] o.s.orm.jpa.EntityManagerFactoryUtils    : Closing JPA EntityManager
25-04-2019 19:06:42.030 reqId=[] DEBUG 8570 --- [           main] o.s.d.r.c.s.RepositoryFactorySupport     : Initializing repository instance for com.wisilica.wiseconnect.dao.repository.TagRepository…
25-04-2019 19:06:42.032 reqId=[] DEBUG 8570 --- [           main] tor$SharedEntityManagerInvocationHandler : Creating new EntityManager for shared EntityManager invocation
25-04-2019 19:06:42.032 reqId=[] DEBUG 8570 --- [           main] o.s.orm.jpa.EntityManagerFactoryUtils    : Closing JPA EntityManager
25-04-2019 19:06:42.034 reqId=[] DEBUG 8570 --- [           main] tor$SharedEntityManagerInvocationHandler : Creating new EntityManager for shared EntityManager invocation
25-04-2019 19:06:42.034 reqId=[] DEBUG 8570 --- [           main] o.s.orm.jpa.EntityManagerFactoryUtils    : Closing JPA EntityManager
25-04-2019 19:06:42.042 reqId=[] DEBUG 8570 --- [           main] o.s.d.r.c.s.RepositoryFactorySupport     : Finished creation of repository instance for com.wisilica.wiseconnect.dao.repository.TagRepository.
25-04-2019 19:06:42.048 reqId=[] DEBUG 8570 --- [           main] o.s.b.f.s.DefaultListableBeanFactory     : Creating shared instance of singleton bean 'organizationRepository'
25-04-2019 19:06:42.055 reqId=[] DEBUG 8570 --- [           main] tor$SharedEntityManagerInvocationHandler : Creating new EntityManager for shared EntityManager invocation
25-04-2019 19:06:42.056 reqId=[] DEBUG 8570 --- [           main] o.s.orm.jpa.EntityManagerFactoryUtils    : Closing JPA EntityManager
25-04-2019 19:06:42.066 reqId=[] DEBUG 8570 --- [           main] o.s.d.r.c.s.RepositoryFactorySupport     : Initializing repository instance for com.wisilica.wiseconnect.dao.repository.OrganizationRepository…
25-04-2019 19:06:42.067 reqId=[] DEBUG 8570 --- [           main] tor$SharedEntityManagerInvocationHandler : Creating new EntityManager for shared EntityManager invocation
25-04-2019 19:06:42.068 reqId=[] DEBUG 8570 --- [           main] o.s.orm.jpa.EntityManagerFactoryUtils    : Closing JPA EntityManager
25-04-2019 19:06:42.069 reqId=[] DEBUG 8570 --- [           main] tor$SharedEntityManagerInvocationHandler : Creating new EntityManager for shared EntityManager invocation
25-04-2019 19:06:42.069 reqId=[] DEBUG 8570 --- [           main] o.s.orm.jpa.EntityManagerFactoryUtils    : Closing JPA EntityManager
25-04-2019 19:06:42.076 reqId=[] DEBUG 8570 --- [           main] o.s.d.r.c.s.RepositoryFactorySupport     : Finished creation of repository instance for com.wisilica.wiseconnect.dao.repository.OrganizationRepository.
25-04-2019 19:06:42.079 reqId=[] DEBUG 8570 --- [           main] o.s.b.f.s.DefaultListableBeanFactory     : Creating shared instance of singleton bean 'userSubOrgPermissionsRepository'
25-04-2019 19:06:42.088 reqId=[] DEBUG 8570 --- [           main] tor$SharedEntityManagerInvocationHandler : Creating new EntityManager for shared EntityManager invocation
25-04-2019 19:06:42.088 reqId=[] DEBUG 8570 --- [           main] o.s.orm.jpa.EntityManagerFactoryUtils    : Closing JPA EntityManager
25-04-2019 19:06:42.089 reqId=[] DEBUG 8570 --- [           main] o.s.d.r.c.s.RepositoryFactorySupport     : Initializing repository instance for com.wisilica.wiseconnect.dao.repository.UserSubOrgPermissionsRepository…
25-04-2019 19:06:42.091 reqId=[] DEBUG 8570 --- [           main] tor$SharedEntityManagerInvocationHandler : Creating new EntityManager for shared EntityManager invocation
25-04-2019 19:06:42.091 reqId=[] DEBUG 8570 --- [           main] o.s.orm.jpa.EntityManagerFactoryUtils    : Closing JPA EntityManager
25-04-2019 19:06:42.092 reqId=[] DEBUG 8570 --- [           main] tor$SharedEntityManagerInvocationHandler : Creating new EntityManager for shared EntityManager invocation
25-04-2019 19:06:42.092 reqId=[] DEBUG 8570 --- [           main] o.s.orm.jpa.EntityManagerFactoryUtils    : Closing JPA EntityManager
25-04-2019 19:06:42.099 reqId=[] DEBUG 8570 --- [           main] o.s.d.r.c.s.RepositoryFactorySupport     : Finished creation of repository instance for com.wisilica.wiseconnect.dao.repository.UserSubOrgPermissionsRepository.
25-04-2019 19:06:42.104 reqId=[] DEBUG 8570 --- [           main] o.s.b.f.s.DefaultListableBeanFactory     : Creating shared instance of singleton bean 'notificationRepository'
25-04-2019 19:06:42.111 reqId=[] DEBUG 8570 --- [           main] tor$SharedEntityManagerInvocationHandler : Creating new EntityManager for shared EntityManager invocation
25-04-2019 19:06:42.112 reqId=[] DEBUG 8570 --- [           main] o.s.orm.jpa.EntityManagerFactoryUtils    : Closing JPA EntityManager
25-04-2019 19:06:42.120 reqId=[] DEBUG 8570 --- [           main] o.s.d.r.c.s.RepositoryFactorySupport     : Initializing repository instance for com.wisilica.wiseconnect.dao.repository.NotificationRepository…
25-04-2019 19:06:42.121 reqId=[] DEBUG 8570 --- [           main] tor$SharedEntityManagerInvocationHandler : Creating new EntityManager for shared EntityManager invocation
25-04-2019 19:06:42.122 reqId=[] DEBUG 8570 --- [           main] o.s.orm.jpa.EntityManagerFactoryUtils    : Closing JPA EntityManager
25-04-2019 19:06:42.123 reqId=[] DEBUG 8570 --- [           main] tor$SharedEntityManagerInvocationHandler : Creating new EntityManager for shared EntityManager invocation
25-04-2019 19:06:42.123 reqId=[] DEBUG 8570 --- [           main] o.s.orm.jpa.EntityManagerFactoryUtils    : Closing JPA EntityManager
25-04-2019 19:06:42.142 reqId=[] DEBUG 8570 --- [           main] o.s.d.r.c.s.RepositoryFactorySupport     : Finished creation of repository instance for com.wisilica.wiseconnect.dao.repository.NotificationRepository.
25-04-2019 19:06:42.172 reqId=[] DEBUG 8570 --- [           main] o.s.b.f.s.DefaultListableBeanFactory     : Creating shared instance of singleton bean 'mvcResourceUrlProvider'
25-04-2019 19:06:42.224 reqId=[] DEBUG 8570 --- [           main] s.w.s.m.m.a.RequestMappingHandlerMapping : 3 mappings in 'requestMappingHandlerMapping'
25-04-2019 19:06:42.227 reqId=[] DEBUG 8570 --- [           main] o.s.b.f.s.DefaultListableBeanFactory     : Creating shared instance of singleton bean 'viewControllerHandlerMapping'
25-04-2019 19:06:42.231 reqId=[] DEBUG 8570 --- [           main] o.s.b.f.s.DefaultListableBeanFactory     : Creating shared instance of singleton bean 'beanNameHandlerMapping'
25-04-2019 19:06:42.256 reqId=[] DEBUG 8570 --- [           main] o.s.b.f.s.DefaultListableBeanFactory     : Creating shared instance of singleton bean 'resourceHandlerMapping'
25-04-2019 19:06:42.257 reqId=[] DEBUG 8570 --- [           main] o.s.b.f.s.DefaultListableBeanFactory     : Creating shared instance of singleton bean 'mvcUrlPathHelper'
25-04-2019 19:06:42.270 reqId=[] DEBUG 8570 --- [           main] o.s.b.f.s.DefaultListableBeanFactory     : Creating shared instance of singleton bean 'mvcPathMatcher'
25-04-2019 19:06:42.279 reqId=[] DEBUG 8570 --- [           main] o.s.w.s.handler.SimpleUrlHandlerMapping  : Patterns [/webjars/**, /**] in 'resourceHandlerMapping'
25-04-2019 19:06:42.280 reqId=[] DEBUG 8570 --- [           main] o.s.b.f.s.DefaultListableBeanFactory     : Creating shared instance of singleton bean 'defaultServletHandlerMapping'
25-04-2019 19:06:42.282 reqId=[] DEBUG 8570 --- [           main] o.s.b.f.s.DefaultListableBeanFactory     : Creating shared instance of singleton bean 'welcomePageHandlerMapping'
25-04-2019 19:06:42.282 reqId=[] DEBUG 8570 --- [           main] o.s.b.f.s.DefaultListableBeanFactory     : Autowiring by type from bean name 'welcomePageHandlerMapping' via factory method to bean named 'org.springframework.web.context.support.GenericWebApplicationContext@2438dcd'
25-04-2019 19:06:42.322 reqId=[] DEBUG 8570 --- [           main] o.s.b.f.s.DefaultListableBeanFactory     : Creating shared instance of singleton bean 'webEndpointServletHandlerMapping'
25-04-2019 19:06:42.322 reqId=[] DEBUG 8570 --- [           main] o.s.b.f.s.DefaultListableBeanFactory     : Creating shared instance of singleton bean 'org.springframework.boot.actuate.autoconfigure.endpoint.web.servlet.WebMvcEndpointManagementContextConfiguration'
25-04-2019 19:06:42.333 reqId=[] DEBUG 8570 --- [           main] o.s.b.f.s.DefaultListableBeanFactory     : Creating shared instance of singleton bean 'webEndpointDiscoverer'
25-04-2019 19:06:42.333 reqId=[] DEBUG 8570 --- [           main] o.s.b.f.s.DefaultListableBeanFactory     : Creating shared instance of singleton bean 'org.springframework.boot.actuate.autoconfigure.endpoint.web.WebEndpointAutoConfiguration'
25-04-2019 19:06:42.334 reqId=[] DEBUG 8570 --- [           main] ocalVariableTableParameterNameDiscoverer : Cannot find '.class' file for class [class org.springframework.boot.actuate.autoconfigure.endpoint.web.WebEndpointAutoConfiguration$$EnhancerBySpringCGLIB$$f55e8d44] - unable to determine constructor/method parameter names
25-04-2019 19:06:42.336 reqId=[] DEBUG 8570 --- [           main] o.s.b.f.s.DefaultListableBeanFactory     : Creating shared instance of singleton bean 'management.endpoints.web-org.springframework.boot.actuate.autoconfigure.endpoint.web.WebEndpointProperties'
25-04-2019 19:06:42.356 reqId=[] DEBUG 8570 --- [           main] o.s.b.f.s.DefaultListableBeanFactory     : Autowiring by type from bean name 'org.springframework.boot.actuate.autoconfigure.endpoint.web.WebEndpointAutoConfiguration' via constructor to bean named 'org.springframework.web.context.support.GenericWebApplicationContext@2438dcd'
25-04-2019 19:06:42.357 reqId=[] DEBUG 8570 --- [           main] o.s.b.f.s.DefaultListableBeanFactory     : Autowiring by type from bean name 'org.springframework.boot.actuate.autoconfigure.endpoint.web.WebEndpointAutoConfiguration' via constructor to bean named 'management.endpoints.web-org.springframework.boot.actuate.autoconfigure.endpoint.web.WebEndpointProperties'
25-04-2019 19:06:42.370 reqId=[] DEBUG 8570 --- [           main] o.s.b.f.s.DefaultListableBeanFactory     : Creating shared instance of singleton bean 'endpointOperationParameterMapper'
25-04-2019 19:06:42.370 reqId=[] DEBUG 8570 --- [           main] o.s.b.f.s.DefaultListableBeanFactory     : Creating shared instance of singleton bean 'org.springframework.boot.actuate.autoconfigure.endpoint.EndpointAutoConfiguration'
25-04-2019 19:06:42.397 reqId=[] DEBUG 8570 --- [           main] o.s.b.f.s.DefaultListableBeanFactory     : Creating shared instance of singleton bean 'endpointMediaTypes'
25-04-2019 19:06:42.407 reqId=[] DEBUG 8570 --- [           main] o.s.b.f.s.DefaultListableBeanFactory     : Autowiring by type from bean name 'webEndpointDiscoverer' via factory method to bean named 'endpointOperationParameterMapper'
25-04-2019 19:06:42.407 reqId=[] DEBUG 8570 --- [           main] o.s.b.f.s.DefaultListableBeanFactory     : Autowiring by type from bean name 'webEndpointDiscoverer' via factory method to bean named 'endpointMediaTypes'
25-04-2019 19:06:42.412 reqId=[] DEBUG 8570 --- [           main] o.s.b.f.s.DefaultListableBeanFactory     : Creating shared instance of singleton bean 'webEndpointPathMapper'
25-04-2019 19:06:42.422 reqId=[] DEBUG 8570 --- [           main] o.s.b.f.s.DefaultListableBeanFactory     : Creating shared instance of singleton bean 'endpointCachingOperationInvokerAdvisor'
25-04-2019 19:06:42.423 reqId=[] DEBUG 8570 --- [           main] o.s.b.f.s.DefaultListableBeanFactory     : Autowiring by type from bean name 'endpointCachingOperationInvokerAdvisor' via factory method to bean named 'environment'
25-04-2019 19:06:42.435 reqId=[] DEBUG 8570 --- [           main] o.s.b.f.s.DefaultListableBeanFactory     : Creating shared instance of singleton bean 'webExposeExcludePropertyEndpointFilter'
25-04-2019 19:06:42.462 reqId=[] DEBUG 8570 --- [           main] o.s.b.f.s.DefaultListableBeanFactory     : Creating shared instance of singleton bean 'servletEndpointDiscoverer'
25-04-2019 19:06:42.462 reqId=[] DEBUG 8570 --- [           main] o.s.b.f.s.DefaultListableBeanFactory     : Creating shared instance of singleton bean 'org.springframework.boot.actuate.autoconfigure.endpoint.web.WebEndpointAutoConfiguration$WebEndpointServletConfiguration'
25-04-2019 19:06:42.473 reqId=[] DEBUG 8570 --- [           main] o.s.b.f.s.DefaultListableBeanFactory     : Autowiring by type from bean name 'servletEndpointDiscoverer' via factory method to bean named 'org.springframework.web.context.support.GenericWebApplicationContext@2438dcd'
25-04-2019 19:06:42.478 reqId=[] DEBUG 8570 --- [           main] o.s.b.f.s.DefaultListableBeanFactory     : Creating shared instance of singleton bean 'servletExposeExcludePropertyEndpointFilter'
25-04-2019 19:06:42.479 reqId=[] DEBUG 8570 --- [           main] o.s.b.f.s.DefaultListableBeanFactory     : Creating shared instance of singleton bean 'org.springframework.boot.actuate.autoconfigure.endpoint.web.ServletEndpointManagementContextConfiguration'
25-04-2019 19:06:42.488 reqId=[] DEBUG 8570 --- [           main] o.s.b.f.s.DefaultListableBeanFactory     : Autowiring by type from bean name 'servletExposeExcludePropertyEndpointFilter' via factory method to bean named 'management.endpoints.web-org.springframework.boot.actuate.autoconfigure.endpoint.web.WebEndpointProperties'
25-04-2019 19:06:42.506 reqId=[] DEBUG 8570 --- [           main] o.s.b.f.s.DefaultListableBeanFactory     : Creating shared instance of singleton bean 'controllerEndpointDiscoverer'
25-04-2019 19:06:42.510 reqId=[] DEBUG 8570 --- [           main] o.s.b.f.s.DefaultListableBeanFactory     : Creating shared instance of singleton bean 'controllerExposeExcludePropertyEndpointFilter'
25-04-2019 19:06:42.527 reqId=[] DEBUG 8570 --- [           main] o.s.b.f.s.DefaultListableBeanFactory     : Creating shared instance of singleton bean 'management.endpoints.web.cors-org.springframework.boot.actuate.autoconfigure.endpoint.web.CorsEndpointProperties'
25-04-2019 19:06:42.535 reqId=[] DEBUG 8570 --- [           main] o.s.b.f.s.DefaultListableBeanFactory     : Autowiring by type from bean name 'webEndpointServletHandlerMapping' via factory method to bean named 'webEndpointDiscoverer'
25-04-2019 19:06:42.543 reqId=[] DEBUG 8570 --- [           main] o.s.b.f.s.DefaultListableBeanFactory     : Autowiring by type from bean name 'webEndpointServletHandlerMapping' via factory method to bean named 'servletEndpointDiscoverer'
25-04-2019 19:06:42.543 reqId=[] DEBUG 8570 --- [           main] o.s.b.f.s.DefaultListableBeanFactory     : Autowiring by type from bean name 'webEndpointServletHandlerMapping' via factory method to bean named 'controllerEndpointDiscoverer'
25-04-2019 19:06:42.544 reqId=[] DEBUG 8570 --- [           main] o.s.b.f.s.DefaultListableBeanFactory     : Autowiring by type from bean name 'webEndpointServletHandlerMapping' via factory method to bean named 'endpointMediaTypes'
25-04-2019 19:06:42.544 reqId=[] DEBUG 8570 --- [           main] o.s.b.f.s.DefaultListableBeanFactory     : Autowiring by type from bean name 'webEndpointServletHandlerMapping' via factory method to bean named 'management.endpoints.web.cors-org.springframework.boot.actuate.autoconfigure.endpoint.web.CorsEndpointProperties'
25-04-2019 19:06:42.544 reqId=[] DEBUG 8570 --- [           main] o.s.b.f.s.DefaultListableBeanFactory     : Autowiring by type from bean name 'webEndpointServletHandlerMapping' via factory method to bean named 'management.endpoints.web-org.springframework.boot.actuate.autoconfigure.endpoint.web.WebEndpointProperties'
25-04-2019 19:06:42.570 reqId=[] DEBUG 8570 --- [           main] o.s.b.f.s.DefaultListableBeanFactory     : Creating shared instance of singleton bean 'auditEventsEndpoint'
25-04-2019 19:06:42.571 reqId=[] DEBUG 8570 --- [           main] o.s.b.f.s.DefaultListableBeanFactory     : Creating shared instance of singleton bean 'org.springframework.boot.actuate.autoconfigure.audit.AuditEventsEndpointAutoConfiguration'
25-04-2019 19:06:42.584 reqId=[] DEBUG 8570 --- [           main] o.s.b.f.s.DefaultListableBeanFactory     : Creating shared instance of singleton bean 'auditEventRepository'
25-04-2019 19:06:42.584 reqId=[] DEBUG 8570 --- [           main] o.s.b.f.s.DefaultListableBeanFactory     : Creating shared instance of singleton bean 'org.springframework.boot.actuate.autoconfigure.audit.AuditAutoConfiguration$AuditEventRepositoryConfiguration'
25-04-2019 19:06:42.600 reqId=[] DEBUG 8570 --- [           main] o.s.b.f.s.DefaultListableBeanFactory     : Autowiring by type from bean name 'auditEventsEndpoint' via factory method to bean named 'auditEventRepository'
25-04-2019 19:06:42.612 reqId=[] DEBUG 8570 --- [           main] o.s.b.f.s.DefaultListableBeanFactory     : Creating shared instance of singleton bean 'beansEndpoint'
25-04-2019 19:06:42.612 reqId=[] DEBUG 8570 --- [           main] o.s.b.f.s.DefaultListableBeanFactory     : Creating shared instance of singleton bean 'org.springframework.boot.actuate.autoconfigure.beans.BeansEndpointAutoConfiguration'
25-04-2019 19:06:42.622 reqId=[] DEBUG 8570 --- [           main] o.s.b.f.s.DefaultListableBeanFactory     : Autowiring by type from bean name 'beansEndpoint' via factory method to bean named 'org.springframework.web.context.support.GenericWebApplicationContext@2438dcd'
25-04-2019 19:06:42.642 reqId=[] DEBUG 8570 --- [           main] o.s.b.f.s.DefaultListableBeanFactory     : Creating shared instance of singleton bean 'cachesEndpoint'
25-04-2019 19:06:42.642 reqId=[] DEBUG 8570 --- [           main] o.s.b.f.s.DefaultListableBeanFactory     : Creating shared instance of singleton bean 'org.springframework.boot.actuate.autoconfigure.cache.CachesEndpointAutoConfiguration'
25-04-2019 19:06:42.698 reqId=[] DEBUG 8570 --- [           main] o.s.b.f.s.DefaultListableBeanFactory     : Creating shared instance of singleton bean 'healthEndpoint'
25-04-2019 19:06:42.699 reqId=[] DEBUG 8570 --- [           main] o.s.b.f.s.DefaultListableBeanFactory     : Creating shared instance of singleton bean 'org.springframework.boot.actuate.autoconfigure.health.HealthEndpointConfiguration'
25-04-2019 19:06:42.708 reqId=[] DEBUG 8570 --- [           main] o.s.b.f.s.DefaultListableBeanFactory     : Creating shared instance of singleton bean 'healthAggregator'
25-04-2019 19:06:42.709 reqId=[] DEBUG 8570 --- [           main] o.s.b.f.s.DefaultListableBeanFactory     : Creating shared instance of singleton bean 'org.springframework.boot.actuate.autoconfigure.health.HealthIndicatorAutoConfiguration'
25-04-2019 19:06:42.709 reqId=[] DEBUG 8570 --- [           main] ocalVariableTableParameterNameDiscoverer : Cannot find '.class' file for class [class org.springframework.boot.actuate.autoconfigure.health.HealthIndicatorAutoConfiguration$$EnhancerBySpringCGLIB$$6d680b19] - unable to determine constructor/method parameter names
25-04-2019 19:06:42.712 reqId=[] DEBUG 8570 --- [           main] o.s.b.f.s.DefaultListableBeanFactory     : Creating shared instance of singleton bean 'management.health.status-org.springframework.boot.actuate.autoconfigure.health.HealthIndicatorProperties'
25-04-2019 19:06:42.716 reqId=[] DEBUG 8570 --- [           main] o.s.b.f.s.DefaultListableBeanFactory     : Autowiring by type from bean name 'org.springframework.boot.actuate.autoconfigure.health.HealthIndicatorAutoConfiguration' via constructor to bean named 'management.health.status-org.springframework.boot.actuate.autoconfigure.health.HealthIndicatorProperties'
25-04-2019 19:06:42.737 reqId=[] DEBUG 8570 --- [           main] o.s.b.f.s.DefaultListableBeanFactory     : Creating shared instance of singleton bean 'healthIndicatorRegistry'
25-04-2019 19:06:42.738 reqId=[] DEBUG 8570 --- [           main] o.s.b.f.s.DefaultListableBeanFactory     : Autowiring by type from bean name 'healthIndicatorRegistry' via factory method to bean named 'org.springframework.web.context.support.GenericWebApplicationContext@2438dcd'
25-04-2019 19:06:42.761 reqId=[] DEBUG 8570 --- [           main] o.s.b.f.s.DefaultListableBeanFactory     : Creating shared instance of singleton bean 'diskSpaceHealthIndicator'
25-04-2019 19:06:42.761 reqId=[] DEBUG 8570 --- [           main] o.s.b.f.s.DefaultListableBeanFactory     : Creating shared instance of singleton bean 'org.springframework.boot.actuate.autoconfigure.system.DiskSpaceHealthIndicatorAutoConfiguration'
25-04-2019 19:06:42.768 reqId=[] DEBUG 8570 --- [           main] o.s.b.f.s.DefaultListableBeanFactory     : Creating shared instance of singleton bean 'diskSpaceHealthIndicatorProperties'
25-04-2019 19:06:42.775 reqId=[] DEBUG 8570 --- [           main] o.s.b.f.s.DefaultListableBeanFactory     : Autowiring by type from bean name 'diskSpaceHealthIndicator' via factory method to bean named 'diskSpaceHealthIndicatorProperties'
25-04-2019 19:06:42.783 reqId=[] DEBUG 8570 --- [           main] o.s.b.f.s.DefaultListableBeanFactory     : Creating shared instance of singleton bean 'redisHealthIndicator'
25-04-2019 19:06:42.784 reqId=[] DEBUG 8570 --- [           main] o.s.b.f.s.DefaultListableBeanFactory     : Creating shared instance of singleton bean 'org.springframework.boot.actuate.autoconfigure.redis.RedisHealthIndicatorAutoConfiguration'
25-04-2019 19:06:42.784 reqId=[] DEBUG 8570 --- [           main] ocalVariableTableParameterNameDiscoverer : Cannot find '.class' file for class [class org.springframework.boot.actuate.autoconfigure.redis.RedisHealthIndicatorAutoConfiguration$$EnhancerBySpringCGLIB$$35fea32f] - unable to determine constructor/method parameter names
25-04-2019 19:06:42.785 reqId=[] DEBUG 8570 --- [           main] o.s.b.f.s.DefaultListableBeanFactory     : Autowiring by type from bean name 'org.springframework.boot.actuate.autoconfigure.redis.RedisHealthIndicatorAutoConfiguration' via constructor to bean named 'redisConnectionFactory'
25-04-2019 19:06:42.805 reqId=[] DEBUG 8570 --- [           main] o.s.b.f.s.DefaultListableBeanFactory     : Creating shared instance of singleton bean 'dbHealthIndicator'
25-04-2019 19:06:42.805 reqId=[] DEBUG 8570 --- [           main] o.s.b.f.s.DefaultListableBeanFactory     : Creating shared instance of singleton bean 'org.springframework.boot.actuate.autoconfigure.jdbc.DataSourceHealthIndicatorAutoConfiguration'
25-04-2019 19:06:42.806 reqId=[] DEBUG 8570 --- [           main] ocalVariableTableParameterNameDiscoverer : Cannot find '.class' file for class [class org.springframework.boot.actuate.autoconfigure.jdbc.DataSourceHealthIndicatorAutoConfiguration$$EnhancerBySpringCGLIB$$d2ca40df] - unable to determine constructor/method parameter names
25-04-2019 19:06:42.809 reqId=[] DEBUG 8570 --- [           main] o.s.b.f.s.DefaultListableBeanFactory     : Creating shared instance of singleton bean 'hikariPoolDataSourceMetadataProvider'
25-04-2019 19:06:42.809 reqId=[] DEBUG 8570 --- [           main] o.s.b.f.s.DefaultListableBeanFactory     : Creating shared instance of singleton bean 'org.springframework.boot.autoconfigure.jdbc.metadata.DataSourcePoolMetadataProvidersConfiguration$HikariPoolDataSourceMetadataProviderConfiguration'
25-04-2019 19:06:42.860 reqId=[] DEBUG 8570 --- [           main] o.s.b.f.s.DefaultListableBeanFactory     : Autowiring by type from bean name 'healthEndpoint' via factory method to bean named 'healthAggregator'
25-04-2019 19:06:42.861 reqId=[] DEBUG 8570 --- [           main] o.s.b.f.s.DefaultListableBeanFactory     : Autowiring by type from bean name 'healthEndpoint' via factory method to bean named 'healthIndicatorRegistry'
25-04-2019 19:06:42.867 reqId=[] DEBUG 8570 --- [           main] o.s.b.f.s.DefaultListableBeanFactory     : Creating shared instance of singleton bean 'conditionsReportEndpoint'
25-04-2019 19:06:42.867 reqId=[] DEBUG 8570 --- [           main] o.s.b.f.s.DefaultListableBeanFactory     : Creating shared instance of singleton bean 'org.springframework.boot.actuate.autoconfigure.condition.ConditionsReportEndpointAutoConfiguration'
25-04-2019 19:06:42.875 reqId=[] DEBUG 8570 --- [           main] o.s.b.f.s.DefaultListableBeanFactory     : Autowiring by type from bean name 'conditionsReportEndpoint' via factory method to bean named 'org.springframework.web.context.support.GenericWebApplicationContext@2438dcd'
25-04-2019 19:06:42.882 reqId=[] DEBUG 8570 --- [           main] o.s.b.f.s.DefaultListableBeanFactory     : Creating shared instance of singleton bean 'configurationPropertiesReportEndpoint'
25-04-2019 19:06:42.882 reqId=[] DEBUG 8570 --- [           main] o.s.b.f.s.DefaultListableBeanFactory     : Creating shared instance of singleton bean 'org.springframework.boot.actuate.autoconfigure.context.properties.ConfigurationPropertiesReportEndpointAutoConfiguration'
25-04-2019 19:06:42.883 reqId=[] DEBUG 8570 --- [           main] ocalVariableTableParameterNameDiscoverer : Cannot find '.class' file for class [class org.springframework.boot.actuate.autoconfigure.context.properties.ConfigurationPropertiesReportEndpointAutoConfiguration$$EnhancerBySpringCGLIB$$c068a864] - unable to determine constructor/method parameter names
25-04-2019 19:06:42.887 reqId=[] DEBUG 8570 --- [           main] o.s.b.f.s.DefaultListableBeanFactory     : Creating shared instance of singleton bean 'management.endpoint.configprops-org.springframework.boot.actuate.autoconfigure.context.properties.ConfigurationPropertiesReportEndpointProperties'
25-04-2019 19:06:42.895 reqId=[] DEBUG 8570 --- [           main] o.s.b.f.s.DefaultListableBeanFactory     : Autowiring by type from bean name 'org.springframework.boot.actuate.autoconfigure.context.properties.ConfigurationPropertiesReportEndpointAutoConfiguration' via constructor to bean named 'management.endpoint.configprops-org.springframework.boot.actuate.autoconfigure.context.properties.ConfigurationPropertiesReportEndpointProperties'
25-04-2019 19:06:42.920 reqId=[] DEBUG 8570 --- [           main] o.s.b.f.s.DefaultListableBeanFactory     : Creating shared instance of singleton bean 'environmentEndpoint'
25-04-2019 19:06:42.921 reqId=[] DEBUG 8570 --- [           main] o.s.b.f.s.DefaultListableBeanFactory     : Creating shared instance of singleton bean 'org.springframework.boot.actuate.autoconfigure.env.EnvironmentEndpointAutoConfiguration'
25-04-2019 19:06:42.922 reqId=[] DEBUG 8570 --- [           main] ocalVariableTableParameterNameDiscoverer : Cannot find '.class' file for class [class org.springframework.boot.actuate.autoconfigure.env.EnvironmentEndpointAutoConfiguration$$EnhancerBySpringCGLIB$$70244209] - unable to determine constructor/method parameter names
25-04-2019 19:06:42.924 reqId=[] DEBUG 8570 --- [           main] o.s.b.f.s.DefaultListableBeanFactory     : Creating shared instance of singleton bean 'management.endpoint.env-org.springframework.boot.actuate.autoconfigure.env.EnvironmentEndpointProperties'
25-04-2019 19:06:42.927 reqId=[] DEBUG 8570 --- [           main] o.s.b.f.s.DefaultListableBeanFactory     : Autowiring by type from bean name 'org.springframework.boot.actuate.autoconfigure.env.EnvironmentEndpointAutoConfiguration' via constructor to bean named 'management.endpoint.env-org.springframework.boot.actuate.autoconfigure.env.EnvironmentEndpointProperties'
25-04-2019 19:06:42.934 reqId=[] DEBUG 8570 --- [           main] o.s.b.f.s.DefaultListableBeanFactory     : Autowiring by type from bean name 'environmentEndpoint' via factory method to bean named 'environment'
25-04-2019 19:06:42.944 reqId=[] DEBUG 8570 --- [           main] o.s.b.f.s.DefaultListableBeanFactory     : Creating shared instance of singleton bean 'infoEndpoint'
25-04-2019 19:06:42.944 reqId=[] DEBUG 8570 --- [           main] o.s.b.f.s.DefaultListableBeanFactory     : Creating shared instance of singleton bean 'org.springframework.boot.actuate.autoconfigure.info.InfoEndpointAutoConfiguration'
25-04-2019 19:06:42.956 reqId=[] DEBUG 8570 --- [           main] o.s.b.f.s.DefaultListableBeanFactory     : Creating shared instance of singleton bean 'envInfoContributor'
25-04-2019 19:06:42.957 reqId=[] DEBUG 8570 --- [           main] o.s.b.f.s.DefaultListableBeanFactory     : Creating shared instance of singleton bean 'org.springframework.boot.actuate.autoconfigure.info.InfoContributorAutoConfiguration'
25-04-2019 19:06:42.957 reqId=[] DEBUG 8570 --- [           main] ocalVariableTableParameterNameDiscoverer : Cannot find '.class' file for class [class org.springframework.boot.actuate.autoconfigure.info.InfoContributorAutoConfiguration$$EnhancerBySpringCGLIB$$8a4b41cd] - unable to determine constructor/method parameter names
25-04-2019 19:06:42.960 reqId=[] DEBUG 8570 --- [           main] o.s.b.f.s.DefaultListableBeanFactory     : Creating shared instance of singleton bean 'management.info-org.springframework.boot.actuate.autoconfigure.info.InfoContributorProperties'
25-04-2019 19:06:42.964 reqId=[] DEBUG 8570 --- [           main] o.s.b.f.s.DefaultListableBeanFactory     : Autowiring by type from bean name 'org.springframework.boot.actuate.autoconfigure.info.InfoContributorAutoConfiguration' via constructor to bean named 'management.info-org.springframework.boot.actuate.autoconfigure.info.InfoContributorProperties'
25-04-2019 19:06:42.973 reqId=[] DEBUG 8570 --- [           main] o.s.b.f.s.DefaultListableBeanFactory     : Autowiring by type from bean name 'envInfoContributor' via factory method to bean named 'environment'
25-04-2019 19:06:42.983 reqId=[] DEBUG 8570 --- [           main] o.s.b.f.s.DefaultListableBeanFactory     : Creating shared instance of singleton bean 'loggersEndpoint'
25-04-2019 19:06:42.984 reqId=[] DEBUG 8570 --- [           main] o.s.b.f.s.DefaultListableBeanFactory     : Creating shared instance of singleton bean 'org.springframework.boot.actuate.autoconfigure.logging.LoggersEndpointAutoConfiguration'
25-04-2019 19:06:43.004 reqId=[] DEBUG 8570 --- [           main] o.s.b.f.s.DefaultListableBeanFactory     : Autowiring by type from bean name 'loggersEndpoint' via factory method to bean named 'springBootLoggingSystem'
25-04-2019 19:06:43.012 reqId=[] DEBUG 8570 --- [           main] o.s.b.f.s.DefaultListableBeanFactory     : Creating shared instance of singleton bean 'heapDumpWebEndpoint'
25-04-2019 19:06:43.013 reqId=[] DEBUG 8570 --- [           main] o.s.b.f.s.DefaultListableBeanFactory     : Creating shared instance of singleton bean 'org.springframework.boot.actuate.autoconfigure.management.HeapDumpWebEndpointAutoConfiguration'
25-04-2019 19:06:43.027 reqId=[] DEBUG 8570 --- [           main] o.s.b.f.s.DefaultListableBeanFactory     : Creating shared instance of singleton bean 'dumpEndpoint'
25-04-2019 19:06:43.027 reqId=[] DEBUG 8570 --- [           main] o.s.b.f.s.DefaultListableBeanFactory     : Creating shared instance of singleton bean 'org.springframework.boot.actuate.autoconfigure.management.ThreadDumpEndpointAutoConfiguration'
25-04-2019 19:06:43.038 reqId=[] DEBUG 8570 --- [           main] o.s.b.f.s.DefaultListableBeanFactory     : Creating shared instance of singleton bean 'metricsEndpoint'
25-04-2019 19:06:43.038 reqId=[] DEBUG 8570 --- [           main] o.s.b.f.s.DefaultListableBeanFactory     : Creating shared instance of singleton bean 'org.springframework.boot.actuate.autoconfigure.metrics.MetricsEndpointAutoConfiguration'
25-04-2019 19:06:43.044 reqId=[] DEBUG 8570 --- [           main] o.s.b.f.s.DefaultListableBeanFactory     : Autowiring by type from bean name 'metricsEndpoint' via factory method to bean named 'simpleMeterRegistry'
25-04-2019 19:06:43.053 reqId=[] DEBUG 8570 --- [           main] o.s.b.f.s.DefaultListableBeanFactory     : Creating shared instance of singleton bean 'scheduledTasksEndpoint'
25-04-2019 19:06:43.054 reqId=[] DEBUG 8570 --- [           main] o.s.b.f.s.DefaultListableBeanFactory     : Creating shared instance of singleton bean 'org.springframework.boot.actuate.autoconfigure.scheduling.ScheduledTasksEndpointAutoConfiguration'
25-04-2019 19:06:43.068 reqId=[] DEBUG 8570 --- [           main] o.s.b.f.s.DefaultListableBeanFactory     : Creating shared instance of singleton bean 'httpTraceEndpoint'
25-04-2019 19:06:43.069 reqId=[] DEBUG 8570 --- [           main] o.s.b.f.s.DefaultListableBeanFactory     : Creating shared instance of singleton bean 'org.springframework.boot.actuate.autoconfigure.trace.http.HttpTraceEndpointAutoConfiguration'
25-04-2019 19:06:43.076 reqId=[] DEBUG 8570 --- [           main] o.s.b.f.s.DefaultListableBeanFactory     : Creating shared instance of singleton bean 'traceRepository'
25-04-2019 19:06:43.076 reqId=[] DEBUG 8570 --- [           main] o.s.b.f.s.DefaultListableBeanFactory     : Creating shared instance of singleton bean 'org.springframework.boot.actuate.autoconfigure.trace.http.HttpTraceAutoConfiguration'
25-04-2019 19:06:43.088 reqId=[] DEBUG 8570 --- [           main] o.s.b.f.s.DefaultListableBeanFactory     : Autowiring by type from bean name 'httpTraceEndpoint' via factory method to bean named 'traceRepository'
25-04-2019 19:06:43.093 reqId=[] DEBUG 8570 --- [           main] o.s.b.f.s.DefaultListableBeanFactory     : Creating shared instance of singleton bean 'mappingsEndpoint'
25-04-2019 19:06:43.093 reqId=[] DEBUG 8570 --- [           main] o.s.b.f.s.DefaultListableBeanFactory     : Creating shared instance of singleton bean 'org.springframework.boot.actuate.autoconfigure.web.mappings.MappingsEndpointAutoConfiguration'
25-04-2019 19:06:43.100 reqId=[] DEBUG 8570 --- [           main] o.s.b.f.s.DefaultListableBeanFactory     : Autowiring by type from bean name 'mappingsEndpoint' via factory method to bean named 'org.springframework.web.context.support.GenericWebApplicationContext@2438dcd'
25-04-2019 19:06:43.105 reqId=[] DEBUG 8570 --- [           main] o.s.b.f.s.DefaultListableBeanFactory     : Creating shared instance of singleton bean 'dispatcherServletMappingDescriptionProvider'
25-04-2019 19:06:43.106 reqId=[] DEBUG 8570 --- [           main] o.s.b.f.s.DefaultListableBeanFactory     : Creating shared instance of singleton bean 'org.springframework.boot.actuate.autoconfigure.web.mappings.MappingsEndpointAutoConfiguration$ServletWebConfiguration$SpringMvcConfiguration'
25-04-2019 19:06:43.123 reqId=[] DEBUG 8570 --- [           main] o.s.b.f.s.DefaultListableBeanFactory     : Creating shared instance of singleton bean 'servletMappingDescriptionProvider'
25-04-2019 19:06:43.123 reqId=[] DEBUG 8570 --- [           main] o.s.b.f.s.DefaultListableBeanFactory     : Creating shared instance of singleton bean 'org.springframework.boot.actuate.autoconfigure.web.mappings.MappingsEndpointAutoConfiguration$ServletWebConfiguration'
25-04-2019 19:06:43.138 reqId=[] DEBUG 8570 --- [           main] o.s.b.f.s.DefaultListableBeanFactory     : Creating shared instance of singleton bean 'filterMappingDescriptionProvider'
25-04-2019 19:06:43.152 reqId=[] DEBUG 8570 --- [           main] o.s.b.f.s.DefaultListableBeanFactory     : Creating shared instance of singleton bean 'cachesEndpointWebExtension'
25-04-2019 19:06:43.154 reqId=[] DEBUG 8570 --- [           main] o.s.b.f.s.DefaultListableBeanFactory     : Autowiring by type from bean name 'cachesEndpointWebExtension' via factory method to bean named 'cachesEndpoint'
25-04-2019 19:06:43.162 reqId=[] DEBUG 8570 --- [           main] o.s.b.f.s.DefaultListableBeanFactory     : Creating shared instance of singleton bean 'healthEndpointWebExtension'
25-04-2019 19:06:43.163 reqId=[] DEBUG 8570 --- [           main] o.s.b.f.s.DefaultListableBeanFactory     : Creating shared instance of singleton bean 'org.springframework.boot.actuate.autoconfigure.health.HealthEndpointWebExtensionConfiguration$ServletWebHealthConfiguration'
25-04-2019 19:06:43.171 reqId=[] DEBUG 8570 --- [           main] o.s.b.f.s.DefaultListableBeanFactory     : Creating shared instance of singleton bean 'healthWebEndpointResponseMapper'
25-04-2019 19:06:43.171 reqId=[] DEBUG 8570 --- [           main] o.s.b.f.s.DefaultListableBeanFactory     : Creating shared instance of singleton bean 'org.springframework.boot.actuate.autoconfigure.health.HealthEndpointWebExtensionConfiguration'
25-04-2019 19:06:43.177 reqId=[] DEBUG 8570 --- [           main] o.s.b.f.s.DefaultListableBeanFactory     : Creating shared instance of singleton bean 'createHealthStatusHttpMapper'
25-04-2019 19:06:43.178 reqId=[] DEBUG 8570 --- [           main] o.s.b.f.s.DefaultListableBeanFactory     : Autowiring by type from bean name 'createHealthStatusHttpMapper' via factory method to bean named 'management.health.status-org.springframework.boot.actuate.autoconfigure.health.HealthIndicatorProperties'
25-04-2019 19:06:43.186 reqId=[] DEBUG 8570 --- [           main] o.s.b.f.s.DefaultListableBeanFactory     : Creating shared instance of singleton bean 'management.endpoint.health-org.springframework.boot.actuate.autoconfigure.health.HealthEndpointProperties'
25-04-2019 19:06:43.190 reqId=[] DEBUG 8570 --- [           main] o.s.b.f.s.DefaultListableBeanFactory     : Autowiring by type from bean name 'healthWebEndpointResponseMapper' via factory method to bean named 'createHealthStatusHttpMapper'
25-04-2019 19:06:43.190 reqId=[] DEBUG 8570 --- [           main] o.s.b.f.s.DefaultListableBeanFactory     : Autowiring by type from bean name 'healthWebEndpointResponseMapper' via factory method to bean named 'management.endpoint.health-org.springframework.boot.actuate.autoconfigure.health.HealthEndpointProperties'
25-04-2019 19:06:43.209 reqId=[] DEBUG 8570 --- [           main] o.s.b.f.s.DefaultListableBeanFactory     : Autowiring by type from bean name 'healthEndpointWebExtension' via factory method to bean named 'healthEndpoint'
25-04-2019 19:06:43.209 reqId=[] DEBUG 8570 --- [           main] o.s.b.f.s.DefaultListableBeanFactory     : Autowiring by type from bean name 'healthEndpointWebExtension' via factory method to bean named 'healthWebEndpointResponseMapper'
25-04-2019 19:06:43.218 reqId=[] DEBUG 8570 --- [           main] o.s.b.f.s.DefaultListableBeanFactory     : Creating shared instance of singleton bean 'environmentEndpointWebExtension'
25-04-2019 19:06:43.220 reqId=[] DEBUG 8570 --- [           main] o.s.b.f.s.DefaultListableBeanFactory     : Autowiring by type from bean name 'environmentEndpointWebExtension' via factory method to bean named 'environmentEndpoint'
25-04-2019 19:06:43.284 reqId=[]  INFO 8570 --- [           main] o.s.b.a.e.web.EndpointLinksResolver      : Exposing 15 endpoint(s) beneath base path '/actuator'
25-04-2019 19:06:43.314 reqId=[] DEBUG 8570 --- [           main] o.s.b.f.s.DefaultListableBeanFactory     : Creating shared instance of singleton bean 'controllerEndpointHandlerMapping'
25-04-2019 19:06:43.314 reqId=[] DEBUG 8570 --- [           main] o.s.b.f.s.DefaultListableBeanFactory     : Autowiring by type from bean name 'controllerEndpointHandlerMapping' via factory method to bean named 'controllerEndpointDiscoverer'
25-04-2019 19:06:43.314 reqId=[] DEBUG 8570 --- [           main] o.s.b.f.s.DefaultListableBeanFactory     : Autowiring by type from bean name 'controllerEndpointHandlerMapping' via factory method to bean named 'management.endpoints.web.cors-org.springframework.boot.actuate.autoconfigure.endpoint.web.CorsEndpointProperties'
25-04-2019 19:06:43.314 reqId=[] DEBUG 8570 --- [           main] o.s.b.f.s.DefaultListableBeanFactory     : Autowiring by type from bean name 'controllerEndpointHandlerMapping' via factory method to bean named 'management.endpoints.web-org.springframework.boot.actuate.autoconfigure.endpoint.web.WebEndpointProperties'
25-04-2019 19:06:43.335 reqId=[]  INFO 8570 --- [           main] o.s.s.web.DefaultSecurityFilterChain     : Creating filter chain: any request, [org.springframework.security.web.context.request.async.WebAsyncManagerIntegrationFilter@6dc5e857, org.springframework.security.web.context.SecurityContextPersistenceFilter@3ecbfba1, org.springframework.security.web.header.HeaderWriterFilter@2a0881f1, org.springframework.web.filter.CorsFilter@5ce0f50a, org.springframework.security.web.authentication.logout.LogoutFilter@a319a2e, org.springframework.security.web.authentication.UsernamePasswordAuthenticationFilter@51a5a8ba, org.springframework.security.web.authentication.ui.DefaultLoginPageGeneratingFilter@4d0d568f, org.springframework.security.web.authentication.ui.DefaultLogoutPageGeneratingFilter@c3a1d7f, org.springframework.security.web.savedrequest.RequestCacheAwareFilter@739be7ec, org.springframework.security.web.servletapi.SecurityContextHolderAwareRequestFilter@1df2e767, org.springframework.security.web.authentication.AnonymousAuthenticationFilter@63541cd4, org.springframework.security.web.session.SessionManagementFilter@7a85454b, org.springframework.security.web.access.ExceptionTranslationFilter@1a99692, org.springframework.security.web.access.intercept.FilterSecurityInterceptor@5c945ee7]
25-04-2019 19:06:43.346 reqId=[] DEBUG 8570 --- [           main] o.s.b.f.s.DefaultListableBeanFactory     : Creating shared instance of singleton bean 'webSecurityExpressionHandler'
25-04-2019 19:06:43.347 reqId=[] DEBUG 8570 --- [           main] o.s.b.f.s.DefaultListableBeanFactory     : Creating shared instance of singleton bean 'privilegeEvaluator'
25-04-2019 19:06:43.350 reqId=[] DEBUG 8570 --- [           main] o.s.b.f.s.DefaultListableBeanFactory     : Creating shared instance of singleton bean 'requestDataValueProcessor'
25-04-2019 19:06:43.354 reqId=[] DEBUG 8570 --- [           main] o.s.b.f.s.DefaultListableBeanFactory     : Creating shared instance of singleton bean 'org.springframework.security.config.annotation.web.configuration.OAuth2ClientConfiguration'
25-04-2019 19:06:43.355 reqId=[] DEBUG 8570 --- [           main] o.s.b.f.s.DefaultListableBeanFactory     : Creating shared instance of singleton bean 'tokenEnhancer'
25-04-2019 19:06:43.359 reqId=[] DEBUG 8570 --- [           main] o.s.b.f.s.DefaultListableBeanFactory     : Creating shared instance of singleton bean 'transactionManager'
25-04-2019 19:06:43.384 reqId=[] DEBUG 8570 --- [           main] o.s.b.f.s.DefaultListableBeanFactory     : Creating shared instance of singleton bean 'org.springframework.boot.autoconfigure.context.PropertyPlaceholderAutoConfiguration'
25-04-2019 19:06:43.388 reqId=[] DEBUG 8570 --- [           main] o.s.b.f.s.DefaultListableBeanFactory     : Creating shared instance of singleton bean 'org.springframework.boot.autoconfigure.websocket.servlet.WebSocketServletAutoConfiguration'
25-04-2019 19:06:43.391 reqId=[] DEBUG 8570 --- [           main] o.s.b.f.s.DefaultListableBeanFactory     : Creating shared instance of singleton bean 'org.springframework.boot.autoconfigure.web.servlet.DispatcherServletAutoConfiguration'
25-04-2019 19:06:43.401 reqId=[] DEBUG 8570 --- [           main] o.s.b.f.s.DefaultListableBeanFactory     : Creating shared instance of singleton bean 'org.springframework.boot.autoconfigure.task.TaskExecutionAutoConfiguration'
25-04-2019 19:06:43.402 reqId=[] DEBUG 8570 --- [           main] ocalVariableTableParameterNameDiscoverer : Cannot find '.class' file for class [class org.springframework.boot.autoconfigure.task.TaskExecutionAutoConfiguration$$EnhancerBySpringCGLIB$$ef85882f] - unable to determine constructor/method parameter names
25-04-2019 19:06:43.406 reqId=[] DEBUG 8570 --- [           main] o.s.b.f.s.DefaultListableBeanFactory     : Creating shared instance of singleton bean 'spring.task.execution-org.springframework.boot.autoconfigure.task.TaskExecutionProperties'
25-04-2019 19:06:43.409 reqId=[] DEBUG 8570 --- [           main] o.s.b.f.s.DefaultListableBeanFactory     : Autowiring by type from bean name 'org.springframework.boot.autoconfigure.task.TaskExecutionAutoConfiguration' via constructor to bean named 'spring.task.execution-org.springframework.boot.autoconfigure.task.TaskExecutionProperties'
25-04-2019 19:06:43.414 reqId=[] DEBUG 8570 --- [           main] o.s.b.f.s.DefaultListableBeanFactory     : Creating shared instance of singleton bean 'taskExecutorBuilder'
25-04-2019 19:06:43.424 reqId=[] DEBUG 8570 --- [           main] o.s.b.f.s.DefaultListableBeanFactory     : Creating shared instance of singleton bean 'org.springframework.boot.autoconfigure.validation.ValidationAutoConfiguration'
25-04-2019 19:06:43.428 reqId=[] DEBUG 8570 --- [           main] o.s.b.f.s.DefaultListableBeanFactory     : Creating shared instance of singleton bean 'defaultValidator'
25-04-2019 19:06:43.438 reqId=[] DEBUG 8570 --- [           main] o.s.b.f.s.DefaultListableBeanFactory     : Creating shared instance of singleton bean 'org.springframework.boot.autoconfigure.web.servlet.error.ErrorMvcAutoConfiguration$WhitelabelErrorViewConfiguration'
25-04-2019 19:06:43.444 reqId=[] DEBUG 8570 --- [           main] o.s.b.f.s.DefaultListableBeanFactory     : Creating shared instance of singleton bean 'error'
25-04-2019 19:06:43.450 reqId=[] DEBUG 8570 --- [           main] o.s.b.f.s.DefaultListableBeanFactory     : Creating shared instance of singleton bean 'beanNameViewResolver'
25-04-2019 19:06:43.457 reqId=[] DEBUG 8570 --- [           main] o.s.b.f.s.DefaultListableBeanFactory     : Creating shared instance of singleton bean 'errorAttributes'
25-04-2019 19:06:43.462 reqId=[] DEBUG 8570 --- [           main] o.s.b.f.s.DefaultListableBeanFactory     : Creating shared instance of singleton bean 'basicErrorController'
25-04-2019 19:06:43.464 reqId=[] DEBUG 8570 --- [           main] o.s.b.f.s.DefaultListableBeanFactory     : Autowiring by type from bean name 'basicErrorController' via factory method to bean named 'errorAttributes'
25-04-2019 19:06:43.469 reqId=[] DEBUG 8570 --- [           main] o.s.b.f.s.DefaultListableBeanFactory     : Creating shared instance of singleton bean 'org.springframework.boot.autoconfigure.security.oauth2.resource.OAuth2ResourceServerConfiguration'
25-04-2019 19:06:43.470 reqId=[] DEBUG 8570 --- [           main] ocalVariableTableParameterNameDiscoverer : Cannot find '.class' file for class [class org.springframework.boot.autoconfigure.security.oauth2.resource.OAuth2ResourceServerConfiguration$$EnhancerBySpringCGLIB$$86fc02f9] - unable to determine constructor/method parameter names
25-04-2019 19:06:43.472 reqId=[] DEBUG 8570 --- [           main] o.s.b.f.s.DefaultListableBeanFactory     : Creating shared instance of singleton bean 'resourceServerProperties'
25-04-2019 19:06:43.472 reqId=[] DEBUG 8570 --- [           main] o.s.b.f.s.DefaultListableBeanFactory     : Creating shared instance of singleton bean 'org.springframework.boot.autoconfigure.security.oauth2.OAuth2AutoConfiguration'
25-04-2019 19:06:43.472 reqId=[] DEBUG 8570 --- [           main] ocalVariableTableParameterNameDiscoverer : Cannot find '.class' file for class [class org.springframework.boot.autoconfigure.security.oauth2.OAuth2AutoConfiguration$$EnhancerBySpringCGLIB$$1b2fab59] - unable to determine constructor/method parameter names
25-04-2019 19:06:43.474 reqId=[] DEBUG 8570 --- [           main] o.s.b.f.s.DefaultListableBeanFactory     : Creating shared instance of singleton bean 'security.oauth2.client-org.springframework.boot.autoconfigure.security.oauth2.OAuth2ClientProperties'
25-04-2019 19:06:43.477 reqId=[] DEBUG 8570 --- [           main] o.s.b.f.s.DefaultListableBeanFactory     : Autowiring by type from bean name 'org.springframework.boot.autoconfigure.security.oauth2.OAuth2AutoConfiguration' via constructor to bean named 'security.oauth2.client-org.springframework.boot.autoconfigure.security.oauth2.OAuth2ClientProperties'
25-04-2019 19:06:43.494 reqId=[] DEBUG 8570 --- [           main] o.s.b.f.s.DefaultListableBeanFactory     : Autowiring by type from bean name 'org.springframework.boot.autoconfigure.security.oauth2.resource.OAuth2ResourceServerConfiguration' via constructor to bean named 'resourceServerProperties'
25-04-2019 19:06:43.498 reqId=[] DEBUG 8570 --- [           main] o.s.b.f.s.DefaultListableBeanFactory     : Creating shared instance of singleton bean 'org.springframework.boot.autoconfigure.security.oauth2.client.OAuth2RestOperationsConfiguration'
25-04-2019 19:06:43.503 reqId=[] DEBUG 8570 --- [           main] o.s.b.f.s.DefaultListableBeanFactory     : Creating shared instance of singleton bean 'requestMappingHandlerAdapter'
25-04-2019 19:06:43.516 reqId=[] DEBUG 8570 --- [           main] o.s.b.f.s.DefaultListableBeanFactory     : Creating shared instance of singleton bean 'messageConverters'
25-04-2019 19:06:43.516 reqId=[] DEBUG 8570 --- [           main] o.s.b.f.s.DefaultListableBeanFactory     : Creating shared instance of singleton bean 'org.springframework.boot.autoconfigure.http.HttpMessageConvertersAutoConfiguration'
25-04-2019 19:06:43.516 reqId=[] DEBUG 8570 --- [           main] ocalVariableTableParameterNameDiscoverer : Cannot find '.class' file for class [class org.springframework.boot.autoconfigure.http.HttpMessageConvertersAutoConfiguration$$EnhancerBySpringCGLIB$$7e19baed] - unable to determine constructor/method parameter names
25-04-2019 19:06:43.520 reqId=[] DEBUG 8570 --- [           main] o.s.b.f.s.DefaultListableBeanFactory     : Creating shared instance of singleton bean 'stringHttpMessageConverter'
25-04-2019 19:06:43.520 reqId=[] DEBUG 8570 --- [           main] o.s.b.f.s.DefaultListableBeanFactory     : Creating shared instance of singleton bean 'org.springframework.boot.autoconfigure.http.HttpMessageConvertersAutoConfiguration$StringHttpMessageConverterConfiguration'
25-04-2019 19:06:43.521 reqId=[] DEBUG 8570 --- [           main] ocalVariableTableParameterNameDiscoverer : Cannot find '.class' file for class [class org.springframework.boot.autoconfigure.http.HttpMessageConvertersAutoConfiguration$StringHttpMessageConverterConfiguration$$EnhancerBySpringCGLIB$$b127818d] - unable to determine constructor/method parameter names
25-04-2019 19:06:43.521 reqId=[] DEBUG 8570 --- [           main] o.s.b.f.s.DefaultListableBeanFactory     : Autowiring by type from bean name 'org.springframework.boot.autoconfigure.http.HttpMessageConvertersAutoConfiguration$StringHttpMessageConverterConfiguration' via constructor to bean named 'spring.http-org.springframework.boot.autoconfigure.http.HttpProperties'
25-04-2019 19:06:43.534 reqId=[] DEBUG 8570 --- [           main] o.s.b.f.s.DefaultListableBeanFactory     : Creating shared instance of singleton bean 'mappingJackson2HttpMessageConverter'
25-04-2019 19:06:43.534 reqId=[] DEBUG 8570 --- [           main] o.s.b.f.s.DefaultListableBeanFactory     : Creating shared instance of singleton bean 'org.springframework.boot.autoconfigure.http.JacksonHttpMessageConvertersConfiguration$MappingJackson2HttpMessageConverterConfiguration'
25-04-2019 19:06:43.541 reqId=[] DEBUG 8570 --- [           main] o.s.b.f.s.DefaultListableBeanFactory     : Creating shared instance of singleton bean 'jacksonObjectMapper'
25-04-2019 19:06:43.541 reqId=[] DEBUG 8570 --- [           main] o.s.b.f.s.DefaultListableBeanFactory     : Creating shared instance of singleton bean 'org.springframework.boot.autoconfigure.jackson.JacksonAutoConfiguration$JacksonObjectMapperConfiguration'
25-04-2019 19:06:43.549 reqId=[] DEBUG 8570 --- [           main] o.s.b.f.s.DefaultListableBeanFactory     : Autowiring by type from bean name 'jacksonObjectMapper' via factory method to bean named 'jacksonBuilder'
25-04-2019 19:06:43.610 reqId=[] DEBUG 8570 --- [           main] o.s.b.f.s.DefaultListableBeanFactory     : Autowiring by type from bean name 'mappingJackson2HttpMessageConverter' via factory method to bean named 'jacksonObjectMapper'
25-04-2019 19:06:43.731 reqId=[] DEBUG 8570 --- [           main] o.s.b.f.s.DefaultListableBeanFactory     : Creating shared instance of singleton bean 'mvcValidator'
25-04-2019 19:06:43.749 reqId=[] DEBUG 8570 --- [           main] o.s.b.f.s.DefaultListableBeanFactory     : Creating shared instance of singleton bean 'sortResolver'
25-04-2019 19:06:43.763 reqId=[] DEBUG 8570 --- [           main] o.s.b.f.s.DefaultListableBeanFactory     : Creating shared instance of singleton bean 'pageableResolver'
25-04-2019 19:06:43.772 reqId=[] DEBUG 8570 --- [           main] o.s.b.f.s.DefaultListableBeanFactory     : Creating shared instance of singleton bean 'applicationTaskExecutor'
25-04-2019 19:06:43.774 reqId=[] DEBUG 8570 --- [           main] o.s.b.f.s.DefaultListableBeanFactory     : Autowiring by type from bean name 'applicationTaskExecutor' via factory method to bean named 'taskExecutorBuilder'
25-04-2019 19:06:43.794 reqId=[]  INFO 8570 --- [           main] o.s.s.concurrent.ThreadPoolTaskExecutor  : Initializing ExecutorService 'applicationTaskExecutor'
25-04-2019 19:06:43.847 reqId=[] DEBUG 8570 --- [           main] s.w.s.m.m.a.RequestMappingHandlerAdapter : ControllerAdvice beans: 0 @ModelAttribute, 0 @InitBinder, 1 RequestBodyAdvice, 2 ResponseBodyAdvice
25-04-2019 19:06:43.915 reqId=[] DEBUG 8570 --- [           main] o.s.b.f.s.DefaultListableBeanFactory     : Creating shared instance of singleton bean 'mvcUriComponentsContributor'
25-04-2019 19:06:43.923 reqId=[] DEBUG 8570 --- [           main] o.s.b.f.s.DefaultListableBeanFactory     : Creating shared instance of singleton bean 'httpRequestHandlerAdapter'
25-04-2019 19:06:43.927 reqId=[] DEBUG 8570 --- [           main] o.s.b.f.s.DefaultListableBeanFactory     : Creating shared instance of singleton bean 'simpleControllerHandlerAdapter'
25-04-2019 19:06:43.933 reqId=[] DEBUG 8570 --- [           main] o.s.b.f.s.DefaultListableBeanFactory     : Creating shared instance of singleton bean 'handlerExceptionResolver'
25-04-2019 19:06:43.947 reqId=[] DEBUG 8570 --- [           main] .m.m.a.ExceptionHandlerExceptionResolver : ControllerAdvice beans: 1 @ExceptionHandler, 2 ResponseBodyAdvice
25-04-2019 19:06:43.953 reqId=[] DEBUG 8570 --- [           main] o.s.b.f.s.DefaultListableBeanFactory     : Creating shared instance of singleton bean 'mvcViewResolver'
25-04-2019 19:06:43.969 reqId=[] DEBUG 8570 --- [           main] o.s.b.f.s.DefaultListableBeanFactory     : Creating shared instance of singleton bean 'defaultViewResolver'
25-04-2019 19:06:43.994 reqId=[] DEBUG 8570 --- [           main] o.s.b.f.s.DefaultListableBeanFactory     : Creating shared instance of singleton bean 'viewResolver'
25-04-2019 19:06:43.996 reqId=[] DEBUG 8570 --- [           main] o.s.b.f.s.DefaultListableBeanFactory     : Autowiring by type from bean name 'viewResolver' via factory method to bean named 'org.springframework.beans.factory.support.DefaultListableBeanFactory@aafcffa'
25-04-2019 19:06:44.013 reqId=[] DEBUG 8570 --- [           main] o.s.b.f.s.DefaultListableBeanFactory     : Creating shared instance of singleton bean 'thymeleafViewResolver'
25-04-2019 19:06:44.013 reqId=[] DEBUG 8570 --- [           main] o.s.b.f.s.DefaultListableBeanFactory     : Creating shared instance of singleton bean 'org.springframework.boot.autoconfigure.thymeleaf.ThymeleafAutoConfiguration$ThymeleafWebMvcConfiguration$ThymeleafViewResolverConfiguration'
25-04-2019 19:06:44.014 reqId=[] DEBUG 8570 --- [           main] ocalVariableTableParameterNameDiscoverer : Cannot find '.class' file for class [class org.springframework.boot.autoconfigure.thymeleaf.ThymeleafAutoConfiguration$ThymeleafWebMvcConfiguration$ThymeleafViewResolverConfiguration$$EnhancerBySpringCGLIB$$f766ee24] - unable to determine constructor/method parameter names
25-04-2019 19:06:44.016 reqId=[] DEBUG 8570 --- [           main] o.s.b.f.s.DefaultListableBeanFactory     : Creating shared instance of singleton bean 'spring.thymeleaf-org.springframework.boot.autoconfigure.thymeleaf.ThymeleafProperties'
25-04-2019 19:06:44.023 reqId=[] DEBUG 8570 --- [           main] o.s.b.f.s.DefaultListableBeanFactory     : Creating shared instance of singleton bean 'templateEngine'
25-04-2019 19:06:44.024 reqId=[] DEBUG 8570 --- [           main] o.s.b.f.s.DefaultListableBeanFactory     : Creating shared instance of singleton bean 'org.springframework.boot.autoconfigure.thymeleaf.ThymeleafAutoConfiguration$ThymeleafDefaultConfiguration'
25-04-2019 19:06:44.024 reqId=[] DEBUG 8570 --- [           main] ocalVariableTableParameterNameDiscoverer : Cannot find '.class' file for class [class org.springframework.boot.autoconfigure.thymeleaf.ThymeleafAutoConfiguration$ThymeleafDefaultConfiguration$$EnhancerBySpringCGLIB$$22ae31f5] - unable to determine constructor/method parameter names
25-04-2019 19:06:44.030 reqId=[] DEBUG 8570 --- [           main] o.s.b.f.s.DefaultListableBeanFactory     : Creating shared instance of singleton bean 'defaultTemplateResolver'
25-04-2019 19:06:44.030 reqId=[] DEBUG 8570 --- [           main] o.s.b.f.s.DefaultListableBeanFactory     : Creating shared instance of singleton bean 'org.springframework.boot.autoconfigure.thymeleaf.ThymeleafAutoConfiguration$DefaultTemplateResolverConfiguration'
25-04-2019 19:06:44.031 reqId=[] DEBUG 8570 --- [           main] ocalVariableTableParameterNameDiscoverer : Cannot find '.class' file for class [class org.springframework.boot.autoconfigure.thymeleaf.ThymeleafAutoConfiguration$DefaultTemplateResolverConfiguration$$EnhancerBySpringCGLIB$$e0deb74c] - unable to determine constructor/method parameter names
25-04-2019 19:06:44.031 reqId=[] DEBUG 8570 --- [           main] o.s.b.f.s.DefaultListableBeanFactory     : Autowiring by type from bean name 'org.springframework.boot.autoconfigure.thymeleaf.ThymeleafAutoConfiguration$DefaultTemplateResolverConfiguration' via constructor to bean named 'spring.thymeleaf-org.springframework.boot.autoconfigure.thymeleaf.ThymeleafProperties'
25-04-2019 19:06:44.031 reqId=[] DEBUG 8570 --- [           main] o.s.b.f.s.DefaultListableBeanFactory     : Autowiring by type from bean name 'org.springframework.boot.autoconfigure.thymeleaf.ThymeleafAutoConfiguration$DefaultTemplateResolverConfiguration' via constructor to bean named 'org.springframework.web.context.support.GenericWebApplicationContext@2438dcd'
25-04-2019 19:06:44.113 reqId=[] DEBUG 8570 --- [           main] o.s.b.f.s.DefaultListableBeanFactory     : Autowiring by type from bean name 'org.springframework.boot.autoconfigure.thymeleaf.ThymeleafAutoConfiguration$ThymeleafDefaultConfiguration' via constructor to bean named 'spring.thymeleaf-org.springframework.boot.autoconfigure.thymeleaf.ThymeleafProperties'
25-04-2019 19:06:44.114 reqId=[] DEBUG 8570 --- [           main] o.s.b.f.s.DefaultListableBeanFactory     : Autowiring by type from bean name 'org.springframework.boot.autoconfigure.thymeleaf.ThymeleafAutoConfiguration$ThymeleafDefaultConfiguration' via constructor to bean named 'defaultTemplateResolver'
25-04-2019 19:06:44.166 reqId=[] DEBUG 8570 --- [           main] o.s.b.f.s.DefaultListableBeanFactory     : Creating shared instance of singleton bean 'java8TimeDialect'
25-04-2019 19:06:44.166 reqId=[] DEBUG 8570 --- [           main] o.s.b.f.s.DefaultListableBeanFactory     : Creating shared instance of singleton bean 'org.springframework.boot.autoconfigure.thymeleaf.ThymeleafAutoConfiguration$ThymeleafJava8TimeDialect'
25-04-2019 19:06:44.202 reqId=[] DEBUG 8570 --- [           main] o.s.b.f.s.DefaultListableBeanFactory     : Autowiring by type from bean name 'org.springframework.boot.autoconfigure.thymeleaf.ThymeleafAutoConfiguration$ThymeleafWebMvcConfiguration$ThymeleafViewResolverConfiguration' via constructor to bean named 'spring.thymeleaf-org.springframework.boot.autoconfigure.thymeleaf.ThymeleafProperties'
25-04-2019 19:06:44.202 reqId=[] DEBUG 8570 --- [           main] o.s.b.f.s.DefaultListableBeanFactory     : Autowiring by type from bean name 'org.springframework.boot.autoconfigure.thymeleaf.ThymeleafAutoConfiguration$ThymeleafWebMvcConfiguration$ThymeleafViewResolverConfiguration' via constructor to bean named 'templateEngine'
25-04-2019 19:06:44.232 reqId=[] DEBUG 8570 --- [           main] o.s.b.f.s.DefaultListableBeanFactory     : Creating shared instance of singleton bean 'requestContextFilter'
25-04-2019 19:06:44.251 reqId=[] DEBUG 8570 --- [           main] o.s.b.f.s.DefaultListableBeanFactory     : Creating shared instance of singleton bean 'org.springframework.boot.autoconfigure.web.servlet.WebMvcAutoConfiguration'
25-04-2019 19:06:44.258 reqId=[] DEBUG 8570 --- [           main] o.s.b.f.s.DefaultListableBeanFactory     : Creating shared instance of singleton bean 'hiddenHttpMethodFilter'
25-04-2019 19:06:44.279 reqId=[] DEBUG 8570 --- [           main] o.s.b.f.s.DefaultListableBeanFactory     : Creating shared instance of singleton bean 'formContentFilter'
25-04-2019 19:06:44.299 reqId=[] DEBUG 8570 --- [           main] o.s.b.f.s.DefaultListableBeanFactory     : Creating shared instance of singleton bean 'org.springframework.boot.actuate.autoconfigure.audit.AuditAutoConfiguration'
25-04-2019 19:06:44.300 reqId=[] DEBUG 8570 --- [           main] ocalVariableTableParameterNameDiscoverer : Cannot find '.class' file for class [class org.springframework.boot.actuate.autoconfigure.audit.AuditAutoConfiguration$$EnhancerBySpringCGLIB$$59af7c8] - unable to determine constructor/method parameter names
25-04-2019 19:06:44.307 reqId=[] DEBUG 8570 --- [           main] o.s.b.f.s.DefaultListableBeanFactory     : Creating shared instance of singleton bean 'auditListener'
25-04-2019 19:06:44.316 reqId=[] DEBUG 8570 --- [           main] o.s.b.f.s.DefaultListableBeanFactory     : Creating shared instance of singleton bean 'authenticationAuditListener'
25-04-2019 19:06:44.333 reqId=[] DEBUG 8570 --- [           main] o.s.b.f.s.DefaultListableBeanFactory     : Creating shared instance of singleton bean 'authorizationAuditListener'
25-04-2019 19:06:44.340 reqId=[] DEBUG 8570 --- [           main] o.s.b.f.s.DefaultListableBeanFactory     : Creating shared instance of singleton bean 'org.springframework.boot.autoconfigure.transaction.jta.JtaAutoConfiguration'
25-04-2019 19:06:44.346 reqId=[] DEBUG 8570 --- [           main] o.s.b.f.s.DefaultListableBeanFactory     : Creating shared instance of singleton bean 'spring.jta-org.springframework.boot.autoconfigure.transaction.jta.JtaProperties'
25-04-2019 19:06:44.349 reqId=[] DEBUG 8570 --- [           main] o.s.b.f.s.DefaultListableBeanFactory     : Creating shared instance of singleton bean 'org.springframework.boot.autoconfigure.jdbc.metadata.DataSourcePoolMetadataProvidersConfiguration'
25-04-2019 19:06:44.353 reqId=[] DEBUG 8570 --- [           main] o.s.b.f.s.DefaultListableBeanFactory     : Creating shared instance of singleton bean 'org.springframework.boot.autoconfigure.jdbc.DataSourceInitializationConfiguration'
25-04-2019 19:06:44.358 reqId=[] DEBUG 8570 --- [           main] o.s.b.f.s.DefaultListableBeanFactory     : Creating shared instance of singleton bean 'org.springframework.boot.autoconfigure.jdbc.DataSourceAutoConfiguration'
25-04-2019 19:06:44.363 reqId=[] DEBUG 8570 --- [           main] o.s.b.f.s.DefaultListableBeanFactory     : Creating shared instance of singleton bean 'org.springframework.boot.autoconfigure.orm.jpa.HibernateJpaAutoConfiguration'
25-04-2019 19:06:44.369 reqId=[] DEBUG 8570 --- [           main] o.s.b.f.s.DefaultListableBeanFactory     : Creating shared instance of singleton bean 'spring.jpa-org.springframework.boot.autoconfigure.orm.jpa.JpaProperties'
25-04-2019 19:06:44.372 reqId=[] DEBUG 8570 --- [           main] o.s.b.f.s.DefaultListableBeanFactory     : Creating shared instance of singleton bean 'redisTemplate'
25-04-2019 19:06:44.373 reqId=[] DEBUG 8570 --- [           main] o.s.b.f.s.DefaultListableBeanFactory     : Autowiring by type from bean name 'redisTemplate' via factory method to bean named 'redisConnectionFactory'
25-04-2019 19:06:44.392 reqId=[] DEBUG 8570 --- [           main] o.s.b.f.s.DefaultListableBeanFactory     : Creating shared instance of singleton bean 'org.springframework.boot.actuate.autoconfigure.web.servlet.ServletManagementContextAutoConfiguration'
25-04-2019 19:06:44.398 reqId=[] DEBUG 8570 --- [           main] o.s.b.f.s.DefaultListableBeanFactory     : Creating shared instance of singleton bean 'servletWebChildContextFactory'
25-04-2019 19:06:44.410 reqId=[] DEBUG 8570 --- [           main] o.s.b.f.s.DefaultListableBeanFactory     : Creating shared instance of singleton bean 'managementServletContext'
25-04-2019 19:06:44.410 reqId=[] DEBUG 8570 --- [           main] o.s.b.f.s.DefaultListableBeanFactory     : Autowiring by type from bean name 'managementServletContext' via factory method to bean named 'management.endpoints.web-org.springframework.boot.actuate.autoconfigure.endpoint.web.WebEndpointProperties'
25-04-2019 19:06:44.414 reqId=[] DEBUG 8570 --- [           main] o.s.b.f.s.DefaultListableBeanFactory     : Creating shared instance of singleton bean 'org.springframework.boot.actuate.autoconfigure.health.HealthEndpointAutoConfiguration'
25-04-2019 19:06:44.419 reqId=[] DEBUG 8570 --- [           main] o.s.b.f.s.DefaultListableBeanFactory     : Creating shared instance of singleton bean 'org.springframework.boot.actuate.autoconfigure.context.ShutdownEndpointAutoConfiguration'
25-04-2019 19:06:44.428 reqId=[] DEBUG 8570 --- [           main] o.s.b.f.s.DefaultListableBeanFactory     : Creating shared instance of singleton bean 'org.springframework.boot.actuate.autoconfigure.endpoint.jmx.JmxEndpointAutoConfiguration'
25-04-2019 19:06:44.429 reqId=[] DEBUG 8570 --- [           main] ocalVariableTableParameterNameDiscoverer : Cannot find '.class' file for class [class org.springframework.boot.actuate.autoconfigure.endpoint.jmx.JmxEndpointAutoConfiguration$$EnhancerBySpringCGLIB$$14afdd42] - unable to determine constructor/method parameter names
25-04-2019 19:06:44.431 reqId=[] DEBUG 8570 --- [           main] o.s.b.f.s.DefaultListableBeanFactory     : Creating shared instance of singleton bean 'management.endpoints.jmx-org.springframework.boot.actuate.autoconfigure.endpoint.jmx.JmxEndpointProperties'
25-04-2019 19:06:44.432 reqId=[] DEBUG 8570 --- [           main] o.s.b.f.s.DefaultListableBeanFactory     : Autowiring by type from bean name 'management.endpoints.jmx-org.springframework.boot.actuate.autoconfigure.endpoint.jmx.JmxEndpointProperties' via constructor to bean named 'environment'
25-04-2019 19:06:44.436 reqId=[] DEBUG 8570 --- [           main] o.s.b.f.s.DefaultListableBeanFactory     : Autowiring by type from bean name 'org.springframework.boot.actuate.autoconfigure.endpoint.jmx.JmxEndpointAutoConfiguration' via constructor to bean named 'org.springframework.web.context.support.GenericWebApplicationContext@2438dcd'
25-04-2019 19:06:44.436 reqId=[] DEBUG 8570 --- [           main] o.s.b.f.s.DefaultListableBeanFactory     : Autowiring by type from bean name 'org.springframework.boot.actuate.autoconfigure.endpoint.jmx.JmxEndpointAutoConfiguration' via constructor to bean named 'management.endpoints.jmx-org.springframework.boot.actuate.autoconfigure.endpoint.jmx.JmxEndpointProperties'
25-04-2019 19:06:44.443 reqId=[] DEBUG 8570 --- [           main] o.s.b.f.s.DefaultListableBeanFactory     : Creating shared instance of singleton bean 'jmxAnnotationEndpointDiscoverer'
25-04-2019 19:06:44.443 reqId=[] DEBUG 8570 --- [           main] o.s.b.f.s.DefaultListableBeanFactory     : Autowiring by type from bean name 'jmxAnnotationEndpointDiscoverer' via factory method to bean named 'endpointOperationParameterMapper'
25-04-2019 19:06:44.451 reqId=[] DEBUG 8570 --- [           main] o.s.b.f.s.DefaultListableBeanFactory     : Creating shared instance of singleton bean 'jmxIncludeExcludePropertyEndpointFilter'
25-04-2019 19:06:44.460 reqId=[] DEBUG 8570 --- [           main] o.s.b.f.s.DefaultListableBeanFactory     : Creating shared instance of singleton bean 'pathMappedEndpoints'
25-04-2019 19:06:44.464 reqId=[] DEBUG 8570 --- [           main] o.s.b.f.s.DefaultListableBeanFactory     : Autowiring by type from bean name 'pathMappedEndpoints' via factory method to bean named 'jmxAnnotationEndpointDiscoverer'
25-04-2019 19:06:44.464 reqId=[] DEBUG 8570 --- [           main] o.s.b.f.s.DefaultListableBeanFactory     : Autowiring by type from bean name 'pathMappedEndpoints' via factory method to bean named 'servletEndpointDiscoverer'
25-04-2019 19:06:44.464 reqId=[] DEBUG 8570 --- [           main] o.s.b.f.s.DefaultListableBeanFactory     : Autowiring by type from bean name 'pathMappedEndpoints' via factory method to bean named 'webEndpointDiscoverer'
25-04-2019 19:06:44.464 reqId=[] DEBUG 8570 --- [           main] o.s.b.f.s.DefaultListableBeanFactory     : Autowiring by type from bean name 'pathMappedEndpoints' via factory method to bean named 'controllerEndpointDiscoverer'
25-04-2019 19:06:44.464 reqId=[] DEBUG 8570 --- [           main] o.s.b.f.s.DefaultListableBeanFactory     : Autowiring by type from bean name 'pathMappedEndpoints' via factory method to bean named 'management.endpoints.web-org.springframework.boot.actuate.autoconfigure.endpoint.web.WebEndpointProperties'
25-04-2019 19:06:44.509 reqId=[] DEBUG 8570 --- [           main] o.s.b.f.s.DefaultListableBeanFactory     : Creating shared instance of singleton bean 'org.springframework.boot.autoconfigure.info.ProjectInfoAutoConfiguration'
25-04-2019 19:06:44.510 reqId=[] DEBUG 8570 --- [           main] ocalVariableTableParameterNameDiscoverer : Cannot find '.class' file for class [class org.springframework.boot.autoconfigure.info.ProjectInfoAutoConfiguration$$EnhancerBySpringCGLIB$$9fdffc72] - unable to determine constructor/method parameter names
25-04-2019 19:06:44.512 reqId=[] DEBUG 8570 --- [           main] o.s.b.f.s.DefaultListableBeanFactory     : Creating shared instance of singleton bean 'spring.info-org.springframework.boot.autoconfigure.info.ProjectInfoProperties'
25-04-2019 19:06:44.515 reqId=[] DEBUG 8570 --- [           main] o.s.b.f.s.DefaultListableBeanFactory     : Autowiring by type from bean name 'org.springframework.boot.autoconfigure.info.ProjectInfoAutoConfiguration' via constructor to bean named 'spring.info-org.springframework.boot.autoconfigure.info.ProjectInfoProperties'
25-04-2019 19:06:44.520 reqId=[] DEBUG 8570 --- [           main] o.s.b.f.s.DefaultListableBeanFactory     : Creating shared instance of singleton bean 'org.springframework.boot.actuate.autoconfigure.logging.LogFileWebEndpointAutoConfiguration'
25-04-2019 19:06:44.521 reqId=[] DEBUG 8570 --- [           main] ocalVariableTableParameterNameDiscoverer : Cannot find '.class' file for class [class org.springframework.boot.actuate.autoconfigure.logging.LogFileWebEndpointAutoConfiguration$$EnhancerBySpringCGLIB$$5dd277e2] - unable to determine constructor/method parameter names
25-04-2019 19:06:44.523 reqId=[] DEBUG 8570 --- [           main] o.s.b.f.s.DefaultListableBeanFactory     : Creating shared instance of singleton bean 'management.endpoint.logfile-org.springframework.boot.actuate.autoconfigure.logging.LogFileWebEndpointProperties'
25-04-2019 19:06:44.526 reqId=[] DEBUG 8570 --- [           main] o.s.b.f.s.DefaultListableBeanFactory     : Autowiring by type from bean name 'org.springframework.boot.actuate.autoconfigure.logging.LogFileWebEndpointAutoConfiguration' via constructor to bean named 'management.endpoint.logfile-org.springframework.boot.actuate.autoconfigure.logging.LogFileWebEndpointProperties'
25-04-2019 19:06:44.533 reqId=[] DEBUG 8570 --- [           main] o.s.b.f.s.DefaultListableBeanFactory     : Creating shared instance of singleton bean 'org.springframework.boot.actuate.autoconfigure.metrics.CompositeMeterRegistryAutoConfiguration'
25-04-2019 19:06:44.539 reqId=[] DEBUG 8570 --- [           main] o.s.b.f.s.DefaultListableBeanFactory     : Creating shared instance of singleton bean 'org.springframework.boot.actuate.autoconfigure.metrics.jdbc.DataSourcePoolMetricsAutoConfiguration$HikariDataSourceMetricsConfiguration'
25-04-2019 19:06:44.540 reqId=[] DEBUG 8570 --- [           main] ocalVariableTableParameterNameDiscoverer : Cannot find '.class' file for class [class org.springframework.boot.actuate.autoconfigure.metrics.jdbc.DataSourcePoolMetricsAutoConfiguration$HikariDataSourceMetricsConfiguration$$EnhancerBySpringCGLIB$$aa5e2e06] - unable to determine constructor/method parameter names
25-04-2019 19:06:44.540 reqId=[] DEBUG 8570 --- [           main] o.s.b.f.s.DefaultListableBeanFactory     : Autowiring by type from bean name 'org.springframework.boot.actuate.autoconfigure.metrics.jdbc.DataSourcePoolMetricsAutoConfiguration$HikariDataSourceMetricsConfiguration' via constructor to bean named 'simpleMeterRegistry'
25-04-2019 19:06:44.549 reqId=[] DEBUG 8570 --- [           main] o.s.b.f.s.DefaultListableBeanFactory     : Creating shared instance of singleton bean 'org.springframework.boot.actuate.autoconfigure.metrics.jdbc.DataSourcePoolMetricsAutoConfiguration$DataSourcePoolMetadataMetricsConfiguration'
25-04-2019 19:06:44.550 reqId=[] DEBUG 8570 --- [           main] ocalVariableTableParameterNameDiscoverer : Cannot find '.class' file for class [class org.springframework.boot.actuate.autoconfigure.metrics.jdbc.DataSourcePoolMetricsAutoConfiguration$DataSourcePoolMetadataMetricsConfiguration$$EnhancerBySpringCGLIB$$4fa2c983] - unable to determine constructor/method parameter names
25-04-2019 19:06:44.551 reqId=[] DEBUG 8570 --- [           main] o.s.b.f.s.DefaultListableBeanFactory     : Autowiring by type from bean name 'org.springframework.boot.actuate.autoconfigure.metrics.jdbc.DataSourcePoolMetricsAutoConfiguration$DataSourcePoolMetadataMetricsConfiguration' via constructor to bean named 'simpleMeterRegistry'
25-04-2019 19:06:44.551 reqId=[] DEBUG 8570 --- [           main] o.s.b.f.s.DefaultListableBeanFactory     : Autowiring by type from bean name 'org.springframework.boot.actuate.autoconfigure.metrics.jdbc.DataSourcePoolMetricsAutoConfiguration$DataSourcePoolMetadataMetricsConfiguration' via constructor to bean named 'hikariPoolDataSourceMetadataProvider'
25-04-2019 19:06:44.562 reqId=[] DEBUG 8570 --- [           main] o.s.b.f.s.DefaultListableBeanFactory     : Creating shared instance of singleton bean 'org.springframework.boot.actuate.autoconfigure.metrics.jdbc.DataSourcePoolMetricsAutoConfiguration'
25-04-2019 19:06:44.567 reqId=[] DEBUG 8570 --- [           main] o.s.b.f.s.DefaultListableBeanFactory     : Creating shared instance of singleton bean 'org.springframework.boot.actuate.autoconfigure.metrics.orm.jpa.HibernateMetricsAutoConfiguration'
25-04-2019 19:06:44.568 reqId=[] DEBUG 8570 --- [           main] ocalVariableTableParameterNameDiscoverer : Cannot find '.class' file for class [class org.springframework.boot.actuate.autoconfigure.metrics.orm.jpa.HibernateMetricsAutoConfiguration$$EnhancerBySpringCGLIB$$933dad07] - unable to determine constructor/method parameter names
25-04-2019 19:06:44.568 reqId=[] DEBUG 8570 --- [           main] o.s.b.f.s.DefaultListableBeanFactory     : Autowiring by type from bean name 'org.springframework.boot.actuate.autoconfigure.metrics.orm.jpa.HibernateMetricsAutoConfiguration' via constructor to bean named 'simpleMeterRegistry'
25-04-2019 19:06:44.578 reqId=[] DEBUG 8570 --- [           main] o.s.b.f.s.DefaultListableBeanFactory     : Creating shared instance of singleton bean 'org.springframework.boot.actuate.autoconfigure.metrics.web.client.RestTemplateMetricsConfiguration'
25-04-2019 19:06:44.578 reqId=[] DEBUG 8570 --- [           main] ocalVariableTableParameterNameDiscoverer : Cannot find '.class' file for class [class org.springframework.boot.actuate.autoconfigure.metrics.web.client.RestTemplateMetricsConfiguration$$EnhancerBySpringCGLIB$$19a5aeb2] - unable to determine constructor/method parameter names
25-04-2019 19:06:44.579 reqId=[] DEBUG 8570 --- [           main] o.s.b.f.s.DefaultListableBeanFactory     : Autowiring by type from bean name 'org.springframework.boot.actuate.autoconfigure.metrics.web.client.RestTemplateMetricsConfiguration' via constructor to bean named 'management.metrics-org.springframework.boot.actuate.autoconfigure.metrics.MetricsProperties'
25-04-2019 19:06:44.584 reqId=[] DEBUG 8570 --- [           main] o.s.b.f.s.DefaultListableBeanFactory     : Creating shared instance of singleton bean 'restTemplateTagConfigurer'
25-04-2019 19:06:44.591 reqId=[] DEBUG 8570 --- [           main] o.s.b.f.s.DefaultListableBeanFactory     : Creating shared instance of singleton bean 'metricsRestTemplateCustomizer'
25-04-2019 19:06:44.593 reqId=[] DEBUG 8570 --- [           main] o.s.b.f.s.DefaultListableBeanFactory     : Autowiring by type from bean name 'metricsRestTemplateCustomizer' via factory method to bean named 'simpleMeterRegistry'
25-04-2019 19:06:44.594 reqId=[] DEBUG 8570 --- [           main] o.s.b.f.s.DefaultListableBeanFactory     : Autowiring by type from bean name 'metricsRestTemplateCustomizer' via factory method to bean named 'restTemplateTagConfigurer'
25-04-2019 19:06:44.599 reqId=[] DEBUG 8570 --- [           main] o.s.b.f.s.DefaultListableBeanFactory     : Creating shared instance of singleton bean 'webMvcMetricsFilter'
25-04-2019 19:06:44.600 reqId=[] DEBUG 8570 --- [           main] o.s.b.f.s.DefaultListableBeanFactory     : Autowiring by type from bean name 'webMvcMetricsFilter' via factory method to bean named 'simpleMeterRegistry'
25-04-2019 19:06:44.600 reqId=[] DEBUG 8570 --- [           main] o.s.b.f.s.DefaultListableBeanFactory     : Autowiring by type from bean name 'webMvcMetricsFilter' via factory method to bean named 'webMvcTagsProvider'
25-04-2019 19:06:44.615 reqId=[] DEBUG 8570 --- [           main] o.s.b.f.s.DefaultListableBeanFactory     : Creating shared instance of singleton bean 'org.springframework.boot.actuate.autoconfigure.metrics.web.tomcat.TomcatMetricsAutoConfiguration'
25-04-2019 19:06:44.620 reqId=[] DEBUG 8570 --- [           main] o.s.b.f.s.DefaultListableBeanFactory     : Creating shared instance of singleton bean 'tomcatMetricsBinder'
25-04-2019 19:06:44.621 reqId=[] DEBUG 8570 --- [           main] o.s.b.f.s.DefaultListableBeanFactory     : Autowiring by type from bean name 'tomcatMetricsBinder' via factory method to bean named 'simpleMeterRegistry'
25-04-2019 19:06:44.627 reqId=[] DEBUG 8570 --- [           main] o.s.b.f.s.DefaultListableBeanFactory     : Creating shared instance of singleton bean 'org.springframework.boot.autoconfigure.security.oauth2.client.servlet.OAuth2ClientAutoConfiguration'
25-04-2019 19:06:44.632 reqId=[] DEBUG 8570 --- [           main] o.s.b.f.s.DefaultListableBeanFactory     : Creating shared instance of singleton bean 'org.springframework.boot.actuate.autoconfigure.trace.http.HttpTraceAutoConfiguration$ServletTraceFilterConfiguration'
25-04-2019 19:06:44.638 reqId=[] DEBUG 8570 --- [           main] o.s.b.f.s.DefaultListableBeanFactory     : Creating shared instance of singleton bean 'httpTraceFilter'
25-04-2019 19:06:44.640 reqId=[] DEBUG 8570 --- [           main] o.s.b.f.s.DefaultListableBeanFactory     : Creating shared instance of singleton bean 'httpExchangeTracer'
25-04-2019 19:06:44.641 reqId=[] DEBUG 8570 --- [           main] o.s.b.f.s.DefaultListableBeanFactory     : Creating shared instance of singleton bean 'management.trace.http-org.springframework.boot.actuate.autoconfigure.trace.http.HttpTraceProperties'
25-04-2019 19:06:44.645 reqId=[] DEBUG 8570 --- [           main] o.s.b.f.s.DefaultListableBeanFactory     : Autowiring by type from bean name 'httpExchangeTracer' via factory method to bean named 'management.trace.http-org.springframework.boot.actuate.autoconfigure.trace.http.HttpTraceProperties'
25-04-2019 19:06:44.649 reqId=[] DEBUG 8570 --- [           main] o.s.b.f.s.DefaultListableBeanFactory     : Autowiring by type from bean name 'httpTraceFilter' via factory method to bean named 'traceRepository'
25-04-2019 19:06:44.649 reqId=[] DEBUG 8570 --- [           main] o.s.b.f.s.DefaultListableBeanFactory     : Autowiring by type from bean name 'httpTraceFilter' via factory method to bean named 'httpExchangeTracer'
25-04-2019 19:06:44.666 reqId=[] DEBUG 8570 --- [           main] o.s.b.f.s.DefaultListableBeanFactory     : Creating shared instance of singleton bean 'org.springframework.boot.autoconfigure.aop.AopAutoConfiguration$CglibAutoProxyConfiguration'
25-04-2019 19:06:44.672 reqId=[] DEBUG 8570 --- [           main] o.s.b.f.s.DefaultListableBeanFactory     : Creating shared instance of singleton bean 'org.springframework.boot.autoconfigure.aop.AopAutoConfiguration'
25-04-2019 19:06:44.716 reqId=[] DEBUG 8570 --- [           main] o.s.b.f.s.DefaultListableBeanFactory     : Creating shared instance of singleton bean 'org.springframework.boot.autoconfigure.context.ConfigurationPropertiesAutoConfiguration'
25-04-2019 19:06:44.722 reqId=[] DEBUG 8570 --- [           main] o.s.b.f.s.DefaultListableBeanFactory     : Creating shared instance of singleton bean 'org.springframework.boot.autoconfigure.dao.PersistenceExceptionTranslationAutoConfiguration'
25-04-2019 19:06:44.728 reqId=[] DEBUG 8570 --- [           main] o.s.b.f.s.DefaultListableBeanFactory     : Creating shared instance of singleton bean 'org.springframework.boot.autoconfigure.data.redis.RedisRepositoriesAutoConfiguration'
25-04-2019 19:06:44.735 reqId=[] DEBUG 8570 --- [           main] o.s.b.f.s.DefaultListableBeanFactory     : Creating shared instance of singleton bean 'keyValueMappingContext'
25-04-2019 19:06:44.828 reqId=[] DEBUG 8570 --- [           main] o.s.b.f.s.DefaultListableBeanFactory     : Creating shared instance of singleton bean 'redisCustomConversions'
25-04-2019 19:06:44.833 reqId=[] DEBUG 8570 --- [           main] o.s.b.f.s.DefaultListableBeanFactory     : Creating shared instance of singleton bean 'redisReferenceResolver'
25-04-2019 19:06:44.838 reqId=[] DEBUG 8570 --- [           main] o.s.b.f.s.DefaultListableBeanFactory     : Creating shared instance of singleton bean 'redisConverter'
25-04-2019 19:06:44.869 reqId=[] DEBUG 8570 --- [           main] o.s.b.f.s.DefaultListableBeanFactory     : Creating shared instance of singleton bean 'redisKeyValueAdapter'
25-04-2019 19:06:44.884 reqId=[] DEBUG 8570 --- [           main] o.s.d.r.l.RedisMessageListenerContainer  : Postpone listening for Redis messages until actual listeners are added
25-04-2019 19:06:44.884 reqId=[] DEBUG 8570 --- [           main] o.s.d.r.l.RedisMessageListenerContainer  : Started RedisMessageListenerContainer
25-04-2019 19:06:44.901 reqId=[] DEBUG 8570 --- [           main] o.s.b.f.s.DefaultListableBeanFactory     : Creating shared instance of singleton bean 'redisKeyValueTemplate'
25-04-2019 19:06:44.917 reqId=[] DEBUG 8570 --- [           main] o.s.b.f.s.DefaultListableBeanFactory     : Creating shared instance of singleton bean 'org.springframework.boot.autoconfigure.jackson.JacksonAutoConfiguration$Jackson2ObjectMapperBuilderCustomizerConfiguration'
25-04-2019 19:06:44.922 reqId=[] DEBUG 8570 --- [           main] o.s.b.f.s.DefaultListableBeanFactory     : Creating shared instance of singleton bean 'standardJacksonObjectMapperBuilderCustomizer'
25-04-2019 19:06:44.924 reqId=[] DEBUG 8570 --- [           main] o.s.b.f.s.DefaultListableBeanFactory     : Creating shared instance of singleton bean 'spring.jackson-org.springframework.boot.autoconfigure.jackson.JacksonProperties'
25-04-2019 19:06:44.928 reqId=[] DEBUG 8570 --- [           main] o.s.b.f.s.DefaultListableBeanFactory     : Autowiring by type from bean name 'standardJacksonObjectMapperBuilderCustomizer' via factory method to bean named 'org.springframework.web.context.support.GenericWebApplicationContext@2438dcd'
25-04-2019 19:06:44.929 reqId=[] DEBUG 8570 --- [           main] o.s.b.f.s.DefaultListableBeanFactory     : Autowiring by type from bean name 'standardJacksonObjectMapperBuilderCustomizer' via factory method to bean named 'spring.jackson-org.springframework.boot.autoconfigure.jackson.JacksonProperties'
25-04-2019 19:06:44.936 reqId=[] DEBUG 8570 --- [           main] o.s.b.f.s.DefaultListableBeanFactory     : Creating shared instance of singleton bean 'org.springframework.boot.autoconfigure.jackson.JacksonAutoConfiguration$JacksonObjectMapperBuilderConfiguration'
25-04-2019 19:06:44.937 reqId=[] DEBUG 8570 --- [           main] ocalVariableTableParameterNameDiscoverer : Cannot find '.class' file for class [class org.springframework.boot.autoconfigure.jackson.JacksonAutoConfiguration$JacksonObjectMapperBuilderConfiguration$$EnhancerBySpringCGLIB$$71c63103] - unable to determine constructor/method parameter names
25-04-2019 19:06:44.937 reqId=[] DEBUG 8570 --- [           main] o.s.b.f.s.DefaultListableBeanFactory     : Autowiring by type from bean name 'org.springframework.boot.autoconfigure.jackson.JacksonAutoConfiguration$JacksonObjectMapperBuilderConfiguration' via constructor to bean named 'org.springframework.web.context.support.GenericWebApplicationContext@2438dcd'
25-04-2019 19:06:44.942 reqId=[] DEBUG 8570 --- [           main] o.s.b.f.s.DefaultListableBeanFactory     : Creating shared instance of singleton bean 'org.springframework.boot.autoconfigure.jackson.JacksonAutoConfiguration$ParameterNamesModuleConfiguration'
25-04-2019 19:06:44.948 reqId=[] DEBUG 8570 --- [           main] o.s.b.f.s.DefaultListableBeanFactory     : Creating shared instance of singleton bean 'parameterNamesModule'
25-04-2019 19:06:44.963 reqId=[] DEBUG 8570 --- [           main] o.s.b.f.s.DefaultListableBeanFactory     : Creating shared instance of singleton bean 'org.springframework.boot.autoconfigure.jackson.JacksonAutoConfiguration'
25-04-2019 19:06:44.968 reqId=[] DEBUG 8570 --- [           main] o.s.b.f.s.DefaultListableBeanFactory     : Creating shared instance of singleton bean 'jsonComponentModule'
25-04-2019 19:06:44.984 reqId=[] DEBUG 8570 --- [           main] o.s.b.f.s.DefaultListableBeanFactory     : Creating shared instance of singleton bean 'org.springframework.boot.autoconfigure.http.JacksonHttpMessageConvertersConfiguration'
25-04-2019 19:06:44.989 reqId=[] DEBUG 8570 --- [           main] o.s.b.f.s.DefaultListableBeanFactory     : Creating shared instance of singleton bean 'org.springframework.data.web.config.ProjectingArgumentResolverRegistrar'
25-04-2019 19:06:44.994 reqId=[] DEBUG 8570 --- [           main] o.s.b.f.s.DefaultListableBeanFactory     : Creating shared instance of singleton bean 'org.springframework.data.web.config.SpringDataJacksonConfiguration'
25-04-2019 19:06:44.997 reqId=[] DEBUG 8570 --- [           main] o.s.b.f.s.DefaultListableBeanFactory     : Creating shared instance of singleton bean 'jacksonGeoModule'
25-04-2019 19:06:45.005 reqId=[] DEBUG 8570 --- [           main] o.s.b.f.s.DefaultListableBeanFactory     : Creating shared instance of singleton bean 'org.springframework.boot.autoconfigure.http.codec.CodecsAutoConfiguration$LoggingCodecConfiguration'
25-04-2019 19:06:45.011 reqId=[] DEBUG 8570 --- [           main] o.s.b.f.s.DefaultListableBeanFactory     : Creating shared instance of singleton bean 'loggingCodecCustomizer'
25-04-2019 19:06:45.011 reqId=[] DEBUG 8570 --- [           main] o.s.b.f.s.DefaultListableBeanFactory     : Autowiring by type from bean name 'loggingCodecCustomizer' via factory method to bean named 'spring.http-org.springframework.boot.autoconfigure.http.HttpProperties'
25-04-2019 19:06:45.019 reqId=[] DEBUG 8570 --- [           main] o.s.b.f.s.DefaultListableBeanFactory     : Creating shared instance of singleton bean 'org.springframework.boot.autoconfigure.http.codec.CodecsAutoConfiguration$JacksonCodecConfiguration'
25-04-2019 19:06:45.025 reqId=[] DEBUG 8570 --- [           main] o.s.b.f.s.DefaultListableBeanFactory     : Creating shared instance of singleton bean 'jacksonCodecCustomizer'
25-04-2019 19:06:45.026 reqId=[] DEBUG 8570 --- [           main] o.s.b.f.s.DefaultListableBeanFactory     : Autowiring by type from bean name 'jacksonCodecCustomizer' via factory method to bean named 'jacksonObjectMapper'
25-04-2019 19:06:45.033 reqId=[] DEBUG 8570 --- [           main] o.s.b.f.s.DefaultListableBeanFactory     : Creating shared instance of singleton bean 'org.springframework.boot.autoconfigure.http.codec.CodecsAutoConfiguration'
25-04-2019 19:06:45.040 reqId=[] DEBUG 8570 --- [           main] o.s.b.f.s.DefaultListableBeanFactory     : Creating shared instance of singleton bean 'spring.security-org.springframework.boot.autoconfigure.security.SecurityProperties'
25-04-2019 19:06:45.043 reqId=[] DEBUG 8570 --- [           main] o.s.b.f.s.DefaultListableBeanFactory     : Creating shared instance of singleton bean 'org.springframework.boot.autoconfigure.security.servlet.SecurityFilterAutoConfiguration'
25-04-2019 19:06:45.050 reqId=[] DEBUG 8570 --- [           main] o.s.b.f.s.DefaultListableBeanFactory     : Creating shared instance of singleton bean 'securityFilterChainRegistration'
25-04-2019 19:06:45.052 reqId=[] DEBUG 8570 --- [           main] o.s.b.f.s.DefaultListableBeanFactory     : Autowiring by type from bean name 'securityFilterChainRegistration' via factory method to bean named 'spring.security-org.springframework.boot.autoconfigure.security.SecurityProperties'
25-04-2019 19:06:45.071 reqId=[] DEBUG 8570 --- [           main] o.s.b.f.s.DefaultListableBeanFactory     : Creating shared instance of singleton bean 'org.springframework.boot.autoconfigure.security.servlet.SecurityRequestMatcherProviderAutoConfiguration$MvcRequestMatcherConfiguration'
25-04-2019 19:06:45.077 reqId=[] DEBUG 8570 --- [           main] o.s.b.f.s.DefaultListableBeanFactory     : Creating shared instance of singleton bean 'requestMatcherProvider'
25-04-2019 19:06:45.079 reqId=[] DEBUG 8570 --- [           main] o.s.b.f.s.DefaultListableBeanFactory     : Autowiring by type from bean name 'requestMatcherProvider' via factory method to bean named 'mvcHandlerMappingIntrospector'
25-04-2019 19:06:45.085 reqId=[] DEBUG 8570 --- [           main] o.s.b.f.s.DefaultListableBeanFactory     : Creating shared instance of singleton bean 'org.springframework.boot.autoconfigure.security.servlet.SecurityRequestMatcherProviderAutoConfiguration'
25-04-2019 19:06:45.090 reqId=[] DEBUG 8570 --- [           main] o.s.b.f.s.DefaultListableBeanFactory     : Creating shared instance of singleton bean 'org.springframework.boot.autoconfigure.task.TaskSchedulingAutoConfiguration'
25-04-2019 19:06:45.096 reqId=[] DEBUG 8570 --- [           main] o.s.b.f.s.DefaultListableBeanFactory     : Creating shared instance of singleton bean 'taskSchedulerBuilder'
25-04-2019 19:06:45.098 reqId=[] DEBUG 8570 --- [           main] o.s.b.f.s.DefaultListableBeanFactory     : Creating shared instance of singleton bean 'spring.task.scheduling-org.springframework.boot.autoconfigure.task.TaskSchedulingProperties'
25-04-2019 19:06:45.102 reqId=[] DEBUG 8570 --- [           main] o.s.b.f.s.DefaultListableBeanFactory     : Autowiring by type from bean name 'taskSchedulerBuilder' via factory method to bean named 'spring.task.scheduling-org.springframework.boot.autoconfigure.task.TaskSchedulingProperties'
25-04-2019 19:06:45.110 reqId=[] DEBUG 8570 --- [           main] o.s.b.f.s.DefaultListableBeanFactory     : Creating shared instance of singleton bean 'org.springframework.boot.autoconfigure.thymeleaf.ThymeleafAutoConfiguration$ThymeleafWebMvcConfiguration'
25-04-2019 19:06:45.117 reqId=[] DEBUG 8570 --- [           main] o.s.b.f.s.DefaultListableBeanFactory     : Creating shared instance of singleton bean 'org.springframework.boot.autoconfigure.thymeleaf.ThymeleafAutoConfiguration'
25-04-2019 19:06:45.123 reqId=[] DEBUG 8570 --- [           main] o.s.b.f.s.DefaultListableBeanFactory     : Creating shared instance of singleton bean 'org.springframework.boot.autoconfigure.jdbc.DataSourceTransactionManagerAutoConfiguration'
25-04-2019 19:06:45.128 reqId=[] DEBUG 8570 --- [           main] o.s.b.f.s.DefaultListableBeanFactory     : Creating shared instance of singleton bean 'org.springframework.boot.autoconfigure.transaction.TransactionAutoConfiguration$TransactionTemplateConfiguration'
25-04-2019 19:06:45.129 reqId=[] DEBUG 8570 --- [           main] ocalVariableTableParameterNameDiscoverer : Cannot find '.class' file for class [class org.springframework.boot.autoconfigure.transaction.TransactionAutoConfiguration$TransactionTemplateConfiguration$$EnhancerBySpringCGLIB$$62704c9b] - unable to determine constructor/method parameter names
25-04-2019 19:06:45.131 reqId=[] DEBUG 8570 --- [           main] o.s.b.f.s.DefaultListableBeanFactory     : Autowiring by type from bean name 'org.springframework.boot.autoconfigure.transaction.TransactionAutoConfiguration$TransactionTemplateConfiguration' via constructor to bean named 'transactionManager'
25-04-2019 19:06:45.136 reqId=[] DEBUG 8570 --- [           main] o.s.b.f.s.DefaultListableBeanFactory     : Creating shared instance of singleton bean 'transactionTemplate'
25-04-2019 19:06:45.149 reqId=[] DEBUG 8570 --- [           main] o.s.b.f.s.DefaultListableBeanFactory     : Creating shared instance of singleton bean 'org.springframework.boot.autoconfigure.transaction.TransactionAutoConfiguration'
25-04-2019 19:06:45.155 reqId=[] DEBUG 8570 --- [           main] o.s.b.f.s.DefaultListableBeanFactory     : Creating shared instance of singleton bean 'platformTransactionManagerCustomizers'
25-04-2019 19:06:45.162 reqId=[] DEBUG 8570 --- [           main] o.s.b.f.s.DefaultListableBeanFactory     : Creating shared instance of singleton bean 'spring.transaction-org.springframework.boot.autoconfigure.transaction.TransactionProperties'
25-04-2019 19:06:45.169 reqId=[] DEBUG 8570 --- [           main] o.s.b.f.s.DefaultListableBeanFactory     : Creating shared instance of singleton bean 'org.springframework.boot.autoconfigure.web.client.RestTemplateAutoConfiguration'
25-04-2019 19:06:45.169 reqId=[] DEBUG 8570 --- [           main] ocalVariableTableParameterNameDiscoverer : Cannot find '.class' file for class [class org.springframework.boot.autoconfigure.web.client.RestTemplateAutoConfiguration$$EnhancerBySpringCGLIB$$fefbe8da] - unable to determine constructor/method parameter names
25-04-2019 19:06:45.175 reqId=[] DEBUG 8570 --- [           main] o.s.b.f.s.DefaultListableBeanFactory     : Creating shared instance of singleton bean 'restTemplateBuilder'
25-04-2019 19:06:45.189 reqId=[] DEBUG 8570 --- [           main] o.s.b.f.s.DefaultListableBeanFactory     : Creating shared instance of singleton bean 'org.springframework.boot.autoconfigure.web.embedded.EmbeddedWebServerFactoryCustomizerAutoConfiguration'
25-04-2019 19:06:45.195 reqId=[] DEBUG 8570 --- [           main] o.s.b.f.s.DefaultListableBeanFactory     : Creating shared instance of singleton bean 'characterEncodingFilter'
25-04-2019 19:06:45.213 reqId=[] DEBUG 8570 --- [           main] o.s.b.f.s.DefaultListableBeanFactory     : Creating shared instance of singleton bean 'multipartResolver'
25-04-2019 19:06:45.218 reqId=[] DEBUG 8570 --- [           main] o.s.b.f.s.DefaultListableBeanFactory     : Creating shared instance of singleton bean 'org.springframework.boot.actuate.autoconfigure.endpoint.web.ServletEndpointManagementContextConfiguration$WebMvcServletEndpointManagementContextConfiguration'
25-04-2019 19:06:45.219 reqId=[] DEBUG 8570 --- [           main] ocalVariableTableParameterNameDiscoverer : Cannot find '.class' file for class [class org.springframework.boot.actuate.autoconfigure.endpoint.web.ServletEndpointManagementContextConfiguration$WebMvcServletEndpointManagementContextConfiguration$$EnhancerBySpringCGLIB$$1a1a4734] - unable to determine constructor/method parameter names
25-04-2019 19:06:45.220 reqId=[] DEBUG 8570 --- [           main] o.s.b.f.s.DefaultListableBeanFactory     : Autowiring by type from bean name 'org.springframework.boot.actuate.autoconfigure.endpoint.web.ServletEndpointManagementContextConfiguration$WebMvcServletEndpointManagementContextConfiguration' via constructor to bean named 'org.springframework.web.context.support.GenericWebApplicationContext@2438dcd'
25-04-2019 19:06:45.226 reqId=[] DEBUG 8570 --- [           main] o.s.b.f.s.DefaultListableBeanFactory     : Creating shared instance of singleton bean 'servletEndpointRegistrar'
25-04-2019 19:06:45.226 reqId=[] DEBUG 8570 --- [           main] o.s.b.f.s.DefaultListableBeanFactory     : Autowiring by type from bean name 'servletEndpointRegistrar' via factory method to bean named 'management.endpoints.web-org.springframework.boot.actuate.autoconfigure.endpoint.web.WebEndpointProperties'
25-04-2019 19:06:45.226 reqId=[] DEBUG 8570 --- [           main] o.s.b.f.s.DefaultListableBeanFactory     : Autowiring by type from bean name 'servletEndpointRegistrar' via factory method to bean named 'servletEndpointDiscoverer'
25-04-2019 19:06:45.232 reqId=[] DEBUG 8570 --- [           main] o.s.b.f.s.DefaultListableBeanFactory     : Creating shared instance of singleton bean 'org.springframework.boot.actuate.autoconfigure.web.server.ManagementContextAutoConfiguration$SameManagementContextConfiguration$EnableSameManagementContextConfiguration'
25-04-2019 19:06:45.237 reqId=[] DEBUG 8570 --- [           main] o.s.b.f.s.DefaultListableBeanFactory     : Creating shared instance of singleton bean 'org.springframework.boot.actuate.autoconfigure.web.server.ManagementContextAutoConfiguration$SameManagementContextConfiguration'
25-04-2019 19:06:45.238 reqId=[] DEBUG 8570 --- [           main] ocalVariableTableParameterNameDiscoverer : Cannot find '.class' file for class [class org.springframework.boot.actuate.autoconfigure.web.server.ManagementContextAutoConfiguration$SameManagementContextConfiguration$$EnhancerBySpringCGLIB$$3e5bc491] - unable to determine constructor/method parameter names
25-04-2019 19:06:45.239 reqId=[] DEBUG 8570 --- [           main] o.s.b.f.s.DefaultListableBeanFactory     : Autowiring by type from bean name 'org.springframework.boot.actuate.autoconfigure.web.server.ManagementContextAutoConfiguration$SameManagementContextConfiguration' via constructor to bean named 'environment'
25-04-2019 19:06:45.246 reqId=[] DEBUG 8570 --- [           main] o.s.b.f.s.DefaultListableBeanFactory     : Creating shared instance of singleton bean 'org.springframework.boot.actuate.autoconfigure.web.server.ManagementContextAutoConfiguration'
25-04-2019 19:06:45.251 reqId=[] DEBUG 8570 --- [           main] o.s.b.f.s.DefaultListableBeanFactory     : Creating shared instance of singleton bean 'management.server-org.springframework.boot.actuate.autoconfigure.web.server.ManagementServerProperties'
25-04-2019 19:06:45.339 reqId=[] DEBUG 8570 --- [           main] ConditionEvaluationReportLoggingListener : 


============================
CONDITIONS EVALUATION REPORT
============================


Positive matches:
-----------------

   AopAutoConfiguration matched:
      - @ConditionalOnClass found required classes 'org.springframework.context.annotation.EnableAspectJAutoProxy', 'org.aspectj.lang.annotation.Aspect', 'org.aspectj.lang.reflect.Advice', 'org.aspectj.weaver.AnnotatedElement' (OnClassCondition)
      - @ConditionalOnProperty (spring.aop.auto=true) matched (OnPropertyCondition)

   AopAutoConfiguration.CglibAutoProxyConfiguration matched:
      - @ConditionalOnProperty (spring.aop.proxy-target-class=true) matched (OnPropertyCondition)

   AuditAutoConfiguration#auditListener matched:
      - @ConditionalOnMissingBean (types: org.springframework.boot.actuate.audit.listener.AbstractAuditListener; SearchStrategy: all) did not find any beans (OnBeanCondition)

   AuditAutoConfiguration#authenticationAuditListener matched:
      - @ConditionalOnClass found required class 'org.springframework.security.authentication.event.AbstractAuthenticationEvent' (OnClassCondition)
      - @ConditionalOnMissingBean (types: org.springframework.boot.actuate.security.AbstractAuthenticationAuditListener; SearchStrategy: all) did not find any beans (OnBeanCondition)

   AuditAutoConfiguration#authorizationAuditListener matched:
      - @ConditionalOnClass found required class 'org.springframework.security.access.event.AbstractAuthorizationEvent' (OnClassCondition)
      - @ConditionalOnMissingBean (types: org.springframework.boot.actuate.security.AbstractAuthorizationAuditListener; SearchStrategy: all) did not find any beans (OnBeanCondition)

   AuditAutoConfiguration.AuditEventRepositoryConfiguration matched:
      - @ConditionalOnMissingBean (types: org.springframework.boot.actuate.audit.AuditEventRepository; SearchStrategy: all) did not find any beans (OnBeanCondition)

   AuditEventsEndpointAutoConfiguration#auditEventsEndpoint matched:
      - @ConditionalOnBean (types: org.springframework.boot.actuate.audit.AuditEventRepository; SearchStrategy: all) found bean 'auditEventRepository'; @ConditionalOnMissingBean (types: org.springframework.boot.actuate.audit.AuditEventsEndpoint; SearchStrategy: all) did not find any beans (OnBeanCondition)
      - @ConditionalOnEnabledEndpoint no property management.endpoint.auditevents.enabled found so using endpoint default (OnEnabledEndpointCondition)

   BeansEndpointAutoConfiguration#beansEndpoint matched:
      - @ConditionalOnMissingBean (types: org.springframework.boot.actuate.beans.BeansEndpoint; SearchStrategy: all) did not find any beans (OnBeanCondition)
      - @ConditionalOnEnabledEndpoint no property management.endpoint.beans.enabled found so using endpoint default (OnEnabledEndpointCondition)

   CacheMeterBinderProvidersConfiguration matched:
      - @ConditionalOnClass found required class 'io.micrometer.core.instrument.binder.MeterBinder' (OnClassCondition)

   CacheMeterBinderProvidersConfiguration.JCacheCacheMeterBinderProviderConfiguration matched:
      - @ConditionalOnClass found required classes 'org.springframework.cache.jcache.JCacheCache', 'javax.cache.CacheManager' (OnClassCondition)

   CachesEndpointAutoConfiguration matched:
      - @ConditionalOnClass found required class 'org.springframework.cache.CacheManager' (OnClassCondition)

   CachesEndpointAutoConfiguration#cachesEndpoint matched:
      - @ConditionalOnMissingBean (types: org.springframework.boot.actuate.cache.CachesEndpoint; SearchStrategy: all) did not find any beans (OnBeanCondition)
      - @ConditionalOnEnabledEndpoint no property management.endpoint.caches.enabled found so using endpoint default (OnEnabledEndpointCondition)

   CachesEndpointAutoConfiguration#cachesEndpointWebExtension matched:
      - @ConditionalOnBean (types: org.springframework.boot.actuate.cache.CachesEndpoint; SearchStrategy: all) found bean 'cachesEndpoint'; @ConditionalOnMissingBean (types: org.springframework.boot.actuate.cache.CachesEndpointWebExtension; SearchStrategy: all) did not find any beans (OnBeanCondition)
      - @ConditionalOnEnabledEndpoint no property management.endpoint.caches.enabled found so using endpoint default (OnEnabledEndpointCondition)

   CodecsAutoConfiguration matched:
      - @ConditionalOnClass found required class 'org.springframework.http.codec.CodecConfigurer' (OnClassCondition)

   CodecsAutoConfiguration.JacksonCodecConfiguration matched:
      - @ConditionalOnClass found required class 'com.fasterxml.jackson.databind.ObjectMapper' (OnClassCondition)

   CodecsAutoConfiguration.JacksonCodecConfiguration#jacksonCodecCustomizer matched:
      - @ConditionalOnBean (types: com.fasterxml.jackson.databind.ObjectMapper; SearchStrategy: all) found bean 'jacksonObjectMapper' (OnBeanCondition)

   CompositeMeterRegistryAutoConfiguration matched:
      - @ConditionalOnClass found required class 'io.micrometer.core.instrument.composite.CompositeMeterRegistry' (OnClassCondition)

   ConditionsReportEndpointAutoConfiguration#conditionsReportEndpoint matched:
      - @ConditionalOnMissingBean (types: org.springframework.boot.actuate.autoconfigure.condition.ConditionsReportEndpoint; SearchStrategy: current) did not find any beans (OnBeanCondition)
      - @ConditionalOnEnabledEndpoint no property management.endpoint.conditions.enabled found so using endpoint default (OnEnabledEndpointCondition)

   ConfigurationPropertiesReportEndpointAutoConfiguration#configurationPropertiesReportEndpoint matched:
      - @ConditionalOnMissingBean (types: org.springframework.boot.actuate.context.properties.ConfigurationPropertiesReportEndpoint; SearchStrategy: all) did not find any beans (OnBeanCondition)
      - @ConditionalOnEnabledEndpoint no property management.endpoint.configprops.enabled found so using endpoint default (OnEnabledEndpointCondition)

   DataSourceAutoConfiguration matched:
      - @ConditionalOnClass found required classes 'javax.sql.DataSource', 'org.springframework.jdbc.datasource.embedded.EmbeddedDatabaseType' (OnClassCondition)

   DataSourceConfiguration.Hikari matched:
      - @ConditionalOnClass found required class 'com.zaxxer.hikari.HikariDataSource' (OnClassCondition)
      - @ConditionalOnProperty (spring.datasource.type=com.zaxxer.hikari.HikariDataSource) matched (OnPropertyCondition)

   DataSourceHealthIndicatorAutoConfiguration matched:
      - @ConditionalOnClass found required classes 'org.springframework.jdbc.core.JdbcTemplate', 'org.springframework.jdbc.datasource.lookup.AbstractRoutingDataSource' (OnClassCondition)
      - @ConditionalOnEnabledHealthIndicator management.health.defaults.enabled is considered true (OnEnabledHealthIndicatorCondition)
      - @ConditionalOnBean (types: javax.sql.DataSource; SearchStrategy: all) found beans 'masterDataSource', 'dataSource', 'readerDataSource' (OnBeanCondition)

   DataSourceHealthIndicatorAutoConfiguration#dbHealthIndicator matched:
      - @ConditionalOnMissingBean (names: dbHealthIndicator; SearchStrategy: all) did not find any beans (OnBeanCondition)

   DataSourcePoolMetadataProvidersConfiguration.HikariPoolDataSourceMetadataProviderConfiguration matched:
      - @ConditionalOnClass found required class 'com.zaxxer.hikari.HikariDataSource' (OnClassCondition)

   DataSourcePoolMetricsAutoConfiguration matched:
      - @ConditionalOnClass found required classes 'javax.sql.DataSource', 'io.micrometer.core.instrument.MeterRegistry' (OnClassCondition)
      - @ConditionalOnBean (types: javax.sql.DataSource,io.micrometer.core.instrument.MeterRegistry; SearchStrategy: all) found beans 'masterDataSource', 'simpleMeterRegistry', 'dataSource', 'readerDataSource' (OnBeanCondition)

   DataSourcePoolMetricsAutoConfiguration.DataSourcePoolMetadataMetricsConfiguration matched:
      - @ConditionalOnBean (types: org.springframework.boot.jdbc.metadata.DataSourcePoolMetadataProvider; SearchStrategy: all) found bean 'hikariPoolDataSourceMetadataProvider' (OnBeanCondition)

   DataSourcePoolMetricsAutoConfiguration.HikariDataSourceMetricsConfiguration matched:
      - @ConditionalOnClass found required class 'com.zaxxer.hikari.HikariDataSource' (OnClassCondition)

   DataSourceTransactionManagerAutoConfiguration matched:
      - @ConditionalOnClass found required classes 'org.springframework.jdbc.core.JdbcTemplate', 'org.springframework.transaction.PlatformTransactionManager' (OnClassCondition)

   DiskSpaceHealthIndicatorAutoConfiguration matched:
      - @ConditionalOnEnabledHealthIndicator management.health.defaults.enabled is considered true (OnEnabledHealthIndicatorCondition)

   DiskSpaceHealthIndicatorAutoConfiguration#diskSpaceHealthIndicator matched:
      - @ConditionalOnMissingBean (names: diskSpaceHealthIndicator; SearchStrategy: all) did not find any beans (OnBeanCondition)

   DispatcherServletAutoConfiguration matched:
      - @ConditionalOnClass found required class 'org.springframework.web.servlet.DispatcherServlet' (OnClassCondition)
      - found 'session' scope (OnWebApplicationCondition)

   DispatcherServletAutoConfiguration.DispatcherServletConfiguration matched:
      - @ConditionalOnClass found required class 'javax.servlet.ServletRegistration' (OnClassCondition)
      - Default DispatcherServlet did not find dispatcher servlet beans (DispatcherServletAutoConfiguration.DefaultDispatcherServletCondition)

   DispatcherServletAutoConfiguration.DispatcherServletRegistrationConfiguration matched:
      - @ConditionalOnClass found required class 'javax.servlet.ServletRegistration' (OnClassCondition)
      - DispatcherServlet Registration did not find servlet registration bean (DispatcherServletAutoConfiguration.DispatcherServletRegistrationCondition)

   DispatcherServletAutoConfiguration.DispatcherServletRegistrationConfiguration#dispatcherServletRegistration matched:
      - @ConditionalOnBean (names: dispatcherServlet; types: org.springframework.web.servlet.DispatcherServlet; SearchStrategy: all) found bean 'dispatcherServlet' (OnBeanCondition)

   EmbeddedWebServerFactoryCustomizerAutoConfiguration matched:
      - @ConditionalOnWebApplication (required) found 'session' scope (OnWebApplicationCondition)

   EmbeddedWebServerFactoryCustomizerAutoConfiguration.TomcatWebServerFactoryCustomizerConfiguration matched:
      - @ConditionalOnClass found required classes 'org.apache.catalina.startup.Tomcat', 'org.apache.coyote.UpgradeProtocol' (OnClassCondition)

   EndpointAutoConfiguration#endpointCachingOperationInvokerAdvisor matched:
      - @ConditionalOnMissingBean (types: org.springframework.boot.actuate.endpoint.invoker.cache.CachingOperationInvokerAdvisor; SearchStrategy: all) did not find any beans (OnBeanCondition)

   EndpointAutoConfiguration#endpointOperationParameterMapper matched:
      - @ConditionalOnMissingBean (types: org.springframework.boot.actuate.endpoint.invoke.ParameterValueMapper; SearchStrategy: all) did not find any beans (OnBeanCondition)

   EnvironmentEndpointAutoConfiguration#environmentEndpoint matched:
      - @ConditionalOnMissingBean (types: org.springframework.boot.actuate.env.EnvironmentEndpoint; SearchStrategy: all) did not find any beans (OnBeanCondition)
      - @ConditionalOnEnabledEndpoint no property management.endpoint.env.enabled found so using endpoint default (OnEnabledEndpointCondition)

   EnvironmentEndpointAutoConfiguration#environmentEndpointWebExtension matched:
      - @ConditionalOnBean (types: org.springframework.boot.actuate.env.EnvironmentEndpoint; SearchStrategy: all) found bean 'environmentEndpoint'; @ConditionalOnMissingBean (types: org.springframework.boot.actuate.env.EnvironmentEndpointWebExtension; SearchStrategy: all) did not find any beans (OnBeanCondition)
      - @ConditionalOnEnabledEndpoint no property management.endpoint.env.enabled found so using endpoint default (OnEnabledEndpointCondition)

   ErrorMvcAutoConfiguration matched:
      - @ConditionalOnClass found required classes 'javax.servlet.Servlet', 'org.springframework.web.servlet.DispatcherServlet' (OnClassCondition)
      - found 'session' scope (OnWebApplicationCondition)

   ErrorMvcAutoConfiguration#basicErrorController matched:
      - @ConditionalOnMissingBean (types: org.springframework.boot.web.servlet.error.ErrorController; SearchStrategy: current) did not find any beans (OnBeanCondition)

   ErrorMvcAutoConfiguration#errorAttributes matched:
      - @ConditionalOnMissingBean (types: org.springframework.boot.web.servlet.error.ErrorAttributes; SearchStrategy: current) did not find any beans (OnBeanCondition)

   ErrorMvcAutoConfiguration.DefaultErrorViewResolverConfiguration#conventionErrorViewResolver matched:
      - @ConditionalOnBean (types: org.springframework.web.servlet.DispatcherServlet; SearchStrategy: all) found bean 'dispatcherServlet'; @ConditionalOnMissingBean (types: org.springframework.boot.autoconfigure.web.servlet.error.DefaultErrorViewResolver; SearchStrategy: all) did not find any beans (OnBeanCondition)

   ErrorMvcAutoConfiguration.WhitelabelErrorViewConfiguration matched:
      - @ConditionalOnProperty (server.error.whitelabel.enabled) matched (OnPropertyCondition)
      - ErrorTemplate Missing did not find error template view (ErrorMvcAutoConfiguration.ErrorTemplateMissingCondition)

   ErrorMvcAutoConfiguration.WhitelabelErrorViewConfiguration#beanNameViewResolver matched:
      - @ConditionalOnMissingBean (types: org.springframework.web.servlet.view.BeanNameViewResolver; SearchStrategy: all) did not find any beans (OnBeanCondition)

   ErrorMvcAutoConfiguration.WhitelabelErrorViewConfiguration#defaultErrorView matched:
      - @ConditionalOnMissingBean (names: error; SearchStrategy: all) did not find any beans (OnBeanCondition)

   GenericCacheConfiguration matched:
      - Cache org.springframework.boot.autoconfigure.cache.GenericCacheConfiguration automatic cache type (CacheCondition)

   HealthEndpointConfiguration matched:
      - @ConditionalOnSingleCandidate (types: org.springframework.boot.actuate.health.HealthIndicatorRegistry; SearchStrategy: all) found a primary bean from beans 'healthIndicatorRegistry' (OnBeanCondition)

   HealthEndpointConfiguration#healthEndpoint matched:
      - @ConditionalOnMissingBean (types: org.springframework.boot.actuate.health.HealthEndpoint; SearchStrategy: all) did not find any beans (OnBeanCondition)
      - @ConditionalOnEnabledEndpoint no property management.endpoint.health.enabled found so using endpoint default (OnEnabledEndpointCondition)

   HealthEndpointWebExtensionConfiguration#createHealthStatusHttpMapper matched:
      - @ConditionalOnMissingBean (types: org.springframework.boot.actuate.health.HealthStatusHttpMapper; SearchStrategy: all) did not find any beans (OnBeanCondition)

   HealthEndpointWebExtensionConfiguration#healthWebEndpointResponseMapper matched:
      - @ConditionalOnMissingBean (types: org.springframework.boot.actuate.health.HealthWebEndpointResponseMapper; SearchStrategy: all) did not find any beans (OnBeanCondition)

   HealthEndpointWebExtensionConfiguration.ServletWebHealthConfiguration matched:
      - found 'session' scope (OnWebApplicationCondition)

   HealthEndpointWebExtensionConfiguration.ServletWebHealthConfiguration#healthEndpointWebExtension matched:
      - @ConditionalOnBean (types: org.springframework.boot.actuate.health.HealthEndpoint; SearchStrategy: all) found bean 'healthEndpoint'; @ConditionalOnMissingBean (types: org.springframework.boot.actuate.health.HealthEndpointWebExtension; SearchStrategy: all) did not find any beans (OnBeanCondition)
      - @ConditionalOnEnabledEndpoint no property management.endpoint.health.enabled found so using endpoint default (OnEnabledEndpointCondition)

   HealthIndicatorAutoConfiguration#healthAggregator matched:
      - @ConditionalOnMissingBean (types: org.springframework.boot.actuate.health.HealthAggregator; SearchStrategy: all) did not find any beans (OnBeanCondition)

   HealthIndicatorAutoConfiguration#healthIndicatorRegistry matched:
      - @ConditionalOnMissingBean (types: org.springframework.boot.actuate.health.HealthIndicatorRegistry; SearchStrategy: all) did not find any beans (OnBeanCondition)

   HeapDumpWebEndpointAutoConfiguration#heapDumpWebEndpoint matched:
      - @ConditionalOnMissingBean (types: org.springframework.boot.actuate.management.HeapDumpWebEndpoint; SearchStrategy: all) did not find any beans (OnBeanCondition)
      - @ConditionalOnEnabledEndpoint no property management.endpoint.heapdump.enabled found so using endpoint default (OnEnabledEndpointCondition)

   HibernateJpaAutoConfiguration matched:
      - @ConditionalOnClass found required classes 'org.springframework.orm.jpa.LocalContainerEntityManagerFactoryBean', 'javax.persistence.EntityManager' (OnClassCondition)
      - HibernateEntityManager found class 'org.hibernate.ejb.HibernateEntityManager' (HibernateJpaAutoConfiguration.HibernateEntityManagerCondition)

   HibernateMetricsAutoConfiguration matched:
      - @ConditionalOnClass found required classes 'javax.persistence.EntityManagerFactory', 'org.hibernate.SessionFactory', 'io.micrometer.core.instrument.MeterRegistry' (OnClassCondition)
      - @ConditionalOnBean (types: javax.persistence.EntityManagerFactory,io.micrometer.core.instrument.MeterRegistry; SearchStrategy: all) found beans 'entityManagerFactory', 'simpleMeterRegistry' (OnBeanCondition)

   HttpClientMetricsAutoConfiguration matched:
      - @ConditionalOnClass found required class 'io.micrometer.core.instrument.MeterRegistry' (OnClassCondition)
      - @ConditionalOnBean (types: io.micrometer.core.instrument.MeterRegistry; SearchStrategy: all) found bean 'simpleMeterRegistry' (OnBeanCondition)

   HttpEncodingAutoConfiguration matched:
      - @ConditionalOnClass found required class 'org.springframework.web.filter.CharacterEncodingFilter' (OnClassCondition)
      - found 'session' scope (OnWebApplicationCondition)
      - @ConditionalOnProperty (spring.http.encoding.enabled) matched (OnPropertyCondition)

   HttpEncodingAutoConfiguration#characterEncodingFilter matched:
      - @ConditionalOnMissingBean (types: org.springframework.web.filter.CharacterEncodingFilter; SearchStrategy: all) did not find any beans (OnBeanCondition)

   HttpMessageConvertersAutoConfiguration matched:
      - @ConditionalOnClass found required class 'org.springframework.http.converter.HttpMessageConverter' (OnClassCondition)

   HttpMessageConvertersAutoConfiguration#messageConverters matched:
      - @ConditionalOnMissingBean (types: org.springframework.boot.autoconfigure.http.HttpMessageConverters; SearchStrategy: all) did not find any beans (OnBeanCondition)

   HttpMessageConvertersAutoConfiguration.StringHttpMessageConverterConfiguration matched:
      - @ConditionalOnClass found required class 'org.springframework.http.converter.StringHttpMessageConverter' (OnClassCondition)

   HttpMessageConvertersAutoConfiguration.StringHttpMessageConverterConfiguration#stringHttpMessageConverter matched:
      - @ConditionalOnMissingBean (types: org.springframework.http.converter.StringHttpMessageConverter; SearchStrategy: all) did not find any beans (OnBeanCondition)

   HttpTraceAutoConfiguration matched:
      - @ConditionalOnWebApplication (required) found 'session' scope (OnWebApplicationCondition)
      - @ConditionalOnProperty (management.trace.http.enabled) matched (OnPropertyCondition)

   HttpTraceAutoConfiguration#httpExchangeTracer matched:
      - @ConditionalOnMissingBean (types: org.springframework.boot.actuate.trace.http.HttpExchangeTracer; SearchStrategy: all) did not find any beans (OnBeanCondition)

   HttpTraceAutoConfiguration#traceRepository matched:
      - @ConditionalOnMissingBean (types: org.springframework.boot.actuate.trace.http.HttpTraceRepository; SearchStrategy: all) did not find any beans (OnBeanCondition)

   HttpTraceAutoConfiguration.ServletTraceFilterConfiguration matched:
      - found 'session' scope (OnWebApplicationCondition)

   HttpTraceAutoConfiguration.ServletTraceFilterConfiguration#httpTraceFilter matched:
      - @ConditionalOnMissingBean (types: org.springframework.boot.actuate.web.trace.servlet.HttpTraceFilter; SearchStrategy: all) did not find any beans (OnBeanCondition)

   HttpTraceEndpointAutoConfiguration#httpTraceEndpoint matched:
      - @ConditionalOnBean (types: org.springframework.boot.actuate.trace.http.HttpTraceRepository; SearchStrategy: all) found bean 'traceRepository'; @ConditionalOnMissingBean (types: org.springframework.boot.actuate.trace.http.HttpTraceEndpoint; SearchStrategy: all) did not find any beans (OnBeanCondition)
      - @ConditionalOnEnabledEndpoint no property management.endpoint.httptrace.enabled found so using endpoint default (OnEnabledEndpointCondition)

   InfoContributorAutoConfiguration#envInfoContributor matched:
      - @ConditionalOnEnabledInfoContributor management.info.defaults.enabled is considered true (OnEnabledInfoContributorCondition)

   InfoEndpointAutoConfiguration#infoEndpoint matched:
      - @ConditionalOnMissingBean (types: org.springframework.boot.actuate.info.InfoEndpoint; SearchStrategy: all) did not find any beans (OnBeanCondition)
      - @ConditionalOnEnabledEndpoint no property management.endpoint.info.enabled found so using endpoint default (OnEnabledEndpointCondition)

   JCacheCacheConfiguration matched:
      - @ConditionalOnClass found required classes 'javax.cache.Caching', 'org.springframework.cache.jcache.JCacheCacheManager' (OnClassCondition)
      - Cache org.springframework.boot.autoconfigure.cache.JCacheCacheConfiguration automatic cache type (CacheCondition)

   JacksonAutoConfiguration matched:
      - @ConditionalOnClass found required class 'com.fasterxml.jackson.databind.ObjectMapper' (OnClassCondition)

   JacksonAutoConfiguration.Jackson2ObjectMapperBuilderCustomizerConfiguration matched:
      - @ConditionalOnClass found required class 'org.springframework.http.converter.json.Jackson2ObjectMapperBuilder' (OnClassCondition)

   JacksonAutoConfiguration.JacksonObjectMapperBuilderConfiguration matched:
      - @ConditionalOnClass found required class 'org.springframework.http.converter.json.Jackson2ObjectMapperBuilder' (OnClassCondition)

   JacksonAutoConfiguration.JacksonObjectMapperConfiguration matched:
      - @ConditionalOnClass found required class 'org.springframework.http.converter.json.Jackson2ObjectMapperBuilder' (OnClassCondition)

   JacksonAutoConfiguration.JacksonObjectMapperConfiguration#jacksonObjectMapper matched:
      - @ConditionalOnMissingBean (types: com.fasterxml.jackson.databind.ObjectMapper; SearchStrategy: all) did not find any beans (OnBeanCondition)

   JacksonAutoConfiguration.ParameterNamesModuleConfiguration matched:
      - @ConditionalOnClass found required class 'com.fasterxml.jackson.module.paramnames.ParameterNamesModule' (OnClassCondition)

   JacksonAutoConfiguration.ParameterNamesModuleConfiguration#parameterNamesModule matched:
      - @ConditionalOnMissingBean (types: com.fasterxml.jackson.module.paramnames.ParameterNamesModule; SearchStrategy: all) did not find any beans (OnBeanCondition)

   JacksonHttpMessageConvertersConfiguration.MappingJackson2HttpMessageConverterConfiguration matched:
      - @ConditionalOnClass found required class 'com.fasterxml.jackson.databind.ObjectMapper' (OnClassCondition)
      - @ConditionalOnProperty (spring.http.converters.preferred-json-mapper=jackson) matched (OnPropertyCondition)
      - @ConditionalOnBean (types: com.fasterxml.jackson.databind.ObjectMapper; SearchStrategy: all) found bean 'jacksonObjectMapper' (OnBeanCondition)

   JacksonHttpMessageConvertersConfiguration.MappingJackson2HttpMessageConverterConfiguration#mappingJackson2HttpMessageConverter matched:
      - @ConditionalOnMissingBean (types: org.springframework.http.converter.json.MappingJackson2HttpMessageConverter; SearchStrategy: all) did not find any beans (OnBeanCondition)

   JedisConnectionConfiguration matched:
      - @ConditionalOnClass found required classes 'org.apache.commons.pool2.impl.GenericObjectPool', 'org.springframework.data.redis.connection.jedis.JedisConnection', 'redis.clients.jedis.Jedis' (OnClassCondition)

   JedisConnectionConfiguration#redisConnectionFactory matched:
      - @ConditionalOnMissingBean (types: org.springframework.data.redis.connection.RedisConnectionFactory; SearchStrategy: all) did not find any beans (OnBeanCondition)

   JmxEndpointAutoConfiguration#jmxAnnotationEndpointDiscoverer matched:
      - @ConditionalOnMissingBean (types: org.springframework.boot.actuate.endpoint.jmx.JmxEndpointsSupplier; SearchStrategy: all) did not find any beans (OnBeanCondition)

   JpaBaseConfiguration.JpaWebConfiguration matched:
      - @ConditionalOnClass found required class 'org.springframework.web.servlet.config.annotation.WebMvcConfigurer' (OnClassCondition)
      - found 'session' scope (OnWebApplicationCondition)
      - @ConditionalOnProperty (spring.jpa.open-in-view=true) matched (OnPropertyCondition)

   JtaAutoConfiguration matched:
      - @ConditionalOnClass found required class 'javax.transaction.Transaction' (OnClassCondition)
      - @ConditionalOnProperty (spring.jta.enabled) matched (OnPropertyCondition)

   JvmMetricsAutoConfiguration matched:
      - @ConditionalOnClass found required class 'io.micrometer.core.instrument.MeterRegistry' (OnClassCondition)
      - @ConditionalOnProperty (management.metrics.binders.jvm.enabled) matched (OnPropertyCondition)
      - @ConditionalOnBean (types: io.micrometer.core.instrument.MeterRegistry; SearchStrategy: all) found bean 'simpleMeterRegistry' (OnBeanCondition)

   JvmMetricsAutoConfiguration#classLoaderMetrics matched:
      - @ConditionalOnMissingBean (types: io.micrometer.core.instrument.binder.jvm.ClassLoaderMetrics; SearchStrategy: all) did not find any beans (OnBeanCondition)

   JvmMetricsAutoConfiguration#jvmGcMetrics matched:
      - @ConditionalOnMissingBean (types: io.micrometer.core.instrument.binder.jvm.JvmGcMetrics; SearchStrategy: all) did not find any beans (OnBeanCondition)

   JvmMetricsAutoConfiguration#jvmMemoryMetrics matched:
      - @ConditionalOnMissingBean (types: io.micrometer.core.instrument.binder.jvm.JvmMemoryMetrics; SearchStrategy: all) did not find any beans (OnBeanCondition)

   JvmMetricsAutoConfiguration#jvmThreadMetrics matched:
      - @ConditionalOnMissingBean (types: io.micrometer.core.instrument.binder.jvm.JvmThreadMetrics; SearchStrategy: all) did not find any beans (OnBeanCondition)

   LogbackMetricsAutoConfiguration matched:
      - @ConditionalOnClass found required classes 'io.micrometer.core.instrument.MeterRegistry', 'ch.qos.logback.classic.LoggerContext', 'org.slf4j.LoggerFactory' (OnClassCondition)
      - @ConditionalOnProperty (management.metrics.binders.logback.enabled) matched (OnPropertyCondition)
      - LogbackLoggingCondition ILoggerFactory is a Logback LoggerContext (LogbackMetricsAutoConfiguration.LogbackLoggingCondition)
      - @ConditionalOnBean (types: io.micrometer.core.instrument.MeterRegistry; SearchStrategy: all) found bean 'simpleMeterRegistry' (OnBeanCondition)

   LogbackMetricsAutoConfiguration#logbackMetrics matched:
      - @ConditionalOnMissingBean (types: io.micrometer.core.instrument.binder.logging.LogbackMetrics; SearchStrategy: all) did not find any beans (OnBeanCondition)

   LoggersEndpointAutoConfiguration#loggersEndpoint matched:
      - Logging System enabled (LoggersEndpointAutoConfiguration.OnEnabledLoggingSystemCondition)
      - @ConditionalOnBean (types: org.springframework.boot.logging.LoggingSystem; SearchStrategy: all) found bean 'springBootLoggingSystem'; @ConditionalOnMissingBean (types: org.springframework.boot.actuate.logging.LoggersEndpoint; SearchStrategy: all) did not find any beans (OnBeanCondition)
      - @ConditionalOnEnabledEndpoint no property management.endpoint.loggers.enabled found so using endpoint default (OnEnabledEndpointCondition)

   ManagementContextAutoConfiguration.SameManagementContextConfiguration matched:
      - Management Port actual port type (SAME) matched required type (OnManagementPortCondition)

   MappingsEndpointAutoConfiguration#mappingsEndpoint matched:
      - @ConditionalOnEnabledEndpoint no property management.endpoint.mappings.enabled found so using endpoint default (OnEnabledEndpointCondition)

   MappingsEndpointAutoConfiguration.ServletWebConfiguration matched:
      - found 'session' scope (OnWebApplicationCondition)

   MappingsEndpointAutoConfiguration.ServletWebConfiguration.SpringMvcConfiguration matched:
      - @ConditionalOnClass found required class 'org.springframework.web.servlet.DispatcherServlet' (OnClassCondition)
      - @ConditionalOnBean (types: org.springframework.web.servlet.DispatcherServlet; SearchStrategy: all) found bean 'dispatcherServlet' (OnBeanCondition)

   MetricsAutoConfiguration matched:
      - @ConditionalOnClass found required class 'io.micrometer.core.annotation.Timed' (OnClassCondition)

   MetricsAutoConfiguration#micrometerClock matched:
      - @ConditionalOnMissingBean (types: io.micrometer.core.instrument.Clock; SearchStrategy: all) did not find any beans (OnBeanCondition)

   MetricsEndpointAutoConfiguration matched:
      - @ConditionalOnClass found required class 'io.micrometer.core.annotation.Timed' (OnClassCondition)

   MetricsEndpointAutoConfiguration#metricsEndpoint matched:
      - @ConditionalOnBean (types: io.micrometer.core.instrument.MeterRegistry; SearchStrategy: all) found bean 'simpleMeterRegistry'; @ConditionalOnMissingBean (types: org.springframework.boot.actuate.metrics.MetricsEndpoint; SearchStrategy: all) did not find any beans (OnBeanCondition)
      - @ConditionalOnEnabledEndpoint no property management.endpoint.metrics.enabled found so using endpoint default (OnEnabledEndpointCondition)

   MultipartAutoConfiguration matched:
      - @ConditionalOnClass found required classes 'javax.servlet.Servlet', 'org.springframework.web.multipart.support.StandardServletMultipartResolver', 'javax.servlet.MultipartConfigElement' (OnClassCondition)
      - found 'session' scope (OnWebApplicationCondition)
      - @ConditionalOnProperty (spring.servlet.multipart.enabled) matched (OnPropertyCondition)

   MultipartAutoConfiguration#multipartConfigElement matched:
      - @ConditionalOnMissingBean (types: javax.servlet.MultipartConfigElement,org.springframework.web.multipart.commons.CommonsMultipartResolver; SearchStrategy: all) did not find any beans (OnBeanCondition)

   MultipartAutoConfiguration#multipartResolver matched:
      - @ConditionalOnMissingBean (types: org.springframework.web.multipart.MultipartResolver; SearchStrategy: all) did not find any beans (OnBeanCondition)

   NoOpCacheConfiguration matched:
      - Cache org.springframework.boot.autoconfigure.cache.NoOpCacheConfiguration automatic cache type (CacheCondition)

   OAuth2AutoConfiguration matched:
      - @ConditionalOnClass found required classes 'org.springframework.security.oauth2.common.OAuth2AccessToken', 'org.springframework.web.servlet.config.annotation.WebMvcConfigurer' (OnClassCondition)

   OAuth2ClientAutoConfiguration matched:
      - @ConditionalOnClass found required classes 'org.springframework.security.config.annotation.web.configuration.EnableWebSecurity', 'org.springframework.security.oauth2.client.registration.ClientRegistration' (OnClassCondition)
      - found 'session' scope (OnWebApplicationCondition)

   OAuth2ResourceServerConfiguration matched:
      - @ConditionalOnClass found required classes 'org.springframework.security.oauth2.config.annotation.web.configuration.EnableResourceServer', 'org.springframework.boot.autoconfigure.security.SecurityProperties' (OnClassCondition)
      - @ConditionalOnWebApplication (required) found 'session' scope (OnWebApplicationCondition)
      - OAuth ResourceServer Condition found class org.springframework.security.oauth2.config.annotation.web.configuration.AuthorizationServerEndpointsConfiguration (OAuth2ResourceServerConfiguration.ResourceServerCondition)
      - @ConditionalOnBean (types: org.springframework.security.oauth2.config.annotation.web.configuration.ResourceServerConfiguration; SearchStrategy: all) found bean 'org.springframework.security.oauth2.config.annotation.web.configuration.ResourceServerConfiguration' (OnBeanCondition)

   OAuth2ResourceServerConfiguration.AuthorizationServerEndpointsConfigurationBeanCondition matched:
      - @ConditionalOnBean (types: org.springframework.security.oauth2.config.annotation.web.configuration.AuthorizationServerEndpointsConfiguration; SearchStrategy: all) found bean 'org.springframework.security.oauth2.config.annotation.web.configuration.AuthorizationServerEndpointsConfiguration' (OnBeanCondition)

   OAuth2RestOperationsConfiguration matched:
      - @ConditionalOnClass found required class 'org.springframework.security.oauth2.config.annotation.web.configuration.EnableOAuth2Client' (OnClassCondition)

   PersistenceExceptionTranslationAutoConfiguration matched:
      - @ConditionalOnClass found required class 'org.springframework.dao.annotation.PersistenceExceptionTranslationPostProcessor' (OnClassCondition)

   PersistenceExceptionTranslationAutoConfiguration#persistenceExceptionTranslationPostProcessor matched:
      - @ConditionalOnProperty (spring.dao.exceptiontranslation.enabled) matched (OnPropertyCondition)
      - @ConditionalOnMissingBean (types: org.springframework.dao.annotation.PersistenceExceptionTranslationPostProcessor; SearchStrategy: all) did not find any beans (OnBeanCondition)

   PropertyPlaceholderAutoConfiguration#propertySourcesPlaceholderConfigurer matched:
      - @ConditionalOnMissingBean (types: org.springframework.context.support.PropertySourcesPlaceholderConfigurer; SearchStrategy: current) did not find any beans (OnBeanCondition)

   RedisAutoConfiguration matched:
      - @ConditionalOnClass found required class 'org.springframework.data.redis.core.RedisOperations' (OnClassCondition)

   RedisAutoConfiguration#redisTemplate matched:
      - @ConditionalOnMissingBean (names: redisTemplate; SearchStrategy: all) did not find any beans (OnBeanCondition)

   RedisAutoConfiguration#stringRedisTemplate matched:
      - @ConditionalOnMissingBean (types: org.springframework.data.redis.core.StringRedisTemplate; SearchStrategy: all) did not find any beans (OnBeanCondition)

   RedisCacheConfiguration matched:
      - @ConditionalOnClass found required class 'org.springframework.data.redis.connection.RedisConnectionFactory' (OnClassCondition)
      - Cache org.springframework.boot.autoconfigure.cache.RedisCacheConfiguration automatic cache type (CacheCondition)

   RedisHealthIndicatorAutoConfiguration matched:
      - @ConditionalOnClass found required class 'org.springframework.data.redis.connection.RedisConnectionFactory' (OnClassCondition)
      - @ConditionalOnEnabledHealthIndicator management.health.defaults.enabled is considered true (OnEnabledHealthIndicatorCondition)
      - @ConditionalOnBean (types: org.springframework.data.redis.connection.RedisConnectionFactory; SearchStrategy: all) found bean 'redisConnectionFactory' (OnBeanCondition)

   RedisHealthIndicatorAutoConfiguration#redisHealthIndicator matched:
      - @ConditionalOnMissingBean (names: redisHealthIndicator; SearchStrategy: all) did not find any beans (OnBeanCondition)

   RedisRepositoriesAutoConfiguration matched:
      - @ConditionalOnClass found required class 'org.springframework.data.redis.repository.configuration.EnableRedisRepositories' (OnClassCondition)
      - @ConditionalOnProperty (spring.data.redis.repositories.enabled=true) matched (OnPropertyCondition)
      - @ConditionalOnBean (types: org.springframework.data.redis.connection.RedisConnectionFactory; SearchStrategy: all) found bean 'redisConnectionFactory'; @ConditionalOnMissingBean (types: org.springframework.data.redis.repository.support.RedisRepositoryFactoryBean; SearchStrategy: all) did not find any beans (OnBeanCondition)

   RestTemplateAutoConfiguration matched:
      - @ConditionalOnClass found required class 'org.springframework.web.client.RestTemplate' (OnClassCondition)

   RestTemplateAutoConfiguration#restTemplateBuilder matched:
      - @ConditionalOnMissingBean (types: org.springframework.boot.web.client.RestTemplateBuilder; SearchStrategy: all) did not find any beans (OnBeanCondition)

   RestTemplateMetricsConfiguration matched:
      - @ConditionalOnClass found required class 'org.springframework.web.client.RestTemplate' (OnClassCondition)

   RestTemplateMetricsConfiguration#restTemplateTagConfigurer matched:
      - @ConditionalOnMissingBean (types: org.springframework.boot.actuate.metrics.web.client.RestTemplateExchangeTagsProvider; SearchStrategy: all) did not find any beans (OnBeanCondition)

   ScheduledTasksEndpointAutoConfiguration#scheduledTasksEndpoint matched:
      - @ConditionalOnMissingBean (types: org.springframework.boot.actuate.scheduling.ScheduledTasksEndpoint; SearchStrategy: all) did not find any beans (OnBeanCondition)
      - @ConditionalOnEnabledEndpoint no property management.endpoint.scheduledtasks.enabled found so using endpoint default (OnEnabledEndpointCondition)

   SecurityAutoConfiguration matched:
      - @ConditionalOnClass found required class 'org.springframework.security.authentication.DefaultAuthenticationEventPublisher' (OnClassCondition)

   SecurityAutoConfiguration#authenticationEventPublisher matched:
      - @ConditionalOnMissingBean (types: org.springframework.security.authentication.AuthenticationEventPublisher; SearchStrategy: all) did not find any beans (OnBeanCondition)

   SecurityFilterAutoConfiguration matched:
      - @ConditionalOnClass found required classes 'org.springframework.security.web.context.AbstractSecurityWebApplicationInitializer', 'org.springframework.security.config.http.SessionCreationPolicy' (OnClassCondition)
      - found 'session' scope (OnWebApplicationCondition)

   SecurityFilterAutoConfiguration#securityFilterChainRegistration matched:
      - @ConditionalOnBean (names: springSecurityFilterChain; SearchStrategy: all) found bean 'springSecurityFilterChain' (OnBeanCondition)

   SecurityRequestMatcherProviderAutoConfiguration matched:
      - @ConditionalOnClass found required class 'org.springframework.security.web.util.matcher.RequestMatcher' (OnClassCondition)
      - found 'session' scope (OnWebApplicationCondition)

   SecurityRequestMatcherProviderAutoConfiguration.MvcRequestMatcherConfiguration matched:
      - @ConditionalOnClass found required class 'org.springframework.web.servlet.DispatcherServlet' (OnClassCondition)
      - @ConditionalOnBean (types: org.springframework.web.servlet.handler.HandlerMappingIntrospector; SearchStrategy: all) found bean 'mvcHandlerMappingIntrospector' (OnBeanCondition)

   SecurityRequestMatcherProviderAutoConfiguration.MvcRequestMatcherConfiguration#requestMatcherProvider matched:
      - @ConditionalOnClass found required class 'org.springframework.web.servlet.DispatcherServlet' (OnClassCondition)

   ServletEndpointManagementContextConfiguration matched:
      - found 'session' scope (OnWebApplicationCondition)

   ServletEndpointManagementContextConfiguration.WebMvcServletEndpointManagementContextConfiguration matched:
      - @ConditionalOnClass found required class 'org.springframework.web.servlet.DispatcherServlet' (OnClassCondition)

   ServletManagementContextAutoConfiguration matched:
      - @ConditionalOnClass found required class 'javax.servlet.Servlet' (OnClassCondition)
      - found 'session' scope (OnWebApplicationCondition)

   ServletWebServerFactoryAutoConfiguration matched:
      - @ConditionalOnClass found required class 'javax.servlet.ServletRequest' (OnClassCondition)
      - found 'session' scope (OnWebApplicationCondition)

   ServletWebServerFactoryAutoConfiguration#tomcatServletWebServerFactoryCustomizer matched:
      - @ConditionalOnClass found required class 'org.apache.catalina.startup.Tomcat' (OnClassCondition)

   SimpleCacheConfiguration matched:
      - Cache org.springframework.boot.autoconfigure.cache.SimpleCacheConfiguration automatic cache type (CacheCondition)

   SimpleMetricsExportAutoConfiguration matched:
      - @ConditionalOnProperty (management.metrics.export.simple.enabled=true) matched (OnPropertyCondition)
      - @ConditionalOnBean (types: io.micrometer.core.instrument.Clock; SearchStrategy: all) found bean 'micrometerClock'; @ConditionalOnMissingBean (types: io.micrometer.core.instrument.MeterRegistry; SearchStrategy: all) did not find any beans (OnBeanCondition)

   SimpleMetricsExportAutoConfiguration#simpleConfig matched:
      - @ConditionalOnMissingBean (types: io.micrometer.core.instrument.simple.SimpleConfig; SearchStrategy: all) did not find any beans (OnBeanCondition)

   SpringDataWebAutoConfiguration matched:
      - @ConditionalOnClass found required classes 'org.springframework.data.web.PageableHandlerMethodArgumentResolver', 'org.springframework.web.servlet.config.annotation.WebMvcConfigurer' (OnClassCondition)
      - found 'session' scope (OnWebApplicationCondition)
      - @ConditionalOnMissingBean (types: org.springframework.data.web.PageableHandlerMethodArgumentResolver; SearchStrategy: all) did not find any beans (OnBeanCondition)

   SpringDataWebAutoConfiguration#pageableCustomizer matched:
      - @ConditionalOnMissingBean (types: org.springframework.data.web.config.PageableHandlerMethodArgumentResolverCustomizer; SearchStrategy: all) did not find any beans (OnBeanCondition)

   SpringDataWebAutoConfiguration#sortCustomizer matched:
      - @ConditionalOnMissingBean (types: org.springframework.data.web.config.SortHandlerMethodArgumentResolverCustomizer; SearchStrategy: all) did not find any beans (OnBeanCondition)

   SystemMetricsAutoConfiguration matched:
      - @ConditionalOnClass found required class 'io.micrometer.core.instrument.MeterRegistry' (OnClassCondition)
      - @ConditionalOnBean (types: io.micrometer.core.instrument.MeterRegistry; SearchStrategy: all) found bean 'simpleMeterRegistry' (OnBeanCondition)

   SystemMetricsAutoConfiguration#fileDescriptorMetrics matched:
      - @ConditionalOnProperty (management.metrics.binders.files.enabled) matched (OnPropertyCondition)
      - @ConditionalOnMissingBean (types: io.micrometer.core.instrument.binder.system.FileDescriptorMetrics; SearchStrategy: all) did not find any beans (OnBeanCondition)

   SystemMetricsAutoConfiguration#processorMetrics matched:
      - @ConditionalOnProperty (management.metrics.binders.processor.enabled) matched (OnPropertyCondition)
      - @ConditionalOnMissingBean (types: io.micrometer.core.instrument.binder.system.ProcessorMetrics; SearchStrategy: all) did not find any beans (OnBeanCondition)

   SystemMetricsAutoConfiguration#uptimeMetrics matched:
      - @ConditionalOnProperty (management.metrics.binders.uptime.enabled) matched (OnPropertyCondition)
      - @ConditionalOnMissingBean (types: io.micrometer.core.instrument.binder.system.UptimeMetrics; SearchStrategy: all) did not find any beans (OnBeanCondition)

   TaskExecutionAutoConfiguration matched:
      - @ConditionalOnClass found required class 'org.springframework.scheduling.concurrent.ThreadPoolTaskExecutor' (OnClassCondition)

   TaskExecutionAutoConfiguration#applicationTaskExecutor matched:
      - @ConditionalOnMissingBean (types: java.util.concurrent.Executor; SearchStrategy: all) did not find any beans (OnBeanCondition)

   TaskExecutionAutoConfiguration#taskExecutorBuilder matched:
      - @ConditionalOnMissingBean (types: org.springframework.boot.task.TaskExecutorBuilder; SearchStrategy: all) did not find any beans (OnBeanCondition)

   TaskSchedulingAutoConfiguration matched:
      - @ConditionalOnClass found required class 'org.springframework.scheduling.concurrent.ThreadPoolTaskScheduler' (OnClassCondition)

   TaskSchedulingAutoConfiguration#taskSchedulerBuilder matched:
      - @ConditionalOnMissingBean (types: org.springframework.boot.task.TaskSchedulerBuilder; SearchStrategy: all) did not find any beans (OnBeanCondition)

   ThreadDumpEndpointAutoConfiguration#dumpEndpoint matched:
      - @ConditionalOnMissingBean (types: org.springframework.boot.actuate.management.ThreadDumpEndpoint; SearchStrategy: all) did not find any beans (OnBeanCondition)
      - @ConditionalOnEnabledEndpoint no property management.endpoint.threaddump.enabled found so using endpoint default (OnEnabledEndpointCondition)

   ThymeleafAutoConfiguration matched:
      - @ConditionalOnClass found required class 'org.thymeleaf.templatemode.TemplateMode' (OnClassCondition)

   ThymeleafAutoConfiguration.DefaultTemplateResolverConfiguration matched:
      - @ConditionalOnMissingBean (names: defaultTemplateResolver; SearchStrategy: all) did not find any beans (OnBeanCondition)

   ThymeleafAutoConfiguration.ThymeleafDefaultConfiguration#templateEngine matched:
      - @ConditionalOnMissingBean (types: org.thymeleaf.spring5.SpringTemplateEngine; SearchStrategy: all) did not find any beans (OnBeanCondition)

   ThymeleafAutoConfiguration.ThymeleafJava8TimeDialect matched:
      - @ConditionalOnClass found required class 'org.thymeleaf.extras.java8time.dialect.Java8TimeDialect' (OnClassCondition)

   ThymeleafAutoConfiguration.ThymeleafJava8TimeDialect#java8TimeDialect matched:
      - @ConditionalOnMissingBean (types: org.thymeleaf.extras.java8time.dialect.Java8TimeDialect; SearchStrategy: all) did not find any beans (OnBeanCondition)

   ThymeleafAutoConfiguration.ThymeleafWebMvcConfiguration matched:
      - found 'session' scope (OnWebApplicationCondition)
      - @ConditionalOnProperty (spring.thymeleaf.enabled) matched (OnPropertyCondition)

   ThymeleafAutoConfiguration.ThymeleafWebMvcConfiguration.ThymeleafViewResolverConfiguration#thymeleafViewResolver matched:
      - @ConditionalOnMissingBean (names: thymeleafViewResolver; SearchStrategy: all) did not find any beans (OnBeanCondition)

   TomcatMetricsAutoConfiguration matched:
      - @ConditionalOnClass found required classes 'io.micrometer.core.instrument.binder.tomcat.TomcatMetrics', 'org.apache.catalina.Manager' (OnClassCondition)
      - @ConditionalOnWebApplication (required) found 'session' scope (OnWebApplicationCondition)

   TomcatMetricsAutoConfiguration#tomcatMetricsBinder matched:
      - @ConditionalOnBean (types: io.micrometer.core.instrument.MeterRegistry; SearchStrategy: all) found bean 'simpleMeterRegistry'; @ConditionalOnMissingBean (types: io.micrometer.core.instrument.binder.tomcat.TomcatMetrics,org.springframework.boot.actuate.metrics.web.tomcat.TomcatMetricsBinder; SearchStrategy: all) did not find any beans (OnBeanCondition)

   TransactionAutoConfiguration matched:
      - @ConditionalOnClass found required class 'org.springframework.transaction.PlatformTransactionManager' (OnClassCondition)

   TransactionAutoConfiguration#platformTransactionManagerCustomizers matched:
      - @ConditionalOnMissingBean (types: org.springframework.boot.autoconfigure.transaction.TransactionManagerCustomizers; SearchStrategy: all) did not find any beans (OnBeanCondition)

   TransactionAutoConfiguration.TransactionTemplateConfiguration matched:
      - @ConditionalOnSingleCandidate (types: org.springframework.transaction.PlatformTransactionManager; SearchStrategy: all) found a primary bean from beans 'transactionManager' (OnBeanCondition)

   TransactionAutoConfiguration.TransactionTemplateConfiguration#transactionTemplate matched:
      - @ConditionalOnMissingBean (types: org.springframework.transaction.support.TransactionTemplate; SearchStrategy: all) did not find any beans (OnBeanCondition)

   ValidationAutoConfiguration matched:
      - @ConditionalOnClass found required class 'javax.validation.executable.ExecutableValidator' (OnClassCondition)
      - @ConditionalOnResource found location classpath:META-INF/services/javax.validation.spi.ValidationProvider (OnResourceCondition)

   ValidationAutoConfiguration#defaultValidator matched:
      - @ConditionalOnMissingBean (types: javax.validation.Validator; SearchStrategy: all) did not find any beans (OnBeanCondition)

   ValidationAutoConfiguration#methodValidationPostProcessor matched:
      - @ConditionalOnMissingBean (types: org.springframework.validation.beanvalidation.MethodValidationPostProcessor; SearchStrategy: all) did not find any beans (OnBeanCondition)

   WebEndpointAutoConfiguration matched:
      - @ConditionalOnWebApplication (required) found 'session' scope (OnWebApplicationCondition)

   WebEndpointAutoConfiguration#controllerEndpointDiscoverer matched:
      - @ConditionalOnMissingBean (types: org.springframework.boot.actuate.endpoint.web.annotation.ControllerEndpointsSupplier; SearchStrategy: all) did not find any beans (OnBeanCondition)

   WebEndpointAutoConfiguration#endpointMediaTypes matched:
      - @ConditionalOnMissingBean (types: org.springframework.boot.actuate.endpoint.web.EndpointMediaTypes; SearchStrategy: all) did not find any beans (OnBeanCondition)

   WebEndpointAutoConfiguration#pathMappedEndpoints matched:
      - @ConditionalOnMissingBean (types: org.springframework.boot.actuate.endpoint.web.PathMappedEndpoints; SearchStrategy: all) did not find any beans (OnBeanCondition)

   WebEndpointAutoConfiguration#webEndpointDiscoverer matched:
      - @ConditionalOnMissingBean (types: org.springframework.boot.actuate.endpoint.web.WebEndpointsSupplier; SearchStrategy: all) did not find any beans (OnBeanCondition)

   WebEndpointAutoConfiguration.WebEndpointServletConfiguration matched:
      - found 'session' scope (OnWebApplicationCondition)

   WebEndpointAutoConfiguration.WebEndpointServletConfiguration#servletEndpointDiscoverer matched:
      - @ConditionalOnMissingBean (types: org.springframework.boot.actuate.endpoint.web.annotation.ServletEndpointsSupplier; SearchStrategy: all) did not find any beans (OnBeanCondition)

   WebMvcAutoConfiguration matched:
      - @ConditionalOnClass found required classes 'javax.servlet.Servlet', 'org.springframework.web.servlet.DispatcherServlet', 'org.springframework.web.servlet.config.annotation.WebMvcConfigurer' (OnClassCondition)
      - found 'session' scope (OnWebApplicationCondition)
      - @ConditionalOnMissingBean (types: org.springframework.web.servlet.config.annotation.WebMvcConfigurationSupport; SearchStrategy: all) did not find any beans (OnBeanCondition)

   WebMvcAutoConfiguration#formContentFilter matched:
      - @ConditionalOnProperty (spring.mvc.formcontent.filter.enabled) matched (OnPropertyCondition)
      - @ConditionalOnMissingBean (types: org.springframework.web.filter.FormContentFilter; SearchStrategy: all) did not find any beans (OnBeanCondition)

   WebMvcAutoConfiguration#hiddenHttpMethodFilter matched:
      - @ConditionalOnProperty (spring.mvc.hiddenmethod.filter.enabled) matched (OnPropertyCondition)
      - @ConditionalOnMissingBean (types: org.springframework.web.filter.HiddenHttpMethodFilter; SearchStrategy: all) did not find any beans (OnBeanCondition)

   WebMvcAutoConfiguration.WebMvcAutoConfigurationAdapter#defaultViewResolver matched:
      - @ConditionalOnMissingBean (types: org.springframework.web.servlet.view.InternalResourceViewResolver; SearchStrategy: all) did not find any beans (OnBeanCondition)

   WebMvcAutoConfiguration.WebMvcAutoConfigurationAdapter#requestContextFilter matched:
      - @ConditionalOnMissingBean (types: org.springframework.web.context.request.RequestContextListener,org.springframework.web.filter.RequestContextFilter; SearchStrategy: all) did not find any beans (OnBeanCondition)

   WebMvcAutoConfiguration.WebMvcAutoConfigurationAdapter#viewResolver matched:
      - @ConditionalOnBean (types: org.springframework.web.servlet.ViewResolver; SearchStrategy: all) found beans 'defaultViewResolver', 'beanNameViewResolver', 'mvcViewResolver'; @ConditionalOnMissingBean (names: viewResolver; types: org.springframework.web.servlet.view.ContentNegotiatingViewResolver; SearchStrategy: all) did not find any beans (OnBeanCondition)

   WebMvcAutoConfiguration.WebMvcAutoConfigurationAdapter.FaviconConfiguration matched:
      - @ConditionalOnProperty (spring.mvc.favicon.enabled) matched (OnPropertyCondition)

   WebMvcEndpointManagementContextConfiguration matched:
      - @ConditionalOnClass found required class 'org.springframework.web.servlet.DispatcherServlet' (OnClassCondition)
      - found 'session' scope (OnWebApplicationCondition)
      - @ConditionalOnBean (types: org.springframework.web.servlet.DispatcherServlet,org.springframework.boot.actuate.endpoint.web.WebEndpointsSupplier; SearchStrategy: all) found beans 'webEndpointDiscoverer', 'dispatcherServlet' (OnBeanCondition)

   WebMvcEndpointManagementContextConfiguration#controllerEndpointHandlerMapping matched:
      - @ConditionalOnMissingBean (types: org.springframework.boot.actuate.endpoint.web.servlet.ControllerEndpointHandlerMapping; SearchStrategy: all) did not find any beans (OnBeanCondition)

   WebMvcEndpointManagementContextConfiguration#webEndpointServletHandlerMapping matched:
      - @ConditionalOnMissingBean (types: org.springframework.boot.actuate.endpoint.web.servlet.WebMvcEndpointHandlerMapping; SearchStrategy: all) did not find any beans (OnBeanCondition)

   WebMvcMetricsAutoConfiguration matched:
      - @ConditionalOnClass found required class 'org.springframework.web.servlet.DispatcherServlet' (OnClassCondition)
      - found 'session' scope (OnWebApplicationCondition)
      - @ConditionalOnBean (types: io.micrometer.core.instrument.MeterRegistry; SearchStrategy: all) found bean 'simpleMeterRegistry' (OnBeanCondition)

   WebMvcMetricsAutoConfiguration#webMvcTagsProvider matched:
      - @ConditionalOnMissingBean (types: org.springframework.boot.actuate.metrics.web.servlet.WebMvcTagsProvider; SearchStrategy: all) did not find any beans (OnBeanCondition)

   WebSocketServletAutoConfiguration matched:
      - @ConditionalOnClass found required classes 'javax.servlet.Servlet', 'javax.websocket.server.ServerContainer' (OnClassCondition)
      - found 'session' scope (OnWebApplicationCondition)

   WebSocketServletAutoConfiguration.TomcatWebSocketConfiguration matched:
      - @ConditionalOnClass found required classes 'org.apache.catalina.startup.Tomcat', 'org.apache.tomcat.websocket.server.WsSci' (OnClassCondition)

   WebSocketServletAutoConfiguration.TomcatWebSocketConfiguration#websocketServletWebServerCustomizer matched:
      - @ConditionalOnMissingBean (names: websocketServletWebServerCustomizer; SearchStrategy: all) did not find any beans (OnBeanCondition)


Negative matches:
-----------------

   ActiveMQAutoConfiguration:
      Did not match:
         - @ConditionalOnClass did not find required class 'javax.jms.ConnectionFactory' (OnClassCondition)

   AopAutoConfiguration.JdkDynamicAutoProxyConfiguration:
      Did not match:
         - @ConditionalOnProperty (spring.aop.proxy-target-class=false) did not find property 'proxy-target-class' (OnPropertyCondition)

   AppOpticsMetricsExportAutoConfiguration:
      Did not match:
         - @ConditionalOnClass did not find required class 'io.micrometer.appoptics.AppOpticsMeterRegistry' (OnClassCondition)

   ArtemisAutoConfiguration:
      Did not match:
         - @ConditionalOnClass did not find required class 'javax.jms.ConnectionFactory' (OnClassCondition)

   AtlasMetricsExportAutoConfiguration:
      Did not match:
         - @ConditionalOnClass did not find required class 'io.micrometer.atlas.AtlasMeterRegistry' (OnClassCondition)

   AtomikosJtaConfiguration:
      Did not match:
         - @ConditionalOnClass did not find required class 'com.atomikos.icatch.jta.UserTransactionManager' (OnClassCondition)

   BatchAutoConfiguration:
      Did not match:
         - @ConditionalOnClass did not find required class 'org.springframework.batch.core.launch.JobLauncher' (OnClassCondition)

   BitronixJtaConfiguration:
      Did not match:
         - @ConditionalOnClass did not find required class 'bitronix.tm.jndi.BitronixContext' (OnClassCondition)

   CacheAutoConfiguration:
      Did not match:
         - @ConditionalOnBean (types: org.springframework.cache.interceptor.CacheAspectSupport; SearchStrategy: all) did not find any beans of type org.springframework.cache.interceptor.CacheAspectSupport (OnBeanCondition)
      Matched:
         - @ConditionalOnClass found required class 'org.springframework.cache.CacheManager' (OnClassCondition)

   CacheAutoConfiguration.CacheManagerJpaDependencyConfiguration:
      Did not match:
         - Ancestor org.springframework.boot.autoconfigure.cache.CacheAutoConfiguration did not match (ConditionEvaluationReport.AncestorsMatchedCondition)
      Matched:
         - @ConditionalOnClass found required class 'org.springframework.orm.jpa.LocalContainerEntityManagerFactoryBean' (OnClassCondition)

   CacheMeterBinderProvidersConfiguration.CaffeineCacheMeterBinderProviderConfiguration:
      Did not match:
         - @ConditionalOnClass did not find required class 'com.github.benmanes.caffeine.cache.Cache' (OnClassCondition)

   CacheMeterBinderProvidersConfiguration.EhCache2CacheMeterBinderProviderConfiguration:
      Did not match:
         - @ConditionalOnClass did not find required class 'net.sf.ehcache.Ehcache' (OnClassCondition)

   CacheMeterBinderProvidersConfiguration.HazelcastCacheMeterBinderProviderConfiguration:
      Did not match:
         - @ConditionalOnClass did not find required classes 'com.hazelcast.spring.cache.HazelcastCache', 'com.hazelcast.core.Hazelcast' (OnClassCondition)

   CacheMetricsAutoConfiguration:
      Did not match:
         - @ConditionalOnBean (types: org.springframework.cache.CacheManager; SearchStrategy: all) did not find any beans of type org.springframework.cache.CacheManager (OnBeanCondition)

   CaffeineCacheConfiguration:
      Did not match:
         - @ConditionalOnClass did not find required class 'com.github.benmanes.caffeine.cache.Caffeine' (OnClassCondition)

   CassandraAutoConfiguration:
      Did not match:
         - @ConditionalOnClass did not find required class 'com.datastax.driver.core.Cluster' (OnClassCondition)

   CassandraDataAutoConfiguration:
      Did not match:
         - @ConditionalOnClass did not find required class 'com.datastax.driver.core.Cluster' (OnClassCondition)

   CassandraHealthIndicatorAutoConfiguration:
      Did not match:
         - @ConditionalOnClass did not find required class 'com.datastax.driver.core.Cluster' (OnClassCondition)

   CassandraReactiveDataAutoConfiguration:
      Did not match:
         - @ConditionalOnClass did not find required class 'com.datastax.driver.core.Cluster' (OnClassCondition)

   CassandraReactiveHealthIndicatorAutoConfiguration:
      Did not match:
         - @ConditionalOnClass did not find required class 'com.datastax.driver.core.Cluster' (OnClassCondition)

   CassandraReactiveRepositoriesAutoConfiguration:
      Did not match:
         - @ConditionalOnClass did not find required class 'org.springframework.data.cassandra.ReactiveSession' (OnClassCondition)

   CassandraRepositoriesAutoConfiguration:
      Did not match:
         - @ConditionalOnClass did not find required class 'com.datastax.driver.core.Session' (OnClassCondition)

   ClientHttpConnectorAutoConfiguration:
      Did not match:
         - @ConditionalOnClass did not find required class 'org.springframework.web.reactive.function.client.WebClient' (OnClassCondition)

   CloudFoundryActuatorAutoConfiguration:
      Did not match:
         - @ConditionalOnCloudPlatform did not find CLOUD_FOUNDRY (OnCloudPlatformCondition)
      Matched:
         - @ConditionalOnClass found required class 'org.springframework.web.servlet.DispatcherServlet' (OnClassCondition)
         - found 'session' scope (OnWebApplicationCondition)
         - @ConditionalOnProperty (management.cloudfoundry.enabled) matched (OnPropertyCondition)

   CloudServiceConnectorsAutoConfiguration:
      Did not match:
         - @ConditionalOnClass did not find required class 'org.springframework.cloud.config.java.CloudScanConfiguration' (OnClassCondition)

   CompositeMeterRegistryConfiguration:
      Did not match:
         - NoneNestedConditions 1 matched 1 did not; NestedCondition on CompositeMeterRegistryConfiguration.MultipleNonPrimaryMeterRegistriesCondition.SingleInjectableMeterRegistry @ConditionalOnSingleCandidate (types: io.micrometer.core.instrument.MeterRegistry; SearchStrategy: all) found a primary bean from beans 'simpleMeterRegistry'; NestedCondition on CompositeMeterRegistryConfiguration.MultipleNonPrimaryMeterRegistriesCondition.NoMeterRegistryCondition @ConditionalOnMissingBean (types: io.micrometer.core.instrument.MeterRegistry; SearchStrategy: all) found beans of type 'io.micrometer.core.instrument.MeterRegistry' simpleMeterRegistry (CompositeMeterRegistryConfiguration.MultipleNonPrimaryMeterRegistriesCondition)

   CouchbaseAutoConfiguration:
      Did not match:
         - @ConditionalOnClass did not find required class 'com.couchbase.client.java.Cluster' (OnClassCondition)

   CouchbaseCacheConfiguration:
      Did not match:
         - @ConditionalOnClass did not find required classes 'com.couchbase.client.java.Bucket', 'com.couchbase.client.spring.cache.CouchbaseCacheManager' (OnClassCondition)

   CouchbaseDataAutoConfiguration:
      Did not match:
         - @ConditionalOnClass did not find required class 'com.couchbase.client.java.Bucket' (OnClassCondition)

   CouchbaseHealthIndicatorAutoConfiguration:
      Did not match:
         - @ConditionalOnClass did not find required class 'com.couchbase.client.java.Cluster' (OnClassCondition)

   CouchbaseReactiveDataAutoConfiguration:
      Did not match:
         - @ConditionalOnClass did not find required class 'com.couchbase.client.java.Bucket' (OnClassCondition)

   CouchbaseReactiveHealthIndicatorAutoConfiguration:
      Did not match:
         - @ConditionalOnClass did not find required class 'com.couchbase.client.java.Cluster' (OnClassCondition)

   CouchbaseReactiveRepositoriesAutoConfiguration:
      Did not match:
         - @ConditionalOnClass did not find required class 'com.couchbase.client.java.Bucket' (OnClassCondition)

   CouchbaseRepositoriesAutoConfiguration:
      Did not match:
         - @ConditionalOnClass did not find required class 'com.couchbase.client.java.Bucket' (OnClassCondition)

   DataSourceAutoConfiguration.EmbeddedDatabaseConfiguration:
      Did not match:
         - EmbeddedDataSource found supported pooled data source (DataSourceAutoConfiguration.EmbeddedDatabaseCondition)

   DataSourceAutoConfiguration.PooledDataSourceConfiguration:
      Did not match:
         - @ConditionalOnMissingBean (types: javax.sql.DataSource,javax.sql.XADataSource; SearchStrategy: all) found beans of type 'javax.sql.DataSource' masterDataSource, dataSource, readerDataSource (OnBeanCondition)
      Matched:
         - AnyNestedCondition 1 matched 1 did not; NestedCondition on DataSourceAutoConfiguration.PooledDataSourceCondition.PooledDataSourceAvailable PooledDataSource found supported DataSource; NestedCondition on DataSourceAutoConfiguration.PooledDataSourceCondition.ExplicitType @ConditionalOnProperty (spring.datasource.type) did not find property 'type' (DataSourceAutoConfiguration.PooledDataSourceCondition)

   DataSourceConfiguration.Dbcp2:
      Did not match:
         - @ConditionalOnClass did not find required class 'org.apache.commons.dbcp2.BasicDataSource' (OnClassCondition)

   DataSourceConfiguration.Generic:
      Did not match:
         - @ConditionalOnProperty (spring.datasource.type) did not find property 'spring.datasource.type' (OnPropertyCondition)

   DataSourceConfiguration.Tomcat:
      Did not match:
         - @ConditionalOnClass did not find required class 'org.apache.tomcat.jdbc.pool.DataSource' (OnClassCondition)

   DataSourceJmxConfiguration:
      Did not match:
         - @ConditionalOnProperty (spring.jmx.enabled=true) found different value in property 'enabled' (OnPropertyCondition)

   DataSourcePoolMetadataProvidersConfiguration.CommonsDbcp2PoolDataSourceMetadataProviderConfiguration:
      Did not match:
         - @ConditionalOnClass did not find required class 'org.apache.commons.dbcp2.BasicDataSource' (OnClassCondition)

   DataSourcePoolMetadataProvidersConfiguration.TomcatDataSourcePoolMetadataProviderConfiguration:
      Did not match:
         - @ConditionalOnClass did not find required class 'org.apache.tomcat.jdbc.pool.DataSource' (OnClassCondition)

   DataSourceTransactionManagerAutoConfiguration.DataSourceTransactionManagerConfiguration:
      Did not match:
         - @ConditionalOnSingleCandidate (types: javax.sql.DataSource; SearchStrategy: all) did not find a primary bean from beans 'masterDataSource', 'readerDataSource', 'dataSource' (OnBeanCondition)

   DatadogMetricsExportAutoConfiguration:
      Did not match:
         - @ConditionalOnClass did not find required class 'io.micrometer.datadog.DatadogMeterRegistry' (OnClassCondition)

   DispatcherServletAutoConfiguration.DispatcherServletConfiguration#multipartResolver:
      Did not match:
         - @ConditionalOnBean (types: org.springframework.web.multipart.MultipartResolver; SearchStrategy: all) did not find any beans of type org.springframework.web.multipart.MultipartResolver (OnBeanCondition)

   DynatraceMetricsExportAutoConfiguration:
      Did not match:
         - @ConditionalOnClass did not find required class 'io.micrometer.dynatrace.DynatraceMeterRegistry' (OnClassCondition)

   EhCacheCacheConfiguration:
      Did not match:
         - @ConditionalOnClass did not find required class 'net.sf.ehcache.Cache' (OnClassCondition)

   ElasticMetricsExportAutoConfiguration:
      Did not match:
         - @ConditionalOnClass did not find required class 'io.micrometer.elastic.ElasticMeterRegistry' (OnClassCondition)

   ElasticSearchClientHealthIndicatorAutoConfiguration:
      Did not match:
         - @ConditionalOnClass did not find required class 'org.elasticsearch.client.Client' (OnClassCondition)

   ElasticSearchJestHealthIndicatorAutoConfiguration:
      Did not match:
         - @ConditionalOnClass did not find required class 'io.searchbox.client.JestClient' (OnClassCondition)

   ElasticSearchRestHealthIndicatorAutoConfiguration:
      Did not match:
         - @ConditionalOnClass did not find required class 'org.elasticsearch.client.RestClient' (OnClassCondition)

   ElasticsearchAutoConfiguration:
      Did not match:
         - @ConditionalOnClass did not find required class 'org.elasticsearch.client.Client' (OnClassCondition)

   ElasticsearchDataAutoConfiguration:
      Did not match:
         - @ConditionalOnClass did not find required class 'org.elasticsearch.client.Client' (OnClassCondition)

   ElasticsearchRepositoriesAutoConfiguration:
      Did not match:
         - @ConditionalOnClass did not find required class 'org.elasticsearch.client.Client' (OnClassCondition)

   EmbeddedLdapAutoConfiguration:
      Did not match:
         - @ConditionalOnClass did not find required class 'com.unboundid.ldap.listener.InMemoryDirectoryServer' (OnClassCondition)

   EmbeddedMongoAutoConfiguration:
      Did not match:
         - @ConditionalOnClass did not find required class 'com.mongodb.MongoClient' (OnClassCondition)

   EmbeddedWebServerFactoryCustomizerAutoConfiguration.JettyWebServerFactoryCustomizerConfiguration:
      Did not match:
         - @ConditionalOnClass did not find required classes 'org.eclipse.jetty.server.Server', 'org.eclipse.jetty.util.Loader', 'org.eclipse.jetty.webapp.WebAppContext' (OnClassCondition)

   EmbeddedWebServerFactoryCustomizerAutoConfiguration.NettyWebServerFactoryCustomizerConfiguration:
      Did not match:
         - @ConditionalOnClass did not find required class 'reactor.netty.http.server.HttpServer' (OnClassCondition)

   EmbeddedWebServerFactoryCustomizerAutoConfiguration.UndertowWebServerFactoryCustomizerConfiguration:
      Did not match:
         - @ConditionalOnClass did not find required classes 'io.undertow.Undertow', 'org.xnio.SslClientAuthMode' (OnClassCondition)

   ErrorWebFluxAutoConfiguration:
      Did not match:
         - @ConditionalOnClass did not find required class 'org.springframework.web.reactive.config.WebFluxConfigurer' (OnClassCondition)

   FlywayAutoConfiguration:
      Did not match:
         - @ConditionalOnClass did not find required class 'org.flywaydb.core.Flyway' (OnClassCondition)

   FlywayEndpointAutoConfiguration:
      Did not match:
         - @ConditionalOnClass did not find required class 'org.flywaydb.core.Flyway' (OnClassCondition)

   FreeMarkerAutoConfiguration:
      Did not match:
         - @ConditionalOnClass did not find required class 'freemarker.template.Configuration' (OnClassCondition)

   GangliaMetricsExportAutoConfiguration:
      Did not match:
         - @ConditionalOnClass did not find required class 'io.micrometer.ganglia.GangliaMeterRegistry' (OnClassCondition)

   GraphiteMetricsExportAutoConfiguration:
      Did not match:
         - @ConditionalOnClass did not find required class 'io.micrometer.graphite.GraphiteMeterRegistry' (OnClassCondition)

   GroovyTemplateAutoConfiguration:
      Did not match:
         - @ConditionalOnClass did not find required class 'groovy.text.markup.MarkupTemplateEngine' (OnClassCondition)

   GsonAutoConfiguration:
      Did not match:
         - @ConditionalOnClass did not find required class 'com.google.gson.Gson' (OnClassCondition)

   GsonHttpMessageConvertersConfiguration:
      Did not match:
         - @ConditionalOnClass did not find required class 'com.google.gson.Gson' (OnClassCondition)

   H2ConsoleAutoConfiguration:
      Did not match:
         - @ConditionalOnProperty (spring.h2.console.enabled=true) did not find property 'enabled' (OnPropertyCondition)
      Matched:
         - @ConditionalOnClass found required class 'org.h2.server.web.WebServlet' (OnClassCondition)
         - found 'session' scope (OnWebApplicationCondition)

   HazelcastAutoConfiguration:
      Did not match:
         - @ConditionalOnClass did not find required class 'com.hazelcast.core.HazelcastInstance' (OnClassCondition)

   HazelcastCacheConfiguration:
      Did not match:
         - @ConditionalOnClass did not find required classes 'com.hazelcast.core.HazelcastInstance', 'com.hazelcast.spring.cache.HazelcastCacheManager' (OnClassCondition)

   HazelcastJCacheCustomizationConfiguration:
      Did not match:
         - @ConditionalOnClass did not find required class 'com.hazelcast.core.HazelcastInstance' (OnClassCondition)

   HazelcastJpaDependencyAutoConfiguration:
      Did not match:
         - @ConditionalOnClass did not find required class 'com.hazelcast.core.HazelcastInstance' (OnClassCondition)

   HealthEndpointWebExtensionConfiguration.ReactiveWebHealthConfiguration:
      Did not match:
         - did not find reactive web application classes (OnWebApplicationCondition)

   HealthIndicatorAutoConfiguration#applicationHealthIndicator:
      Did not match:
         - @ConditionalOnMissingBean (types: org.springframework.boot.actuate.health.HealthIndicator,org.springframework.boot.actuate.health.ReactiveHealthIndicator; SearchStrategy: all) found beans of type 'org.springframework.boot.actuate.health.HealthIndicator' redisHealthIndicator, diskSpaceHealthIndicator, dbHealthIndicator (OnBeanCondition)

   HealthIndicatorAutoConfiguration.ReactiveHealthIndicatorConfiguration:
      Did not match:
         - @ConditionalOnClass did not find required class 'reactor.core.publisher.Flux' (OnClassCondition)

   HibernateJpaConfiguration:
      Did not match:
         - @ConditionalOnSingleCandidate (types: javax.sql.DataSource; SearchStrategy: all) did not find a primary bean from beans 'masterDataSource', 'dataSource', 'readerDataSource' (OnBeanCondition)

   HttpHandlerAutoConfiguration:
      Did not match:
         - @ConditionalOnClass did not find required class 'org.springframework.web.reactive.DispatcherHandler' (OnClassCondition)

   HttpTraceAutoConfiguration.ReactiveTraceFilterConfiguration:
      Did not match:
         - did not find reactive web application classes (OnWebApplicationCondition)

   HumioMetricsExportAutoConfiguration:
      Did not match:
         - @ConditionalOnClass did not find required class 'io.micrometer.humio.HumioMeterRegistry' (OnClassCondition)

   HypermediaAutoConfiguration:
      Did not match:
         - @ConditionalOnClass did not find required class 'org.springframework.hateoas.Resource' (OnClassCondition)

   InfinispanCacheConfiguration:
      Did not match:
         - @ConditionalOnClass did not find required class 'org.infinispan.spring.provider.SpringEmbeddedCacheManager' (OnClassCondition)

   InfluxDbAutoConfiguration:
      Did not match:
         - @ConditionalOnClass did not find required class 'org.influxdb.InfluxDB' (OnClassCondition)

   InfluxDbHealthIndicatorAutoConfiguration:
      Did not match:
         - @ConditionalOnClass did not find required class 'org.influxdb.InfluxDB' (OnClassCondition)

   InfluxMetricsExportAutoConfiguration:
      Did not match:
         - @ConditionalOnClass did not find required class 'io.micrometer.influx.InfluxMeterRegistry' (OnClassCondition)

   InfoContributorAutoConfiguration#buildInfoContributor:
      Did not match:
         - @ConditionalOnSingleCandidate (types: org.springframework.boot.info.BuildProperties; SearchStrategy: all) did not find any beans (OnBeanCondition)
      Matched:
         - @ConditionalOnEnabledInfoContributor management.info.defaults.enabled is considered true (OnEnabledInfoContributorCondition)

   InfoContributorAutoConfiguration#gitInfoContributor:
      Did not match:
         - @ConditionalOnSingleCandidate (types: org.springframework.boot.info.GitProperties; SearchStrategy: all) did not find any beans (OnBeanCondition)
      Matched:
         - @ConditionalOnEnabledInfoContributor management.info.defaults.enabled is considered true (OnEnabledInfoContributorCondition)

   IntegrationAutoConfiguration:
      Did not match:
         - @ConditionalOnClass did not find required class 'org.springframework.integration.config.EnableIntegration' (OnClassCondition)

   IntegrationGraphEndpointAutoConfiguration:
      Did not match:
         - @ConditionalOnClass did not find required class 'org.springframework.integration.graph.IntegrationGraphServer' (OnClassCondition)

   JacksonAutoConfiguration.JacksonObjectMapperBuilderConfiguration#jacksonObjectMapperBuilder:
      Did not match:
         - @ConditionalOnMissingBean (types: org.springframework.http.converter.json.Jackson2ObjectMapperBuilder; SearchStrategy: all) found beans of type 'org.springframework.http.converter.json.Jackson2ObjectMapperBuilder' jacksonBuilder (OnBeanCondition)

   JacksonAutoConfiguration.JodaDateTimeJacksonConfiguration:
      Did not match:
         - @ConditionalOnClass did not find required classes 'org.joda.time.DateTime', 'com.fasterxml.jackson.datatype.joda.ser.DateTimeSerializer', 'com.fasterxml.jackson.datatype.joda.cfg.JacksonJodaDateFormat' (OnClassCondition)

   JacksonHttpMessageConvertersConfiguration.MappingJackson2XmlHttpMessageConverterConfiguration:
      Did not match:
         - @ConditionalOnClass did not find required class 'com.fasterxml.jackson.dataformat.xml.XmlMapper' (OnClassCondition)

   JdbcRepositoriesAutoConfiguration:
      Did not match:
         - @ConditionalOnClass did not find required class 'org.springframework.data.jdbc.repository.config.JdbcConfiguration' (OnClassCondition)

   JdbcTemplateAutoConfiguration:
      Did not match:
         - @ConditionalOnSingleCandidate (types: javax.sql.DataSource; SearchStrategy: all) did not find a primary bean from beans 'masterDataSource', 'readerDataSource', 'dataSource' (OnBeanCondition)
      Matched:
         - @ConditionalOnClass found required classes 'javax.sql.DataSource', 'org.springframework.jdbc.core.JdbcTemplate' (OnClassCondition)

   JerseyAutoConfiguration:
      Did not match:
         - @ConditionalOnClass did not find required class 'org.glassfish.jersey.server.spring.SpringComponentProvider' (OnClassCondition)

   JerseyServerMetricsAutoConfiguration:
      Did not match:
         - @ConditionalOnClass did not find required class 'io.micrometer.jersey2.server.MetricsApplicationEventListener' (OnClassCondition)

   JerseyWebEndpointManagementContextConfiguration:
      Did not match:
         - @ConditionalOnClass did not find required class 'org.glassfish.jersey.server.ResourceConfig' (OnClassCondition)

   JestAutoConfiguration:
      Did not match:
         - @ConditionalOnClass did not find required class 'io.searchbox.client.JestClient' (OnClassCondition)

   JettyMetricsAutoConfiguration:
      Did not match:
         - @ConditionalOnClass did not find required class 'org.eclipse.jetty.server.Server' (OnClassCondition)

   JmsAutoConfiguration:
      Did not match:
         - @ConditionalOnClass did not find required class 'javax.jms.Message' (OnClassCondition)

   JmsHealthIndicatorAutoConfiguration:
      Did not match:
         - @ConditionalOnClass did not find required class 'javax.jms.ConnectionFactory' (OnClassCondition)

   JmxAutoConfiguration:
      Did not match:
         - @ConditionalOnProperty (spring.jmx.enabled=true) found different value in property 'enabled' (OnPropertyCondition)
      Matched:
         - @ConditionalOnClass found required class 'org.springframework.jmx.export.MBeanExporter' (OnClassCondition)

   JmxEndpointAutoConfiguration#jmxMBeanExporter:
      Did not match:
         - @ConditionalOnSingleCandidate (types: javax.management.MBeanServer; SearchStrategy: all) did not find any beans (OnBeanCondition)

   JmxMetricsExportAutoConfiguration:
      Did not match:
         - @ConditionalOnClass did not find required class 'io.micrometer.jmx.JmxMeterRegistry' (OnClassCondition)

   JndiConnectionFactoryAutoConfiguration:
      Did not match:
         - @ConditionalOnClass did not find required class 'org.springframework.jms.core.JmsTemplate' (OnClassCondition)

   JndiDataSourceAutoConfiguration:
      Did not match:
         - @ConditionalOnProperty (spring.datasource.jndi-name) did not find property 'jndi-name' (OnPropertyCondition)
      Matched:
         - @ConditionalOnClass found required classes 'javax.sql.DataSource', 'org.springframework.jdbc.datasource.embedded.EmbeddedDatabaseType' (OnClassCondition)

   JndiJtaConfiguration:
      Did not match:
         - @ConditionalOnJndi JNDI environment is not available (OnJndiCondition)
      Matched:
         - @ConditionalOnClass found required class 'org.springframework.transaction.jta.JtaTransactionManager' (OnClassCondition)

   JolokiaEndpointAutoConfiguration:
      Did not match:
         - @ConditionalOnClass did not find required class 'org.jolokia.http.AgentServlet' (OnClassCondition)

   JooqAutoConfiguration:
      Did not match:
         - @ConditionalOnClass did not find required class 'org.jooq.DSLContext' (OnClassCondition)

   JpaRepositoriesAutoConfiguration:
      Did not match:
         - @ConditionalOnMissingBean (types: org.springframework.data.jpa.repository.support.JpaRepositoryFactoryBean,org.springframework.data.jpa.repository.config.JpaRepositoryConfigExtension; SearchStrategy: all) found beans of type 'org.springframework.data.jpa.repository.support.JpaRepositoryFactoryBean' &wideInfoRepository, &phoneRepository, &organizationRepository, &notificationRepository, &bundleRepository, &bridgeListenerInfoRepository, &bundleClientMappingRepository, &userRepository, &appInfoRepository, &socketAuthenticationRepository, &userRoleRepository, &userSubOrgPermissionsRepository, &tagRepository, &rolesRepository, &userLoginInfoRepository and found beans of type 'org.springframework.data.jpa.repository.config.JpaRepositoryConfigExtension' org.springframework.data.jpa.repository.config.JpaRepositoryConfigExtension#0 (OnBeanCondition)
      Matched:
         - @ConditionalOnClass found required class 'org.springframework.data.jpa.repository.JpaRepository' (OnClassCondition)
         - @ConditionalOnProperty (spring.data.jpa.repositories.enabled=true) matched (OnPropertyCondition)

   JsonbAutoConfiguration:
      Did not match:
         - @ConditionalOnClass did not find required class 'javax.json.bind.Jsonb' (OnClassCondition)

   JsonbHttpMessageConvertersConfiguration:
      Did not match:
         - @ConditionalOnClass did not find required class 'javax.json.bind.Jsonb' (OnClassCondition)

   KafkaAutoConfiguration:
      Did not match:
         - @ConditionalOnClass did not find required class 'org.springframework.kafka.core.KafkaTemplate' (OnClassCondition)

   KafkaMetricsAutoConfiguration:
      Did not match:
         - @ConditionalOnClass did not find required class 'org.apache.kafka.clients.consumer.KafkaConsumer' (OnClassCondition)

   KairosMetricsExportAutoConfiguration:
      Did not match:
         - @ConditionalOnClass did not find required class 'io.micrometer.kairos.KairosMeterRegistry' (OnClassCondition)

   LdapAutoConfiguration:
      Did not match:
         - @ConditionalOnClass did not find required class 'org.springframework.ldap.core.ContextSource' (OnClassCondition)

   LdapHealthIndicatorAutoConfiguration:
      Did not match:
         - @ConditionalOnClass did not find required class 'org.springframework.ldap.core.LdapOperations' (OnClassCondition)

   LdapRepositoriesAutoConfiguration:
      Did not match:
         - @ConditionalOnClass did not find required class 'org.springframework.data.ldap.repository.LdapRepository' (OnClassCondition)

   LettuceConnectionConfiguration:
      Did not match:
         - @ConditionalOnClass did not find required class 'io.lettuce.core.RedisClient' (OnClassCondition)

   LiquibaseAutoConfiguration:
      Did not match:
         - @ConditionalOnClass did not find required class 'liquibase.change.DatabaseChange' (OnClassCondition)

   LiquibaseEndpointAutoConfiguration:
      Did not match:
         - @ConditionalOnClass did not find required class 'liquibase.integration.spring.SpringLiquibase' (OnClassCondition)

   Log4J2MetricsAutoConfiguration:
      Did not match:
         - @ConditionalOnClass did not find required class 'org.apache.logging.log4j.core.LoggerContext' (OnClassCondition)

   LogFileWebEndpointAutoConfiguration#logFileWebEndpoint:
      Did not match:
         - Log File did not find logging file (LogFileWebEndpointAutoConfiguration.LogFileCondition)

   MailHealthIndicatorAutoConfiguration:
      Did not match:
         - @ConditionalOnBean (types: org.springframework.mail.javamail.JavaMailSenderImpl; SearchStrategy: all) did not find any beans of type org.springframework.mail.javamail.JavaMailSenderImpl (OnBeanCondition)
      Matched:
         - @ConditionalOnClass found required class 'org.springframework.mail.javamail.JavaMailSenderImpl' (OnClassCondition)
         - @ConditionalOnEnabledHealthIndicator management.health.defaults.enabled is considered true (OnEnabledHealthIndicatorCondition)

   MailSenderAutoConfiguration:
      Did not match:
         - AnyNestedCondition 0 matched 2 did not; NestedCondition on MailSenderAutoConfiguration.MailSenderCondition.JndiNameProperty @ConditionalOnProperty (spring.mail.jndi-name) did not find property 'jndi-name'; NestedCondition on MailSenderAutoConfiguration.MailSenderCondition.HostProperty @ConditionalOnProperty (spring.mail.host) did not find property 'host' (MailSenderAutoConfiguration.MailSenderCondition)
      Matched:
         - @ConditionalOnClass found required classes 'javax.mail.internet.MimeMessage', 'javax.activation.MimeType', 'org.springframework.mail.MailSender' (OnClassCondition)

   MailSenderValidatorAutoConfiguration:
      Did not match:
         - @ConditionalOnProperty (spring.mail.test-connection) did not find property 'test-connection' (OnPropertyCondition)

   ManagementContextAutoConfiguration.DifferentManagementContextConfiguration:
      Did not match:
         - Management Port actual port type (SAME) did not match required type (DIFFERENT) (OnManagementPortCondition)

   ManagementWebSecurityAutoConfiguration:
      Did not match:
         - @ConditionalOnMissingBean (types: org.springframework.security.config.annotation.web.configuration.WebSecurityConfigurerAdapter; SearchStrategy: all) found beans of type 'org.springframework.security.config.annotation.web.configuration.WebSecurityConfigurerAdapter' org.springframework.security.oauth2.config.annotation.web.configuration.AuthorizationServerSecurityConfiguration, org.springframework.security.oauth2.config.annotation.web.configuration.ResourceServerConfiguration, wiseconnectSecurityConfiguration (OnBeanCondition)
      Matched:
         - @ConditionalOnClass found required class 'org.springframework.security.config.annotation.web.configuration.WebSecurityConfigurerAdapter' (OnClassCondition)
         - found 'session' scope (OnWebApplicationCondition)

   MappingsEndpointAutoConfiguration.ReactiveWebConfiguration:
      Did not match:
         - @ConditionalOnClass did not find required class 'org.springframework.web.reactive.DispatcherHandler' (OnClassCondition)

   MessageSourceAutoConfiguration:
      Did not match:
         - ResourceBundle did not find bundle with basename messages (MessageSourceAutoConfiguration.ResourceBundleCondition)

   MongoAutoConfiguration:
      Did not match:
         - @ConditionalOnClass did not find required class 'com.mongodb.MongoClient' (OnClassCondition)

   MongoDataAutoConfiguration:
      Did not match:
         - @ConditionalOnClass did not find required class 'com.mongodb.client.MongoClient' (OnClassCondition)

   MongoHealthIndicatorAutoConfiguration:
      Did not match:
         - @ConditionalOnClass did not find required class 'org.springframework.data.mongodb.core.MongoTemplate' (OnClassCondition)

   MongoReactiveAutoConfiguration:
      Did not match:
         - @ConditionalOnClass did not find required class 'com.mongodb.reactivestreams.client.MongoClient' (OnClassCondition)

   MongoReactiveDataAutoConfiguration:
      Did not match:
         - @ConditionalOnClass did not find required class 'com.mongodb.reactivestreams.client.MongoClient' (OnClassCondition)

   MongoReactiveHealthIndicatorAutoConfiguration:
      Did not match:
         - @ConditionalOnClass did not find required class 'reactor.core.publisher.Flux' (OnClassCondition)

   MongoReactiveRepositoriesAutoConfiguration:
      Did not match:
         - @ConditionalOnClass did not find required class 'com.mongodb.reactivestreams.client.MongoClient' (OnClassCondition)

   MongoRepositoriesAutoConfiguration:
      Did not match:
         - @ConditionalOnClass did not find required class 'com.mongodb.MongoClient' (OnClassCondition)

   MustacheAutoConfiguration:
      Did not match:
         - @ConditionalOnClass did not find required class 'com.samskivert.mustache.Mustache' (OnClassCondition)

   Neo4jDataAutoConfiguration:
      Did not match:
         - @ConditionalOnClass did not find required class 'org.neo4j.ogm.session.SessionFactory' (OnClassCondition)

   Neo4jHealthIndicatorAutoConfiguration:
      Did not match:
         - @ConditionalOnClass did not find required class 'org.neo4j.ogm.session.SessionFactory' (OnClassCondition)

   Neo4jRepositoriesAutoConfiguration:
      Did not match:
         - @ConditionalOnClass did not find required class 'org.neo4j.ogm.session.Neo4jSession' (OnClassCondition)

   NewRelicMetricsExportAutoConfiguration:
      Did not match:
         - @ConditionalOnClass did not find required class 'io.micrometer.newrelic.NewRelicMeterRegistry' (OnClassCondition)

   NoOpMeterRegistryConfiguration:
      Did not match:
         - @ConditionalOnMissingBean (types: io.micrometer.core.instrument.MeterRegistry; SearchStrategy: all) found beans of type 'io.micrometer.core.instrument.MeterRegistry' simpleMeterRegistry (OnBeanCondition)

   OAuth2AuthorizationServerConfiguration:
      Did not match:
         - @ConditionalOnMissingBean (types: org.springframework.security.oauth2.config.annotation.web.configuration.AuthorizationServerConfigurer; SearchStrategy: all) found beans of type 'org.springframework.security.oauth2.config.annotation.web.configuration.AuthorizationServerConfigurer' wiseconnectAuthorizationServerConfiguration (OnBeanCondition)
      Matched:
         - @ConditionalOnClass found required class 'org.springframework.security.oauth2.config.annotation.web.configuration.EnableAuthorizationServer' (OnClassCondition)

   OAuth2ClientRegistrationRepositoryConfiguration:
      Did not match:
         - OAuth2 Clients Configured Condition registered clients is not available (ClientsConfiguredCondition)

   OAuth2MethodSecurityConfiguration:
      Did not match:
         - @ConditionalOnBean (types: org.springframework.security.config.annotation.method.configuration.GlobalMethodSecurityConfiguration; SearchStrategy: all) did not find any beans of type org.springframework.security.config.annotation.method.configuration.GlobalMethodSecurityConfiguration (OnBeanCondition)
      Matched:
         - @ConditionalOnClass found required class 'org.springframework.security.oauth2.common.OAuth2AccessToken' (OnClassCondition)

   OAuth2ResourceServerAutoConfiguration:
      Did not match:
         - @ConditionalOnClass did not find required class 'org.springframework.security.oauth2.server.resource.authentication.JwtAuthenticationToken' (OnClassCondition)

   OAuth2ResourceServerConfiguration#resourceServer:
      Did not match:
         - @ConditionalOnMissingBean (types: org.springframework.security.oauth2.config.annotation.web.configuration.ResourceServerConfigurer; SearchStrategy: all) found beans of type 'org.springframework.security.oauth2.config.annotation.web.configuration.ResourceServerConfigurer' wiseconnectResourceServerConfiguration (OnBeanCondition)

   OAuth2RestOperationsConfiguration.RequestScopedConfiguration:
      Did not match:
         - OAuth Client ID did not find security.oauth2.client.client-id property (OAuth2RestOperationsConfiguration.OAuth2ClientIdCondition)

   OAuth2RestOperationsConfiguration.SessionScopedConfiguration:
      Did not match:
         - OAuth Client ID did not find security.oauth2.client.client-id property (OAuth2RestOperationsConfiguration.OAuth2ClientIdCondition)

   OAuth2RestOperationsConfiguration.SingletonScopedConfiguration:
      Did not match:
         - AnyNestedCondition 0 matched 2 did not; NestedCondition on OAuth2RestOperationsConfiguration.ClientCredentialsCondition.NoWebApplication @ConditionalOnWebApplication found 'session' scope and did not find reactive web application classes; NestedCondition on OAuth2RestOperationsConfiguration.ClientCredentialsCondition.ClientCredentialsConfigured @ConditionalOnProperty (security.oauth2.client.grant-type=client_credentials) did not find property 'grant-type' (OAuth2RestOperationsConfiguration.ClientCredentialsCondition)

   OAuth2WebSecurityConfiguration:
      Did not match:
         - @ConditionalOnBean (types: org.springframework.security.oauth2.client.registration.ClientRegistrationRepository; SearchStrategy: all) did not find any beans of type org.springframework.security.oauth2.client.registration.ClientRegistrationRepository (OnBeanCondition)

   ProjectInfoAutoConfiguration#buildProperties:
      Did not match:
         - @ConditionalOnResource did not find resource '${spring.info.build.location:classpath:META-INF/build-info.properties}' (OnResourceCondition)

   ProjectInfoAutoConfiguration#gitProperties:
      Did not match:
         - GitResource did not find git info at classpath:git.properties (ProjectInfoAutoConfiguration.GitResourceAvailableCondition)

   PrometheusMetricsExportAutoConfiguration:
      Did not match:
         - @ConditionalOnClass did not find required class 'io.micrometer.prometheus.PrometheusMeterRegistry' (OnClassCondition)

   QuartzAutoConfiguration:
      Did not match:
         - @ConditionalOnClass did not find required class 'org.quartz.Scheduler' (OnClassCondition)

   RabbitAutoConfiguration:
      Did not match:
         - @ConditionalOnClass did not find required class 'com.rabbitmq.client.Channel' (OnClassCondition)

   RabbitHealthIndicatorAutoConfiguration:
      Did not match:
         - @ConditionalOnClass did not find required class 'org.springframework.amqp.rabbit.core.RabbitTemplate' (OnClassCondition)

   RabbitMetricsAutoConfiguration:
      Did not match:
         - @ConditionalOnClass did not find required class 'com.rabbitmq.client.ConnectionFactory' (OnClassCondition)

   ReactiveCloudFoundryActuatorAutoConfiguration:
      Did not match:
         - @ConditionalOnWebApplication did not find reactive web application classes (OnWebApplicationCondition)

   ReactiveManagementContextAutoConfiguration:
      Did not match:
         - @ConditionalOnClass did not find required class 'reactor.core.publisher.Flux' (OnClassCondition)

   ReactiveManagementWebSecurityAutoConfiguration:
      Did not match:
         - @ConditionalOnWebApplication did not find reactive web application classes (OnWebApplicationCondition)

   ReactiveOAuth2ClientAutoConfiguration:
      Did not match:
         - @ConditionalOnClass did not find required class 'reactor.core.publisher.Flux' (OnClassCondition)

   ReactiveOAuth2ResourceServerAutoConfiguration:
      Did not match:
         - @ConditionalOnClass did not find required class 'org.springframework.security.oauth2.server.resource.BearerTokenAuthenticationToken' (OnClassCondition)

   ReactiveSecurityAutoConfiguration:
      Did not match:
         - @ConditionalOnClass did not find required class 'reactor.core.publisher.Flux' (OnClassCondition)

   ReactiveUserDetailsServiceAutoConfiguration:
      Did not match:
         - @ConditionalOnWebApplication did not find reactive web application classes (OnWebApplicationCondition)

   ReactiveWebServerFactoryAutoConfiguration:
      Did not match:
         - @ConditionalOnWebApplication did not find reactive web application classes (OnWebApplicationCondition)

   ReactorCoreAutoConfiguration:
      Did not match:
         - @ConditionalOnClass did not find required class 'reactor.core.publisher.Flux' (OnClassCondition)

   RedisReactiveAutoConfiguration:
      Did not match:
         - @ConditionalOnClass did not find required class 'reactor.core.publisher.Flux' (OnClassCondition)

   RedisReactiveHealthIndicatorAutoConfiguration:
      Did not match:
         - @ConditionalOnClass did not find required class 'reactor.core.publisher.Flux' (OnClassCondition)

   RepositoryRestMvcAutoConfiguration:
      Did not match:
         - @ConditionalOnClass did not find required class 'org.springframework.data.rest.webmvc.config.RepositoryRestMvcConfiguration' (OnClassCondition)

   ResourceServerTokenServicesConfiguration:
      Did not match:
         - @ConditionalOnMissingBean (types: org.springframework.security.oauth2.config.annotation.web.configuration.AuthorizationServerEndpointsConfiguration; SearchStrategy: all) found beans of type 'org.springframework.security.oauth2.config.annotation.web.configuration.AuthorizationServerEndpointsConfiguration' org.springframework.security.oauth2.config.annotation.web.configuration.AuthorizationServerEndpointsConfiguration (OnBeanCondition)

   ResourceServerTokenServicesConfiguration.JwkTokenStoreConfiguration:
      Did not match:
         - OAuth JWK Condition did not find key jwk set URI not provided (ResourceServerTokenServicesConfiguration.JwkCondition)
         - Ancestor org.springframework.boot.autoconfigure.security.oauth2.resource.ResourceServerTokenServicesConfiguration did not match (ConditionEvaluationReport.AncestorsMatchedCondition)

   ResourceServerTokenServicesConfiguration.JwtTokenServicesConfiguration:
      Did not match:
         - OAuth JWT Condition did not find provided public key (ResourceServerTokenServicesConfiguration.JwtTokenCondition)
         - Ancestor org.springframework.boot.autoconfigure.security.oauth2.resource.ResourceServerTokenServicesConfiguration did not match (ConditionEvaluationReport.AncestorsMatchedCondition)

   ResourceServerTokenServicesConfiguration.RemoteTokenServicesConfiguration:
      Did not match:
         - Ancestor org.springframework.boot.autoconfigure.security.oauth2.resource.ResourceServerTokenServicesConfiguration did not match (ConditionEvaluationReport.AncestorsMatchedCondition)
      Matched:
         - NoneNestedConditions 0 matched 2 did not; NestedCondition on ResourceServerTokenServicesConfiguration.RemoteTokenCondition.HasJwkConfiguration OAuth JWK Condition did not find key jwk set URI not provided; NestedCondition on ResourceServerTokenServicesConfiguration.RemoteTokenCondition.HasJwtConfiguration OAuth JWT Condition did not find provided public key (ResourceServerTokenServicesConfiguration.RemoteTokenCondition)

   ResourceServerTokenServicesConfiguration.RemoteTokenServicesConfiguration.SocialTokenServicesConfiguration:
      Did not match:
         - @ConditionalOnClass did not find required class 'org.springframework.social.connect.support.OAuth2ConnectionFactory' (OnClassCondition)
         - Ancestor org.springframework.boot.autoconfigure.security.oauth2.resource.ResourceServerTokenServicesConfiguration did not match (ConditionEvaluationReport.AncestorsMatchedCondition)
         - Ancestor org.springframework.boot.autoconfigure.security.oauth2.resource.ResourceServerTokenServicesConfiguration$RemoteTokenServicesConfiguration did not match (ConditionEvaluationReport.AncestorsMatchedCondition)

   ResourceServerTokenServicesConfiguration.RemoteTokenServicesConfiguration.TokenInfoServicesConfiguration:
      Did not match:
         - Ancestor org.springframework.boot.autoconfigure.security.oauth2.resource.ResourceServerTokenServicesConfiguration did not match (ConditionEvaluationReport.AncestorsMatchedCondition)
         - Ancestor org.springframework.boot.autoconfigure.security.oauth2.resource.ResourceServerTokenServicesConfiguration$RemoteTokenServicesConfiguration did not match (ConditionEvaluationReport.AncestorsMatchedCondition)
      Matched:
         - OAuth TokenInfo Condition did not find user-info-uri property (ResourceServerTokenServicesConfiguration.TokenInfoCondition)

   ResourceServerTokenServicesConfiguration.RemoteTokenServicesConfiguration.UserInfoTokenServicesConfiguration:
      Did not match:
         - OAuth TokenInfo Condition did not find user-info-uri property (ResourceServerTokenServicesConfiguration.NotTokenInfoCondition)
         - Ancestor org.springframework.boot.autoconfigure.security.oauth2.resource.ResourceServerTokenServicesConfiguration did not match (ConditionEvaluationReport.AncestorsMatchedCondition)
         - Ancestor org.springframework.boot.autoconfigure.security.oauth2.resource.ResourceServerTokenServicesConfiguration$RemoteTokenServicesConfiguration did not match (ConditionEvaluationReport.AncestorsMatchedCondition)
      Matched:
         - @ConditionalOnMissingClass did not find unwanted class 'org.springframework.social.connect.support.OAuth2ConnectionFactory' (OnClassCondition)

   RestClientAutoConfiguration:
      Did not match:
         - @ConditionalOnClass did not find required class 'org.elasticsearch.client.RestClient' (OnClassCondition)

   SecurityDataConfiguration:
      Did not match:
         - @ConditionalOnClass did not find required class 'org.springframework.security.data.repository.query.SecurityEvaluationContextExtension' (OnClassCondition)

   SecurityRequestMatcherProviderAutoConfiguration.JerseyRequestMatcherConfiguration:
      Did not match:
         - @ConditionalOnClass did not find required class 'org.glassfish.jersey.server.ResourceConfig' (OnClassCondition)

   SendGridAutoConfiguration:
      Did not match:
         - @ConditionalOnClass did not find required class 'com.sendgrid.SendGrid' (OnClassCondition)

   ServletEndpointManagementContextConfiguration.JerseyServletEndpointManagementContextConfiguration:
      Did not match:
         - @ConditionalOnClass did not find required class 'org.glassfish.jersey.server.ResourceConfig' (OnClassCondition)

   ServletManagementContextAutoConfiguration.ApplicationContextFilterConfiguration:
      Did not match:
         - @ConditionalOnProperty (management.server.add-application-context-header=true) did not find property 'add-application-context-header' (OnPropertyCondition)

   ServletWebServerFactoryConfiguration.EmbeddedJetty:
      Did not match:
         - @ConditionalOnClass did not find required classes 'org.eclipse.jetty.server.Server', 'org.eclipse.jetty.util.Loader', 'org.eclipse.jetty.webapp.WebAppContext' (OnClassCondition)

   ServletWebServerFactoryConfiguration.EmbeddedTomcat:
      Did not match:
         - @ConditionalOnMissingBean (types: org.springframework.boot.web.servlet.server.ServletWebServerFactory; SearchStrategy: current) found beans of type 'org.springframework.boot.web.servlet.server.ServletWebServerFactory' servletContainer (OnBeanCondition)
      Matched:
         - @ConditionalOnClass found required classes 'javax.servlet.Servlet', 'org.apache.catalina.startup.Tomcat', 'org.apache.coyote.UpgradeProtocol' (OnClassCondition)

   ServletWebServerFactoryConfiguration.EmbeddedUndertow:
      Did not match:
         - @ConditionalOnClass did not find required classes 'io.undertow.Undertow', 'org.xnio.SslClientAuthMode' (OnClassCondition)

   SessionAutoConfiguration:
      Did not match:
         - @ConditionalOnClass did not find required class 'org.springframework.session.Session' (OnClassCondition)

   SessionsEndpointAutoConfiguration:
      Did not match:
         - @ConditionalOnClass did not find required class 'org.springframework.session.FindByIndexNameSessionRepository' (OnClassCondition)

   ShutdownEndpointAutoConfiguration#shutdownEndpoint:
      Did not match:
         - @ConditionalOnEnabledEndpoint no property management.endpoint.shutdown.enabled found so using endpoint default (OnEnabledEndpointCondition)
      Matched:
         - @ConditionalOnMissingBean (types: org.springframework.boot.actuate.context.ShutdownEndpoint; SearchStrategy: all) did not find any beans (OnBeanCondition)

   SignalFxMetricsExportAutoConfiguration:
      Did not match:
         - @ConditionalOnClass did not find required class 'io.micrometer.signalfx.SignalFxMeterRegistry' (OnClassCondition)

   SolrAutoConfiguration:
      Did not match:
         - @ConditionalOnClass did not find required class 'org.apache.solr.client.solrj.impl.CloudSolrClient' (OnClassCondition)

   SolrHealthIndicatorAutoConfiguration:
      Did not match:
         - @ConditionalOnClass did not find required class 'org.apache.solr.client.solrj.SolrClient' (OnClassCondition)

   SolrRepositoriesAutoConfiguration:
      Did not match:
         - @ConditionalOnClass did not find required class 'org.apache.solr.client.solrj.SolrClient' (OnClassCondition)

   SpringApplicationAdminJmxAutoConfiguration:
      Did not match:
         - @ConditionalOnProperty (spring.application.admin.enabled=true) did not find property 'enabled' (OnPropertyCondition)

   SpringBootWebSecurityConfiguration:
      Did not match:
         - @ConditionalOnMissingBean (types: org.springframework.security.config.annotation.web.configuration.WebSecurityConfigurerAdapter; SearchStrategy: all) found beans of type 'org.springframework.security.config.annotation.web.configuration.WebSecurityConfigurerAdapter' org.springframework.security.oauth2.config.annotation.web.configuration.AuthorizationServerSecurityConfiguration, org.springframework.security.oauth2.config.annotation.web.configuration.ResourceServerConfiguration, wiseconnectSecurityConfiguration (OnBeanCondition)
      Matched:
         - @ConditionalOnClass found required class 'org.springframework.security.config.annotation.web.configuration.WebSecurityConfigurerAdapter' (OnClassCondition)
         - found 'session' scope (OnWebApplicationCondition)

   StatsdMetricsExportAutoConfiguration:
      Did not match:
         - @ConditionalOnClass did not find required class 'io.micrometer.statsd.StatsdMeterRegistry' (OnClassCondition)

   TaskSchedulingAutoConfiguration#taskScheduler:
      Did not match:
         - @ConditionalOnBean (names: org.springframework.context.annotation.internalScheduledAnnotationProcessor; SearchStrategy: all) did not find any beans named org.springframework.context.annotation.internalScheduledAnnotationProcessor (OnBeanCondition)

   ThymeleafAutoConfiguration.DataAttributeDialectConfiguration:
      Did not match:
         - @ConditionalOnClass did not find required class 'com.github.mxab.thymeleaf.extras.dataattribute.dialect.DataAttributeDialect' (OnClassCondition)

   ThymeleafAutoConfiguration.ThymeleafReactiveConfiguration:
      Did not match:
         - did not find reactive web application classes (OnWebApplicationCondition)

   ThymeleafAutoConfiguration.ThymeleafSecurityDialectConfiguration:
      Did not match:
         - @ConditionalOnClass did not find required class 'org.thymeleaf.extras.springsecurity5.dialect.SpringSecurityDialect' (OnClassCondition)

   ThymeleafAutoConfiguration.ThymeleafWebFluxConfiguration:
      Did not match:
         - did not find reactive web application classes (OnWebApplicationCondition)

   ThymeleafAutoConfiguration.ThymeleafWebLayoutConfiguration:
      Did not match:
         - @ConditionalOnClass did not find required class 'nz.net.ultraq.thymeleaf.LayoutDialect' (OnClassCondition)

   ThymeleafAutoConfiguration.ThymeleafWebMvcConfiguration#resourceUrlEncodingFilter:
      Did not match:
         - @ConditionalOnEnabledResourceChain did not find class org.webjars.WebJarAssetLocator (OnEnabledResourceChainCondition)

   TransactionAutoConfiguration.EnableTransactionManagementConfiguration:
      Did not match:
         - @ConditionalOnMissingBean (types: org.springframework.transaction.annotation.AbstractTransactionManagementConfiguration; SearchStrategy: all) found beans of type 'org.springframework.transaction.annotation.AbstractTransactionManagementConfiguration' org.springframework.transaction.annotation.ProxyTransactionManagementConfiguration (OnBeanCondition)

   TransactionAutoConfiguration.EnableTransactionManagementConfiguration.CglibAutoProxyConfiguration:
      Did not match:
         - Ancestor org.springframework.boot.autoconfigure.transaction.TransactionAutoConfiguration$EnableTransactionManagementConfiguration did not match (ConditionEvaluationReport.AncestorsMatchedCondition)
      Matched:
         - @ConditionalOnProperty (spring.aop.proxy-target-class=true) matched (OnPropertyCondition)

   TransactionAutoConfiguration.EnableTransactionManagementConfiguration.JdkDynamicAutoProxyConfiguration:
      Did not match:
         - @ConditionalOnProperty (spring.aop.proxy-target-class=false) did not find property 'proxy-target-class' (OnPropertyCondition)
         - Ancestor org.springframework.boot.autoconfigure.transaction.TransactionAutoConfiguration$EnableTransactionManagementConfiguration did not match (ConditionEvaluationReport.AncestorsMatchedCondition)

   WavefrontMetricsExportAutoConfiguration:
      Did not match:
         - @ConditionalOnClass did not find required class 'io.micrometer.wavefront.WavefrontMeterRegistry' (OnClassCondition)

   WebClientAutoConfiguration:
      Did not match:
         - @ConditionalOnClass did not find required class 'org.springframework.web.reactive.function.client.WebClient' (OnClassCondition)

   WebClientMetricsConfiguration:
      Did not match:
         - @ConditionalOnClass did not find required class 'org.springframework.web.reactive.function.client.WebClient' (OnClassCondition)

   WebFluxAutoConfiguration:
      Did not match:
         - @ConditionalOnClass did not find required class 'org.springframework.web.reactive.config.WebFluxConfigurer' (OnClassCondition)

   WebFluxEndpointManagementContextConfiguration:
      Did not match:
         - @ConditionalOnClass did not find required class 'org.springframework.web.reactive.DispatcherHandler' (OnClassCondition)

   WebFluxMetricsAutoConfiguration:
      Did not match:
         - @ConditionalOnWebApplication did not find reactive web application classes (OnWebApplicationCondition)

   WebMvcAutoConfiguration.ResourceChainCustomizerConfiguration:
      Did not match:
         - @ConditionalOnEnabledResourceChain did not find class org.webjars.WebJarAssetLocator (OnEnabledResourceChainCondition)

   WebMvcAutoConfiguration.WebMvcAutoConfigurationAdapter#beanNameViewResolver:
      Did not match:
         - @ConditionalOnMissingBean (types: org.springframework.web.servlet.view.BeanNameViewResolver; SearchStrategy: all) found beans of type 'org.springframework.web.servlet.view.BeanNameViewResolver' beanNameViewResolver (OnBeanCondition)

   WebMvcAutoConfiguration.WebMvcAutoConfigurationAdapter#localeResolver:
      Did not match:
         - @ConditionalOnProperty (spring.mvc.locale) did not find property 'locale' (OnPropertyCondition)

   WebSecurityEnablerConfiguration:
      Did not match:
         - @ConditionalOnMissingBean (names: springSecurityFilterChain; SearchStrategy: all) found beans named springSecurityFilterChain (OnBeanCondition)
      Matched:
         - found 'session' scope (OnWebApplicationCondition)

   WebServiceTemplateAutoConfiguration:
      Did not match:
         - @ConditionalOnClass did not find required class 'org.springframework.ws.client.core.WebServiceTemplate' (OnClassCondition)

   WebServicesAutoConfiguration:
      Did not match:
         - @ConditionalOnClass did not find required class 'org.springframework.ws.transport.http.MessageDispatcherServlet' (OnClassCondition)

   WebSocketMessagingAutoConfiguration:
      Did not match:
         - @ConditionalOnClass did not find required class 'org.springframework.web.socket.config.annotation.WebSocketMessageBrokerConfigurer' (OnClassCondition)

   WebSocketReactiveAutoConfiguration:
      Did not match:
         - @ConditionalOnWebApplication did not find reactive web application classes (OnWebApplicationCondition)

   WebSocketServletAutoConfiguration.JettyWebSocketConfiguration:
      Did not match:
         - @ConditionalOnClass did not find required class 'org.eclipse.jetty.websocket.jsr356.server.deploy.WebSocketServerContainerInitializer' (OnClassCondition)

   WebSocketServletAutoConfiguration.UndertowWebSocketConfiguration:
      Did not match:
         - @ConditionalOnClass did not find required class 'io.undertow.websockets.jsr.Bootstrap' (OnClassCondition)

   XADataSourceAutoConfiguration:
      Did not match:
         - @ConditionalOnBean (types: org.springframework.boot.jdbc.XADataSourceWrapper; SearchStrategy: all) did not find any beans of type org.springframework.boot.jdbc.XADataSourceWrapper (OnBeanCondition)
      Matched:
         - @ConditionalOnClass found required classes 'javax.sql.DataSource', 'javax.transaction.TransactionManager', 'org.springframework.jdbc.datasource.embedded.EmbeddedDatabaseType' (OnClassCondition)


Exclusions:
-----------

    org.springframework.boot.autoconfigure.security.servlet.UserDetailsServiceAutoConfiguration


Unconditional classes:
----------------------

    org.springframework.boot.actuate.autoconfigure.management.HeapDumpWebEndpointAutoConfiguration

    org.springframework.boot.actuate.autoconfigure.scheduling.ScheduledTasksEndpointAutoConfiguration

    org.springframework.boot.actuate.autoconfigure.health.HealthIndicatorAutoConfiguration

    org.springframework.boot.actuate.autoconfigure.info.InfoContributorAutoConfiguration

    org.springframework.boot.autoconfigure.context.PropertyPlaceholderAutoConfiguration

    org.springframework.boot.actuate.autoconfigure.logging.LogFileWebEndpointAutoConfiguration

    org.springframework.boot.actuate.autoconfigure.env.EnvironmentEndpointAutoConfiguration

    org.springframework.boot.actuate.autoconfigure.context.ShutdownEndpointAutoConfiguration

    org.springframework.boot.actuate.autoconfigure.health.HealthEndpointAutoConfiguration

    org.springframework.boot.actuate.autoconfigure.context.properties.ConfigurationPropertiesReportEndpointAutoConfiguration

    org.springframework.boot.actuate.autoconfigure.trace.http.HttpTraceEndpointAutoConfiguration

    org.springframework.boot.actuate.autoconfigure.logging.LoggersEndpointAutoConfiguration

    org.springframework.boot.actuate.autoconfigure.info.InfoEndpointAutoConfiguration

    org.springframework.boot.autoconfigure.context.ConfigurationPropertiesAutoConfiguration

    org.springframework.boot.actuate.autoconfigure.endpoint.jmx.JmxEndpointAutoConfiguration

    org.springframework.boot.actuate.autoconfigure.endpoint.EndpointAutoConfiguration

    org.springframework.boot.actuate.autoconfigure.beans.BeansEndpointAutoConfiguration

    org.springframework.boot.actuate.autoconfigure.condition.ConditionsReportEndpointAutoConfiguration

    org.springframework.boot.actuate.autoconfigure.web.server.ManagementContextAutoConfiguration

    org.springframework.boot.actuate.autoconfigure.audit.AuditEventsEndpointAutoConfiguration

    org.springframework.boot.actuate.autoconfigure.web.mappings.MappingsEndpointAutoConfiguration

    org.springframework.boot.actuate.autoconfigure.audit.AuditAutoConfiguration

    org.springframework.boot.actuate.autoconfigure.management.ThreadDumpEndpointAutoConfiguration

    org.springframework.boot.autoconfigure.info.ProjectInfoAutoConfiguration



25-04-2019 19:06:45.364 reqId=[]  INFO 8570 --- [           main] c.w.w.WiseconnectPasswordGrantTypeTest   : Started WiseconnectPasswordGrantTypeTest in 22.626 seconds (JVM running for 24.75)
25-04-2019 19:06:45.460 reqId=[] DEBUG 8570 --- [           main] c.DefaultCacheAwareContextLoaderDelegate : Storing ApplicationContext in cache under key [[WebMergedContextConfiguration@4803b726 testClass = WiseconnectPasswordGrantTypeTest, locations = '{}', classes = '{class com.wisilica.wiseconnect.WiseconnectApplication}', contextInitializerClasses = '[]', activeProfiles = '{}', propertySourceLocations = '{}', propertySourceProperties = '{org.springframework.boot.test.context.SpringBootTestContextBootstrapper=true}', contextCustomizers = set[org.springframework.boot.test.context.filter.ExcludeFilterContextCustomizer@124c278f, org.springframework.boot.test.json.DuplicateJsonObjectContextCustomizerFactory$DuplicateJsonObjectContextCustomizer@6ce139a4, org.springframework.boot.test.mock.mockito.MockitoContextCustomizer@0, org.springframework.boot.test.web.client.TestRestTemplateContextCustomizer@6193932a, org.springframework.boot.test.autoconfigure.properties.PropertyMappingContextCustomizer@0, org.springframework.boot.test.autoconfigure.web.servlet.WebDriverContextCustomizerFactory$Customizer@5ccddd20], resourceBasePath = 'src/main/webapp', contextLoader = 'org.springframework.boot.test.context.SpringBootContextLoader', parent = [null]]]
25-04-2019 19:06:45.460 reqId=[] DEBUG 8570 --- [           main] org.springframework.test.context.cache   : Spring test ApplicationContext cache statistics: [DefaultContextCache@31d8352e size = 1, maxSize = 32, parentContextCount = 0, hitCount = 0, missCount = 1]
25-04-2019 19:06:45.462 reqId=[] DEBUG 8570 --- [           main] o.s.t.c.w.ServletTestExecutionListener   : Setting up MockHttpServletRequest, MockHttpServletResponse, ServletWebRequest, and RequestContextHolder for test context [DefaultTestContext@f0da945 testClass = WiseconnectPasswordGrantTypeTest, testInstance = com.wisilica.wiseconnect.WiseconnectPasswordGrantTypeTest@27244a88, testMethod = [null], testException = [null], mergedContextConfiguration = [WebMergedContextConfiguration@4803b726 testClass = WiseconnectPasswordGrantTypeTest, locations = '{}', classes = '{class com.wisilica.wiseconnect.WiseconnectApplication}', contextInitializerClasses = '[]', activeProfiles = '{}', propertySourceLocations = '{}', propertySourceProperties = '{org.springframework.boot.test.context.SpringBootTestContextBootstrapper=true}', contextCustomizers = set[org.springframework.boot.test.context.filter.ExcludeFilterContextCustomizer@124c278f, org.springframework.boot.test.json.DuplicateJsonObjectContextCustomizerFactory$DuplicateJsonObjectContextCustomizer@6ce139a4, org.springframework.boot.test.mock.mockito.MockitoContextCustomizer@0, org.springframework.boot.test.web.client.TestRestTemplateContextCustomizer@6193932a, org.springframework.boot.test.autoconfigure.properties.PropertyMappingContextCustomizer@0, org.springframework.boot.test.autoconfigure.web.servlet.WebDriverContextCustomizerFactory$Customizer@5ccddd20], resourceBasePath = 'src/main/webapp', contextLoader = 'org.springframework.boot.test.context.SpringBootContextLoader', parent = [null]], attributes = map['org.springframework.test.context.web.ServletTestExecutionListener.activateListener' -> true]].
25-04-2019 19:06:45.509 reqId=[] DEBUG 8570 --- [           main] DependencyInjectionTestExecutionListener : Performing dependency injection for test context [[DefaultTestContext@f0da945 testClass = WiseconnectPasswordGrantTypeTest, testInstance = com.wisilica.wiseconnect.WiseconnectPasswordGrantTypeTest@27244a88, testMethod = [null], testException = [null], mergedContextConfiguration = [WebMergedContextConfiguration@4803b726 testClass = WiseconnectPasswordGrantTypeTest, locations = '{}', classes = '{class com.wisilica.wiseconnect.WiseconnectApplication}', contextInitializerClasses = '[]', activeProfiles = '{}', propertySourceLocations = '{}', propertySourceProperties = '{org.springframework.boot.test.context.SpringBootTestContextBootstrapper=true}', contextCustomizers = set[org.springframework.boot.test.context.filter.ExcludeFilterContextCustomizer@124c278f, org.springframework.boot.test.json.DuplicateJsonObjectContextCustomizerFactory$DuplicateJsonObjectContextCustomizer@6ce139a4, org.springframework.boot.test.mock.mockito.MockitoContextCustomizer@0, org.springframework.boot.test.web.client.TestRestTemplateContextCustomizer@6193932a, org.springframework.boot.test.autoconfigure.properties.PropertyMappingContextCustomizer@0, org.springframework.boot.test.autoconfigure.web.servlet.WebDriverContextCustomizerFactory$Customizer@5ccddd20], resourceBasePath = 'src/main/webapp', contextLoader = 'org.springframework.boot.test.context.SpringBootContextLoader', parent = [null]], attributes = map['org.springframework.test.context.web.ServletTestExecutionListener.activateListener' -> true, 'org.springframework.test.context.web.ServletTestExecutionListener.populatedRequestContextHolder' -> true, 'org.springframework.test.context.web.ServletTestExecutionListener.resetRequestContextHolder' -> true]]].
25-04-2019 19:06:45.510 reqId=[] DEBUG 8570 --- [           main] c.DefaultCacheAwareContextLoaderDelegate : Retrieved ApplicationContext from cache with key [[WebMergedContextConfiguration@4803b726 testClass = WiseconnectPasswordGrantTypeTest, locations = '{}', classes = '{class com.wisilica.wiseconnect.WiseconnectApplication}', contextInitializerClasses = '[]', activeProfiles = '{}', propertySourceLocations = '{}', propertySourceProperties = '{org.springframework.boot.test.context.SpringBootTestContextBootstrapper=true}', contextCustomizers = set[org.springframework.boot.test.context.filter.ExcludeFilterContextCustomizer@124c278f, org.springframework.boot.test.json.DuplicateJsonObjectContextCustomizerFactory$DuplicateJsonObjectContextCustomizer@6ce139a4, org.springframework.boot.test.mock.mockito.MockitoContextCustomizer@0, org.springframework.boot.test.web.client.TestRestTemplateContextCustomizer@6193932a, org.springframework.boot.test.autoconfigure.properties.PropertyMappingContextCustomizer@0, org.springframework.boot.test.autoconfigure.web.servlet.WebDriverContextCustomizerFactory$Customizer@5ccddd20], resourceBasePath = 'src/main/webapp', contextLoader = 'org.springframework.boot.test.context.SpringBootContextLoader', parent = [null]]]
25-04-2019 19:06:45.510 reqId=[] DEBUG 8570 --- [           main] org.springframework.test.context.cache   : Spring test ApplicationContext cache statistics: [DefaultContextCache@31d8352e size = 1, maxSize = 32, parentContextCount = 0, hitCount = 1, missCount = 1]
25-04-2019 19:06:45.530 reqId=[] DEBUG 8570 --- [           main] tractDirtiesContextTestExecutionListener : Before test method: context [DefaultTestContext@f0da945 testClass = WiseconnectPasswordGrantTypeTest, testInstance = com.wisilica.wiseconnect.WiseconnectPasswordGrantTypeTest@27244a88, testMethod = passwordGrantTesting@WiseconnectPasswordGrantTypeTest, testException = [null], mergedContextConfiguration = [WebMergedContextConfiguration@4803b726 testClass = WiseconnectPasswordGrantTypeTest, locations = '{}', classes = '{class com.wisilica.wiseconnect.WiseconnectApplication}', contextInitializerClasses = '[]', activeProfiles = '{}', propertySourceLocations = '{}', propertySourceProperties = '{org.springframework.boot.test.context.SpringBootTestContextBootstrapper=true}', contextCustomizers = set[org.springframework.boot.test.context.filter.ExcludeFilterContextCustomizer@124c278f, org.springframework.boot.test.json.DuplicateJsonObjectContextCustomizerFactory$DuplicateJsonObjectContextCustomizer@6ce139a4, org.springframework.boot.test.mock.mockito.MockitoContextCustomizer@0, org.springframework.boot.test.web.client.TestRestTemplateContextCustomizer@6193932a, org.springframework.boot.test.autoconfigure.properties.PropertyMappingContextCustomizer@0, org.springframework.boot.test.autoconfigure.web.servlet.WebDriverContextCustomizerFactory$Customizer@5ccddd20], resourceBasePath = 'src/main/webapp', contextLoader = 'org.springframework.boot.test.context.SpringBootContextLoader', parent = [null]], attributes = map['org.springframework.test.context.web.ServletTestExecutionListener.activateListener' -> true, 'org.springframework.test.context.web.ServletTestExecutionListener.populatedRequestContextHolder' -> true, 'org.springframework.test.context.web.ServletTestExecutionListener.resetRequestContextHolder' -> true]], class annotated with @DirtiesContext [false] with mode [null], method annotated with @DirtiesContext [false] with mode [null].
25-04-2019 19:06:45.534 reqId=[] DEBUG 8570 --- [           main] c.DefaultCacheAwareContextLoaderDelegate : Retrieved ApplicationContext from cache with key [[WebMergedContextConfiguration@4803b726 testClass = WiseconnectPasswordGrantTypeTest, locations = '{}', classes = '{class com.wisilica.wiseconnect.WiseconnectApplication}', contextInitializerClasses = '[]', activeProfiles = '{}', propertySourceLocations = '{}', propertySourceProperties = '{org.springframework.boot.test.context.SpringBootTestContextBootstrapper=true}', contextCustomizers = set[org.springframework.boot.test.context.filter.ExcludeFilterContextCustomizer@124c278f, org.springframework.boot.test.json.DuplicateJsonObjectContextCustomizerFactory$DuplicateJsonObjectContextCustomizer@6ce139a4, org.springframework.boot.test.mock.mockito.MockitoContextCustomizer@0, org.springframework.boot.test.web.client.TestRestTemplateContextCustomizer@6193932a, org.springframework.boot.test.autoconfigure.properties.PropertyMappingContextCustomizer@0, org.springframework.boot.test.autoconfigure.web.servlet.WebDriverContextCustomizerFactory$Customizer@5ccddd20], resourceBasePath = 'src/main/webapp', contextLoader = 'org.springframework.boot.test.context.SpringBootContextLoader', parent = [null]]]
25-04-2019 19:06:45.534 reqId=[] DEBUG 8570 --- [           main] org.springframework.test.context.cache   : Spring test ApplicationContext cache statistics: [DefaultContextCache@31d8352e size = 1, maxSize = 32, parentContextCount = 0, hitCount = 2, missCount = 1]
25-04-2019 19:06:48.701 reqId=[] DEBUG 8570 --- [           main] c.DefaultCacheAwareContextLoaderDelegate : Retrieved ApplicationContext from cache with key [[WebMergedContextConfiguration@4803b726 testClass = WiseconnectPasswordGrantTypeTest, locations = '{}', classes = '{class com.wisilica.wiseconnect.WiseconnectApplication}', contextInitializerClasses = '[]', activeProfiles = '{}', propertySourceLocations = '{}', propertySourceProperties = '{org.springframework.boot.test.context.SpringBootTestContextBootstrapper=true}', contextCustomizers = set[org.springframework.boot.test.context.filter.ExcludeFilterContextCustomizer@124c278f, org.springframework.boot.test.json.DuplicateJsonObjectContextCustomizerFactory$DuplicateJsonObjectContextCustomizer@6ce139a4, org.springframework.boot.test.mock.mockito.MockitoContextCustomizer@0, org.springframework.boot.test.web.client.TestRestTemplateContextCustomizer@6193932a, org.springframework.boot.test.autoconfigure.properties.PropertyMappingContextCustomizer@0, org.springframework.boot.test.autoconfigure.web.servlet.WebDriverContextCustomizerFactory$Customizer@5ccddd20], resourceBasePath = 'src/main/webapp', contextLoader = 'org.springframework.boot.test.context.SpringBootContextLoader', parent = [null]]]
25-04-2019 19:06:48.702 reqId=[] DEBUG 8570 --- [           main] org.springframework.test.context.cache   : Spring test ApplicationContext cache statistics: [DefaultContextCache@31d8352e size = 1, maxSize = 32, parentContextCount = 0, hitCount = 3, missCount = 1]
25-04-2019 19:06:48.702 reqId=[] DEBUG 8570 --- [           main] c.DefaultCacheAwareContextLoaderDelegate : Retrieved ApplicationContext from cache with key [[WebMergedContextConfiguration@4803b726 testClass = WiseconnectPasswordGrantTypeTest, locations = '{}', classes = '{class com.wisilica.wiseconnect.WiseconnectApplication}', contextInitializerClasses = '[]', activeProfiles = '{}', propertySourceLocations = '{}', propertySourceProperties = '{org.springframework.boot.test.context.SpringBootTestContextBootstrapper=true}', contextCustomizers = set[org.springframework.boot.test.context.filter.ExcludeFilterContextCustomizer@124c278f, org.springframework.boot.test.json.DuplicateJsonObjectContextCustomizerFactory$DuplicateJsonObjectContextCustomizer@6ce139a4, org.springframework.boot.test.mock.mockito.MockitoContextCustomizer@0, org.springframework.boot.test.web.client.TestRestTemplateContextCustomizer@6193932a, org.springframework.boot.test.autoconfigure.properties.PropertyMappingContextCustomizer@0, org.springframework.boot.test.autoconfigure.web.servlet.WebDriverContextCustomizerFactory$Customizer@5ccddd20], resourceBasePath = 'src/main/webapp', contextLoader = 'org.springframework.boot.test.context.SpringBootContextLoader', parent = [null]]]
25-04-2019 19:06:48.702 reqId=[] DEBUG 8570 --- [           main] org.springframework.test.context.cache   : Spring test ApplicationContext cache statistics: [DefaultContextCache@31d8352e size = 1, maxSize = 32, parentContextCount = 0, hitCount = 4, missCount = 1]
25-04-2019 19:06:48.704 reqId=[] DEBUG 8570 --- [           main] c.DefaultCacheAwareContextLoaderDelegate : Retrieved ApplicationContext from cache with key [[WebMergedContextConfiguration@4803b726 testClass = WiseconnectPasswordGrantTypeTest, locations = '{}', classes = '{class com.wisilica.wiseconnect.WiseconnectApplication}', contextInitializerClasses = '[]', activeProfiles = '{}', propertySourceLocations = '{}', propertySourceProperties = '{org.springframework.boot.test.context.SpringBootTestContextBootstrapper=true}', contextCustomizers = set[org.springframework.boot.test.context.filter.ExcludeFilterContextCustomizer@124c278f, org.springframework.boot.test.json.DuplicateJsonObjectContextCustomizerFactory$DuplicateJsonObjectContextCustomizer@6ce139a4, org.springframework.boot.test.mock.mockito.MockitoContextCustomizer@0, org.springframework.boot.test.web.client.TestRestTemplateContextCustomizer@6193932a, org.springframework.boot.test.autoconfigure.properties.PropertyMappingContextCustomizer@0, org.springframework.boot.test.autoconfigure.web.servlet.WebDriverContextCustomizerFactory$Customizer@5ccddd20], resourceBasePath = 'src/main/webapp', contextLoader = 'org.springframework.boot.test.context.SpringBootContextLoader', parent = [null]]]
25-04-2019 19:06:48.704 reqId=[] DEBUG 8570 --- [           main] org.springframework.test.context.cache   : Spring test ApplicationContext cache statistics: [DefaultContextCache@31d8352e size = 1, maxSize = 32, parentContextCount = 0, hitCount = 5, missCount = 1]
25-04-2019 19:06:48.709 reqId=[] DEBUG 8570 --- [           main] c.DefaultCacheAwareContextLoaderDelegate : Retrieved ApplicationContext from cache with key [[WebMergedContextConfiguration@4803b726 testClass = WiseconnectPasswordGrantTypeTest, locations = '{}', classes = '{class com.wisilica.wiseconnect.WiseconnectApplication}', contextInitializerClasses = '[]', activeProfiles = '{}', propertySourceLocations = '{}', propertySourceProperties = '{org.springframework.boot.test.context.SpringBootTestContextBootstrapper=true}', contextCustomizers = set[org.springframework.boot.test.context.filter.ExcludeFilterContextCustomizer@124c278f, org.springframework.boot.test.json.DuplicateJsonObjectContextCustomizerFactory$DuplicateJsonObjectContextCustomizer@6ce139a4, org.springframework.boot.test.mock.mockito.MockitoContextCustomizer@0, org.springframework.boot.test.web.client.TestRestTemplateContextCustomizer@6193932a, org.springframework.boot.test.autoconfigure.properties.PropertyMappingContextCustomizer@0, org.springframework.boot.test.autoconfigure.web.servlet.WebDriverContextCustomizerFactory$Customizer@5ccddd20], resourceBasePath = 'src/main/webapp', contextLoader = 'org.springframework.boot.test.context.SpringBootContextLoader', parent = [null]]]
25-04-2019 19:06:48.709 reqId=[] DEBUG 8570 --- [           main] org.springframework.test.context.cache   : Spring test ApplicationContext cache statistics: [DefaultContextCache@31d8352e size = 1, maxSize = 32, parentContextCount = 0, hitCount = 6, missCount = 1]
25-04-2019 19:06:48.711 reqId=[] DEBUG 8570 --- [           main] tractDirtiesContextTestExecutionListener : After test method: context [DefaultTestContext@f0da945 testClass = WiseconnectPasswordGrantTypeTest, testInstance = com.wisilica.wiseconnect.WiseconnectPasswordGrantTypeTest@27244a88, testMethod = passwordGrantTesting@WiseconnectPasswordGrantTypeTest, testException = java.net.ConnectException: Connection refused (Connection refused), mergedContextConfiguration = [WebMergedContextConfiguration@4803b726 testClass = WiseconnectPasswordGrantTypeTest, locations = '{}', classes = '{class com.wisilica.wiseconnect.WiseconnectApplication}', contextInitializerClasses = '[]', activeProfiles = '{}', propertySourceLocations = '{}', propertySourceProperties = '{org.springframework.boot.test.context.SpringBootTestContextBootstrapper=true}', contextCustomizers = set[org.springframework.boot.test.context.filter.ExcludeFilterContextCustomizer@124c278f, org.springframework.boot.test.json.DuplicateJsonObjectContextCustomizerFactory$DuplicateJsonObjectContextCustomizer@6ce139a4, org.springframework.boot.test.mock.mockito.MockitoContextCustomizer@0, org.springframework.boot.test.web.client.TestRestTemplateContextCustomizer@6193932a, org.springframework.boot.test.autoconfigure.properties.PropertyMappingContextCustomizer@0, org.springframework.boot.test.autoconfigure.web.servlet.WebDriverContextCustomizerFactory$Customizer@5ccddd20], resourceBasePath = 'src/main/webapp', contextLoader = 'org.springframework.boot.test.context.SpringBootContextLoader', parent = [null]], attributes = map['org.springframework.test.context.web.ServletTestExecutionListener.activateListener' -> true, 'org.springframework.test.context.web.ServletTestExecutionListener.populatedRequestContextHolder' -> true, 'org.springframework.test.context.web.ServletTestExecutionListener.resetRequestContextHolder' -> true]], class annotated with @DirtiesContext [false] with mode [null], method annotated with @DirtiesContext [false] with mode [null].
25-04-2019 19:06:48.711 reqId=[] DEBUG 8570 --- [           main] o.s.t.c.w.ServletTestExecutionListener   : Resetting RequestContextHolder for test context [DefaultTestContext@f0da945 testClass = WiseconnectPasswordGrantTypeTest, testInstance = com.wisilica.wiseconnect.WiseconnectPasswordGrantTypeTest@27244a88, testMethod = passwordGrantTesting@WiseconnectPasswordGrantTypeTest, testException = java.net.ConnectException: Connection refused (Connection refused), mergedContextConfiguration = [WebMergedContextConfiguration@4803b726 testClass = WiseconnectPasswordGrantTypeTest, locations = '{}', classes = '{class com.wisilica.wiseconnect.WiseconnectApplication}', contextInitializerClasses = '[]', activeProfiles = '{}', propertySourceLocations = '{}', propertySourceProperties = '{org.springframework.boot.test.context.SpringBootTestContextBootstrapper=true}', contextCustomizers = set[org.springframework.boot.test.context.filter.ExcludeFilterContextCustomizer@124c278f, org.springframework.boot.test.json.DuplicateJsonObjectContextCustomizerFactory$DuplicateJsonObjectContextCustomizer@6ce139a4, org.springframework.boot.test.mock.mockito.MockitoContextCustomizer@0, org.springframework.boot.test.web.client.TestRestTemplateContextCustomizer@6193932a, org.springframework.boot.test.autoconfigure.properties.PropertyMappingContextCustomizer@0, org.springframework.boot.test.autoconfigure.web.servlet.WebDriverContextCustomizerFactory$Customizer@5ccddd20], resourceBasePath = 'src/main/webapp', contextLoader = 'org.springframework.boot.test.context.SpringBootContextLoader', parent = [null]], attributes = map['org.springframework.test.context.web.ServletTestExecutionListener.activateListener' -> true, 'org.springframework.test.context.web.ServletTestExecutionListener.populatedRequestContextHolder' -> true, 'org.springframework.test.context.web.ServletTestExecutionListener.resetRequestContextHolder' -> true]].
]]></system-out>
  </testcase>
</testsuite>